
The following have been reloaded with a version change:
  1) mpfr/3.1.6 => mpfr/4.0.1

For Seed: 3 

Rewards Tr: 11.84, Rewards Val: 11.09, Rewards Eval: 0.00, Total Timesteps: 17360 episode:0 

Rewards Tr: 15.31, Rewards Val: 15.54, Rewards Eval: 24.89, Total Timesteps: 40880 episode:1 

Rewards Tr: 19.55, Rewards Val: 20.25, Rewards Eval: 23.19, Total Timesteps: 66820 episode:2 

Rewards Tr: 27.59, Rewards Val: 28.38, Rewards Eval: 32.63, Total Timesteps: 100030 episode:3 

Rewards Tr: 34.93, Rewards Val: 38.40, Rewards Eval: 19.79, Total Timesteps: 135990 episode:4 

Rewards Tr: 43.21, Rewards Val: 44.53, Rewards Eval: 46.25, Total Timesteps: 173250 episode:5 

Rewards Tr: 48.18, Rewards Val: 48.06, Rewards Eval: 36.91, Total Timesteps: 210700 episode:6 

Rewards Tr: 50.55, Rewards Val: 50.04, Rewards Eval: 61.31, Total Timesteps: 248750 episode:7 

Rewards Tr: 53.10, Rewards Val: 53.87, Rewards Eval: 49.71, Total Timesteps: 284560 episode:8 

Rewards Tr: 53.52, Rewards Val: 52.83, Rewards Eval: 54.43, Total Timesteps: 319250 episode:9 

Rewards Tr: 55.70, Rewards Val: 53.18, Rewards Eval: 55.04, Total Timesteps: 355590 episode:10 

Rewards Tr: 53.90, Rewards Val: 53.97, Rewards Eval: 54.53, Total Timesteps: 391300 episode:11 

Rewards Tr: 58.14, Rewards Val: 56.48, Rewards Eval: 55.86, Total Timesteps: 428930 episode:12 

Rewards Tr: 56.22, Rewards Val: 58.36, Rewards Eval: 57.67, Total Timesteps: 467260 episode:13 

Rewards Tr: 62.48, Rewards Val: 60.21, Rewards Eval: 58.46, Total Timesteps: 507390 episode:14 

Rewards Tr: 62.20, Rewards Val: 64.48, Rewards Eval: 61.65, Total Timesteps: 552630 episode:15 

Rewards Tr: 64.89, Rewards Val: 65.52, Rewards Eval: 75.74, Total Timesteps: 599640 episode:16 

Rewards Tr: 68.35, Rewards Val: 70.22, Rewards Eval: 62.22, Total Timesteps: 650380 episode:17 

Rewards Tr: 71.36, Rewards Val: 74.62, Rewards Eval: 68.93, Total Timesteps: 706010 episode:18 

Rewards Tr: 77.49, Rewards Val: 76.80, Rewards Eval: 69.53, Total Timesteps: 768510 episode:19 

Rewards Tr: 78.47, Rewards Val: 78.57, Rewards Eval: 89.96, Total Timesteps: 836940 episode:20 

Rewards Tr: 81.72, Rewards Val: 78.62, Rewards Eval: 88.67, Total Timesteps: 909600 episode:21 

Rewards Tr: 85.28, Rewards Val: 82.11, Rewards Eval: 81.99, Total Timesteps: 985880 episode:22 

Rewards Tr: 93.03, Rewards Val: 86.47, Rewards Eval: 55.66, Total Timesteps: 1076480 episode:23 

Rewards Tr: 93.30, Rewards Val: 90.90, Rewards Eval: 108.51, Total Timesteps: 1171280 episode:24 

Rewards Tr: 93.41, Rewards Val: 92.07, Rewards Eval: 84.99, Total Timesteps: 1268210 episode:25 

Rewards Tr: 101.73, Rewards Val: 97.04, Rewards Eval: 124.52, Total Timesteps: 1374500 episode:26 

Rewards Tr: 103.60, Rewards Val: 106.97, Rewards Eval: 102.70, Total Timesteps: 1486280 episode:27 

Rewards Tr: 101.14, Rewards Val: 100.07, Rewards Eval: 63.27, Total Timesteps: 1597630 episode:28 

Rewards Tr: 105.05, Rewards Val: 105.14, Rewards Eval: 121.99, Total Timesteps: 1708690 episode:29 

Rewards Tr: 113.42, Rewards Val: 106.57, Rewards Eval: 115.01, Total Timesteps: 1830820 episode:30 

Rewards Tr: 113.06, Rewards Val: 114.24, Rewards Eval: 94.25, Total Timesteps: 1950910 episode:31 

Rewards Tr: 114.49, Rewards Val: 119.49, Rewards Eval: 157.16, Total Timesteps: 2077750 episode:32 

Rewards Tr: 118.40, Rewards Val: 121.03, Rewards Eval: 124.11, Total Timesteps: 2210040 episode:33 

Rewards Tr: 122.46, Rewards Val: 125.53, Rewards Eval: 114.25, Total Timesteps: 2343200 episode:34 

Rewards Tr: 120.96, Rewards Val: 129.10, Rewards Eval: 158.71, Total Timesteps: 2478640 episode:35 

Rewards Tr: 128.42, Rewards Val: 131.21, Rewards Eval: 179.82, Total Timesteps: 2618670 episode:36 

Rewards Tr: 135.87, Rewards Val: 138.97, Rewards Eval: 146.43, Total Timesteps: 2776050 episode:37 

Rewards Tr: 146.41, Rewards Val: 143.09, Rewards Eval: 125.08, Total Timesteps: 2923370 episode:38 

Rewards Tr: 147.19, Rewards Val: 149.10, Rewards Eval: 252.37, Total Timesteps: 3089530 episode:39 

Rewards Tr: 164.20, Rewards Val: 155.43, Rewards Eval: 158.83, Total Timesteps: 3274780 episode:40 

Rewards Tr: 166.58, Rewards Val: 171.82, Rewards Eval: 245.87, Total Timesteps: 3469480 episode:41 

Rewards Tr: 172.61, Rewards Val: 177.49, Rewards Eval: 214.38, Total Timesteps: 3680610 episode:42 

Rewards Tr: 186.72, Rewards Val: 197.32, Rewards Eval: 275.19, Total Timesteps: 3924320 episode:43 

Rewards Tr: 210.80, Rewards Val: 205.82, Rewards Eval: 246.74, Total Timesteps: 4166030 episode:44 

Rewards Tr: 218.37, Rewards Val: 215.82, Rewards Eval: 173.20, Total Timesteps: 4446770 episode:45 

Rewards Tr: 229.84, Rewards Val: 236.74, Rewards Eval: 235.80, Total Timesteps: 4741210 episode:46 

Rewards Tr: 253.67, Rewards Val: 238.59, Rewards Eval: 308.95, Total Timesteps: 5067760 episode:47 

Rewards Tr: 249.86, Rewards Val: 242.66, Rewards Eval: 221.00, Total Timesteps: 5385830 episode:48 

Rewards Tr: 253.68, Rewards Val: 255.38, Rewards Eval: 423.69, Total Timesteps: 5713870 episode:49 

Rewards Tr: 273.52, Rewards Val: 260.78, Rewards Eval: 161.14, Total Timesteps: 6069480 episode:50 

Rewards Tr: 268.78, Rewards Val: 275.29, Rewards Eval: 324.33, Total Timesteps: 6428770 episode:51 

Rewards Tr: 273.29, Rewards Val: 299.11, Rewards Eval: 222.20, Total Timesteps: 6781430 episode:52 

Rewards Tr: 305.04, Rewards Val: 272.87, Rewards Eval: 300.29, Total Timesteps: 7160840 episode:53 

Rewards Tr: 321.69, Rewards Val: 318.29, Rewards Eval: 418.02, Total Timesteps: 7556720 episode:54 

Rewards Tr: 318.25, Rewards Val: 328.92, Rewards Eval: 451.89, Total Timesteps: 7959290 episode:55 

Rewards Tr: 364.88, Rewards Val: 366.99, Rewards Eval: 364.32, Total Timesteps: 8414250 episode:56 

Rewards Tr: 387.72, Rewards Val: 398.29, Rewards Eval: 548.53, Total Timesteps: 8902530 episode:57 

Rewards Tr: 427.16, Rewards Val: 388.33, Rewards Eval: 375.87, Total Timesteps: 9399020 episode:58 

Rewards Tr: 438.53, Rewards Val: 403.19, Rewards Eval: 350.71, Total Timesteps: 9937170 episode:59 

Rewards Tr: 449.27, Rewards Val: 441.86, Rewards Eval: 340.36, Total Timesteps: 10454890 episode:60 

Rewards Tr: 458.16, Rewards Val: 462.93, Rewards Eval: 332.24, Total Timesteps: 10984030 episode:61 

Rewards Tr: 505.39, Rewards Val: 455.34, Rewards Eval: 442.88, Total Timesteps: 11532990 episode:62 

Rewards Tr: 503.27, Rewards Val: 505.80, Rewards Eval: 592.32, Total Timesteps: 12084200 episode:63 

Rewards Tr: 486.28, Rewards Val: 532.40, Rewards Eval: 506.48, Total Timesteps: 12653390 episode:64 

Rewards Tr: 532.44, Rewards Val: 554.06, Rewards Eval: 353.57, Total Timesteps: 13234600 episode:65 

Rewards Tr: 550.35, Rewards Val: 529.62, Rewards Eval: 637.59, Total Timesteps: 13814570 episode:66 

Rewards Tr: 576.42, Rewards Val: 591.43, Rewards Eval: 895.37, Total Timesteps: 14405110 episode:67 

Rewards Tr: 600.00, Rewards Val: 641.83, Rewards Eval: 626.73, Total Timesteps: 14997180 episode:68 

Rewards Tr: 636.88, Rewards Val: 646.48, Rewards Eval: 827.24, Total Timesteps: 15595140 episode:69 

Rewards Tr: 690.46, Rewards Val: 712.34, Rewards Eval: 768.70, Total Timesteps: 16195140 episode:70 

Rewards Tr: 702.08, Rewards Val: 729.53, Rewards Eval: 883.09, Total Timesteps: 16793830 episode:71 

Rewards Tr: 709.28, Rewards Val: 718.36, Rewards Eval: 622.21, Total Timesteps: 17392010 episode:72 

Rewards Tr: 730.67, Rewards Val: 778.64, Rewards Eval: 782.90, Total Timesteps: 17992010 episode:73 

Rewards Tr: 745.55, Rewards Val: 766.08, Rewards Eval: 992.68, Total Timesteps: 18592010 episode:74 

Rewards Tr: 757.09, Rewards Val: 762.24, Rewards Eval: 750.94, Total Timesteps: 19192010 episode:75 

Rewards Tr: 772.06, Rewards Val: 800.64, Rewards Eval: 718.96, Total Timesteps: 19791400 episode:76 

Rewards Tr: 799.76, Rewards Val: 812.50, Rewards Eval: 946.31, Total Timesteps: 20391400 episode:77 

Rewards Tr: 833.17, Rewards Val: 824.21, Rewards Eval: 1002.60, Total Timesteps: 20991400 episode:78 

Rewards Tr: 849.62, Rewards Val: 860.20, Rewards Eval: 1008.86, Total Timesteps: 21591400 episode:79 

Rewards Tr: 815.27, Rewards Val: 837.40, Rewards Eval: 999.69, Total Timesteps: 22191400 episode:80 

Rewards Tr: 880.62, Rewards Val: 841.96, Rewards Eval: 915.49, Total Timesteps: 22791400 episode:81 

Rewards Tr: 912.83, Rewards Val: 896.25, Rewards Eval: 859.95, Total Timesteps: 23391400 episode:82 

Rewards Tr: 903.37, Rewards Val: 901.18, Rewards Eval: 855.84, Total Timesteps: 23991400 episode:83 

Rewards Tr: 898.58, Rewards Val: 917.66, Rewards Eval: 814.48, Total Timesteps: 24591400 episode:84 

Rewards Tr: 920.14, Rewards Val: 917.73, Rewards Eval: 935.70, Total Timesteps: 25191400 episode:85 

Rewards Tr: 875.96, Rewards Val: 900.94, Rewards Eval: 906.17, Total Timesteps: 25791400 episode:86 

Rewards Tr: 886.81, Rewards Val: 912.44, Rewards Eval: 965.24, Total Timesteps: 26391400 episode:87 

Rewards Tr: 893.64, Rewards Val: 891.15, Rewards Eval: 980.78, Total Timesteps: 26991400 episode:88 

Rewards Tr: 917.22, Rewards Val: 911.49, Rewards Eval: 1002.11, Total Timesteps: 27591400 episode:89 

Rewards Tr: 935.61, Rewards Val: 939.85, Rewards Eval: 1008.65, Total Timesteps: 28191400 episode:90 

Rewards Tr: 951.46, Rewards Val: 954.93, Rewards Eval: 867.24, Total Timesteps: 28791400 episode:91 

Rewards Tr: 932.79, Rewards Val: 950.87, Rewards Eval: 1009.69, Total Timesteps: 29391400 episode:92 

Rewards Tr: 927.80, Rewards Val: 932.76, Rewards Eval: 1017.20, Total Timesteps: 29991400 episode:93 

Rewards Tr: 927.69, Rewards Val: 935.98, Rewards Eval: 980.44, Total Timesteps: 30591400 episode:94 

Rewards Tr: 926.08, Rewards Val: 926.12, Rewards Eval: 927.76, Total Timesteps: 31191400 episode:95 

Rewards Tr: 912.42, Rewards Val: 901.63, Rewards Eval: 862.39, Total Timesteps: 31791400 episode:96 

Rewards Tr: 919.82, Rewards Val: 916.15, Rewards Eval: 877.14, Total Timesteps: 32391400 episode:97 

Rewards Tr: 931.20, Rewards Val: 935.22, Rewards Eval: 928.59, Total Timesteps: 32991400 episode:98 

Rewards Tr: 956.97, Rewards Val: 940.42, Rewards Eval: 1007.07, Total Timesteps: 33591400 episode:99 

Rewards Tr: 988.56, Rewards Val: 977.24, Rewards Eval: 1011.26, Total Timesteps: 34191400 episode:100 

Rewards Tr: 972.19, Rewards Val: 967.44, Rewards Eval: 1014.87, Total Timesteps: 34791400 episode:101 

Rewards Tr: 964.03, Rewards Val: 957.38, Rewards Eval: 1006.46, Total Timesteps: 35391400 episode:102 

Rewards Tr: 943.19, Rewards Val: 966.05, Rewards Eval: 929.21, Total Timesteps: 35991400 episode:103 

Rewards Tr: 950.04, Rewards Val: 940.18, Rewards Eval: 752.48, Total Timesteps: 36591400 episode:104 

Rewards Tr: 910.51, Rewards Val: 925.62, Rewards Eval: 780.97, Total Timesteps: 37191400 episode:105 

Rewards Tr: 926.95, Rewards Val: 904.16, Rewards Eval: 925.51, Total Timesteps: 37791400 episode:106 

Rewards Tr: 945.47, Rewards Val: 953.26, Rewards Eval: 973.31, Total Timesteps: 38391400 episode:107 

Rewards Tr: 973.06, Rewards Val: 973.39, Rewards Eval: 917.43, Total Timesteps: 38991400 episode:108 

Rewards Tr: 988.83, Rewards Val: 978.12, Rewards Eval: 903.47, Total Timesteps: 39591400 episode:109 

Rewards Tr: 973.98, Rewards Val: 965.35, Rewards Eval: 861.81, Total Timesteps: 40191400 episode:110 

Rewards Tr: 957.99, Rewards Val: 958.69, Rewards Eval: 1018.60, Total Timesteps: 40791400 episode:111 

Rewards Tr: 963.36, Rewards Val: 949.00, Rewards Eval: 1022.14, Total Timesteps: 41391400 episode:112 

Rewards Tr: 937.40, Rewards Val: 941.12, Rewards Eval: 993.63, Total Timesteps: 41991400 episode:113 

Rewards Tr: 936.79, Rewards Val: 946.03, Rewards Eval: 913.70, Total Timesteps: 42591400 episode:114 

Rewards Tr: 953.20, Rewards Val: 946.63, Rewards Eval: 843.84, Total Timesteps: 43191400 episode:115 

Rewards Tr: 961.86, Rewards Val: 965.09, Rewards Eval: 1016.32, Total Timesteps: 43791400 episode:116 

Rewards Tr: 974.98, Rewards Val: 972.11, Rewards Eval: 946.88, Total Timesteps: 44391400 episode:117 

Rewards Tr: 972.37, Rewards Val: 975.66, Rewards Eval: 996.49, Total Timesteps: 44991400 episode:118 

Rewards Tr: 979.90, Rewards Val: 993.82, Rewards Eval: 876.21, Total Timesteps: 45591400 episode:119 

Rewards Tr: 962.39, Rewards Val: 950.87, Rewards Eval: 879.72, Total Timesteps: 46191400 episode:120 

Rewards Tr: 938.75, Rewards Val: 945.55, Rewards Eval: 926.53, Total Timesteps: 46791400 episode:121 

Rewards Tr: 954.14, Rewards Val: 949.81, Rewards Eval: 966.69, Total Timesteps: 47391400 episode:122 

Rewards Tr: 937.19, Rewards Val: 963.71, Rewards Eval: 971.85, Total Timesteps: 47991400 episode:123 

Rewards Tr: 955.69, Rewards Val: 948.80, Rewards Eval: 938.73, Total Timesteps: 48591400 episode:124 

Rewards Tr: 972.10, Rewards Val: 942.15, Rewards Eval: 1019.33, Total Timesteps: 49191400 episode:125 

Rewards Tr: 988.35, Rewards Val: 999.94, Rewards Eval: 915.54, Total Timesteps: 49791400 episode:126 

Rewards Tr: 999.83, Rewards Val: 988.66, Rewards Eval: 904.83, Total Timesteps: 50391400 episode:127 

Rewards Tr: 967.89, Rewards Val: 978.93, Rewards Eval: 905.17, Total Timesteps: 50991400 episode:128 

Rewards Tr: 927.41, Rewards Val: 959.14, Rewards Eval: 688.98, Total Timesteps: 51591400 episode:129 

Rewards Tr: 908.39, Rewards Val: 905.21, Rewards Eval: 938.06, Total Timesteps: 52191400 episode:130 

Rewards Tr: 920.49, Rewards Val: 894.09, Rewards Eval: 1028.85, Total Timesteps: 52791400 episode:131 

Rewards Tr: 970.25, Rewards Val: 949.58, Rewards Eval: 1031.28, Total Timesteps: 53391400 episode:132 

Rewards Tr: 981.47, Rewards Val: 965.33, Rewards Eval: 934.62, Total Timesteps: 53991400 episode:133 

Rewards Tr: 979.56, Rewards Val: 981.62, Rewards Eval: 1036.54, Total Timesteps: 54591400 episode:134 

Rewards Tr: 960.68, Rewards Val: 960.25, Rewards Eval: 1032.04, Total Timesteps: 55191400 episode:135 

Rewards Tr: 960.84, Rewards Val: 939.01, Rewards Eval: 966.12, Total Timesteps: 55791400 episode:136 

Rewards Tr: 910.07, Rewards Val: 921.75, Rewards Eval: 870.70, Total Timesteps: 56391400 episode:137 

Rewards Tr: 860.23, Rewards Val: 866.49, Rewards Eval: 819.76, Total Timesteps: 56991400 episode:138 

Rewards Tr: 874.25, Rewards Val: 897.08, Rewards Eval: 826.85, Total Timesteps: 57591400 episode:139 

Rewards Tr: 901.31, Rewards Val: 921.98, Rewards Eval: 1035.75, Total Timesteps: 58191400 episode:140 

Rewards Tr: 869.66, Rewards Val: 887.05, Rewards Eval: 708.51, Total Timesteps: 58791400 episode:141 

Rewards Tr: 884.70, Rewards Val: 909.88, Rewards Eval: 927.95, Total Timesteps: 59391400 episode:142 

Rewards Tr: 893.78, Rewards Val: 920.77, Rewards Eval: 1053.71, Total Timesteps: 59991400 episode:143 

Rewards Tr: 910.60, Rewards Val: 915.09, Rewards Eval: 918.88, Total Timesteps: 60591400 episode:144 

Rewards Tr: 878.19, Rewards Val: 848.14, Rewards Eval: 855.10, Total Timesteps: 61191400 episode:145 

Rewards Tr: 861.43, Rewards Val: 882.43, Rewards Eval: 943.43, Total Timesteps: 61791400 episode:146 

Rewards Tr: 881.03, Rewards Val: 861.89, Rewards Eval: 1038.01, Total Timesteps: 62390100 episode:147 

Rewards Tr: 824.71, Rewards Val: 879.27, Rewards Eval: 692.54, Total Timesteps: 62990100 episode:148 

Rewards Tr: 787.94, Rewards Val: 791.35, Rewards Eval: 690.45, Total Timesteps: 63566120 episode:149 

Rewards Tr: 733.65, Rewards Val: 713.68, Rewards Eval: 696.60, Total Timesteps: 64104360 episode:150 

Rewards Tr: 651.77, Rewards Val: 659.72, Rewards Eval: 505.97, Total Timesteps: 64565610 episode:151 

Rewards Tr: 594.81, Rewards Val: 571.44, Rewards Eval: 551.30, Total Timesteps: 64937920 episode:152 

Rewards Tr: 535.69, Rewards Val: 533.34, Rewards Eval: 494.06, Total Timesteps: 65263420 episode:153 

Rewards Tr: 483.89, Rewards Val: 483.15, Rewards Eval: 469.22, Total Timesteps: 65533350 episode:154 

Rewards Tr: 450.59, Rewards Val: 457.92, Rewards Eval: 461.37, Total Timesteps: 65776500 episode:155 

Rewards Tr: 431.01, Rewards Val: 438.13, Rewards Eval: 397.11, Total Timesteps: 65997050 episode:156 

Rewards Tr: 399.98, Rewards Val: 401.56, Rewards Eval: 397.11, Total Timesteps: 66195140 episode:157 

Rewards Tr: 386.81, Rewards Val: 380.84, Rewards Eval: 356.81, Total Timesteps: 66374860 episode:158 

Rewards Tr: 369.53, Rewards Val: 371.01, Rewards Eval: 402.03, Total Timesteps: 66546410 episode:159 

Rewards Tr: 359.87, Rewards Val: 362.00, Rewards Eval: 363.84, Total Timesteps: 66709850 episode:160 

Rewards Tr: 356.76, Rewards Val: 356.66, Rewards Eval: 355.36, Total Timesteps: 66869590 episode:161 

Rewards Tr: 356.99, Rewards Val: 357.78, Rewards Eval: 365.69, Total Timesteps: 67023320 episode:162 

Rewards Tr: 360.04, Rewards Val: 359.63, Rewards Eval: 364.65, Total Timesteps: 67179890 episode:163 

Rewards Tr: 356.14, Rewards Val: 356.44, Rewards Eval: 361.67, Total Timesteps: 67333120 episode:164 

Rewards Tr: 363.13, Rewards Val: 360.97, Rewards Eval: 380.09, Total Timesteps: 67486730 episode:165 

Rewards Tr: 366.89, Rewards Val: 369.35, Rewards Eval: 364.35, Total Timesteps: 67641060 episode:166 

Rewards Tr: 371.72, Rewards Val: 372.74, Rewards Eval: 357.50, Total Timesteps: 67798340 episode:167 

Rewards Tr: 369.92, Rewards Val: 373.77, Rewards Eval: 374.22, Total Timesteps: 67951020 episode:168 

Rewards Tr: 372.26, Rewards Val: 377.69, Rewards Eval: 382.66, Total Timesteps: 68105540 episode:169 

Rewards Tr: 374.37, Rewards Val: 372.83, Rewards Eval: 362.83, Total Timesteps: 68258300 episode:170 

Rewards Tr: 373.87, Rewards Val: 372.72, Rewards Eval: 356.71, Total Timesteps: 68407460 episode:171 

Rewards Tr: 368.13, Rewards Val: 366.64, Rewards Eval: 353.55, Total Timesteps: 68551960 episode:172 

Rewards Tr: 353.94, Rewards Val: 357.44, Rewards Eval: 353.25, Total Timesteps: 68687620 episode:173 

Rewards Tr: 345.38, Rewards Val: 344.61, Rewards Eval: 343.42, Total Timesteps: 68814530 episode:174 

Rewards Tr: 339.41, Rewards Val: 337.59, Rewards Eval: 314.47, Total Timesteps: 68939200 episode:175 

Rewards Tr: 324.84, Rewards Val: 327.10, Rewards Eval: 336.56, Total Timesteps: 69055050 episode:176 

Rewards Tr: 318.05, Rewards Val: 314.50, Rewards Eval: 290.52, Total Timesteps: 69164600 episode:177 

Rewards Tr: 301.03, Rewards Val: 307.26, Rewards Eval: 309.67, Total Timesteps: 69267010 episode:178 

Rewards Tr: 295.50, Rewards Val: 294.66, Rewards Eval: 281.42, Total Timesteps: 69365270 episode:179 

Rewards Tr: 288.54, Rewards Val: 289.44, Rewards Eval: 264.86, Total Timesteps: 69457830 episode:180 

Rewards Tr: 281.92, Rewards Val: 277.20, Rewards Eval: 256.91, Total Timesteps: 69546010 episode:181 

Rewards Tr: 269.44, Rewards Val: 268.93, Rewards Eval: 280.19, Total Timesteps: 69630120 episode:182 

Rewards Tr: 273.40, Rewards Val: 269.74, Rewards Eval: 245.17, Total Timesteps: 69714980 episode:183 

Rewards Tr: 272.95, Rewards Val: 272.44, Rewards Eval: 258.67, Total Timesteps: 69799870 episode:184 

Rewards Tr: 273.00, Rewards Val: 269.75, Rewards Eval: 304.22, Total Timesteps: 69884170 episode:185 

Rewards Tr: 274.39, Rewards Val: 276.26, Rewards Eval: 281.22, Total Timesteps: 69969190 episode:186 

Rewards Tr: 289.21, Rewards Val: 285.46, Rewards Eval: 255.59, Total Timesteps: 70057130 episode:187 

Rewards Tr: 292.96, Rewards Val: 298.76, Rewards Eval: 283.90, Total Timesteps: 70148630 episode:188 

Rewards Tr: 304.46, Rewards Val: 313.49, Rewards Eval: 365.16, Total Timesteps: 70244110 episode:189 

Rewards Tr: 323.15, Rewards Val: 326.02, Rewards Eval: 376.46, Total Timesteps: 70345380 episode:190 

Rewards Tr: 338.80, Rewards Val: 349.52, Rewards Eval: 358.71, Total Timesteps: 70453590 episode:191 

Rewards Tr: 363.55, Rewards Val: 360.52, Rewards Eval: 366.72, Total Timesteps: 70570300 episode:192 

Rewards Tr: 380.28, Rewards Val: 382.53, Rewards Eval: 428.14, Total Timesteps: 70697760 episode:193 

Rewards Tr: 410.48, Rewards Val: 421.76, Rewards Eval: 440.04, Total Timesteps: 70848840 episode:194 

Rewards Tr: 454.08, Rewards Val: 451.93, Rewards Eval: 540.93, Total Timesteps: 71032860 episode:195 

Rewards Tr: 539.11, Rewards Val: 526.72, Rewards Eval: 704.88, Total Timesteps: 71321240 episode:196 

Rewards Tr: 591.35, Rewards Val: 588.90, Rewards Eval: 352.25, Total Timesteps: 71673540 episode:197 

Rewards Tr: 608.48, Rewards Val: 619.53, Rewards Eval: 520.94, Total Timesteps: 72048180 episode:198 

Rewards Tr: 614.37, Rewards Val: 582.94, Rewards Eval: 602.07, Total Timesteps: 72393850 episode:199 

Rewards Tr: 554.00, Rewards Val: 579.64, Rewards Eval: 726.28, Total Timesteps: 72695080 episode:200 

Rewards Tr: 548.01, Rewards Val: 505.84, Rewards Eval: 482.53, Total Timesteps: 72936650 episode:201 

Rewards Tr: 491.09, Rewards Val: 492.43, Rewards Eval: 457.12, Total Timesteps: 73121920 episode:202 

Rewards Tr: 478.69, Rewards Val: 490.75, Rewards Eval: 457.20, Total Timesteps: 73296700 episode:203 

Rewards Tr: 495.92, Rewards Val: 487.34, Rewards Eval: 462.36, Total Timesteps: 73480980 episode:204 

Rewards Tr: 514.59, Rewards Val: 507.89, Rewards Eval: 615.56, Total Timesteps: 73674140 episode:205 

Rewards Tr: 539.14, Rewards Val: 518.52, Rewards Eval: 570.81, Total Timesteps: 73875690 episode:206 

Rewards Tr: 582.88, Rewards Val: 556.01, Rewards Eval: 518.50, Total Timesteps: 74115300 episode:207 

Rewards Tr: 590.72, Rewards Val: 607.35, Rewards Eval: 776.25, Total Timesteps: 74405500 episode:208 

Rewards Tr: 711.05, Rewards Val: 709.37, Rewards Eval: 872.86, Total Timesteps: 74815710 episode:209 

Rewards Tr: 706.12, Rewards Val: 698.33, Rewards Eval: 758.76, Total Timesteps: 75210190 episode:210 

Rewards Tr: 788.07, Rewards Val: 762.96, Rewards Eval: 554.79, Total Timesteps: 75666420 episode:211 

Rewards Tr: 744.29, Rewards Val: 687.41, Rewards Eval: 656.67, Total Timesteps: 76080900 episode:212 

Rewards Tr: 761.64, Rewards Val: 695.80, Rewards Eval: 638.84, Total Timesteps: 76481690 episode:213 

Rewards Tr: 643.44, Rewards Val: 619.81, Rewards Eval: 510.05, Total Timesteps: 76800360 episode:214 

Rewards Tr: 640.42, Rewards Val: 623.50, Rewards Eval: 484.60, Total Timesteps: 77089200 episode:215 

Rewards Tr: 607.59, Rewards Val: 616.83, Rewards Eval: 778.99, Total Timesteps: 77372170 episode:216 

Rewards Tr: 609.76, Rewards Val: 603.10, Rewards Eval: 670.10, Total Timesteps: 77638210 episode:217 

Rewards Tr: 625.85, Rewards Val: 644.38, Rewards Eval: 920.17, Total Timesteps: 77911340 episode:218 

Rewards Tr: 637.26, Rewards Val: 628.00, Rewards Eval: 792.23, Total Timesteps: 78192150 episode:219 

Rewards Tr: 617.21, Rewards Val: 648.53, Rewards Eval: 685.26, Total Timesteps: 78490820 episode:220 

Rewards Tr: 660.28, Rewards Val: 687.94, Rewards Eval: 774.11, Total Timesteps: 78830580 episode:221 

Rewards Tr: 770.09, Rewards Val: 805.17, Rewards Eval: 765.92, Total Timesteps: 79257220 episode:222 

Rewards Tr: 901.57, Rewards Val: 825.62, Rewards Eval: 430.39, Total Timesteps: 79725960 episode:223 

Rewards Tr: 905.07, Rewards Val: 887.55, Rewards Eval: 1111.94, Total Timesteps: 80205750 episode:224 

Rewards Tr: 865.07, Rewards Val: 864.82, Rewards Eval: 745.91, Total Timesteps: 80650580 episode:225 

Rewards Tr: 756.49, Rewards Val: 786.34, Rewards Eval: 884.61, Total Timesteps: 81045010 episode:226 

Rewards Tr: 700.82, Rewards Val: 692.37, Rewards Eval: 573.73, Total Timesteps: 81363180 episode:227 

Rewards Tr: 604.22, Rewards Val: 613.80, Rewards Eval: 464.10, Total Timesteps: 81620560 episode:228 

Rewards Tr: 562.13, Rewards Val: 586.28, Rewards Eval: 553.77, Total Timesteps: 81839160 episode:229 

Rewards Tr: 599.76, Rewards Val: 609.54, Rewards Eval: 531.48, Total Timesteps: 82086560 episode:230 

Rewards Tr: 709.23, Rewards Val: 740.62, Rewards Eval: 764.23, Total Timesteps: 82429820 episode:231 

Rewards Tr: 806.73, Rewards Val: 786.25, Rewards Eval: 705.11, Total Timesteps: 82807760 episode:232 

Rewards Tr: 1010.22, Rewards Val: 955.58, Rewards Eval: 1697.79, Total Timesteps: 83314210 episode:233 

Rewards Tr: 1083.31, Rewards Val: 994.72, Rewards Eval: 816.86, Total Timesteps: 83875310 episode:234 

Rewards Tr: 1002.19, Rewards Val: 981.27, Rewards Eval: 817.54, Total Timesteps: 84410280 episode:235 

Rewards Tr: 847.68, Rewards Val: 888.19, Rewards Eval: 857.95, Total Timesteps: 84889250 episode:236 

Rewards Tr: 854.33, Rewards Val: 860.40, Rewards Eval: 627.86, Total Timesteps: 85294650 episode:237 

Rewards Tr: 654.05, Rewards Val: 673.02, Rewards Eval: 844.89, Total Timesteps: 85572870 episode:238 

Rewards Tr: 628.33, Rewards Val: 684.71, Rewards Eval: 810.84, Total Timesteps: 85845870 episode:239 

Rewards Tr: 642.82, Rewards Val: 631.62, Rewards Eval: 988.99, Total Timesteps: 86095240 episode:240 

Rewards Tr: 681.82, Rewards Val: 687.36, Rewards Eval: 926.32, Total Timesteps: 86381810 episode:241 

Rewards Tr: 710.80, Rewards Val: 763.84, Rewards Eval: 952.23, Total Timesteps: 86704980 episode:242 

Rewards Tr: 818.03, Rewards Val: 862.12, Rewards Eval: 1018.19, Total Timesteps: 87102750 episode:243 

Rewards Tr: 944.67, Rewards Val: 963.55, Rewards Eval: 1087.80, Total Timesteps: 87561000 episode:244 

Rewards Tr: 1023.29, Rewards Val: 989.12, Rewards Eval: 1240.64, Total Timesteps: 88055210 episode:245 

Rewards Tr: 1078.07, Rewards Val: 1118.42, Rewards Eval: 778.16, Total Timesteps: 88597180 episode:246 

Rewards Tr: 953.43, Rewards Val: 935.56, Rewards Eval: 723.79, Total Timesteps: 89071730 episode:247 

Rewards Tr: 888.84, Rewards Val: 900.29, Rewards Eval: 913.88, Total Timesteps: 89496090 episode:248 

Rewards Tr: 784.87, Rewards Val: 878.33, Rewards Eval: 603.37, Total Timesteps: 89856740 episode:249 

Rewards Tr: 774.45, Rewards Val: 803.04, Rewards Eval: 725.09, Total Timesteps: 90179510 episode:250 

Rewards Tr: 713.86, Rewards Val: 722.04, Rewards Eval: 565.77, Total Timesteps: 90452260 episode:251 

Rewards Tr: 648.50, Rewards Val: 663.73, Rewards Eval: 613.16, Total Timesteps: 90673170 episode:252 

Rewards Tr: 638.04, Rewards Val: 644.94, Rewards Eval: 799.31, Total Timesteps: 90887030 episode:253 

Rewards Tr: 624.27, Rewards Val: 636.16, Rewards Eval: 573.94, Total Timesteps: 91088230 episode:254 

Rewards Tr: 613.44, Rewards Val: 638.06, Rewards Eval: 593.32, Total Timesteps: 91289950 episode:255 

Rewards Tr: 590.00, Rewards Val: 586.24, Rewards Eval: 599.86, Total Timesteps: 91475230 episode:256 

Rewards Tr: 613.10, Rewards Val: 627.04, Rewards Eval: 507.59, Total Timesteps: 91677200 episode:257 

Rewards Tr: 598.35, Rewards Val: 613.52, Rewards Eval: 691.24, Total Timesteps: 91862680 episode:258 

Rewards Tr: 587.79, Rewards Val: 581.32, Rewards Eval: 643.45, Total Timesteps: 92040560 episode:259 

Rewards Tr: 624.11, Rewards Val: 619.58, Rewards Eval: 962.58, Total Timesteps: 92240800 episode:260 

Rewards Tr: 674.83, Rewards Val: 654.14, Rewards Eval: 557.75, Total Timesteps: 92465210 episode:261 

Rewards Tr: 688.05, Rewards Val: 659.93, Rewards Eval: 1017.31, Total Timesteps: 92704020 episode:262 

Rewards Tr: 738.50, Rewards Val: 776.17, Rewards Eval: 744.85, Total Timesteps: 93029800 episode:263 

Rewards Tr: 909.41, Rewards Val: 892.93, Rewards Eval: 1078.77, Total Timesteps: 93470800 episode:264 

Rewards Tr: 911.02, Rewards Val: 899.69, Rewards Eval: 639.20, Total Timesteps: 93895470 episode:265 

Rewards Tr: 898.12, Rewards Val: 884.87, Rewards Eval: 1019.76, Total Timesteps: 94314550 episode:266 

Rewards Tr: 836.30, Rewards Val: 777.37, Rewards Eval: 910.85, Total Timesteps: 94666580 episode:267 

Rewards Tr: 845.77, Rewards Val: 814.97, Rewards Eval: 818.84, Total Timesteps: 95015540 episode:268 

Rewards Tr: 757.10, Rewards Val: 772.16, Rewards Eval: 967.95, Total Timesteps: 95305600 episode:269 

Rewards Tr: 677.89, Rewards Val: 645.34, Rewards Eval: 637.69, Total Timesteps: 95537190 episode:270 

Rewards Tr: 686.19, Rewards Val: 731.87, Rewards Eval: 845.47, Total Timesteps: 95788660 episode:271 

Rewards Tr: 708.80, Rewards Val: 696.52, Rewards Eval: 499.31, Total Timesteps: 96037990 episode:272 

Rewards Tr: 696.44, Rewards Val: 735.83, Rewards Eval: 1032.27, Total Timesteps: 96294370 episode:273 

Rewards Tr: 705.00, Rewards Val: 692.29, Rewards Eval: 732.60, Total Timesteps: 96544550 episode:274 

Rewards Tr: 671.35, Rewards Val: 692.94, Rewards Eval: 731.61, Total Timesteps: 96783360 episode:275 

Rewards Tr: 725.71, Rewards Val: 734.34, Rewards Eval: 626.97, Total Timesteps: 97060100 episode:276 

Rewards Tr: 786.29, Rewards Val: 774.44, Rewards Eval: 855.64, Total Timesteps: 97381190 episode:277 

Rewards Tr: 785.01, Rewards Val: 840.45, Rewards Eval: 574.63, Total Timesteps: 97729250 episode:278 

Rewards Tr: 818.88, Rewards Val: 793.82, Rewards Eval: 731.96, Total Timesteps: 98081430 episode:279 

Rewards Tr: 817.64, Rewards Val: 807.37, Rewards Eval: 751.04, Total Timesteps: 98394960 episode:280 

Rewards Tr: 784.29, Rewards Val: 767.45, Rewards Eval: 766.73, Total Timesteps: 98693930 episode:281 

Rewards Tr: 727.11, Rewards Val: 752.71, Rewards Eval: 864.83, Total Timesteps: 98969670 episode:282 

Rewards Tr: 714.08, Rewards Val: 730.57, Rewards Eval: 924.06, Total Timesteps: 99226100 episode:283 

Rewards Tr: 687.18, Rewards Val: 718.19, Rewards Eval: 616.05, Total Timesteps: 99450980 episode:284 

Rewards Tr: 728.35, Rewards Val: 718.77, Rewards Eval: 1012.33, Total Timesteps: 99687600 episode:285 

Rewards Tr: 724.63, Rewards Val: 732.43, Rewards Eval: 677.70, Total Timesteps: 99919850 episode:286 

Rewards Tr: 756.34, Rewards Val: 778.32, Rewards Eval: 829.22, Total Timesteps: 100197220 episode:287 

Rewards Tr: 836.22, Rewards Val: 838.61, Rewards Eval: 766.98, Total Timesteps: 100512420 episode:288 

Rewards Tr: 766.75, Rewards Val: 770.86, Rewards Eval: 933.69, Total Timesteps: 100801360 episode:289 

Rewards Tr: 925.78, Rewards Val: 900.72, Rewards Eval: 693.23, Total Timesteps: 101199380 episode:290 

Rewards Tr: 1089.03, Rewards Val: 1006.77, Rewards Eval: 1326.52, Total Timesteps: 101691940 episode:291 

Rewards Tr: 992.67, Rewards Val: 1041.67, Rewards Eval: 692.11, Total Timesteps: 102160650 episode:292 

Rewards Tr: 1112.42, Rewards Val: 1132.35, Rewards Eval: 1145.74, Total Timesteps: 102659810 episode:293 

Rewards Tr: 908.28, Rewards Val: 911.67, Rewards Eval: 1002.28, Total Timesteps: 103031660 episode:294 

Rewards Tr: 904.63, Rewards Val: 893.94, Rewards Eval: 871.93, Total Timesteps: 103376350 episode:295 

Rewards Tr: 749.27, Rewards Val: 793.82, Rewards Eval: 989.32, Total Timesteps: 103658730 episode:296 

Rewards Tr: 766.53, Rewards Val: 797.91, Rewards Eval: 820.39, Total Timesteps: 103959780 episode:297 

Rewards Tr: 817.00, Rewards Val: 812.71, Rewards Eval: 1020.75, Total Timesteps: 104275360 episode:298 

Rewards Tr: 848.91, Rewards Val: 848.87, Rewards Eval: 790.57, Total Timesteps: 104627390 episode:299 

Rewards Tr: 929.40, Rewards Val: 960.27, Rewards Eval: 997.62, Total Timesteps: 105023680 episode:300 

Rewards Tr: 1002.04, Rewards Val: 1026.76, Rewards Eval: 968.22, Total Timesteps: 105467010 episode:301 

Rewards Tr: 1144.12, Rewards Val: 1170.31, Rewards Eval: 1779.94, Total Timesteps: 105961620 episode:302 

Rewards Tr: 1258.88, Rewards Val: 1228.33, Rewards Eval: 839.32, Total Timesteps: 106495240 episode:303 

Rewards Tr: 1364.68, Rewards Val: 1369.15, Rewards Eval: 1409.65, Total Timesteps: 107041350 episode:304 

Rewards Tr: 1314.14, Rewards Val: 1243.47, Rewards Eval: 1325.33, Total Timesteps: 107568150 episode:305 

Rewards Tr: 1291.71, Rewards Val: 1217.12, Rewards Eval: 858.26, Total Timesteps: 108072280 episode:306 

Rewards Tr: 1073.31, Rewards Val: 1133.40, Rewards Eval: 883.76, Total Timesteps: 108529090 episode:307 

Rewards Tr: 948.77, Rewards Val: 919.06, Rewards Eval: 678.89, Total Timesteps: 108897570 episode:308 

Rewards Tr: 890.68, Rewards Val: 951.57, Rewards Eval: 894.23, Total Timesteps: 109274290 episode:309 

Rewards Tr: 899.38, Rewards Val: 957.55, Rewards Eval: 1145.49, Total Timesteps: 109667570 episode:310 

Rewards Tr: 897.90, Rewards Val: 924.08, Rewards Eval: 896.94, Total Timesteps: 110040250 episode:311 

Rewards Tr: 978.75, Rewards Val: 941.22, Rewards Eval: 974.99, Total Timesteps: 110447530 episode:312 

Rewards Tr: 1003.09, Rewards Val: 1037.68, Rewards Eval: 797.40, Total Timesteps: 110908640 episode:313 

Rewards Tr: 956.13, Rewards Val: 1010.00, Rewards Eval: 1507.68, Total Timesteps: 111306730 episode:314 

Rewards Tr: 993.58, Rewards Val: 1055.61, Rewards Eval: 1096.35, Total Timesteps: 111731360 episode:315 

Rewards Tr: 1099.89, Rewards Val: 1044.89, Rewards Eval: 691.06, Total Timesteps: 112182890 episode:316 

Rewards Tr: 972.25, Rewards Val: 956.27, Rewards Eval: 772.57, Total Timesteps: 112589710 episode:317 

Rewards Tr: 1038.54, Rewards Val: 1089.88, Rewards Eval: 964.70, Total Timesteps: 113035970 episode:318 

Rewards Tr: 961.56, Rewards Val: 981.67, Rewards Eval: 1201.06, Total Timesteps: 113448620 episode:319 

Rewards Tr: 926.17, Rewards Val: 906.87, Rewards Eval: 685.52, Total Timesteps: 113822130 episode:320 

Rewards Tr: 796.79, Rewards Val: 814.12, Rewards Eval: 838.48, Total Timesteps: 114119080 episode:321 

Rewards Tr: 816.06, Rewards Val: 836.12, Rewards Eval: 850.11, Total Timesteps: 114429980 episode:322 

Rewards Tr: 819.86, Rewards Val: 871.85, Rewards Eval: 927.80, Total Timesteps: 114738390 episode:323 

Rewards Tr: 789.26, Rewards Val: 746.13, Rewards Eval: 756.56, Total Timesteps: 115012730 episode:324 

Rewards Tr: 773.75, Rewards Val: 755.08, Rewards Eval: 914.86, Total Timesteps: 115291920 episode:325 

Rewards Tr: 775.80, Rewards Val: 729.05, Rewards Eval: 905.93, Total Timesteps: 115563140 episode:326 

Rewards Tr: 742.28, Rewards Val: 743.09, Rewards Eval: 662.70, Total Timesteps: 115844210 episode:327 

Rewards Tr: 731.37, Rewards Val: 772.50, Rewards Eval: 823.34, Total Timesteps: 116114310 episode:328 

Rewards Tr: 820.96, Rewards Val: 840.37, Rewards Eval: 706.15, Total Timesteps: 116449890 episode:329 

Rewards Tr: 930.33, Rewards Val: 975.88, Rewards Eval: 957.77, Total Timesteps: 116860740 episode:330 

Rewards Tr: 1167.83, Rewards Val: 1199.47, Rewards Eval: 1375.52, Total Timesteps: 117391570 episode:331 

Rewards Tr: 1145.77, Rewards Val: 1084.71, Rewards Eval: 853.87, Total Timesteps: 117883240 episode:332 

Rewards Tr: 985.37, Rewards Val: 1037.92, Rewards Eval: 852.44, Total Timesteps: 118290180 episode:333 

Rewards Tr: 909.11, Rewards Val: 912.77, Rewards Eval: 1192.86, Total Timesteps: 118686760 episode:334 

Rewards Tr: 960.93, Rewards Val: 967.49, Rewards Eval: 1316.54, Total Timesteps: 119070120 episode:335 

Rewards Tr: 981.31, Rewards Val: 984.56, Rewards Eval: 1128.94, Total Timesteps: 119458540 episode:336 

Rewards Tr: 1055.67, Rewards Val: 1018.64, Rewards Eval: 1049.30, Total Timesteps: 119899560 episode:337 

Rewards Tr: 1126.59, Rewards Val: 1122.42, Rewards Eval: 1295.95, Total Timesteps: 120371210 episode:338 

Rewards Tr: 1031.50, Rewards Val: 1071.78, Rewards Eval: 964.33, Total Timesteps: 120788870 episode:339 

Rewards Tr: 1130.73, Rewards Val: 1090.37, Rewards Eval: 1182.84, Total Timesteps: 121233910 episode:340 

Rewards Tr: 1199.74, Rewards Val: 1226.26, Rewards Eval: 1097.89, Total Timesteps: 121724040 episode:341 

Rewards Tr: 1078.45, Rewards Val: 1120.56, Rewards Eval: 848.54, Total Timesteps: 122167190 episode:342 

Rewards Tr: 1177.76, Rewards Val: 1171.36, Rewards Eval: 1101.35, Total Timesteps: 122636360 episode:343 

Rewards Tr: 1019.57, Rewards Val: 1061.90, Rewards Eval: 1665.98, Total Timesteps: 123049970 episode:344 

Rewards Tr: 1010.78, Rewards Val: 968.53, Rewards Eval: 1002.09, Total Timesteps: 123440670 episode:345 

Rewards Tr: 861.60, Rewards Val: 840.17, Rewards Eval: 959.09, Total Timesteps: 123768610 episode:346 

Rewards Tr: 811.83, Rewards Val: 845.36, Rewards Eval: 703.94, Total Timesteps: 124098080 episode:347 

Rewards Tr: 929.56, Rewards Val: 930.41, Rewards Eval: 888.07, Total Timesteps: 124471790 episode:348 

Rewards Tr: 914.53, Rewards Val: 905.67, Rewards Eval: 1006.70, Total Timesteps: 124832830 episode:349 

Elapsed Time: 954.7 minutes 

For Seed: 4 

Rewards Tr: 20.09, Rewards Val: 17.12, Rewards Eval: 16.71, Total Timesteps: 24410 episode:0 

Rewards Tr: 23.91, Rewards Val: 24.19, Rewards Eval: 12.71, Total Timesteps: 52290 episode:1 

Rewards Tr: 30.26, Rewards Val: 28.67, Rewards Eval: 34.36, Total Timesteps: 83880 episode:2 

Rewards Tr: 36.85, Rewards Val: 39.12, Rewards Eval: 53.63, Total Timesteps: 118790 episode:3 

Rewards Tr: 45.64, Rewards Val: 44.14, Rewards Eval: 57.11, Total Timesteps: 156940 episode:4 

Rewards Tr: 47.41, Rewards Val: 47.37, Rewards Eval: 70.32, Total Timesteps: 192470 episode:5 

Rewards Tr: 49.92, Rewards Val: 49.95, Rewards Eval: 51.33, Total Timesteps: 230550 episode:6 

Rewards Tr: 54.50, Rewards Val: 54.19, Rewards Eval: 55.74, Total Timesteps: 269770 episode:7 

Rewards Tr: 54.16, Rewards Val: 53.47, Rewards Eval: 57.02, Total Timesteps: 307190 episode:8 

Rewards Tr: 56.62, Rewards Val: 57.23, Rewards Eval: 65.44, Total Timesteps: 346670 episode:9 

Rewards Tr: 59.58, Rewards Val: 56.72, Rewards Eval: 84.08, Total Timesteps: 389370 episode:10 

Rewards Tr: 62.33, Rewards Val: 58.75, Rewards Eval: 62.76, Total Timesteps: 432540 episode:11 

Rewards Tr: 64.02, Rewards Val: 65.24, Rewards Eval: 59.47, Total Timesteps: 482360 episode:12 

Rewards Tr: 66.00, Rewards Val: 65.78, Rewards Eval: 78.09, Total Timesteps: 533260 episode:13 

Rewards Tr: 70.81, Rewards Val: 70.09, Rewards Eval: 56.65, Total Timesteps: 591410 episode:14 

Rewards Tr: 74.14, Rewards Val: 78.43, Rewards Eval: 71.50, Total Timesteps: 656250 episode:15 

Rewards Tr: 79.56, Rewards Val: 77.79, Rewards Eval: 115.36, Total Timesteps: 725830 episode:16 

Rewards Tr: 80.80, Rewards Val: 80.27, Rewards Eval: 72.17, Total Timesteps: 799070 episode:17 

Rewards Tr: 87.59, Rewards Val: 89.09, Rewards Eval: 90.08, Total Timesteps: 887580 episode:18 

Rewards Tr: 96.37, Rewards Val: 87.98, Rewards Eval: 77.30, Total Timesteps: 985430 episode:19 

Rewards Tr: 99.72, Rewards Val: 96.59, Rewards Eval: 113.57, Total Timesteps: 1104010 episode:20 

Rewards Tr: 96.49, Rewards Val: 98.07, Rewards Eval: 116.64, Total Timesteps: 1213150 episode:21 

Rewards Tr: 100.91, Rewards Val: 106.23, Rewards Eval: 77.79, Total Timesteps: 1338060 episode:22 

Rewards Tr: 107.50, Rewards Val: 104.67, Rewards Eval: 102.08, Total Timesteps: 1466650 episode:23 

Rewards Tr: 109.49, Rewards Val: 111.15, Rewards Eval: 127.54, Total Timesteps: 1596860 episode:24 

Rewards Tr: 115.82, Rewards Val: 118.32, Rewards Eval: 149.70, Total Timesteps: 1738130 episode:25 

Rewards Tr: 124.75, Rewards Val: 118.84, Rewards Eval: 98.56, Total Timesteps: 1871460 episode:26 

Rewards Tr: 122.90, Rewards Val: 125.12, Rewards Eval: 104.64, Total Timesteps: 2010250 episode:27 

Rewards Tr: 125.70, Rewards Val: 122.19, Rewards Eval: 107.05, Total Timesteps: 2151740 episode:28 

Rewards Tr: 129.29, Rewards Val: 132.00, Rewards Eval: 134.37, Total Timesteps: 2299700 episode:29 

Rewards Tr: 138.36, Rewards Val: 134.85, Rewards Eval: 139.12, Total Timesteps: 2446450 episode:30 

Rewards Tr: 144.82, Rewards Val: 137.02, Rewards Eval: 143.56, Total Timesteps: 2599590 episode:31 

Rewards Tr: 147.33, Rewards Val: 154.52, Rewards Eval: 145.20, Total Timesteps: 2772960 episode:32 

Rewards Tr: 154.16, Rewards Val: 167.62, Rewards Eval: 141.68, Total Timesteps: 2958150 episode:33 

Rewards Tr: 186.11, Rewards Val: 182.53, Rewards Eval: 285.53, Total Timesteps: 3196370 episode:34 

Rewards Tr: 205.17, Rewards Val: 199.37, Rewards Eval: 314.53, Total Timesteps: 3459070 episode:35 

Rewards Tr: 226.22, Rewards Val: 226.92, Rewards Eval: 373.03, Total Timesteps: 3755980 episode:36 

Rewards Tr: 237.40, Rewards Val: 228.32, Rewards Eval: 310.70, Total Timesteps: 4075160 episode:37 

Rewards Tr: 241.96, Rewards Val: 257.01, Rewards Eval: 169.12, Total Timesteps: 4406950 episode:38 

Rewards Tr: 259.62, Rewards Val: 262.36, Rewards Eval: 127.19, Total Timesteps: 4785190 episode:39 

Rewards Tr: 287.65, Rewards Val: 256.39, Rewards Eval: 230.74, Total Timesteps: 5148640 episode:40 

Rewards Tr: 311.84, Rewards Val: 290.53, Rewards Eval: 401.08, Total Timesteps: 5548240 episode:41 

Rewards Tr: 287.80, Rewards Val: 307.61, Rewards Eval: 286.83, Total Timesteps: 5936020 episode:42 

Rewards Tr: 316.17, Rewards Val: 318.92, Rewards Eval: 287.48, Total Timesteps: 6349340 episode:43 

Rewards Tr: 334.87, Rewards Val: 340.54, Rewards Eval: 330.01, Total Timesteps: 6783450 episode:44 

Rewards Tr: 330.45, Rewards Val: 362.71, Rewards Eval: 387.97, Total Timesteps: 7222820 episode:45 

Rewards Tr: 370.14, Rewards Val: 370.74, Rewards Eval: 370.13, Total Timesteps: 7699730 episode:46 

Rewards Tr: 383.86, Rewards Val: 381.60, Rewards Eval: 249.80, Total Timesteps: 8178530 episode:47 

Rewards Tr: 415.26, Rewards Val: 433.64, Rewards Eval: 337.13, Total Timesteps: 8703420 episode:48 

Rewards Tr: 445.70, Rewards Val: 442.84, Rewards Eval: 361.93, Total Timesteps: 9256800 episode:49 

Rewards Tr: 467.76, Rewards Val: 454.51, Rewards Eval: 507.80, Total Timesteps: 9806180 episode:50 

Rewards Tr: 481.18, Rewards Val: 487.95, Rewards Eval: 497.48, Total Timesteps: 10365790 episode:51 

Rewards Tr: 517.36, Rewards Val: 543.10, Rewards Eval: 483.86, Total Timesteps: 10951060 episode:52 

Rewards Tr: 549.83, Rewards Val: 570.22, Rewards Eval: 608.17, Total Timesteps: 11542540 episode:53 

Rewards Tr: 548.61, Rewards Val: 568.47, Rewards Eval: 879.05, Total Timesteps: 12129760 episode:54 

Rewards Tr: 587.72, Rewards Val: 594.96, Rewards Eval: 852.41, Total Timesteps: 12722740 episode:55 

Rewards Tr: 590.55, Rewards Val: 584.10, Rewards Eval: 851.84, Total Timesteps: 13315060 episode:56 

Rewards Tr: 648.77, Rewards Val: 607.93, Rewards Eval: 790.73, Total Timesteps: 13911900 episode:57 

Rewards Tr: 731.32, Rewards Val: 672.26, Rewards Eval: 508.50, Total Timesteps: 14509690 episode:58 

Rewards Tr: 701.24, Rewards Val: 711.52, Rewards Eval: 758.04, Total Timesteps: 15108680 episode:59 

Rewards Tr: 725.72, Rewards Val: 698.76, Rewards Eval: 543.06, Total Timesteps: 15708680 episode:60 

Rewards Tr: 738.70, Rewards Val: 745.00, Rewards Eval: 723.80, Total Timesteps: 16308680 episode:61 

Rewards Tr: 750.81, Rewards Val: 764.46, Rewards Eval: 799.85, Total Timesteps: 16908680 episode:62 

Rewards Tr: 780.94, Rewards Val: 768.88, Rewards Eval: 760.41, Total Timesteps: 17508680 episode:63 

Rewards Tr: 765.42, Rewards Val: 766.67, Rewards Eval: 632.75, Total Timesteps: 18108680 episode:64 

Rewards Tr: 815.35, Rewards Val: 800.58, Rewards Eval: 861.95, Total Timesteps: 18708680 episode:65 

Rewards Tr: 867.13, Rewards Val: 867.04, Rewards Eval: 901.04, Total Timesteps: 19308680 episode:66 

Rewards Tr: 860.29, Rewards Val: 878.29, Rewards Eval: 874.38, Total Timesteps: 19908680 episode:67 

Rewards Tr: 901.58, Rewards Val: 884.32, Rewards Eval: 942.17, Total Timesteps: 20508680 episode:68 

Rewards Tr: 886.80, Rewards Val: 882.70, Rewards Eval: 948.16, Total Timesteps: 21108680 episode:69 

Rewards Tr: 907.02, Rewards Val: 873.66, Rewards Eval: 991.58, Total Timesteps: 21708680 episode:70 

Rewards Tr: 861.83, Rewards Val: 895.08, Rewards Eval: 898.55, Total Timesteps: 22308680 episode:71 

Rewards Tr: 872.93, Rewards Val: 862.76, Rewards Eval: 954.59, Total Timesteps: 22908680 episode:72 

Rewards Tr: 910.01, Rewards Val: 914.55, Rewards Eval: 895.58, Total Timesteps: 23508680 episode:73 

Rewards Tr: 908.00, Rewards Val: 892.07, Rewards Eval: 903.28, Total Timesteps: 24108680 episode:74 

Rewards Tr: 935.92, Rewards Val: 943.81, Rewards Eval: 998.07, Total Timesteps: 24708680 episode:75 

Rewards Tr: 951.88, Rewards Val: 940.17, Rewards Eval: 1000.59, Total Timesteps: 25308680 episode:76 

Rewards Tr: 942.94, Rewards Val: 945.42, Rewards Eval: 998.85, Total Timesteps: 25908680 episode:77 

Rewards Tr: 945.78, Rewards Val: 934.29, Rewards Eval: 1001.98, Total Timesteps: 26508680 episode:78 

Rewards Tr: 931.79, Rewards Val: 909.87, Rewards Eval: 799.15, Total Timesteps: 27108680 episode:79 

Rewards Tr: 909.41, Rewards Val: 916.13, Rewards Eval: 937.05, Total Timesteps: 27708680 episode:80 

Rewards Tr: 914.82, Rewards Val: 918.50, Rewards Eval: 999.79, Total Timesteps: 28308680 episode:81 

Rewards Tr: 916.89, Rewards Val: 935.41, Rewards Eval: 751.92, Total Timesteps: 28908680 episode:82 

Rewards Tr: 929.59, Rewards Val: 951.37, Rewards Eval: 1009.83, Total Timesteps: 29508680 episode:83 

Rewards Tr: 964.53, Rewards Val: 924.15, Rewards Eval: 1001.97, Total Timesteps: 30108680 episode:84 

Rewards Tr: 952.77, Rewards Val: 936.27, Rewards Eval: 975.75, Total Timesteps: 30708680 episode:85 

Rewards Tr: 959.71, Rewards Val: 950.84, Rewards Eval: 918.55, Total Timesteps: 31308680 episode:86 

Rewards Tr: 949.31, Rewards Val: 961.76, Rewards Eval: 979.80, Total Timesteps: 31908680 episode:87 

Rewards Tr: 945.27, Rewards Val: 954.47, Rewards Eval: 874.14, Total Timesteps: 32508680 episode:88 

Rewards Tr: 929.31, Rewards Val: 915.35, Rewards Eval: 902.27, Total Timesteps: 33108680 episode:89 

Rewards Tr: 917.93, Rewards Val: 928.65, Rewards Eval: 968.29, Total Timesteps: 33708680 episode:90 

Rewards Tr: 932.51, Rewards Val: 932.13, Rewards Eval: 1008.48, Total Timesteps: 34308680 episode:91 

Rewards Tr: 946.52, Rewards Val: 956.58, Rewards Eval: 1008.23, Total Timesteps: 34908680 episode:92 

Rewards Tr: 962.85, Rewards Val: 973.18, Rewards Eval: 991.27, Total Timesteps: 35508680 episode:93 

Rewards Tr: 956.72, Rewards Val: 962.48, Rewards Eval: 976.88, Total Timesteps: 36108680 episode:94 

Rewards Tr: 967.78, Rewards Val: 966.57, Rewards Eval: 1010.82, Total Timesteps: 36708680 episode:95 

Rewards Tr: 938.33, Rewards Val: 936.58, Rewards Eval: 880.35, Total Timesteps: 37308680 episode:96 

Rewards Tr: 941.46, Rewards Val: 930.59, Rewards Eval: 831.91, Total Timesteps: 37908680 episode:97 

Rewards Tr: 943.54, Rewards Val: 940.66, Rewards Eval: 984.39, Total Timesteps: 38508680 episode:98 

Rewards Tr: 958.44, Rewards Val: 967.97, Rewards Eval: 959.47, Total Timesteps: 39108680 episode:99 

Rewards Tr: 974.89, Rewards Val: 963.50, Rewards Eval: 988.19, Total Timesteps: 39708680 episode:100 

Rewards Tr: 967.35, Rewards Val: 975.06, Rewards Eval: 1013.24, Total Timesteps: 40308680 episode:101 

Rewards Tr: 963.70, Rewards Val: 964.70, Rewards Eval: 937.07, Total Timesteps: 40908680 episode:102 

Rewards Tr: 952.29, Rewards Val: 948.32, Rewards Eval: 938.69, Total Timesteps: 41508680 episode:103 

Rewards Tr: 935.38, Rewards Val: 929.62, Rewards Eval: 988.23, Total Timesteps: 42108680 episode:104 

Rewards Tr: 940.62, Rewards Val: 952.03, Rewards Eval: 1009.79, Total Timesteps: 42708680 episode:105 

Rewards Tr: 960.41, Rewards Val: 966.31, Rewards Eval: 1009.91, Total Timesteps: 43308680 episode:106 

Rewards Tr: 979.70, Rewards Val: 975.80, Rewards Eval: 944.60, Total Timesteps: 43908680 episode:107 

Rewards Tr: 980.32, Rewards Val: 967.44, Rewards Eval: 1012.59, Total Timesteps: 44508680 episode:108 

Rewards Tr: 981.25, Rewards Val: 970.37, Rewards Eval: 884.09, Total Timesteps: 45108680 episode:109 

Rewards Tr: 955.89, Rewards Val: 956.80, Rewards Eval: 1014.86, Total Timesteps: 45708680 episode:110 

Rewards Tr: 939.82, Rewards Val: 939.52, Rewards Eval: 997.73, Total Timesteps: 46308680 episode:111 

Rewards Tr: 936.94, Rewards Val: 941.88, Rewards Eval: 1017.57, Total Timesteps: 46908680 episode:112 

Rewards Tr: 954.54, Rewards Val: 949.68, Rewards Eval: 937.26, Total Timesteps: 47508680 episode:113 

Rewards Tr: 972.11, Rewards Val: 966.89, Rewards Eval: 1008.59, Total Timesteps: 48108680 episode:114 

Rewards Tr: 969.94, Rewards Val: 985.92, Rewards Eval: 1015.04, Total Timesteps: 48708680 episode:115 

Rewards Tr: 987.29, Rewards Val: 976.14, Rewards Eval: 935.97, Total Timesteps: 49308680 episode:116 

Rewards Tr: 970.80, Rewards Val: 977.02, Rewards Eval: 884.59, Total Timesteps: 49908680 episode:117 

Rewards Tr: 967.77, Rewards Val: 950.49, Rewards Eval: 1007.03, Total Timesteps: 50508680 episode:118 

Rewards Tr: 947.30, Rewards Val: 957.42, Rewards Eval: 919.39, Total Timesteps: 51108680 episode:119 

Rewards Tr: 970.24, Rewards Val: 962.41, Rewards Eval: 945.13, Total Timesteps: 51708680 episode:120 

Rewards Tr: 954.16, Rewards Val: 957.91, Rewards Eval: 1017.50, Total Timesteps: 52308680 episode:121 

Rewards Tr: 973.40, Rewards Val: 962.11, Rewards Eval: 964.03, Total Timesteps: 52908680 episode:122 

Rewards Tr: 980.47, Rewards Val: 970.55, Rewards Eval: 1011.70, Total Timesteps: 53508680 episode:123 

Rewards Tr: 973.84, Rewards Val: 983.30, Rewards Eval: 1009.00, Total Timesteps: 54108680 episode:124 

Rewards Tr: 987.74, Rewards Val: 985.46, Rewards Eval: 940.22, Total Timesteps: 54708680 episode:125 

Rewards Tr: 988.84, Rewards Val: 982.80, Rewards Eval: 950.34, Total Timesteps: 55308680 episode:126 

Rewards Tr: 967.94, Rewards Val: 960.17, Rewards Eval: 1017.08, Total Timesteps: 55908680 episode:127 

Rewards Tr: 951.25, Rewards Val: 958.55, Rewards Eval: 1015.32, Total Timesteps: 56508680 episode:128 

Rewards Tr: 953.26, Rewards Val: 955.71, Rewards Eval: 1012.87, Total Timesteps: 57108680 episode:129 

Rewards Tr: 959.19, Rewards Val: 979.03, Rewards Eval: 904.26, Total Timesteps: 57708680 episode:130 

Rewards Tr: 971.56, Rewards Val: 978.46, Rewards Eval: 1011.10, Total Timesteps: 58308680 episode:131 

Rewards Tr: 987.82, Rewards Val: 981.93, Rewards Eval: 1015.36, Total Timesteps: 58908680 episode:132 

Rewards Tr: 974.40, Rewards Val: 976.36, Rewards Eval: 919.14, Total Timesteps: 59508680 episode:133 

Rewards Tr: 963.61, Rewards Val: 960.15, Rewards Eval: 855.05, Total Timesteps: 60108680 episode:134 

Rewards Tr: 960.56, Rewards Val: 950.44, Rewards Eval: 1018.50, Total Timesteps: 60708680 episode:135 

Rewards Tr: 971.47, Rewards Val: 963.79, Rewards Eval: 1014.37, Total Timesteps: 61308680 episode:136 

Rewards Tr: 983.19, Rewards Val: 981.25, Rewards Eval: 1014.73, Total Timesteps: 61908680 episode:137 

Rewards Tr: 993.52, Rewards Val: 991.87, Rewards Eval: 1013.62, Total Timesteps: 62508680 episode:138 

Rewards Tr: 1000.98, Rewards Val: 993.94, Rewards Eval: 978.32, Total Timesteps: 63108680 episode:139 

Rewards Tr: 989.28, Rewards Val: 993.05, Rewards Eval: 964.03, Total Timesteps: 63708680 episode:140 

Rewards Tr: 978.49, Rewards Val: 969.30, Rewards Eval: 1018.14, Total Timesteps: 64308680 episode:141 

Rewards Tr: 962.44, Rewards Val: 951.59, Rewards Eval: 981.38, Total Timesteps: 64908680 episode:142 

Rewards Tr: 950.20, Rewards Val: 952.66, Rewards Eval: 1012.42, Total Timesteps: 65508680 episode:143 

Rewards Tr: 965.12, Rewards Val: 976.63, Rewards Eval: 971.31, Total Timesteps: 66108680 episode:144 

Rewards Tr: 989.70, Rewards Val: 978.46, Rewards Eval: 875.07, Total Timesteps: 66708680 episode:145 

Rewards Tr: 993.20, Rewards Val: 1002.16, Rewards Eval: 1016.61, Total Timesteps: 67308680 episode:146 

Rewards Tr: 987.04, Rewards Val: 990.39, Rewards Eval: 942.38, Total Timesteps: 67908680 episode:147 

Rewards Tr: 994.94, Rewards Val: 976.33, Rewards Eval: 953.44, Total Timesteps: 68508680 episode:148 

Rewards Tr: 977.41, Rewards Val: 962.80, Rewards Eval: 1018.18, Total Timesteps: 69108680 episode:149 

Rewards Tr: 965.71, Rewards Val: 980.82, Rewards Eval: 1019.07, Total Timesteps: 69708680 episode:150 

Rewards Tr: 956.28, Rewards Val: 960.54, Rewards Eval: 948.80, Total Timesteps: 70308680 episode:151 

Rewards Tr: 965.26, Rewards Val: 975.05, Rewards Eval: 1012.45, Total Timesteps: 70908680 episode:152 

Rewards Tr: 988.04, Rewards Val: 998.21, Rewards Eval: 1016.75, Total Timesteps: 71508680 episode:153 

Rewards Tr: 999.54, Rewards Val: 988.57, Rewards Eval: 1017.61, Total Timesteps: 72108680 episode:154 

Rewards Tr: 1005.50, Rewards Val: 1001.14, Rewards Eval: 942.20, Total Timesteps: 72708680 episode:155 

Rewards Tr: 977.16, Rewards Val: 980.39, Rewards Eval: 866.95, Total Timesteps: 73308680 episode:156 

Rewards Tr: 951.30, Rewards Val: 962.27, Rewards Eval: 1017.66, Total Timesteps: 73908680 episode:157 

Rewards Tr: 966.72, Rewards Val: 966.34, Rewards Eval: 1018.59, Total Timesteps: 74508680 episode:158 

Rewards Tr: 963.88, Rewards Val: 958.80, Rewards Eval: 856.09, Total Timesteps: 75108680 episode:159 

Rewards Tr: 990.38, Rewards Val: 1001.64, Rewards Eval: 966.99, Total Timesteps: 75708680 episode:160 

Rewards Tr: 1002.62, Rewards Val: 998.48, Rewards Eval: 1017.54, Total Timesteps: 76308680 episode:161 

Rewards Tr: 985.56, Rewards Val: 998.37, Rewards Eval: 1018.25, Total Timesteps: 76908680 episode:162 

Rewards Tr: 980.07, Rewards Val: 969.22, Rewards Eval: 978.73, Total Timesteps: 77508680 episode:163 

Rewards Tr: 972.14, Rewards Val: 958.18, Rewards Eval: 925.99, Total Timesteps: 78108680 episode:164 

Rewards Tr: 971.51, Rewards Val: 960.55, Rewards Eval: 988.31, Total Timesteps: 78708680 episode:165 

Rewards Tr: 982.48, Rewards Val: 978.52, Rewards Eval: 962.02, Total Timesteps: 79308680 episode:166 

Rewards Tr: 1004.51, Rewards Val: 1014.87, Rewards Eval: 1019.86, Total Timesteps: 79908680 episode:167 

Rewards Tr: 994.14, Rewards Val: 999.65, Rewards Eval: 1018.47, Total Timesteps: 80508680 episode:168 

Rewards Tr: 991.64, Rewards Val: 988.08, Rewards Eval: 1022.15, Total Timesteps: 81108680 episode:169 

Rewards Tr: 948.17, Rewards Val: 949.21, Rewards Eval: 1007.15, Total Timesteps: 81708680 episode:170 

Rewards Tr: 941.47, Rewards Val: 946.85, Rewards Eval: 1017.76, Total Timesteps: 82308680 episode:171 

Rewards Tr: 965.80, Rewards Val: 985.33, Rewards Eval: 1017.05, Total Timesteps: 82908680 episode:172 

Rewards Tr: 992.54, Rewards Val: 982.50, Rewards Eval: 1018.63, Total Timesteps: 83508680 episode:173 

Rewards Tr: 993.52, Rewards Val: 1005.60, Rewards Eval: 1017.77, Total Timesteps: 84108680 episode:174 

Rewards Tr: 1005.59, Rewards Val: 1004.72, Rewards Eval: 1018.81, Total Timesteps: 84708680 episode:175 

Rewards Tr: 999.62, Rewards Val: 996.38, Rewards Eval: 973.05, Total Timesteps: 85308680 episode:176 

Rewards Tr: 989.01, Rewards Val: 988.81, Rewards Eval: 1021.62, Total Timesteps: 85908680 episode:177 

Rewards Tr: 957.77, Rewards Val: 970.73, Rewards Eval: 1020.05, Total Timesteps: 86508680 episode:178 

Rewards Tr: 946.55, Rewards Val: 935.77, Rewards Eval: 935.18, Total Timesteps: 87108680 episode:179 

Rewards Tr: 965.33, Rewards Val: 981.77, Rewards Eval: 1002.98, Total Timesteps: 87708680 episode:180 

Rewards Tr: 992.37, Rewards Val: 983.33, Rewards Eval: 1019.71, Total Timesteps: 88308680 episode:181 

Rewards Tr: 1003.75, Rewards Val: 1002.62, Rewards Eval: 887.04, Total Timesteps: 88908680 episode:182 

Rewards Tr: 997.21, Rewards Val: 1000.29, Rewards Eval: 1018.01, Total Timesteps: 89508680 episode:183 

Rewards Tr: 1009.57, Rewards Val: 1009.66, Rewards Eval: 1020.24, Total Timesteps: 90108680 episode:184 

Rewards Tr: 989.68, Rewards Val: 985.49, Rewards Eval: 917.51, Total Timesteps: 90708680 episode:185 

Rewards Tr: 955.02, Rewards Val: 973.75, Rewards Eval: 915.77, Total Timesteps: 91308680 episode:186 

Rewards Tr: 964.20, Rewards Val: 964.20, Rewards Eval: 980.32, Total Timesteps: 91908680 episode:187 

Rewards Tr: 976.28, Rewards Val: 981.52, Rewards Eval: 1019.83, Total Timesteps: 92508680 episode:188 

Rewards Tr: 999.64, Rewards Val: 994.25, Rewards Eval: 1019.58, Total Timesteps: 93108680 episode:189 

Rewards Tr: 1008.96, Rewards Val: 998.71, Rewards Eval: 1007.26, Total Timesteps: 93708680 episode:190 

Rewards Tr: 1008.42, Rewards Val: 1001.98, Rewards Eval: 1021.32, Total Timesteps: 94308680 episode:191 

Rewards Tr: 1004.39, Rewards Val: 994.00, Rewards Eval: 911.77, Total Timesteps: 94908680 episode:192 

Rewards Tr: 990.66, Rewards Val: 995.94, Rewards Eval: 978.60, Total Timesteps: 95508680 episode:193 

Rewards Tr: 991.14, Rewards Val: 980.31, Rewards Eval: 1019.20, Total Timesteps: 96108680 episode:194 

Rewards Tr: 980.10, Rewards Val: 983.13, Rewards Eval: 1019.48, Total Timesteps: 96708680 episode:195 

Rewards Tr: 991.56, Rewards Val: 996.56, Rewards Eval: 1018.87, Total Timesteps: 97308680 episode:196 

Rewards Tr: 1000.07, Rewards Val: 991.13, Rewards Eval: 1008.90, Total Timesteps: 97908680 episode:197 

Rewards Tr: 1001.92, Rewards Val: 996.16, Rewards Eval: 1022.46, Total Timesteps: 98508680 episode:198 

Rewards Tr: 985.59, Rewards Val: 992.12, Rewards Eval: 1022.12, Total Timesteps: 99108680 episode:199 

Rewards Tr: 986.99, Rewards Val: 982.21, Rewards Eval: 1022.04, Total Timesteps: 99708680 episode:200 

Rewards Tr: 1000.27, Rewards Val: 1002.17, Rewards Eval: 1020.31, Total Timesteps: 100308680 episode:201 

Rewards Tr: 984.60, Rewards Val: 983.22, Rewards Eval: 1023.05, Total Timesteps: 100908680 episode:202 

Rewards Tr: 986.30, Rewards Val: 1002.39, Rewards Eval: 1020.84, Total Timesteps: 101508680 episode:203 

Rewards Tr: 987.37, Rewards Val: 985.65, Rewards Eval: 896.93, Total Timesteps: 102108680 episode:204 

Rewards Tr: 975.41, Rewards Val: 971.39, Rewards Eval: 1022.99, Total Timesteps: 102708680 episode:205 

Rewards Tr: 986.04, Rewards Val: 995.83, Rewards Eval: 938.49, Total Timesteps: 103308680 episode:206 

Rewards Tr: 980.15, Rewards Val: 993.00, Rewards Eval: 993.54, Total Timesteps: 103908680 episode:207 

Rewards Tr: 995.94, Rewards Val: 998.56, Rewards Eval: 1022.47, Total Timesteps: 104508680 episode:208 

Rewards Tr: 989.29, Rewards Val: 993.71, Rewards Eval: 1024.12, Total Timesteps: 105108680 episode:209 

Rewards Tr: 993.03, Rewards Val: 986.49, Rewards Eval: 1025.52, Total Timesteps: 105708680 episode:210 

Rewards Tr: 993.06, Rewards Val: 997.51, Rewards Eval: 1022.55, Total Timesteps: 106308680 episode:211 

Rewards Tr: 1004.13, Rewards Val: 1005.64, Rewards Eval: 1020.38, Total Timesteps: 106908680 episode:212 

Rewards Tr: 995.38, Rewards Val: 996.26, Rewards Eval: 1023.75, Total Timesteps: 107508680 episode:213 

Rewards Tr: 986.21, Rewards Val: 993.24, Rewards Eval: 1014.39, Total Timesteps: 108108680 episode:214 

Rewards Tr: 991.21, Rewards Val: 996.78, Rewards Eval: 1021.22, Total Timesteps: 108708680 episode:215 

Rewards Tr: 994.55, Rewards Val: 989.28, Rewards Eval: 914.35, Total Timesteps: 109308680 episode:216 

Rewards Tr: 995.47, Rewards Val: 996.63, Rewards Eval: 1022.46, Total Timesteps: 109908680 episode:217 

Rewards Tr: 998.63, Rewards Val: 1008.12, Rewards Eval: 1023.49, Total Timesteps: 110508680 episode:218 

Rewards Tr: 1001.67, Rewards Val: 1004.76, Rewards Eval: 1024.63, Total Timesteps: 111108680 episode:219 

Rewards Tr: 999.79, Rewards Val: 1005.89, Rewards Eval: 914.07, Total Timesteps: 111708680 episode:220 

Rewards Tr: 958.72, Rewards Val: 984.04, Rewards Eval: 1025.48, Total Timesteps: 112308680 episode:221 

Rewards Tr: 982.25, Rewards Val: 968.53, Rewards Eval: 1025.25, Total Timesteps: 112908680 episode:222 

Rewards Tr: 988.70, Rewards Val: 985.15, Rewards Eval: 1024.93, Total Timesteps: 113508680 episode:223 

Rewards Tr: 990.46, Rewards Val: 995.71, Rewards Eval: 1023.84, Total Timesteps: 114108680 episode:224 

Rewards Tr: 1003.31, Rewards Val: 1000.13, Rewards Eval: 1021.57, Total Timesteps: 114708680 episode:225 

Rewards Tr: 1008.56, Rewards Val: 1016.52, Rewards Eval: 912.36, Total Timesteps: 115308680 episode:226 

Rewards Tr: 996.34, Rewards Val: 986.76, Rewards Eval: 1026.67, Total Timesteps: 115908680 episode:227 

Rewards Tr: 1000.09, Rewards Val: 1009.37, Rewards Eval: 1023.23, Total Timesteps: 116508680 episode:228 

Rewards Tr: 992.86, Rewards Val: 982.86, Rewards Eval: 1024.19, Total Timesteps: 117108680 episode:229 

Rewards Tr: 993.56, Rewards Val: 994.30, Rewards Eval: 949.36, Total Timesteps: 117708680 episode:230 

Rewards Tr: 983.45, Rewards Val: 984.19, Rewards Eval: 1021.79, Total Timesteps: 118308680 episode:231 

Rewards Tr: 1010.74, Rewards Val: 1009.38, Rewards Eval: 1024.34, Total Timesteps: 118908680 episode:232 

Rewards Tr: 1010.45, Rewards Val: 1007.14, Rewards Eval: 1023.85, Total Timesteps: 119508680 episode:233 

Rewards Tr: 1009.10, Rewards Val: 1015.50, Rewards Eval: 986.11, Total Timesteps: 120108680 episode:234 

Rewards Tr: 996.28, Rewards Val: 1002.37, Rewards Eval: 1025.04, Total Timesteps: 120708680 episode:235 

Rewards Tr: 981.84, Rewards Val: 982.46, Rewards Eval: 1024.84, Total Timesteps: 121308680 episode:236 

Rewards Tr: 974.06, Rewards Val: 994.76, Rewards Eval: 948.01, Total Timesteps: 121908680 episode:237 

Rewards Tr: 984.17, Rewards Val: 979.70, Rewards Eval: 1024.30, Total Timesteps: 122508680 episode:238 

Rewards Tr: 1004.64, Rewards Val: 992.30, Rewards Eval: 1023.48, Total Timesteps: 123108680 episode:239 

Rewards Tr: 1008.37, Rewards Val: 1016.42, Rewards Eval: 1024.29, Total Timesteps: 123708680 episode:240 

Rewards Tr: 1005.77, Rewards Val: 1002.93, Rewards Eval: 1026.16, Total Timesteps: 124308680 episode:241 

Rewards Tr: 1006.92, Rewards Val: 1003.56, Rewards Eval: 1026.26, Total Timesteps: 124908680 episode:242 

Rewards Tr: 975.79, Rewards Val: 1004.88, Rewards Eval: 889.14, Total Timesteps: 125508680 episode:243 

Rewards Tr: 969.96, Rewards Val: 977.72, Rewards Eval: 902.88, Total Timesteps: 126108680 episode:244 

Rewards Tr: 996.05, Rewards Val: 998.77, Rewards Eval: 1021.15, Total Timesteps: 126708680 episode:245 

Rewards Tr: 996.60, Rewards Val: 1001.88, Rewards Eval: 1026.02, Total Timesteps: 127308680 episode:246 

Rewards Tr: 1016.92, Rewards Val: 996.28, Rewards Eval: 1025.04, Total Timesteps: 127908680 episode:247 

Rewards Tr: 1015.92, Rewards Val: 1021.04, Rewards Eval: 1026.34, Total Timesteps: 128508680 episode:248 

Rewards Tr: 1001.27, Rewards Val: 1014.05, Rewards Eval: 1023.71, Total Timesteps: 129108680 episode:249 

Rewards Tr: 1002.17, Rewards Val: 1000.62, Rewards Eval: 1022.64, Total Timesteps: 129708680 episode:250 

Rewards Tr: 981.11, Rewards Val: 977.32, Rewards Eval: 879.02, Total Timesteps: 130308680 episode:251 

Rewards Tr: 995.64, Rewards Val: 1009.48, Rewards Eval: 1028.19, Total Timesteps: 130908680 episode:252 

Rewards Tr: 995.30, Rewards Val: 1000.21, Rewards Eval: 894.75, Total Timesteps: 131508680 episode:253 

Rewards Tr: 983.19, Rewards Val: 1000.17, Rewards Eval: 1027.75, Total Timesteps: 132108680 episode:254 

Rewards Tr: 987.96, Rewards Val: 992.56, Rewards Eval: 1028.59, Total Timesteps: 132708680 episode:255 

Rewards Tr: 1004.97, Rewards Val: 1002.53, Rewards Eval: 1028.57, Total Timesteps: 133308680 episode:256 

Rewards Tr: 1014.52, Rewards Val: 1011.72, Rewards Eval: 1023.96, Total Timesteps: 133908680 episode:257 

Rewards Tr: 1006.77, Rewards Val: 1018.37, Rewards Eval: 920.84, Total Timesteps: 134508680 episode:258 

Rewards Tr: 991.17, Rewards Val: 986.93, Rewards Eval: 1026.18, Total Timesteps: 135108680 episode:259 

Rewards Tr: 1008.57, Rewards Val: 1010.55, Rewards Eval: 1030.41, Total Timesteps: 135708680 episode:260 

Rewards Tr: 1004.11, Rewards Val: 997.14, Rewards Eval: 977.14, Total Timesteps: 136308680 episode:261 

Rewards Tr: 996.75, Rewards Val: 999.28, Rewards Eval: 1027.59, Total Timesteps: 136908680 episode:262 

Rewards Tr: 1017.04, Rewards Val: 1011.33, Rewards Eval: 847.90, Total Timesteps: 137508680 episode:263 

Rewards Tr: 1010.00, Rewards Val: 1007.49, Rewards Eval: 896.45, Total Timesteps: 138108680 episode:264 

Rewards Tr: 1007.71, Rewards Val: 1000.79, Rewards Eval: 1028.04, Total Timesteps: 138708680 episode:265 

Rewards Tr: 1009.30, Rewards Val: 1007.06, Rewards Eval: 1029.65, Total Timesteps: 139308680 episode:266 

Rewards Tr: 1009.47, Rewards Val: 993.48, Rewards Eval: 1034.84, Total Timesteps: 139908680 episode:267 

Rewards Tr: 1010.03, Rewards Val: 1010.60, Rewards Eval: 995.71, Total Timesteps: 140508680 episode:268 

Rewards Tr: 1017.00, Rewards Val: 1007.88, Rewards Eval: 1030.40, Total Timesteps: 141108680 episode:269 

Rewards Tr: 1014.09, Rewards Val: 1008.72, Rewards Eval: 1030.29, Total Timesteps: 141708680 episode:270 

Rewards Tr: 1002.79, Rewards Val: 1017.67, Rewards Eval: 1029.66, Total Timesteps: 142308680 episode:271 

Rewards Tr: 994.64, Rewards Val: 993.50, Rewards Eval: 1028.94, Total Timesteps: 142908680 episode:272 

Rewards Tr: 1008.26, Rewards Val: 1004.88, Rewards Eval: 889.13, Total Timesteps: 143508680 episode:273 

Rewards Tr: 1015.02, Rewards Val: 1022.12, Rewards Eval: 1029.99, Total Timesteps: 144108680 episode:274 

Rewards Tr: 994.71, Rewards Val: 988.74, Rewards Eval: 970.44, Total Timesteps: 144708680 episode:275 

Rewards Tr: 994.45, Rewards Val: 997.84, Rewards Eval: 973.10, Total Timesteps: 145308680 episode:276 

Rewards Tr: 1006.40, Rewards Val: 1012.65, Rewards Eval: 1031.39, Total Timesteps: 145908680 episode:277 

Rewards Tr: 1008.07, Rewards Val: 1018.67, Rewards Eval: 1030.48, Total Timesteps: 146508680 episode:278 

Rewards Tr: 1019.71, Rewards Val: 1018.25, Rewards Eval: 1033.08, Total Timesteps: 147108680 episode:279 

Rewards Tr: 1005.52, Rewards Val: 1009.76, Rewards Eval: 945.29, Total Timesteps: 147708680 episode:280 

Rewards Tr: 992.92, Rewards Val: 1005.75, Rewards Eval: 1009.31, Total Timesteps: 148308680 episode:281 

Rewards Tr: 972.53, Rewards Val: 973.43, Rewards Eval: 1034.26, Total Timesteps: 148908680 episode:282 

Rewards Tr: 976.00, Rewards Val: 971.76, Rewards Eval: 1035.67, Total Timesteps: 149508680 episode:283 

Rewards Tr: 1011.95, Rewards Val: 1016.23, Rewards Eval: 1033.52, Total Timesteps: 150108680 episode:284 

Rewards Tr: 1028.48, Rewards Val: 1018.67, Rewards Eval: 1032.16, Total Timesteps: 150708680 episode:285 

Rewards Tr: 1029.76, Rewards Val: 1032.40, Rewards Eval: 1027.65, Total Timesteps: 151308680 episode:286 

Rewards Tr: 1017.25, Rewards Val: 1018.83, Rewards Eval: 1032.71, Total Timesteps: 151908680 episode:287 

Rewards Tr: 1001.66, Rewards Val: 1006.75, Rewards Eval: 1038.18, Total Timesteps: 152508680 episode:288 

Rewards Tr: 989.81, Rewards Val: 1000.98, Rewards Eval: 1037.91, Total Timesteps: 153108680 episode:289 

Rewards Tr: 983.31, Rewards Val: 988.94, Rewards Eval: 942.68, Total Timesteps: 153708680 episode:290 

Rewards Tr: 1015.44, Rewards Val: 1013.47, Rewards Eval: 1036.37, Total Timesteps: 154308680 episode:291 

Rewards Tr: 1027.05, Rewards Val: 1026.72, Rewards Eval: 1034.29, Total Timesteps: 154908680 episode:292 

Rewards Tr: 1021.64, Rewards Val: 1025.45, Rewards Eval: 1039.18, Total Timesteps: 155508680 episode:293 

Rewards Tr: 1017.21, Rewards Val: 1019.27, Rewards Eval: 1037.26, Total Timesteps: 156108680 episode:294 

Rewards Tr: 999.78, Rewards Val: 1008.35, Rewards Eval: 918.32, Total Timesteps: 156708680 episode:295 

Rewards Tr: 995.76, Rewards Val: 990.15, Rewards Eval: 1037.23, Total Timesteps: 157308680 episode:296 

Rewards Tr: 1012.81, Rewards Val: 1008.05, Rewards Eval: 1042.08, Total Timesteps: 157908680 episode:297 

Rewards Tr: 1025.12, Rewards Val: 1021.49, Rewards Eval: 1041.88, Total Timesteps: 158508680 episode:298 

Rewards Tr: 1024.26, Rewards Val: 1033.25, Rewards Eval: 1037.44, Total Timesteps: 159108680 episode:299 

Rewards Tr: 1028.28, Rewards Val: 1032.42, Rewards Eval: 1048.00, Total Timesteps: 159708680 episode:300 

Rewards Tr: 1025.23, Rewards Val: 1017.57, Rewards Eval: 1038.37, Total Timesteps: 160308680 episode:301 

Rewards Tr: 1008.50, Rewards Val: 995.93, Rewards Eval: 1007.62, Total Timesteps: 160908680 episode:302 

Rewards Tr: 1015.06, Rewards Val: 1009.28, Rewards Eval: 1040.53, Total Timesteps: 161508680 episode:303 

Rewards Tr: 1034.92, Rewards Val: 1021.42, Rewards Eval: 1002.26, Total Timesteps: 162108680 episode:304 

Rewards Tr: 1035.61, Rewards Val: 1033.51, Rewards Eval: 1042.37, Total Timesteps: 162708680 episode:305 

Rewards Tr: 1034.82, Rewards Val: 1030.61, Rewards Eval: 1045.18, Total Timesteps: 163308680 episode:306 

Rewards Tr: 1030.28, Rewards Val: 1032.23, Rewards Eval: 1049.12, Total Timesteps: 163908680 episode:307 

Rewards Tr: 1009.91, Rewards Val: 1010.33, Rewards Eval: 1051.81, Total Timesteps: 164508680 episode:308 

Rewards Tr: 1001.61, Rewards Val: 1011.65, Rewards Eval: 1046.09, Total Timesteps: 165108680 episode:309 

Rewards Tr: 1000.06, Rewards Val: 1006.60, Rewards Eval: 1045.90, Total Timesteps: 165708680 episode:310 

Rewards Tr: 1027.20, Rewards Val: 1025.62, Rewards Eval: 1050.40, Total Timesteps: 166308680 episode:311 

Rewards Tr: 1031.13, Rewards Val: 1030.87, Rewards Eval: 1048.49, Total Timesteps: 166908680 episode:312 

Rewards Tr: 1041.27, Rewards Val: 1042.14, Rewards Eval: 1052.79, Total Timesteps: 167508680 episode:313 

Rewards Tr: 1034.83, Rewards Val: 1024.27, Rewards Eval: 1054.18, Total Timesteps: 168108680 episode:314 

Rewards Tr: 1038.33, Rewards Val: 1027.87, Rewards Eval: 1056.33, Total Timesteps: 168708680 episode:315 

Rewards Tr: 1010.15, Rewards Val: 1023.52, Rewards Eval: 896.52, Total Timesteps: 169308680 episode:316 

Rewards Tr: 1019.10, Rewards Val: 1020.09, Rewards Eval: 1046.58, Total Timesteps: 169908680 episode:317 

Rewards Tr: 1026.39, Rewards Val: 1028.31, Rewards Eval: 1053.77, Total Timesteps: 170508680 episode:318 

Rewards Tr: 1038.08, Rewards Val: 1047.18, Rewards Eval: 985.24, Total Timesteps: 171108680 episode:319 

Rewards Tr: 1035.88, Rewards Val: 1022.35, Rewards Eval: 933.98, Total Timesteps: 171708680 episode:320 

Rewards Tr: 1008.62, Rewards Val: 1006.25, Rewards Eval: 1057.28, Total Timesteps: 172308680 episode:321 

Rewards Tr: 1030.64, Rewards Val: 1026.27, Rewards Eval: 1053.05, Total Timesteps: 172908680 episode:322 

Rewards Tr: 1041.69, Rewards Val: 1047.21, Rewards Eval: 1060.47, Total Timesteps: 173508680 episode:323 

Rewards Tr: 1036.98, Rewards Val: 1042.04, Rewards Eval: 1059.12, Total Timesteps: 174108680 episode:324 

Rewards Tr: 1043.21, Rewards Val: 1044.36, Rewards Eval: 1068.57, Total Timesteps: 174708680 episode:325 

Rewards Tr: 1030.82, Rewards Val: 1032.74, Rewards Eval: 1035.52, Total Timesteps: 175308680 episode:326 

Rewards Tr: 1029.18, Rewards Val: 1024.53, Rewards Eval: 1032.63, Total Timesteps: 175908680 episode:327 

Rewards Tr: 1045.04, Rewards Val: 1005.70, Rewards Eval: 1065.56, Total Timesteps: 176508680 episode:328 

Rewards Tr: 1053.40, Rewards Val: 1052.76, Rewards Eval: 1057.58, Total Timesteps: 177108680 episode:329 

Rewards Tr: 1055.08, Rewards Val: 1063.76, Rewards Eval: 1065.91, Total Timesteps: 177708680 episode:330 

Rewards Tr: 1050.12, Rewards Val: 1046.78, Rewards Eval: 1021.52, Total Timesteps: 178308680 episode:331 

Rewards Tr: 1046.52, Rewards Val: 1039.32, Rewards Eval: 1076.59, Total Timesteps: 178908680 episode:332 

Rewards Tr: 1016.87, Rewards Val: 1018.03, Rewards Eval: 959.27, Total Timesteps: 179508680 episode:333 

Rewards Tr: 1050.06, Rewards Val: 1045.44, Rewards Eval: 944.23, Total Timesteps: 180108680 episode:334 

Rewards Tr: 1043.47, Rewards Val: 1030.77, Rewards Eval: 1076.36, Total Timesteps: 180708680 episode:335 

Rewards Tr: 1045.38, Rewards Val: 1044.26, Rewards Eval: 1069.98, Total Timesteps: 181308680 episode:336 

Rewards Tr: 1055.52, Rewards Val: 1056.06, Rewards Eval: 1081.18, Total Timesteps: 181908680 episode:337 

Rewards Tr: 1060.37, Rewards Val: 1059.23, Rewards Eval: 996.67, Total Timesteps: 182508680 episode:338 

Rewards Tr: 1032.31, Rewards Val: 1024.41, Rewards Eval: 984.60, Total Timesteps: 183108680 episode:339 

Rewards Tr: 1058.81, Rewards Val: 1049.59, Rewards Eval: 1076.76, Total Timesteps: 183708680 episode:340 

Rewards Tr: 1043.96, Rewards Val: 1062.29, Rewards Eval: 968.31, Total Timesteps: 184308680 episode:341 

Rewards Tr: 1026.51, Rewards Val: 1036.60, Rewards Eval: 1104.18, Total Timesteps: 184908680 episode:342 

Rewards Tr: 1027.75, Rewards Val: 1053.22, Rewards Eval: 1083.03, Total Timesteps: 185508680 episode:343 

Rewards Tr: 1039.41, Rewards Val: 1053.46, Rewards Eval: 1048.19, Total Timesteps: 186108680 episode:344 

Rewards Tr: 1037.97, Rewards Val: 1058.22, Rewards Eval: 1061.28, Total Timesteps: 186708680 episode:345 

Rewards Tr: 1049.17, Rewards Val: 1049.58, Rewards Eval: 1088.62, Total Timesteps: 187308680 episode:346 

Rewards Tr: 1066.17, Rewards Val: 1069.63, Rewards Eval: 1093.59, Total Timesteps: 187908680 episode:347 

Rewards Tr: 1061.95, Rewards Val: 1074.39, Rewards Eval: 939.78, Total Timesteps: 188508680 episode:348 

Rewards Tr: 1061.70, Rewards Val: 1062.07, Rewards Eval: 1039.00, Total Timesteps: 189108680 episode:349 

Elapsed Time: 1836.5 minutes 

For Seed: 5 

slurmstepd: error: *** JOB 5032275 ON gpu31 CANCELLED AT 2022-06-06T06:07:36 DUE TO TIME LIMIT ***
Job has already finished for job 5032275
