
The following have been reloaded with a version change:
  1) mpfr/3.1.6 => mpfr/4.0.1

For Seed: 3 

Rewards Tr: 10.55, Rewards Eval: 0.00, Total Timesteps: 9130 episode:0 

Rewards Tr: 16.30, Rewards Eval: 38.18, Total Timesteps: 21070 episode:1 

Rewards Tr: 21.27, Rewards Eval: 34.88, Total Timesteps: 36080 episode:2 

Rewards Tr: 28.19, Rewards Eval: 41.94, Total Timesteps: 52950 episode:3 

Rewards Tr: 35.30, Rewards Eval: 35.55, Total Timesteps: 71550 episode:4 

Rewards Tr: 47.39, Rewards Eval: 34.58, Total Timesteps: 90420 episode:5 

Rewards Tr: 53.84, Rewards Eval: 47.15, Total Timesteps: 109320 episode:6 

Rewards Tr: 50.43, Rewards Eval: 42.28, Total Timesteps: 127870 episode:7 

Rewards Tr: 52.82, Rewards Eval: 48.57, Total Timesteps: 145530 episode:8 

Rewards Tr: 53.03, Rewards Eval: 53.52, Total Timesteps: 162210 episode:9 

Rewards Tr: 55.28, Rewards Eval: 51.89, Total Timesteps: 180000 episode:10 

Rewards Tr: 54.11, Rewards Eval: 52.71, Total Timesteps: 196690 episode:11 

Rewards Tr: 57.36, Rewards Eval: 53.21, Total Timesteps: 215970 episode:12 

Rewards Tr: 59.41, Rewards Eval: 59.84, Total Timesteps: 234800 episode:13 

Rewards Tr: 60.77, Rewards Eval: 51.39, Total Timesteps: 254160 episode:14 

Rewards Tr: 63.92, Rewards Eval: 58.89, Total Timesteps: 275000 episode:15 

Rewards Tr: 66.24, Rewards Eval: 53.02, Total Timesteps: 298940 episode:16 

Rewards Tr: 70.73, Rewards Eval: 73.18, Total Timesteps: 324040 episode:17 

Rewards Tr: 74.66, Rewards Eval: 66.13, Total Timesteps: 351490 episode:18 

Rewards Tr: 77.42, Rewards Eval: 92.23, Total Timesteps: 383490 episode:19 

Rewards Tr: 81.37, Rewards Eval: 86.01, Total Timesteps: 417490 episode:20 

Rewards Tr: 83.51, Rewards Eval: 74.62, Total Timesteps: 451470 episode:21 

Rewards Tr: 84.40, Rewards Eval: 100.81, Total Timesteps: 493380 episode:22 

Rewards Tr: 85.95, Rewards Eval: 114.28, Total Timesteps: 531120 episode:23 

Rewards Tr: 89.94, Rewards Eval: 116.71, Total Timesteps: 577120 episode:24 

Rewards Tr: 94.83, Rewards Eval: 122.13, Total Timesteps: 630700 episode:25 

Rewards Tr: 96.37, Rewards Eval: 126.54, Total Timesteps: 684660 episode:26 

Rewards Tr: 98.89, Rewards Eval: 96.31, Total Timesteps: 738060 episode:27 

Rewards Tr: 99.61, Rewards Eval: 101.33, Total Timesteps: 788970 episode:28 

Rewards Tr: 106.73, Rewards Eval: 91.63, Total Timesteps: 845330 episode:29 

Rewards Tr: 110.07, Rewards Eval: 107.39, Total Timesteps: 899380 episode:30 

Rewards Tr: 106.64, Rewards Eval: 142.45, Total Timesteps: 954750 episode:31 

Rewards Tr: 116.92, Rewards Eval: 122.38, Total Timesteps: 1014800 episode:32 

Rewards Tr: 115.89, Rewards Eval: 125.05, Total Timesteps: 1070870 episode:33 

Rewards Tr: 118.34, Rewards Eval: 102.74, Total Timesteps: 1130130 episode:34 

Rewards Tr: 119.27, Rewards Eval: 107.52, Total Timesteps: 1186980 episode:35 

Rewards Tr: 122.15, Rewards Eval: 128.81, Total Timesteps: 1247930 episode:36 

Rewards Tr: 123.91, Rewards Eval: 163.46, Total Timesteps: 1306920 episode:37 

Rewards Tr: 132.94, Rewards Eval: 125.02, Total Timesteps: 1370550 episode:38 

Rewards Tr: 145.62, Rewards Eval: 180.36, Total Timesteps: 1446980 episode:39 

Rewards Tr: 144.33, Rewards Eval: 148.42, Total Timesteps: 1523240 episode:40 

Rewards Tr: 150.71, Rewards Eval: 146.16, Total Timesteps: 1598470 episode:41 

Rewards Tr: 161.42, Rewards Eval: 176.28, Total Timesteps: 1683740 episode:42 

Rewards Tr: 170.88, Rewards Eval: 107.03, Total Timesteps: 1772890 episode:43 

Rewards Tr: 187.62, Rewards Eval: 255.19, Total Timesteps: 1873290 episode:44 

Rewards Tr: 173.92, Rewards Eval: 167.70, Total Timesteps: 1966900 episode:45 

Rewards Tr: 187.97, Rewards Eval: 417.01, Total Timesteps: 2073380 episode:46 

Rewards Tr: 199.95, Rewards Eval: 173.54, Total Timesteps: 2180930 episode:47 

Rewards Tr: 213.20, Rewards Eval: 204.14, Total Timesteps: 2293190 episode:48 

Rewards Tr: 207.34, Rewards Eval: 202.15, Total Timesteps: 2399900 episode:49 

Rewards Tr: 211.53, Rewards Eval: 197.33, Total Timesteps: 2518810 episode:50 

Rewards Tr: 234.00, Rewards Eval: 191.37, Total Timesteps: 2629540 episode:51 

Rewards Tr: 215.50, Rewards Eval: 208.65, Total Timesteps: 2733310 episode:52 

Rewards Tr: 219.20, Rewards Eval: 194.90, Total Timesteps: 2839740 episode:53 

Rewards Tr: 241.56, Rewards Eval: 301.16, Total Timesteps: 2951430 episode:54 

Rewards Tr: 245.36, Rewards Eval: 181.60, Total Timesteps: 3065170 episode:55 

Rewards Tr: 231.10, Rewards Eval: 247.86, Total Timesteps: 3168370 episode:56 

Rewards Tr: 245.11, Rewards Eval: 208.24, Total Timesteps: 3270280 episode:57 

Rewards Tr: 239.03, Rewards Eval: 233.52, Total Timesteps: 3366710 episode:58 

Rewards Tr: 239.08, Rewards Eval: 297.99, Total Timesteps: 3460930 episode:59 

Rewards Tr: 245.13, Rewards Eval: 202.05, Total Timesteps: 3555090 episode:60 

Rewards Tr: 247.33, Rewards Eval: 252.65, Total Timesteps: 3646230 episode:61 

Rewards Tr: 254.87, Rewards Eval: 270.52, Total Timesteps: 3742690 episode:62 

Rewards Tr: 259.39, Rewards Eval: 290.64, Total Timesteps: 3831860 episode:63 

Rewards Tr: 251.23, Rewards Eval: 254.22, Total Timesteps: 3921000 episode:64 

Rewards Tr: 259.00, Rewards Eval: 211.52, Total Timesteps: 4012730 episode:65 

Rewards Tr: 251.22, Rewards Eval: 270.70, Total Timesteps: 4096940 episode:66 

Rewards Tr: 262.37, Rewards Eval: 234.43, Total Timesteps: 4184130 episode:67 

Rewards Tr: 254.22, Rewards Eval: 270.83, Total Timesteps: 4268320 episode:68 

Rewards Tr: 263.14, Rewards Eval: 300.87, Total Timesteps: 4353350 episode:69 

Rewards Tr: 263.11, Rewards Eval: 218.82, Total Timesteps: 4437460 episode:70 

Rewards Tr: 263.69, Rewards Eval: 263.05, Total Timesteps: 4525180 episode:71 

Rewards Tr: 268.90, Rewards Eval: 252.85, Total Timesteps: 4609190 episode:72 

Rewards Tr: 263.65, Rewards Eval: 270.72, Total Timesteps: 4692440 episode:73 

Rewards Tr: 262.20, Rewards Eval: 243.21, Total Timesteps: 4776140 episode:74 

Rewards Tr: 258.68, Rewards Eval: 296.94, Total Timesteps: 4854570 episode:75 

Rewards Tr: 262.28, Rewards Eval: 265.56, Total Timesteps: 4935130 episode:76 

Rewards Tr: 265.62, Rewards Eval: 255.47, Total Timesteps: 5015310 episode:77 

Rewards Tr: 268.96, Rewards Eval: 290.94, Total Timesteps: 5098150 episode:78 

Rewards Tr: 270.18, Rewards Eval: 237.44, Total Timesteps: 5179600 episode:79 

Rewards Tr: 271.64, Rewards Eval: 277.93, Total Timesteps: 5261690 episode:80 

Rewards Tr: 273.34, Rewards Eval: 338.67, Total Timesteps: 5348450 episode:81 

Rewards Tr: 283.53, Rewards Eval: 331.68, Total Timesteps: 5443530 episode:82 

Rewards Tr: 285.88, Rewards Eval: 319.11, Total Timesteps: 5536260 episode:83 

Rewards Tr: 296.94, Rewards Eval: 327.43, Total Timesteps: 5637560 episode:84 

Rewards Tr: 295.00, Rewards Eval: 307.31, Total Timesteps: 5737010 episode:85 

Rewards Tr: 304.61, Rewards Eval: 297.85, Total Timesteps: 5847620 episode:86 

Rewards Tr: 316.18, Rewards Eval: 370.80, Total Timesteps: 5967140 episode:87 

Rewards Tr: 342.02, Rewards Eval: 324.44, Total Timesteps: 6107030 episode:88 

Rewards Tr: 356.48, Rewards Eval: 416.57, Total Timesteps: 6248830 episode:89 

Rewards Tr: 364.14, Rewards Eval: 489.72, Total Timesteps: 6398610 episode:90 

Rewards Tr: 403.54, Rewards Eval: 522.96, Total Timesteps: 6576840 episode:91 

Rewards Tr: 409.04, Rewards Eval: 327.22, Total Timesteps: 6748340 episode:92 

Rewards Tr: 424.81, Rewards Eval: 486.04, Total Timesteps: 6930760 episode:93 

Rewards Tr: 440.49, Rewards Eval: 446.71, Total Timesteps: 7107880 episode:94 

Rewards Tr: 452.36, Rewards Eval: 529.84, Total Timesteps: 7275330 episode:95 

Rewards Tr: 442.87, Rewards Eval: 452.43, Total Timesteps: 7437130 episode:96 

Rewards Tr: 458.81, Rewards Eval: 457.39, Total Timesteps: 7613770 episode:97 

Rewards Tr: 469.58, Rewards Eval: 429.10, Total Timesteps: 7782940 episode:98 

Rewards Tr: 468.58, Rewards Eval: 599.47, Total Timesteps: 7959020 episode:99 

Rewards Tr: 488.84, Rewards Eval: 463.67, Total Timesteps: 8139940 episode:100 

Rewards Tr: 480.71, Rewards Eval: 462.45, Total Timesteps: 8306490 episode:101 

Rewards Tr: 452.75, Rewards Eval: 506.04, Total Timesteps: 8462620 episode:102 

Rewards Tr: 441.03, Rewards Eval: 481.48, Total Timesteps: 8613110 episode:103 

Rewards Tr: 408.91, Rewards Eval: 409.91, Total Timesteps: 8740610 episode:104 

Rewards Tr: 389.93, Rewards Eval: 391.12, Total Timesteps: 8851370 episode:105 

Rewards Tr: 376.14, Rewards Eval: 402.80, Total Timesteps: 8972730 episode:106 

Rewards Tr: 352.41, Rewards Eval: 359.80, Total Timesteps: 9065700 episode:107 

Rewards Tr: 343.87, Rewards Eval: 314.39, Total Timesteps: 9161220 episode:108 

Rewards Tr: 338.98, Rewards Eval: 339.78, Total Timesteps: 9259630 episode:109 

Rewards Tr: 328.32, Rewards Eval: 332.57, Total Timesteps: 9343960 episode:110 

Rewards Tr: 320.79, Rewards Eval: 313.79, Total Timesteps: 9426980 episode:111 

Rewards Tr: 305.54, Rewards Eval: 287.14, Total Timesteps: 9500380 episode:112 

Rewards Tr: 296.91, Rewards Eval: 282.14, Total Timesteps: 9568100 episode:113 

Rewards Tr: 294.00, Rewards Eval: 285.23, Total Timesteps: 9638870 episode:114 

Rewards Tr: 279.50, Rewards Eval: 307.98, Total Timesteps: 9696650 episode:115 

Rewards Tr: 278.79, Rewards Eval: 266.54, Total Timesteps: 9758260 episode:116 

Rewards Tr: 276.86, Rewards Eval: 260.26, Total Timesteps: 9816880 episode:117 

Rewards Tr: 280.20, Rewards Eval: 288.04, Total Timesteps: 9885040 episode:118 

Rewards Tr: 273.91, Rewards Eval: 287.68, Total Timesteps: 9939340 episode:119 

Rewards Tr: 274.07, Rewards Eval: 276.59, Total Timesteps: 9995120 episode:120 

Rewards Tr: 278.06, Rewards Eval: 291.18, Total Timesteps: 10053290 episode:121 

Rewards Tr: 273.85, Rewards Eval: 223.08, Total Timesteps: 10109820 episode:122 

Rewards Tr: 275.67, Rewards Eval: 279.34, Total Timesteps: 10170510 episode:123 

Rewards Tr: 266.02, Rewards Eval: 296.67, Total Timesteps: 10224660 episode:124 

Rewards Tr: 274.98, Rewards Eval: 311.51, Total Timesteps: 10280790 episode:125 

Rewards Tr: 276.46, Rewards Eval: 339.34, Total Timesteps: 10339780 episode:126 

Rewards Tr: 276.64, Rewards Eval: 278.21, Total Timesteps: 10395090 episode:127 

Rewards Tr: 285.90, Rewards Eval: 269.35, Total Timesteps: 10453450 episode:128 

Rewards Tr: 289.27, Rewards Eval: 307.05, Total Timesteps: 10511120 episode:129 

Rewards Tr: 295.43, Rewards Eval: 319.45, Total Timesteps: 10571370 episode:130 

Rewards Tr: 299.75, Rewards Eval: 287.05, Total Timesteps: 10630470 episode:131 

Rewards Tr: 299.62, Rewards Eval: 299.52, Total Timesteps: 10690520 episode:132 

Rewards Tr: 313.51, Rewards Eval: 330.31, Total Timesteps: 10752870 episode:133 

Rewards Tr: 314.72, Rewards Eval: 296.53, Total Timesteps: 10816780 episode:134 

Rewards Tr: 318.47, Rewards Eval: 280.38, Total Timesteps: 10882200 episode:135 

Rewards Tr: 316.82, Rewards Eval: 298.99, Total Timesteps: 10943440 episode:136 

Rewards Tr: 315.60, Rewards Eval: 285.66, Total Timesteps: 11007780 episode:137 

Rewards Tr: 324.72, Rewards Eval: 337.25, Total Timesteps: 11075610 episode:138 

Rewards Tr: 347.16, Rewards Eval: 376.50, Total Timesteps: 11149240 episode:139 

Rewards Tr: 349.65, Rewards Eval: 336.46, Total Timesteps: 11224920 episode:140 

Rewards Tr: 362.46, Rewards Eval: 439.99, Total Timesteps: 11312440 episode:141 

Rewards Tr: 385.25, Rewards Eval: 384.46, Total Timesteps: 11406000 episode:142 

Rewards Tr: 371.31, Rewards Eval: 358.77, Total Timesteps: 11492330 episode:143 

Rewards Tr: 372.42, Rewards Eval: 312.29, Total Timesteps: 11581530 episode:144 

Rewards Tr: 371.78, Rewards Eval: 335.40, Total Timesteps: 11665810 episode:145 

Rewards Tr: 346.98, Rewards Eval: 329.45, Total Timesteps: 11741510 episode:146 

Rewards Tr: 353.77, Rewards Eval: 305.12, Total Timesteps: 11813110 episode:147 

Rewards Tr: 369.62, Rewards Eval: 320.61, Total Timesteps: 11895480 episode:148 

Rewards Tr: 416.81, Rewards Eval: 328.16, Total Timesteps: 11991090 episode:149 

Rewards Tr: 453.91, Rewards Eval: 503.26, Total Timesteps: 12118080 episode:150 

Rewards Tr: 498.11, Rewards Eval: 527.06, Total Timesteps: 12260580 episode:151 

Rewards Tr: 532.99, Rewards Eval: 347.79, Total Timesteps: 12432320 episode:152 

Rewards Tr: 524.91, Rewards Eval: 463.36, Total Timesteps: 12600780 episode:153 

Rewards Tr: 539.78, Rewards Eval: 431.02, Total Timesteps: 12762480 episode:154 

Rewards Tr: 571.08, Rewards Eval: 322.90, Total Timesteps: 12934420 episode:155 

Rewards Tr: 581.31, Rewards Eval: 336.87, Total Timesteps: 13086020 episode:156 

Rewards Tr: 526.22, Rewards Eval: 345.83, Total Timesteps: 13208220 episode:157 

Rewards Tr: 509.10, Rewards Eval: 478.27, Total Timesteps: 13316220 episode:158 

Rewards Tr: 534.20, Rewards Eval: 359.86, Total Timesteps: 13429620 episode:159 

Rewards Tr: 587.69, Rewards Eval: 505.21, Total Timesteps: 13572500 episode:160 

Rewards Tr: 686.40, Rewards Eval: 494.29, Total Timesteps: 13763000 episode:161 

Rewards Tr: 683.61, Rewards Eval: 640.53, Total Timesteps: 13947610 episode:162 

Rewards Tr: 641.55, Rewards Eval: 420.44, Total Timesteps: 14123100 episode:163 

Rewards Tr: 724.22, Rewards Eval: 410.47, Total Timesteps: 14320790 episode:164 

Rewards Tr: 689.02, Rewards Eval: 342.70, Total Timesteps: 14493530 episode:165 

Rewards Tr: 700.62, Rewards Eval: 379.55, Total Timesteps: 14656110 episode:166 

Rewards Tr: 631.51, Rewards Eval: 397.10, Total Timesteps: 14777280 episode:167 

Rewards Tr: 607.46, Rewards Eval: 417.73, Total Timesteps: 14902400 episode:168 

Rewards Tr: 620.55, Rewards Eval: 516.21, Total Timesteps: 15035230 episode:169 

Rewards Tr: 721.63, Rewards Eval: 504.63, Total Timesteps: 15168240 episode:170 

Rewards Tr: 754.95, Rewards Eval: 365.08, Total Timesteps: 15349780 episode:171 

Rewards Tr: 925.29, Rewards Eval: 394.84, Total Timesteps: 15567160 episode:172 

Rewards Tr: 864.07, Rewards Eval: 642.32, Total Timesteps: 15771400 episode:173 

Rewards Tr: 880.58, Rewards Eval: 453.36, Total Timesteps: 15964800 episode:174 

Rewards Tr: 899.92, Rewards Eval: 360.16, Total Timesteps: 16152270 episode:175 

Rewards Tr: 857.93, Rewards Eval: 402.74, Total Timesteps: 16326340 episode:176 

Rewards Tr: 837.99, Rewards Eval: 449.81, Total Timesteps: 16498740 episode:177 

Rewards Tr: 810.86, Rewards Eval: 683.43, Total Timesteps: 16647530 episode:178 

Rewards Tr: 816.78, Rewards Eval: 517.24, Total Timesteps: 16804760 episode:179 

Rewards Tr: 890.56, Rewards Eval: 586.30, Total Timesteps: 16973520 episode:180 

Rewards Tr: 903.95, Rewards Eval: 632.93, Total Timesteps: 17166860 episode:181 

Rewards Tr: 963.40, Rewards Eval: 607.90, Total Timesteps: 17375320 episode:182 

Rewards Tr: 972.91, Rewards Eval: 524.41, Total Timesteps: 17577050 episode:183 

Rewards Tr: 977.24, Rewards Eval: 615.59, Total Timesteps: 17770810 episode:184 

Rewards Tr: 987.20, Rewards Eval: 443.55, Total Timesteps: 17976800 episode:185 

Rewards Tr: 1052.20, Rewards Eval: 541.61, Total Timesteps: 18188250 episode:186 

Rewards Tr: 1082.88, Rewards Eval: 397.10, Total Timesteps: 18415010 episode:187 

Rewards Tr: 1050.16, Rewards Eval: 362.28, Total Timesteps: 18642050 episode:188 

Rewards Tr: 1005.84, Rewards Eval: 621.24, Total Timesteps: 18836930 episode:189 

Rewards Tr: 1086.06, Rewards Eval: 657.79, Total Timesteps: 19073020 episode:190 

Rewards Tr: 1168.95, Rewards Eval: 505.12, Total Timesteps: 19327680 episode:191 

Rewards Tr: 1259.96, Rewards Eval: 705.16, Total Timesteps: 19596080 episode:192 

Rewards Tr: 1235.33, Rewards Eval: 548.66, Total Timesteps: 19856030 episode:193 

Rewards Tr: 1216.59, Rewards Eval: 609.60, Total Timesteps: 20109290 episode:194 

Rewards Tr: 1093.90, Rewards Eval: 536.88, Total Timesteps: 20343990 episode:195 

Rewards Tr: 1026.03, Rewards Eval: 526.09, Total Timesteps: 20551240 episode:196 

Rewards Tr: 1155.84, Rewards Eval: 935.79, Total Timesteps: 20789330 episode:197 

Rewards Tr: 1149.67, Rewards Eval: 809.06, Total Timesteps: 21016850 episode:198 

Rewards Tr: 1130.56, Rewards Eval: 575.53, Total Timesteps: 21246870 episode:199 

Rewards Tr: 1199.31, Rewards Eval: 383.59, Total Timesteps: 21478600 episode:200 

Rewards Tr: 973.73, Rewards Eval: 598.82, Total Timesteps: 21655740 episode:201 

Rewards Tr: 973.81, Rewards Eval: 757.78, Total Timesteps: 21837220 episode:202 

Rewards Tr: 1211.85, Rewards Eval: 708.39, Total Timesteps: 22096950 episode:203 

Rewards Tr: 1414.55, Rewards Eval: 585.91, Total Timesteps: 22387590 episode:204 

Rewards Tr: 1470.67, Rewards Eval: 656.70, Total Timesteps: 22674770 episode:205 

Rewards Tr: 1511.46, Rewards Eval: 730.04, Total Timesteps: 22965200 episode:206 

Rewards Tr: 1211.94, Rewards Eval: 595.54, Total Timesteps: 23200880 episode:207 

Rewards Tr: 989.05, Rewards Eval: 469.38, Total Timesteps: 23380200 episode:208 

Rewards Tr: 1012.67, Rewards Eval: 658.84, Total Timesteps: 23556200 episode:209 

Rewards Tr: 1034.69, Rewards Eval: 579.13, Total Timesteps: 23735720 episode:210 

Rewards Tr: 1171.02, Rewards Eval: 946.61, Total Timesteps: 23960560 episode:211 

Rewards Tr: 1074.98, Rewards Eval: 736.37, Total Timesteps: 24169110 episode:212 

Rewards Tr: 1140.41, Rewards Eval: 548.57, Total Timesteps: 24383000 episode:213 

Rewards Tr: 1089.91, Rewards Eval: 510.44, Total Timesteps: 24592730 episode:214 

Rewards Tr: 1037.46, Rewards Eval: 414.65, Total Timesteps: 24776960 episode:215 

Rewards Tr: 1108.78, Rewards Eval: 614.66, Total Timesteps: 24989970 episode:216 

Rewards Tr: 1198.71, Rewards Eval: 754.20, Total Timesteps: 25228820 episode:217 

Rewards Tr: 1520.70, Rewards Eval: 695.22, Total Timesteps: 25517420 episode:218 

Rewards Tr: 1677.21, Rewards Eval: 767.84, Total Timesteps: 25813820 episode:219 

Rewards Tr: 1636.41, Rewards Eval: 863.55, Total Timesteps: 26107390 episode:220 

Rewards Tr: 1377.42, Rewards Eval: 715.53, Total Timesteps: 26381970 episode:221 

Rewards Tr: 1328.17, Rewards Eval: 647.79, Total Timesteps: 26635870 episode:222 

Rewards Tr: 1227.93, Rewards Eval: 557.83, Total Timesteps: 26870660 episode:223 

Rewards Tr: 1221.36, Rewards Eval: 857.99, Total Timesteps: 27098230 episode:224 

Rewards Tr: 1278.25, Rewards Eval: 898.59, Total Timesteps: 27330950 episode:225 

Rewards Tr: 1409.84, Rewards Eval: 832.13, Total Timesteps: 27602710 episode:226 

Rewards Tr: 1508.40, Rewards Eval: 998.05, Total Timesteps: 27889010 episode:227 

Rewards Tr: 1660.60, Rewards Eval: 586.93, Total Timesteps: 28183460 episode:228 

Rewards Tr: 1468.05, Rewards Eval: 461.57, Total Timesteps: 28466090 episode:229 

Rewards Tr: 1283.76, Rewards Eval: 613.71, Total Timesteps: 28716590 episode:230 

Rewards Tr: 1237.83, Rewards Eval: 669.89, Total Timesteps: 28953540 episode:231 

Rewards Tr: 1490.87, Rewards Eval: 585.44, Total Timesteps: 29227780 episode:232 

Rewards Tr: 1601.43, Rewards Eval: 744.78, Total Timesteps: 29518840 episode:233 

Rewards Tr: 1285.97, Rewards Eval: 791.10, Total Timesteps: 29751580 episode:234 

Rewards Tr: 1192.84, Rewards Eval: 825.03, Total Timesteps: 29989620 episode:235 

Rewards Tr: 1292.90, Rewards Eval: 686.77, Total Timesteps: 30232200 episode:236 

Rewards Tr: 1271.58, Rewards Eval: 1045.09, Total Timesteps: 30484730 episode:237 

Rewards Tr: 1257.01, Rewards Eval: 767.74, Total Timesteps: 30717920 episode:238 

Rewards Tr: 1296.60, Rewards Eval: 574.27, Total Timesteps: 30963460 episode:239 

Rewards Tr: 1109.09, Rewards Eval: 859.62, Total Timesteps: 31182750 episode:240 

Rewards Tr: 1261.47, Rewards Eval: 634.78, Total Timesteps: 31431880 episode:241 

Rewards Tr: 1234.12, Rewards Eval: 869.37, Total Timesteps: 31671340 episode:242 

Rewards Tr: 1359.81, Rewards Eval: 883.06, Total Timesteps: 31947360 episode:243 

Rewards Tr: 1371.02, Rewards Eval: 634.23, Total Timesteps: 32208910 episode:244 

Rewards Tr: 1466.41, Rewards Eval: 714.35, Total Timesteps: 32487810 episode:245 

Rewards Tr: 1259.44, Rewards Eval: 917.75, Total Timesteps: 32715610 episode:246 

Rewards Tr: 1288.25, Rewards Eval: 1032.55, Total Timesteps: 32951180 episode:247 

Rewards Tr: 1155.30, Rewards Eval: 608.03, Total Timesteps: 33163310 episode:248 

Rewards Tr: 1335.58, Rewards Eval: 878.47, Total Timesteps: 33418610 episode:249 

Rewards Tr: 1561.99, Rewards Eval: 1058.74, Total Timesteps: 33704170 episode:250 

Rewards Tr: 1617.68, Rewards Eval: 756.15, Total Timesteps: 33986820 episode:251 

Rewards Tr: 1573.10, Rewards Eval: 782.46, Total Timesteps: 34269180 episode:252 

Rewards Tr: 1336.71, Rewards Eval: 803.04, Total Timesteps: 34519980 episode:253 

Rewards Tr: 1215.51, Rewards Eval: 797.04, Total Timesteps: 34739460 episode:254 

Rewards Tr: 1230.82, Rewards Eval: 937.83, Total Timesteps: 34962460 episode:255 

Rewards Tr: 1339.21, Rewards Eval: 844.05, Total Timesteps: 35210820 episode:256 

Rewards Tr: 1612.36, Rewards Eval: 499.42, Total Timesteps: 35487510 episode:257 

Rewards Tr: 1554.27, Rewards Eval: 1068.33, Total Timesteps: 35773680 episode:258 

Rewards Tr: 1724.36, Rewards Eval: 1146.34, Total Timesteps: 36066650 episode:259 

Rewards Tr: 1445.02, Rewards Eval: 721.25, Total Timesteps: 36332610 episode:260 

Rewards Tr: 1321.32, Rewards Eval: 1304.27, Total Timesteps: 36588380 episode:261 

Rewards Tr: 1438.38, Rewards Eval: 977.31, Total Timesteps: 36839020 episode:262 

Rewards Tr: 1296.68, Rewards Eval: 990.83, Total Timesteps: 37086630 episode:263 

Rewards Tr: 1392.92, Rewards Eval: 987.77, Total Timesteps: 37348290 episode:264 

Rewards Tr: 1433.05, Rewards Eval: 738.41, Total Timesteps: 37620950 episode:265 

Rewards Tr: 1400.81, Rewards Eval: 927.62, Total Timesteps: 37874360 episode:266 

Rewards Tr: 1446.22, Rewards Eval: 732.10, Total Timesteps: 38138180 episode:267 

Rewards Tr: 1665.06, Rewards Eval: 1117.67, Total Timesteps: 38422900 episode:268 

Rewards Tr: 1447.14, Rewards Eval: 583.85, Total Timesteps: 38688330 episode:269 

Rewards Tr: 1625.18, Rewards Eval: 869.47, Total Timesteps: 38975040 episode:270 

Rewards Tr: 1522.79, Rewards Eval: 729.65, Total Timesteps: 39248620 episode:271 

Rewards Tr: 1505.88, Rewards Eval: 912.23, Total Timesteps: 39527950 episode:272 

Rewards Tr: 1396.64, Rewards Eval: 832.43, Total Timesteps: 39775670 episode:273 

Rewards Tr: 1269.63, Rewards Eval: 769.99, Total Timesteps: 40001340 episode:274 

Rewards Tr: 1344.24, Rewards Eval: 1032.04, Total Timesteps: 40235720 episode:275 

Rewards Tr: 1521.55, Rewards Eval: 695.65, Total Timesteps: 40507620 episode:276 

Rewards Tr: 1534.93, Rewards Eval: 1051.14, Total Timesteps: 40789460 episode:277 

Rewards Tr: 1716.32, Rewards Eval: 912.46, Total Timesteps: 41080430 episode:278 

Rewards Tr: 1683.21, Rewards Eval: 690.79, Total Timesteps: 41373660 episode:279 

Rewards Tr: 1553.82, Rewards Eval: 680.34, Total Timesteps: 41655600 episode:280 

Rewards Tr: 1404.75, Rewards Eval: 826.77, Total Timesteps: 41919900 episode:281 

Rewards Tr: 1458.47, Rewards Eval: 488.67, Total Timesteps: 42189890 episode:282 

Rewards Tr: 1492.18, Rewards Eval: 753.64, Total Timesteps: 42459990 episode:283 

Rewards Tr: 1582.45, Rewards Eval: 864.13, Total Timesteps: 42729790 episode:284 

Rewards Tr: 1625.96, Rewards Eval: 1000.40, Total Timesteps: 43013740 episode:285 

Rewards Tr: 1583.91, Rewards Eval: 848.50, Total Timesteps: 43290200 episode:286 

Rewards Tr: 1535.38, Rewards Eval: 1221.84, Total Timesteps: 43565950 episode:287 

Rewards Tr: 1437.67, Rewards Eval: 880.04, Total Timesteps: 43822210 episode:288 

Rewards Tr: 1618.28, Rewards Eval: 1068.03, Total Timesteps: 44100370 episode:289 

Rewards Tr: 1366.71, Rewards Eval: 955.27, Total Timesteps: 44351190 episode:290 

Rewards Tr: 1384.14, Rewards Eval: 530.15, Total Timesteps: 44595240 episode:291 

Rewards Tr: 1291.75, Rewards Eval: 905.72, Total Timesteps: 44812920 episode:292 

Rewards Tr: 1374.69, Rewards Eval: 1039.66, Total Timesteps: 45056380 episode:293 

Rewards Tr: 1703.50, Rewards Eval: 985.42, Total Timesteps: 45343220 episode:294 

Rewards Tr: 1368.68, Rewards Eval: 1042.76, Total Timesteps: 45585300 episode:295 

Rewards Tr: 1697.85, Rewards Eval: 1064.38, Total Timesteps: 45871700 episode:296 

Rewards Tr: 1730.67, Rewards Eval: 804.28, Total Timesteps: 46153880 episode:297 

Rewards Tr: 1645.48, Rewards Eval: 1030.36, Total Timesteps: 46419350 episode:298 

Rewards Tr: 1811.03, Rewards Eval: 977.40, Total Timesteps: 46708870 episode:299 

Rewards Tr: 1592.44, Rewards Eval: 733.48, Total Timesteps: 46981190 episode:300 

Rewards Tr: 1688.76, Rewards Eval: 568.93, Total Timesteps: 47269740 episode:301 

Rewards Tr: 1424.76, Rewards Eval: 681.41, Total Timesteps: 47529850 episode:302 

Rewards Tr: 1412.71, Rewards Eval: 843.30, Total Timesteps: 47774310 episode:303 

Rewards Tr: 1351.10, Rewards Eval: 892.16, Total Timesteps: 48012980 episode:304 

Rewards Tr: 1300.84, Rewards Eval: 761.64, Total Timesteps: 48240670 episode:305 

Rewards Tr: 1470.49, Rewards Eval: 776.75, Total Timesteps: 48506150 episode:306 

Rewards Tr: 1626.32, Rewards Eval: 669.56, Total Timesteps: 48784080 episode:307 

Rewards Tr: 1614.29, Rewards Eval: 1074.87, Total Timesteps: 49071200 episode:308 

Rewards Tr: 1776.15, Rewards Eval: 982.69, Total Timesteps: 49361010 episode:309 

Rewards Tr: 1480.56, Rewards Eval: 1159.96, Total Timesteps: 49608950 episode:310 

Rewards Tr: 1668.62, Rewards Eval: 1199.19, Total Timesteps: 49882930 episode:311 

Rewards Tr: 1388.10, Rewards Eval: 758.70, Total Timesteps: 50119460 episode:312 

Rewards Tr: 1707.74, Rewards Eval: 713.46, Total Timesteps: 50389820 episode:313 

Rewards Tr: 1833.27, Rewards Eval: 989.61, Total Timesteps: 50683610 episode:314 

Rewards Tr: 1230.90, Rewards Eval: 735.87, Total Timesteps: 50884310 episode:315 

Rewards Tr: 2029.89, Rewards Eval: 844.09, Total Timesteps: 51177950 episode:316 

Rewards Tr: 1714.20, Rewards Eval: 1189.26, Total Timesteps: 51446780 episode:317 

Rewards Tr: 1523.67, Rewards Eval: 1159.52, Total Timesteps: 51690270 episode:318 

Rewards Tr: 1963.10, Rewards Eval: 1151.39, Total Timesteps: 51990270 episode:319 

Rewards Tr: 1459.99, Rewards Eval: 1027.00, Total Timesteps: 52228930 episode:320 

Rewards Tr: 1700.34, Rewards Eval: 793.91, Total Timesteps: 52494120 episode:321 

Rewards Tr: 1604.19, Rewards Eval: 699.78, Total Timesteps: 52752950 episode:322 

Rewards Tr: 1463.05, Rewards Eval: 1230.95, Total Timesteps: 52998430 episode:323 

Rewards Tr: 1892.87, Rewards Eval: 757.32, Total Timesteps: 53292440 episode:324 

Rewards Tr: 1162.48, Rewards Eval: 958.97, Total Timesteps: 53480360 episode:325 

Rewards Tr: 1873.45, Rewards Eval: 796.95, Total Timesteps: 53761870 episode:326 

Rewards Tr: 1722.77, Rewards Eval: 1096.89, Total Timesteps: 54025400 episode:327 

Rewards Tr: 1480.35, Rewards Eval: 853.99, Total Timesteps: 54258590 episode:328 

Rewards Tr: 2155.33, Rewards Eval: 1040.36, Total Timesteps: 54558590 episode:329 

Rewards Tr: 1347.28, Rewards Eval: 1423.25, Total Timesteps: 54778900 episode:330 

Rewards Tr: 1623.14, Rewards Eval: 977.47, Total Timesteps: 55036900 episode:331 

Rewards Tr: 1783.19, Rewards Eval: 1501.45, Total Timesteps: 55307980 episode:332 

Rewards Tr: 1430.22, Rewards Eval: 1088.41, Total Timesteps: 55519660 episode:333 

Rewards Tr: 2125.70, Rewards Eval: 824.41, Total Timesteps: 55818530 episode:334 

Rewards Tr: 1602.69, Rewards Eval: 1270.15, Total Timesteps: 56069280 episode:335 

Rewards Tr: 1466.45, Rewards Eval: 1131.40, Total Timesteps: 56295970 episode:336 

Rewards Tr: 1805.90, Rewards Eval: 682.48, Total Timesteps: 56583710 episode:337 

Rewards Tr: 1728.18, Rewards Eval: 807.93, Total Timesteps: 56862010 episode:338 

Rewards Tr: 1763.14, Rewards Eval: 934.08, Total Timesteps: 57143290 episode:339 

Rewards Tr: 1821.52, Rewards Eval: 1046.00, Total Timesteps: 57424130 episode:340 

Rewards Tr: 1743.19, Rewards Eval: 1069.46, Total Timesteps: 57705160 episode:341 

Rewards Tr: 1577.48, Rewards Eval: 675.69, Total Timesteps: 57960490 episode:342 

Rewards Tr: 1651.02, Rewards Eval: 793.11, Total Timesteps: 58241670 episode:343 

Rewards Tr: 1839.23, Rewards Eval: 1006.96, Total Timesteps: 58527450 episode:344 

Rewards Tr: 1947.57, Rewards Eval: 971.82, Total Timesteps: 58814300 episode:345 

Rewards Tr: 1996.80, Rewards Eval: 1187.26, Total Timesteps: 59106440 episode:346 

Rewards Tr: 1983.84, Rewards Eval: 1103.95, Total Timesteps: 59396230 episode:347 

Rewards Tr: 1954.45, Rewards Eval: 623.21, Total Timesteps: 59688750 episode:348 

Rewards Tr: 1719.51, Rewards Eval: 847.10, Total Timesteps: 59966650 episode:349 

Elapsed Time: 405.8 minutes 

For Seed: 4 

Rewards Tr: 21.05, Rewards Eval: 33.99, Total Timesteps: 13840 episode:0 

Rewards Tr: 23.26, Rewards Eval: 24.11, Total Timesteps: 27860 episode:1 

Rewards Tr: 32.94, Rewards Eval: 52.47, Total Timesteps: 43580 episode:2 

Rewards Tr: 39.26, Rewards Eval: 44.96, Total Timesteps: 61620 episode:3 

Rewards Tr: 46.72, Rewards Eval: 47.95, Total Timesteps: 80090 episode:4 

Rewards Tr: 49.08, Rewards Eval: 51.92, Total Timesteps: 98160 episode:5 

Rewards Tr: 53.82, Rewards Eval: 49.89, Total Timesteps: 117100 episode:6 

Rewards Tr: 52.96, Rewards Eval: 48.10, Total Timesteps: 136090 episode:7 

Rewards Tr: 58.56, Rewards Eval: 53.38, Total Timesteps: 156030 episode:8 

Rewards Tr: 59.04, Rewards Eval: 55.55, Total Timesteps: 176410 episode:9 

Rewards Tr: 63.89, Rewards Eval: 78.65, Total Timesteps: 198720 episode:10 

Rewards Tr: 66.63, Rewards Eval: 56.27, Total Timesteps: 222740 episode:11 

Rewards Tr: 70.19, Rewards Eval: 96.59, Total Timesteps: 249420 episode:12 

Rewards Tr: 71.85, Rewards Eval: 62.11, Total Timesteps: 276390 episode:13 

Rewards Tr: 78.19, Rewards Eval: 70.71, Total Timesteps: 305710 episode:14 

Rewards Tr: 78.76, Rewards Eval: 74.71, Total Timesteps: 338940 episode:15 

Rewards Tr: 82.71, Rewards Eval: 73.96, Total Timesteps: 377070 episode:16 

Rewards Tr: 81.54, Rewards Eval: 73.38, Total Timesteps: 415820 episode:17 

Rewards Tr: 83.86, Rewards Eval: 97.81, Total Timesteps: 456920 episode:18 

Rewards Tr: 92.23, Rewards Eval: 108.89, Total Timesteps: 499620 episode:19 

Rewards Tr: 95.09, Rewards Eval: 63.63, Total Timesteps: 550320 episode:20 

Rewards Tr: 105.00, Rewards Eval: 117.50, Total Timesteps: 605390 episode:21 

Rewards Tr: 101.12, Rewards Eval: 131.92, Total Timesteps: 656420 episode:22 

Rewards Tr: 107.22, Rewards Eval: 100.72, Total Timesteps: 710870 episode:23 

Rewards Tr: 109.15, Rewards Eval: 134.32, Total Timesteps: 766280 episode:24 

Rewards Tr: 109.77, Rewards Eval: 95.60, Total Timesteps: 825370 episode:25 

Rewards Tr: 116.70, Rewards Eval: 90.75, Total Timesteps: 885560 episode:26 

Rewards Tr: 122.84, Rewards Eval: 106.59, Total Timesteps: 942670 episode:27 

Rewards Tr: 122.95, Rewards Eval: 123.98, Total Timesteps: 1005470 episode:28 

Rewards Tr: 126.56, Rewards Eval: 98.80, Total Timesteps: 1066710 episode:29 

Rewards Tr: 128.33, Rewards Eval: 130.38, Total Timesteps: 1129090 episode:30 

Rewards Tr: 132.03, Rewards Eval: 111.05, Total Timesteps: 1193690 episode:31 

Rewards Tr: 139.32, Rewards Eval: 172.57, Total Timesteps: 1267720 episode:32 

Rewards Tr: 151.23, Rewards Eval: 179.57, Total Timesteps: 1347560 episode:33 

Rewards Tr: 172.68, Rewards Eval: 282.12, Total Timesteps: 1448760 episode:34 

Rewards Tr: 183.69, Rewards Eval: 195.17, Total Timesteps: 1553420 episode:35 

Rewards Tr: 185.95, Rewards Eval: 132.13, Total Timesteps: 1658590 episode:36 

Rewards Tr: 189.38, Rewards Eval: 145.97, Total Timesteps: 1767640 episode:37 

Rewards Tr: 205.44, Rewards Eval: 237.12, Total Timesteps: 1886660 episode:38 

Rewards Tr: 218.78, Rewards Eval: 94.96, Total Timesteps: 2013990 episode:39 

Rewards Tr: 237.06, Rewards Eval: 184.14, Total Timesteps: 2151320 episode:40 

Rewards Tr: 236.91, Rewards Eval: 252.36, Total Timesteps: 2282460 episode:41 

Rewards Tr: 244.57, Rewards Eval: 297.06, Total Timesteps: 2419780 episode:42 

Rewards Tr: 250.11, Rewards Eval: 336.18, Total Timesteps: 2558130 episode:43 

Rewards Tr: 256.37, Rewards Eval: 211.18, Total Timesteps: 2685180 episode:44 

Rewards Tr: 250.80, Rewards Eval: 314.14, Total Timesteps: 2818340 episode:45 

Rewards Tr: 270.12, Rewards Eval: 216.81, Total Timesteps: 2960840 episode:46 

Rewards Tr: 269.21, Rewards Eval: 474.17, Total Timesteps: 3101680 episode:47 

Rewards Tr: 299.57, Rewards Eval: 215.10, Total Timesteps: 3248630 episode:48 

Rewards Tr: 289.56, Rewards Eval: 186.73, Total Timesteps: 3384690 episode:49 

Rewards Tr: 289.31, Rewards Eval: 386.68, Total Timesteps: 3515310 episode:50 

Rewards Tr: 289.36, Rewards Eval: 314.79, Total Timesteps: 3641300 episode:51 

Rewards Tr: 294.52, Rewards Eval: 259.22, Total Timesteps: 3768800 episode:52 

Rewards Tr: 292.58, Rewards Eval: 253.18, Total Timesteps: 3893460 episode:53 

Rewards Tr: 289.82, Rewards Eval: 317.58, Total Timesteps: 4011370 episode:54 

Rewards Tr: 291.09, Rewards Eval: 263.65, Total Timesteps: 4127620 episode:55 

Rewards Tr: 291.89, Rewards Eval: 345.42, Total Timesteps: 4239920 episode:56 

Rewards Tr: 290.37, Rewards Eval: 329.93, Total Timesteps: 4353150 episode:57 

Rewards Tr: 297.15, Rewards Eval: 326.88, Total Timesteps: 4464340 episode:58 

Rewards Tr: 290.78, Rewards Eval: 319.51, Total Timesteps: 4570680 episode:59 

Rewards Tr: 302.08, Rewards Eval: 354.81, Total Timesteps: 4676750 episode:60 

Rewards Tr: 298.97, Rewards Eval: 355.99, Total Timesteps: 4782380 episode:61 

Rewards Tr: 301.60, Rewards Eval: 223.66, Total Timesteps: 4883900 episode:62 

Rewards Tr: 316.47, Rewards Eval: 369.05, Total Timesteps: 4989040 episode:63 

Rewards Tr: 300.67, Rewards Eval: 328.94, Total Timesteps: 5090950 episode:64 

Rewards Tr: 306.46, Rewards Eval: 289.27, Total Timesteps: 5193930 episode:65 

Rewards Tr: 301.13, Rewards Eval: 289.62, Total Timesteps: 5296760 episode:66 

Rewards Tr: 302.41, Rewards Eval: 331.89, Total Timesteps: 5404270 episode:67 

Rewards Tr: 305.11, Rewards Eval: 323.93, Total Timesteps: 5510920 episode:68 

Rewards Tr: 308.90, Rewards Eval: 286.49, Total Timesteps: 5610820 episode:69 

Rewards Tr: 310.81, Rewards Eval: 367.52, Total Timesteps: 5710890 episode:70 

Rewards Tr: 312.59, Rewards Eval: 255.54, Total Timesteps: 5819010 episode:71 

Rewards Tr: 325.26, Rewards Eval: 315.14, Total Timesteps: 5929210 episode:72 

Rewards Tr: 325.36, Rewards Eval: 378.55, Total Timesteps: 6036660 episode:73 

Rewards Tr: 328.14, Rewards Eval: 406.99, Total Timesteps: 6154130 episode:74 

Rewards Tr: 329.90, Rewards Eval: 334.02, Total Timesteps: 6274940 episode:75 

Rewards Tr: 349.37, Rewards Eval: 351.46, Total Timesteps: 6414850 episode:76 

Rewards Tr: 363.72, Rewards Eval: 362.95, Total Timesteps: 6562370 episode:77 

Rewards Tr: 367.78, Rewards Eval: 339.81, Total Timesteps: 6696570 episode:78 

Rewards Tr: 391.64, Rewards Eval: 456.68, Total Timesteps: 6848810 episode:79 

Rewards Tr: 396.74, Rewards Eval: 384.99, Total Timesteps: 7008310 episode:80 

Rewards Tr: 423.01, Rewards Eval: 529.15, Total Timesteps: 7192510 episode:81 

Rewards Tr: 426.03, Rewards Eval: 407.98, Total Timesteps: 7380260 episode:82 

Rewards Tr: 430.19, Rewards Eval: 372.28, Total Timesteps: 7565180 episode:83 

Rewards Tr: 429.52, Rewards Eval: 423.95, Total Timesteps: 7748040 episode:84 

Rewards Tr: 441.93, Rewards Eval: 557.83, Total Timesteps: 7928490 episode:85 

Rewards Tr: 473.38, Rewards Eval: 459.07, Total Timesteps: 8111960 episode:86 

Rewards Tr: 467.26, Rewards Eval: 535.26, Total Timesteps: 8313350 episode:87 

Rewards Tr: 481.45, Rewards Eval: 519.56, Total Timesteps: 8517370 episode:88 

Rewards Tr: 462.05, Rewards Eval: 474.73, Total Timesteps: 8701920 episode:89 

Rewards Tr: 437.81, Rewards Eval: 517.00, Total Timesteps: 8854760 episode:90 

Rewards Tr: 423.15, Rewards Eval: 436.58, Total Timesteps: 8996950 episode:91 

Rewards Tr: 399.57, Rewards Eval: 488.31, Total Timesteps: 9126660 episode:92 

Rewards Tr: 388.85, Rewards Eval: 397.66, Total Timesteps: 9254380 episode:93 

Rewards Tr: 389.59, Rewards Eval: 352.90, Total Timesteps: 9377410 episode:94 

Rewards Tr: 390.41, Rewards Eval: 405.15, Total Timesteps: 9505080 episode:95 

Rewards Tr: 379.76, Rewards Eval: 402.46, Total Timesteps: 9624770 episode:96 

Rewards Tr: 372.04, Rewards Eval: 508.38, Total Timesteps: 9749550 episode:97 

Rewards Tr: 363.64, Rewards Eval: 332.12, Total Timesteps: 9884620 episode:98 

Rewards Tr: 335.43, Rewards Eval: 354.93, Total Timesteps: 9987540 episode:99 

Rewards Tr: 312.51, Rewards Eval: 326.03, Total Timesteps: 10072960 episode:100 

Rewards Tr: 296.63, Rewards Eval: 282.16, Total Timesteps: 10150750 episode:101 

Rewards Tr: 282.71, Rewards Eval: 290.40, Total Timesteps: 10211230 episode:102 

Rewards Tr: 280.59, Rewards Eval: 282.44, Total Timesteps: 10288910 episode:103 

Rewards Tr: 271.62, Rewards Eval: 256.91, Total Timesteps: 10357010 episode:104 

Rewards Tr: 263.43, Rewards Eval: 260.22, Total Timesteps: 10410280 episode:105 

Rewards Tr: 261.67, Rewards Eval: 249.31, Total Timesteps: 10461750 episode:106 

Rewards Tr: 263.21, Rewards Eval: 291.66, Total Timesteps: 10513130 episode:107 

Rewards Tr: 263.98, Rewards Eval: 260.80, Total Timesteps: 10566730 episode:108 

Rewards Tr: 260.16, Rewards Eval: 263.71, Total Timesteps: 10616340 episode:109 

Rewards Tr: 259.53, Rewards Eval: 265.15, Total Timesteps: 10668600 episode:110 

Rewards Tr: 267.08, Rewards Eval: 272.62, Total Timesteps: 10722810 episode:111 

Rewards Tr: 273.00, Rewards Eval: 297.97, Total Timesteps: 10777820 episode:112 

Rewards Tr: 280.33, Rewards Eval: 273.97, Total Timesteps: 10834900 episode:113 

Rewards Tr: 292.38, Rewards Eval: 316.07, Total Timesteps: 10898010 episode:114 

Rewards Tr: 295.24, Rewards Eval: 335.39, Total Timesteps: 10959760 episode:115 

Rewards Tr: 299.22, Rewards Eval: 327.97, Total Timesteps: 11021910 episode:116 

Rewards Tr: 316.40, Rewards Eval: 292.82, Total Timesteps: 11094080 episode:117 

Rewards Tr: 317.05, Rewards Eval: 353.18, Total Timesteps: 11161180 episode:118 

Rewards Tr: 313.33, Rewards Eval: 300.17, Total Timesteps: 11229230 episode:119 

Rewards Tr: 302.29, Rewards Eval: 363.22, Total Timesteps: 11293150 episode:120 

Rewards Tr: 316.76, Rewards Eval: 339.32, Total Timesteps: 11360160 episode:121 

Rewards Tr: 322.04, Rewards Eval: 304.14, Total Timesteps: 11425210 episode:122 

Rewards Tr: 316.28, Rewards Eval: 292.61, Total Timesteps: 11487510 episode:123 

Rewards Tr: 314.11, Rewards Eval: 310.82, Total Timesteps: 11549150 episode:124 

Rewards Tr: 320.08, Rewards Eval: 345.03, Total Timesteps: 11614010 episode:125 

Rewards Tr: 330.59, Rewards Eval: 306.48, Total Timesteps: 11693700 episode:126 

Rewards Tr: 319.16, Rewards Eval: 358.31, Total Timesteps: 11756920 episode:127 

Rewards Tr: 333.65, Rewards Eval: 330.66, Total Timesteps: 11832240 episode:128 

Rewards Tr: 323.44, Rewards Eval: 348.52, Total Timesteps: 11896750 episode:129 

Rewards Tr: 331.99, Rewards Eval: 305.87, Total Timesteps: 11964060 episode:130 

Rewards Tr: 325.35, Rewards Eval: 358.08, Total Timesteps: 12027910 episode:131 

Rewards Tr: 313.86, Rewards Eval: 234.26, Total Timesteps: 12086100 episode:132 

Rewards Tr: 318.01, Rewards Eval: 273.10, Total Timesteps: 12144940 episode:133 

Rewards Tr: 319.36, Rewards Eval: 317.84, Total Timesteps: 12203020 episode:134 

Rewards Tr: 307.89, Rewards Eval: 334.68, Total Timesteps: 12260700 episode:135 

Rewards Tr: 317.48, Rewards Eval: 331.44, Total Timesteps: 12318540 episode:136 

Rewards Tr: 317.39, Rewards Eval: 343.91, Total Timesteps: 12377960 episode:137 

Rewards Tr: 325.55, Rewards Eval: 327.51, Total Timesteps: 12440110 episode:138 

Rewards Tr: 323.55, Rewards Eval: 268.33, Total Timesteps: 12503940 episode:139 

Rewards Tr: 336.05, Rewards Eval: 306.58, Total Timesteps: 12568590 episode:140 

Rewards Tr: 330.68, Rewards Eval: 385.71, Total Timesteps: 12634010 episode:141 

Rewards Tr: 326.74, Rewards Eval: 245.81, Total Timesteps: 12697200 episode:142 

Rewards Tr: 333.19, Rewards Eval: 361.96, Total Timesteps: 12761700 episode:143 

Rewards Tr: 338.59, Rewards Eval: 263.69, Total Timesteps: 12827660 episode:144 

Rewards Tr: 343.50, Rewards Eval: 254.70, Total Timesteps: 12893920 episode:145 

Rewards Tr: 363.93, Rewards Eval: 296.37, Total Timesteps: 12971400 episode:146 

Rewards Tr: 398.36, Rewards Eval: 305.34, Total Timesteps: 13062130 episode:147 

Rewards Tr: 433.37, Rewards Eval: 350.65, Total Timesteps: 13169810 episode:148 

Rewards Tr: 439.49, Rewards Eval: 347.71, Total Timesteps: 13289580 episode:149 

Rewards Tr: 457.80, Rewards Eval: 464.53, Total Timesteps: 13422910 episode:150 

Rewards Tr: 464.90, Rewards Eval: 419.74, Total Timesteps: 13552400 episode:151 

Rewards Tr: 466.04, Rewards Eval: 440.92, Total Timesteps: 13665950 episode:152 

Rewards Tr: 420.68, Rewards Eval: 317.98, Total Timesteps: 13761270 episode:153 

Rewards Tr: 413.59, Rewards Eval: 374.39, Total Timesteps: 13849370 episode:154 

Rewards Tr: 456.09, Rewards Eval: 323.04, Total Timesteps: 13947300 episode:155 

Rewards Tr: 484.02, Rewards Eval: 311.05, Total Timesteps: 14059230 episode:156 

Rewards Tr: 549.68, Rewards Eval: 536.05, Total Timesteps: 14194160 episode:157 

Rewards Tr: 599.66, Rewards Eval: 387.99, Total Timesteps: 14345540 episode:158 

Rewards Tr: 678.05, Rewards Eval: 316.31, Total Timesteps: 14528420 episode:159 

Rewards Tr: 653.91, Rewards Eval: 621.80, Total Timesteps: 14706000 episode:160 

Rewards Tr: 659.79, Rewards Eval: 508.95, Total Timesteps: 14886690 episode:161 

Rewards Tr: 633.95, Rewards Eval: 418.49, Total Timesteps: 15044480 episode:162 

Rewards Tr: 619.18, Rewards Eval: 564.49, Total Timesteps: 15193750 episode:163 

Rewards Tr: 613.28, Rewards Eval: 360.43, Total Timesteps: 15340440 episode:164 

Rewards Tr: 588.45, Rewards Eval: 341.63, Total Timesteps: 15469490 episode:165 

Rewards Tr: 654.34, Rewards Eval: 552.19, Total Timesteps: 15612470 episode:166 

Rewards Tr: 663.43, Rewards Eval: 377.47, Total Timesteps: 15761550 episode:167 

Rewards Tr: 711.73, Rewards Eval: 570.45, Total Timesteps: 15921920 episode:168 

Rewards Tr: 782.61, Rewards Eval: 440.21, Total Timesteps: 16121950 episode:169 

Rewards Tr: 780.30, Rewards Eval: 388.70, Total Timesteps: 16308270 episode:170 

Rewards Tr: 815.80, Rewards Eval: 484.11, Total Timesteps: 16507750 episode:171 

Rewards Tr: 845.18, Rewards Eval: 820.64, Total Timesteps: 16717450 episode:172 

Rewards Tr: 814.41, Rewards Eval: 513.16, Total Timesteps: 16919640 episode:173 

Rewards Tr: 888.19, Rewards Eval: 475.26, Total Timesteps: 17129980 episode:174 

Rewards Tr: 849.98, Rewards Eval: 555.83, Total Timesteps: 17318820 episode:175 

Rewards Tr: 823.13, Rewards Eval: 513.74, Total Timesteps: 17517030 episode:176 

Rewards Tr: 770.98, Rewards Eval: 451.55, Total Timesteps: 17667280 episode:177 

Rewards Tr: 777.76, Rewards Eval: 541.14, Total Timesteps: 17829820 episode:178 

Rewards Tr: 803.83, Rewards Eval: 482.23, Total Timesteps: 17989660 episode:179 

Rewards Tr: 854.41, Rewards Eval: 498.18, Total Timesteps: 18162220 episode:180 

Rewards Tr: 891.57, Rewards Eval: 628.32, Total Timesteps: 18341620 episode:181 

Rewards Tr: 906.94, Rewards Eval: 729.05, Total Timesteps: 18544370 episode:182 

Rewards Tr: 946.86, Rewards Eval: 552.55, Total Timesteps: 18765180 episode:183 

Rewards Tr: 1005.55, Rewards Eval: 444.65, Total Timesteps: 18994390 episode:184 

Rewards Tr: 1015.25, Rewards Eval: 570.53, Total Timesteps: 19223810 episode:185 

Rewards Tr: 966.59, Rewards Eval: 699.47, Total Timesteps: 19438890 episode:186 

Rewards Tr: 948.25, Rewards Eval: 503.68, Total Timesteps: 19651130 episode:187 

Rewards Tr: 1048.26, Rewards Eval: 422.33, Total Timesteps: 19891810 episode:188 

Rewards Tr: 958.14, Rewards Eval: 420.68, Total Timesteps: 20093370 episode:189 

Rewards Tr: 891.63, Rewards Eval: 445.93, Total Timesteps: 20278930 episode:190 

Rewards Tr: 962.16, Rewards Eval: 635.50, Total Timesteps: 20476350 episode:191 

Rewards Tr: 1142.57, Rewards Eval: 828.91, Total Timesteps: 20727250 episode:192 

Rewards Tr: 1130.93, Rewards Eval: 486.30, Total Timesteps: 20986390 episode:193 

Rewards Tr: 1177.92, Rewards Eval: 530.12, Total Timesteps: 21242550 episode:194 

Rewards Tr: 1121.01, Rewards Eval: 573.95, Total Timesteps: 21482930 episode:195 

Rewards Tr: 1095.21, Rewards Eval: 615.69, Total Timesteps: 21703180 episode:196 

Rewards Tr: 1067.95, Rewards Eval: 545.51, Total Timesteps: 21922620 episode:197 

Rewards Tr: 1035.53, Rewards Eval: 670.52, Total Timesteps: 22125570 episode:198 

Rewards Tr: 976.59, Rewards Eval: 479.45, Total Timesteps: 22322120 episode:199 

Rewards Tr: 1034.66, Rewards Eval: 679.40, Total Timesteps: 22517270 episode:200 

Rewards Tr: 1000.72, Rewards Eval: 586.75, Total Timesteps: 22708610 episode:201 

Rewards Tr: 1035.34, Rewards Eval: 635.89, Total Timesteps: 22897800 episode:202 

Rewards Tr: 1155.03, Rewards Eval: 601.13, Total Timesteps: 23131050 episode:203 

Rewards Tr: 1147.84, Rewards Eval: 480.56, Total Timesteps: 23357370 episode:204 

Rewards Tr: 1260.12, Rewards Eval: 559.04, Total Timesteps: 23602060 episode:205 

Rewards Tr: 1137.46, Rewards Eval: 751.99, Total Timesteps: 23822470 episode:206 

Rewards Tr: 1145.65, Rewards Eval: 627.68, Total Timesteps: 24050220 episode:207 

Rewards Tr: 1241.69, Rewards Eval: 647.83, Total Timesteps: 24309360 episode:208 

Rewards Tr: 1323.83, Rewards Eval: 946.52, Total Timesteps: 24575950 episode:209 

Rewards Tr: 1289.15, Rewards Eval: 610.77, Total Timesteps: 24833040 episode:210 

Rewards Tr: 1077.58, Rewards Eval: 500.19, Total Timesteps: 25038920 episode:211 

Rewards Tr: 1042.81, Rewards Eval: 589.67, Total Timesteps: 25233990 episode:212 

Rewards Tr: 1075.98, Rewards Eval: 574.39, Total Timesteps: 25447090 episode:213 

Rewards Tr: 1133.85, Rewards Eval: 723.85, Total Timesteps: 25667390 episode:214 

Rewards Tr: 1308.34, Rewards Eval: 625.47, Total Timesteps: 25940140 episode:215 

Rewards Tr: 1310.82, Rewards Eval: 823.37, Total Timesteps: 26216230 episode:216 

Rewards Tr: 1359.85, Rewards Eval: 548.75, Total Timesteps: 26488350 episode:217 

Rewards Tr: 1206.72, Rewards Eval: 601.96, Total Timesteps: 26731310 episode:218 

Rewards Tr: 1053.56, Rewards Eval: 608.67, Total Timesteps: 26937640 episode:219 

Rewards Tr: 1201.67, Rewards Eval: 605.42, Total Timesteps: 27183920 episode:220 

Rewards Tr: 1293.02, Rewards Eval: 678.95, Total Timesteps: 27438990 episode:221 

Rewards Tr: 1361.34, Rewards Eval: 498.41, Total Timesteps: 27707800 episode:222 

Rewards Tr: 1302.83, Rewards Eval: 527.19, Total Timesteps: 27955180 episode:223 

Rewards Tr: 1206.40, Rewards Eval: 601.19, Total Timesteps: 28192070 episode:224 

Rewards Tr: 1237.48, Rewards Eval: 510.26, Total Timesteps: 28425700 episode:225 

Rewards Tr: 1253.79, Rewards Eval: 589.18, Total Timesteps: 28670850 episode:226 

Rewards Tr: 1311.42, Rewards Eval: 881.58, Total Timesteps: 28915030 episode:227 

Rewards Tr: 1323.15, Rewards Eval: 573.09, Total Timesteps: 29167890 episode:228 

Rewards Tr: 1388.20, Rewards Eval: 886.29, Total Timesteps: 29435800 episode:229 

Rewards Tr: 1394.72, Rewards Eval: 715.94, Total Timesteps: 29702450 episode:230 

Rewards Tr: 1327.83, Rewards Eval: 414.60, Total Timesteps: 29955310 episode:231 

Rewards Tr: 1354.43, Rewards Eval: 600.93, Total Timesteps: 30217480 episode:232 

Rewards Tr: 1354.43, Rewards Eval: 507.60, Total Timesteps: 30489780 episode:233 

Rewards Tr: 1143.98, Rewards Eval: 507.41, Total Timesteps: 30700640 episode:234 

Rewards Tr: 1107.88, Rewards Eval: 572.75, Total Timesteps: 30905770 episode:235 

Rewards Tr: 1126.79, Rewards Eval: 769.73, Total Timesteps: 31111280 episode:236 

Rewards Tr: 1226.77, Rewards Eval: 644.41, Total Timesteps: 31335670 episode:237 

Rewards Tr: 1401.52, Rewards Eval: 505.05, Total Timesteps: 31616820 episode:238 

Rewards Tr: 1343.65, Rewards Eval: 449.22, Total Timesteps: 31875640 episode:239 

Rewards Tr: 1307.22, Rewards Eval: 725.64, Total Timesteps: 32118000 episode:240 

Rewards Tr: 1203.75, Rewards Eval: 614.22, Total Timesteps: 32328270 episode:241 

Rewards Tr: 1207.31, Rewards Eval: 537.74, Total Timesteps: 32557640 episode:242 

Rewards Tr: 1181.74, Rewards Eval: 1036.54, Total Timesteps: 32776900 episode:243 

Rewards Tr: 1230.47, Rewards Eval: 633.53, Total Timesteps: 33004770 episode:244 

Rewards Tr: 1246.89, Rewards Eval: 448.36, Total Timesteps: 33244450 episode:245 

Rewards Tr: 1128.42, Rewards Eval: 715.65, Total Timesteps: 33445380 episode:246 

Rewards Tr: 1153.17, Rewards Eval: 682.25, Total Timesteps: 33663340 episode:247 

Rewards Tr: 1194.76, Rewards Eval: 669.76, Total Timesteps: 33875050 episode:248 

Rewards Tr: 1169.53, Rewards Eval: 556.18, Total Timesteps: 34089370 episode:249 

Rewards Tr: 1159.43, Rewards Eval: 576.93, Total Timesteps: 34298410 episode:250 

Rewards Tr: 1311.06, Rewards Eval: 795.21, Total Timesteps: 34542720 episode:251 

Rewards Tr: 1487.28, Rewards Eval: 876.59, Total Timesteps: 34813680 episode:252 

Rewards Tr: 1408.62, Rewards Eval: 684.12, Total Timesteps: 35070370 episode:253 

Rewards Tr: 1212.51, Rewards Eval: 589.74, Total Timesteps: 35289950 episode:254 

Rewards Tr: 1434.02, Rewards Eval: 936.45, Total Timesteps: 35565000 episode:255 

Rewards Tr: 1637.02, Rewards Eval: 761.25, Total Timesteps: 35859690 episode:256 

Rewards Tr: 1567.59, Rewards Eval: 693.50, Total Timesteps: 36150800 episode:257 

Rewards Tr: 1467.09, Rewards Eval: 519.98, Total Timesteps: 36427290 episode:258 

Rewards Tr: 1138.16, Rewards Eval: 561.03, Total Timesteps: 36629280 episode:259 

Rewards Tr: 977.32, Rewards Eval: 446.16, Total Timesteps: 36794640 episode:260 

Rewards Tr: 950.61, Rewards Eval: 559.37, Total Timesteps: 36932910 episode:261 

Rewards Tr: 1133.39, Rewards Eval: 762.94, Total Timesteps: 37122000 episode:262 

Rewards Tr: 1499.92, Rewards Eval: 709.43, Total Timesteps: 37408140 episode:263 

Rewards Tr: 1674.32, Rewards Eval: 948.27, Total Timesteps: 37698740 episode:264 

Rewards Tr: 1478.45, Rewards Eval: 872.25, Total Timesteps: 37987230 episode:265 

Rewards Tr: 1195.80, Rewards Eval: 606.52, Total Timesteps: 38195280 episode:266 

Rewards Tr: 1057.32, Rewards Eval: 523.84, Total Timesteps: 38368850 episode:267 

Rewards Tr: 952.56, Rewards Eval: 482.70, Total Timesteps: 38506620 episode:268 

Rewards Tr: 981.35, Rewards Eval: 731.69, Total Timesteps: 38657270 episode:269 

Rewards Tr: 1179.00, Rewards Eval: 743.25, Total Timesteps: 38870990 episode:270 

Rewards Tr: 1341.55, Rewards Eval: 691.67, Total Timesteps: 39120500 episode:271 

Rewards Tr: 1466.71, Rewards Eval: 640.26, Total Timesteps: 39397830 episode:272 

Rewards Tr: 1515.06, Rewards Eval: 677.99, Total Timesteps: 39678190 episode:273 

Rewards Tr: 1305.54, Rewards Eval: 492.82, Total Timesteps: 39921080 episode:274 

Rewards Tr: 1173.97, Rewards Eval: 593.69, Total Timesteps: 40122840 episode:275 

Rewards Tr: 1226.63, Rewards Eval: 978.70, Total Timesteps: 40333100 episode:276 

Rewards Tr: 1420.83, Rewards Eval: 1060.49, Total Timesteps: 40592550 episode:277 

Rewards Tr: 1725.08, Rewards Eval: 693.84, Total Timesteps: 40882630 episode:278 

Rewards Tr: 1741.59, Rewards Eval: 671.03, Total Timesteps: 41178700 episode:279 

Rewards Tr: 1713.28, Rewards Eval: 645.47, Total Timesteps: 41472480 episode:280 

Rewards Tr: 1432.93, Rewards Eval: 568.91, Total Timesteps: 41740380 episode:281 

Rewards Tr: 1287.89, Rewards Eval: 562.17, Total Timesteps: 41964430 episode:282 

Rewards Tr: 1323.62, Rewards Eval: 635.42, Total Timesteps: 42194720 episode:283 

Rewards Tr: 1506.84, Rewards Eval: 998.06, Total Timesteps: 42460320 episode:284 

Rewards Tr: 1810.25, Rewards Eval: 1070.16, Total Timesteps: 42757310 episode:285 

Rewards Tr: 1649.73, Rewards Eval: 733.44, Total Timesteps: 43020780 episode:286 

Rewards Tr: 1573.16, Rewards Eval: 1017.53, Total Timesteps: 43275670 episode:287 

Rewards Tr: 1459.04, Rewards Eval: 781.33, Total Timesteps: 43532250 episode:288 

Rewards Tr: 1398.32, Rewards Eval: 1041.43, Total Timesteps: 43778640 episode:289 

Rewards Tr: 1554.12, Rewards Eval: 1095.41, Total Timesteps: 44057370 episode:290 

Rewards Tr: 1618.99, Rewards Eval: 1095.12, Total Timesteps: 44342200 episode:291 

Rewards Tr: 1501.85, Rewards Eval: 851.33, Total Timesteps: 44604260 episode:292 

Rewards Tr: 1431.40, Rewards Eval: 673.35, Total Timesteps: 44857000 episode:293 

Rewards Tr: 1285.55, Rewards Eval: 721.32, Total Timesteps: 45089920 episode:294 

Rewards Tr: 1262.57, Rewards Eval: 618.24, Total Timesteps: 45331930 episode:295 

Rewards Tr: 1382.36, Rewards Eval: 860.28, Total Timesteps: 45585730 episode:296 

Rewards Tr: 1617.43, Rewards Eval: 801.67, Total Timesteps: 45864670 episode:297 

Rewards Tr: 1760.30, Rewards Eval: 954.85, Total Timesteps: 46164670 episode:298 

Rewards Tr: 1872.51, Rewards Eval: 1123.39, Total Timesteps: 46455960 episode:299 

Rewards Tr: 1768.53, Rewards Eval: 657.23, Total Timesteps: 46748300 episode:300 

Rewards Tr: 1849.96, Rewards Eval: 689.04, Total Timesteps: 47042890 episode:301 

Rewards Tr: 1697.55, Rewards Eval: 1094.34, Total Timesteps: 47329400 episode:302 

Rewards Tr: 1453.94, Rewards Eval: 1103.29, Total Timesteps: 47587670 episode:303 

Rewards Tr: 1640.66, Rewards Eval: 826.48, Total Timesteps: 47855610 episode:304 

Rewards Tr: 1598.14, Rewards Eval: 769.28, Total Timesteps: 48128760 episode:305 

Rewards Tr: 1679.65, Rewards Eval: 811.82, Total Timesteps: 48400600 episode:306 

Rewards Tr: 1700.98, Rewards Eval: 1128.69, Total Timesteps: 48679210 episode:307 

Rewards Tr: 1748.60, Rewards Eval: 810.66, Total Timesteps: 48965430 episode:308 

Rewards Tr: 1703.43, Rewards Eval: 778.13, Total Timesteps: 49240290 episode:309 

Rewards Tr: 1918.28, Rewards Eval: 1213.16, Total Timesteps: 49538790 episode:310 

Rewards Tr: 1589.83, Rewards Eval: 1003.53, Total Timesteps: 49784860 episode:311 

Rewards Tr: 1329.78, Rewards Eval: 1175.54, Total Timesteps: 50000140 episode:312 

Rewards Tr: 1852.60, Rewards Eval: 1214.90, Total Timesteps: 50288130 episode:313 

Rewards Tr: 1708.00, Rewards Eval: 816.52, Total Timesteps: 50574910 episode:314 

Rewards Tr: 1550.57, Rewards Eval: 731.82, Total Timesteps: 50846250 episode:315 

Rewards Tr: 1399.23, Rewards Eval: 1109.01, Total Timesteps: 51089290 episode:316 

Rewards Tr: 1330.95, Rewards Eval: 1197.13, Total Timesteps: 51323030 episode:317 

Rewards Tr: 1330.38, Rewards Eval: 947.85, Total Timesteps: 51554810 episode:318 

Rewards Tr: 1508.97, Rewards Eval: 1192.49, Total Timesteps: 51823500 episode:319 

Rewards Tr: 1931.44, Rewards Eval: 1148.79, Total Timesteps: 52121370 episode:320 

Rewards Tr: 1855.91, Rewards Eval: 806.38, Total Timesteps: 52411460 episode:321 

Rewards Tr: 1675.32, Rewards Eval: 886.69, Total Timesteps: 52676800 episode:322 

Rewards Tr: 1557.38, Rewards Eval: 1058.07, Total Timesteps: 52894850 episode:323 

Rewards Tr: 2120.21, Rewards Eval: 1101.94, Total Timesteps: 53193000 episode:324 

Rewards Tr: 1433.29, Rewards Eval: 1221.92, Total Timesteps: 53411850 episode:325 

Rewards Tr: 2084.50, Rewards Eval: 1142.40, Total Timesteps: 53695860 episode:326 

Rewards Tr: 2060.32, Rewards Eval: 1245.84, Total Timesteps: 53985720 episode:327 

Rewards Tr: 1487.50, Rewards Eval: 1204.46, Total Timesteps: 54206490 episode:328 

Rewards Tr: 1519.91, Rewards Eval: 1105.92, Total Timesteps: 54449940 episode:329 

Rewards Tr: 1632.85, Rewards Eval: 716.37, Total Timesteps: 54723490 episode:330 

Rewards Tr: 1640.46, Rewards Eval: 1110.06, Total Timesteps: 54998240 episode:331 

Rewards Tr: 1340.26, Rewards Eval: 646.24, Total Timesteps: 55233720 episode:332 

Rewards Tr: 1437.50, Rewards Eval: 988.15, Total Timesteps: 55467470 episode:333 

Rewards Tr: 1536.51, Rewards Eval: 1148.97, Total Timesteps: 55716760 episode:334 

Rewards Tr: 1736.12, Rewards Eval: 1099.86, Total Timesteps: 56001140 episode:335 

Rewards Tr: 1865.81, Rewards Eval: 1029.05, Total Timesteps: 56295250 episode:336 

Rewards Tr: 1841.71, Rewards Eval: 996.66, Total Timesteps: 56582060 episode:337 

Rewards Tr: 1695.25, Rewards Eval: 989.45, Total Timesteps: 56857410 episode:338 

Rewards Tr: 1571.40, Rewards Eval: 970.50, Total Timesteps: 57105350 episode:339 

Rewards Tr: 1565.13, Rewards Eval: 1073.36, Total Timesteps: 57333770 episode:340 

Rewards Tr: 2308.26, Rewards Eval: 649.39, Total Timesteps: 57633770 episode:341 

Rewards Tr: 1755.40, Rewards Eval: 1109.77, Total Timesteps: 57893480 episode:342 

Rewards Tr: 1537.87, Rewards Eval: 733.90, Total Timesteps: 58103600 episode:343 

Rewards Tr: 1900.45, Rewards Eval: 719.23, Total Timesteps: 58388600 episode:344 

Rewards Tr: 1315.28, Rewards Eval: 1067.65, Total Timesteps: 58635600 episode:345 

Rewards Tr: 1627.75, Rewards Eval: 1233.94, Total Timesteps: 58904350 episode:346 

Rewards Tr: 1637.67, Rewards Eval: 845.17, Total Timesteps: 59185620 episode:347 

Rewards Tr: 1873.88, Rewards Eval: 1440.33, Total Timesteps: 59481710 episode:348 

Rewards Tr: 2061.27, Rewards Eval: 1034.27, Total Timesteps: 59777210 episode:349 

Elapsed Time: 396.6 minutes 

For Seed: 5 

Rewards Tr: 7.43, Rewards Eval: 0.00, Total Timesteps: 5250 episode:0 

Rewards Tr: 8.72, Rewards Eval: 13.52, Total Timesteps: 11980 episode:1 

Rewards Tr: 10.84, Rewards Eval: 40.14, Total Timesteps: 20680 episode:2 

Rewards Tr: 14.80, Rewards Eval: 34.69, Total Timesteps: 31540 episode:3 

Rewards Tr: 18.88, Rewards Eval: 20.88, Total Timesteps: 45430 episode:4 

Rewards Tr: 32.12, Rewards Eval: 31.93, Total Timesteps: 63940 episode:5 

Rewards Tr: 38.26, Rewards Eval: 68.24, Total Timesteps: 82090 episode:6 

Rewards Tr: 42.24, Rewards Eval: 26.57, Total Timesteps: 101240 episode:7 

Rewards Tr: 51.82, Rewards Eval: 45.27, Total Timesteps: 122090 episode:8 

Rewards Tr: 51.81, Rewards Eval: 59.46, Total Timesteps: 141790 episode:9 

Rewards Tr: 56.77, Rewards Eval: 55.49, Total Timesteps: 161580 episode:10 

Rewards Tr: 55.83, Rewards Eval: 53.75, Total Timesteps: 180170 episode:11 

Rewards Tr: 56.93, Rewards Eval: 67.22, Total Timesteps: 200490 episode:12 

Rewards Tr: 58.21, Rewards Eval: 62.34, Total Timesteps: 220620 episode:13 

Rewards Tr: 61.68, Rewards Eval: 50.41, Total Timesteps: 240800 episode:14 

Rewards Tr: 65.21, Rewards Eval: 63.72, Total Timesteps: 263590 episode:15 

Rewards Tr: 65.80, Rewards Eval: 54.02, Total Timesteps: 285570 episode:16 

Rewards Tr: 68.67, Rewards Eval: 62.37, Total Timesteps: 309060 episode:17 

Rewards Tr: 71.76, Rewards Eval: 57.22, Total Timesteps: 336070 episode:18 

Rewards Tr: 72.09, Rewards Eval: 85.86, Total Timesteps: 361860 episode:19 

Rewards Tr: 73.92, Rewards Eval: 84.14, Total Timesteps: 389320 episode:20 

Rewards Tr: 77.48, Rewards Eval: 89.12, Total Timesteps: 419260 episode:21 

Rewards Tr: 78.68, Rewards Eval: 65.02, Total Timesteps: 450430 episode:22 

Rewards Tr: 83.95, Rewards Eval: 70.26, Total Timesteps: 485840 episode:23 

Rewards Tr: 86.93, Rewards Eval: 86.95, Total Timesteps: 522180 episode:24 

Rewards Tr: 88.70, Rewards Eval: 81.25, Total Timesteps: 557620 episode:25 

Rewards Tr: 89.71, Rewards Eval: 64.52, Total Timesteps: 593980 episode:26 

Rewards Tr: 93.54, Rewards Eval: 111.22, Total Timesteps: 632460 episode:27 

Rewards Tr: 97.01, Rewards Eval: 112.03, Total Timesteps: 669120 episode:28 

Rewards Tr: 98.75, Rewards Eval: 92.27, Total Timesteps: 709190 episode:29 

Rewards Tr: 109.60, Rewards Eval: 166.58, Total Timesteps: 752960 episode:30 

Rewards Tr: 107.27, Rewards Eval: 139.51, Total Timesteps: 793870 episode:31 

Rewards Tr: 117.45, Rewards Eval: 124.90, Total Timesteps: 839390 episode:32 

Rewards Tr: 125.56, Rewards Eval: 145.97, Total Timesteps: 886920 episode:33 

Rewards Tr: 133.39, Rewards Eval: 145.27, Total Timesteps: 935330 episode:34 

Rewards Tr: 150.87, Rewards Eval: 196.42, Total Timesteps: 992770 episode:35 

Rewards Tr: 158.69, Rewards Eval: 145.18, Total Timesteps: 1048310 episode:36 

Rewards Tr: 162.38, Rewards Eval: 150.32, Total Timesteps: 1101560 episode:37 

Rewards Tr: 163.34, Rewards Eval: 182.24, Total Timesteps: 1155000 episode:38 

Rewards Tr: 165.58, Rewards Eval: 149.35, Total Timesteps: 1205830 episode:39 

Rewards Tr: 176.07, Rewards Eval: 128.29, Total Timesteps: 1259990 episode:40 

Rewards Tr: 171.88, Rewards Eval: 159.74, Total Timesteps: 1312420 episode:41 

Rewards Tr: 179.99, Rewards Eval: 129.68, Total Timesteps: 1364710 episode:42 

Rewards Tr: 177.02, Rewards Eval: 94.17, Total Timesteps: 1413690 episode:43 

Rewards Tr: 176.85, Rewards Eval: 180.02, Total Timesteps: 1462490 episode:44 

Rewards Tr: 178.40, Rewards Eval: 119.21, Total Timesteps: 1508840 episode:45 

Rewards Tr: 180.05, Rewards Eval: 144.40, Total Timesteps: 1553260 episode:46 

Rewards Tr: 185.49, Rewards Eval: 176.38, Total Timesteps: 1601870 episode:47 

Rewards Tr: 184.08, Rewards Eval: 165.01, Total Timesteps: 1648250 episode:48 

Rewards Tr: 184.60, Rewards Eval: 188.99, Total Timesteps: 1696610 episode:49 

Rewards Tr: 184.31, Rewards Eval: 165.78, Total Timesteps: 1742130 episode:50 

Rewards Tr: 187.88, Rewards Eval: 198.30, Total Timesteps: 1788510 episode:51 

Rewards Tr: 189.99, Rewards Eval: 193.96, Total Timesteps: 1835160 episode:52 

Rewards Tr: 190.17, Rewards Eval: 208.44, Total Timesteps: 1883240 episode:53 

Rewards Tr: 193.34, Rewards Eval: 189.72, Total Timesteps: 1931800 episode:54 

Rewards Tr: 193.91, Rewards Eval: 193.43, Total Timesteps: 1981180 episode:55 

Rewards Tr: 196.59, Rewards Eval: 214.19, Total Timesteps: 2030830 episode:56 

Rewards Tr: 199.97, Rewards Eval: 256.90, Total Timesteps: 2079930 episode:57 

Rewards Tr: 204.69, Rewards Eval: 224.91, Total Timesteps: 2131420 episode:58 

Rewards Tr: 209.51, Rewards Eval: 188.92, Total Timesteps: 2185180 episode:59 

Rewards Tr: 217.66, Rewards Eval: 230.45, Total Timesteps: 2243930 episode:60 

Rewards Tr: 222.09, Rewards Eval: 238.99, Total Timesteps: 2304920 episode:61 

Rewards Tr: 223.74, Rewards Eval: 243.73, Total Timesteps: 2367790 episode:62 

Rewards Tr: 226.28, Rewards Eval: 226.86, Total Timesteps: 2429830 episode:63 

Rewards Tr: 235.91, Rewards Eval: 221.16, Total Timesteps: 2499790 episode:64 

Rewards Tr: 238.05, Rewards Eval: 221.39, Total Timesteps: 2568960 episode:65 

Rewards Tr: 248.07, Rewards Eval: 248.43, Total Timesteps: 2650710 episode:66 

Rewards Tr: 246.60, Rewards Eval: 261.89, Total Timesteps: 2720870 episode:67 

Rewards Tr: 251.79, Rewards Eval: 252.87, Total Timesteps: 2801270 episode:68 

Rewards Tr: 254.55, Rewards Eval: 296.72, Total Timesteps: 2882740 episode:69 

Rewards Tr: 263.80, Rewards Eval: 310.98, Total Timesteps: 2970880 episode:70 

Rewards Tr: 274.57, Rewards Eval: 306.08, Total Timesteps: 3060260 episode:71 

Rewards Tr: 280.51, Rewards Eval: 263.97, Total Timesteps: 3166860 episode:72 

Rewards Tr: 279.96, Rewards Eval: 314.89, Total Timesteps: 3258620 episode:73 

Rewards Tr: 294.49, Rewards Eval: 341.42, Total Timesteps: 3367290 episode:74 

Rewards Tr: 300.34, Rewards Eval: 318.52, Total Timesteps: 3490090 episode:75 

Rewards Tr: 301.14, Rewards Eval: 264.35, Total Timesteps: 3614540 episode:76 

Rewards Tr: 298.56, Rewards Eval: 283.72, Total Timesteps: 3726800 episode:77 

Rewards Tr: 310.82, Rewards Eval: 328.08, Total Timesteps: 3851710 episode:78 

Rewards Tr: 305.79, Rewards Eval: 302.67, Total Timesteps: 3978410 episode:79 

Rewards Tr: 313.79, Rewards Eval: 337.28, Total Timesteps: 4103340 episode:80 

Rewards Tr: 308.02, Rewards Eval: 290.34, Total Timesteps: 4221290 episode:81 

Rewards Tr: 325.78, Rewards Eval: 280.40, Total Timesteps: 4361050 episode:82 

Rewards Tr: 326.75, Rewards Eval: 311.45, Total Timesteps: 4492540 episode:83 

Rewards Tr: 334.06, Rewards Eval: 323.98, Total Timesteps: 4624970 episode:84 

Rewards Tr: 347.24, Rewards Eval: 550.09, Total Timesteps: 4781390 episode:85 

Rewards Tr: 359.79, Rewards Eval: 414.70, Total Timesteps: 4933530 episode:86 

Rewards Tr: 348.54, Rewards Eval: 340.27, Total Timesteps: 5062640 episode:87 

Rewards Tr: 357.48, Rewards Eval: 367.44, Total Timesteps: 5206800 episode:88 

Rewards Tr: 354.03, Rewards Eval: 320.99, Total Timesteps: 5349580 episode:89 

Rewards Tr: 358.46, Rewards Eval: 375.21, Total Timesteps: 5486990 episode:90 

Rewards Tr: 370.90, Rewards Eval: 375.07, Total Timesteps: 5630280 episode:91 

Rewards Tr: 380.43, Rewards Eval: 447.32, Total Timesteps: 5778970 episode:92 

Rewards Tr: 398.29, Rewards Eval: 417.35, Total Timesteps: 5932770 episode:93 

Rewards Tr: 407.69, Rewards Eval: 506.64, Total Timesteps: 6085090 episode:94 

Rewards Tr: 410.57, Rewards Eval: 456.34, Total Timesteps: 6242870 episode:95 

Rewards Tr: 397.27, Rewards Eval: 432.81, Total Timesteps: 6390100 episode:96 

Rewards Tr: 394.71, Rewards Eval: 333.10, Total Timesteps: 6531530 episode:97 

Rewards Tr: 390.18, Rewards Eval: 371.25, Total Timesteps: 6664920 episode:98 

Rewards Tr: 399.35, Rewards Eval: 349.26, Total Timesteps: 6799840 episode:99 

Rewards Tr: 397.32, Rewards Eval: 527.44, Total Timesteps: 6927630 episode:100 

Rewards Tr: 404.50, Rewards Eval: 448.47, Total Timesteps: 7063510 episode:101 

Rewards Tr: 410.01, Rewards Eval: 481.12, Total Timesteps: 7207080 episode:102 

Rewards Tr: 403.90, Rewards Eval: 509.59, Total Timesteps: 7343100 episode:103 

Rewards Tr: 407.33, Rewards Eval: 386.97, Total Timesteps: 7489780 episode:104 

Rewards Tr: 387.38, Rewards Eval: 399.18, Total Timesteps: 7619110 episode:105 

Rewards Tr: 380.55, Rewards Eval: 369.94, Total Timesteps: 7749370 episode:106 

Rewards Tr: 361.26, Rewards Eval: 353.56, Total Timesteps: 7866200 episode:107 

Rewards Tr: 345.89, Rewards Eval: 378.85, Total Timesteps: 7968800 episode:108 

Rewards Tr: 337.31, Rewards Eval: 463.63, Total Timesteps: 8068880 episode:109 

Rewards Tr: 334.29, Rewards Eval: 341.35, Total Timesteps: 8167260 episode:110 

Rewards Tr: 335.72, Rewards Eval: 311.68, Total Timesteps: 8267770 episode:111 

Rewards Tr: 332.16, Rewards Eval: 328.51, Total Timesteps: 8371240 episode:112 

Rewards Tr: 321.06, Rewards Eval: 304.96, Total Timesteps: 8467480 episode:113 

Rewards Tr: 311.16, Rewards Eval: 308.08, Total Timesteps: 8552990 episode:114 

Rewards Tr: 297.66, Rewards Eval: 274.20, Total Timesteps: 8626100 episode:115 

Rewards Tr: 287.62, Rewards Eval: 295.84, Total Timesteps: 8694170 episode:116 

Rewards Tr: 280.93, Rewards Eval: 278.42, Total Timesteps: 8757750 episode:117 

Rewards Tr: 276.96, Rewards Eval: 273.93, Total Timesteps: 8816800 episode:118 

Rewards Tr: 272.88, Rewards Eval: 254.88, Total Timesteps: 8871780 episode:119 

Rewards Tr: 273.31, Rewards Eval: 276.66, Total Timesteps: 8926700 episode:120 

Rewards Tr: 269.64, Rewards Eval: 271.84, Total Timesteps: 8978340 episode:121 

Rewards Tr: 272.61, Rewards Eval: 289.60, Total Timesteps: 9032460 episode:122 

Rewards Tr: 276.18, Rewards Eval: 272.84, Total Timesteps: 9087330 episode:123 

Rewards Tr: 280.67, Rewards Eval: 305.00, Total Timesteps: 9144330 episode:124 

Rewards Tr: 277.30, Rewards Eval: 319.53, Total Timesteps: 9204990 episode:125 

Rewards Tr: 290.06, Rewards Eval: 307.95, Total Timesteps: 9267810 episode:126 

Rewards Tr: 295.19, Rewards Eval: 415.97, Total Timesteps: 9335690 episode:127 

Rewards Tr: 296.57, Rewards Eval: 292.46, Total Timesteps: 9400780 episode:128 

Rewards Tr: 297.89, Rewards Eval: 360.16, Total Timesteps: 9468920 episode:129 

Rewards Tr: 292.15, Rewards Eval: 305.43, Total Timesteps: 9528470 episode:130 

Rewards Tr: 282.83, Rewards Eval: 356.57, Total Timesteps: 9584580 episode:131 

Rewards Tr: 287.86, Rewards Eval: 258.44, Total Timesteps: 9641800 episode:132 

Rewards Tr: 292.87, Rewards Eval: 304.94, Total Timesteps: 9705120 episode:133 

Rewards Tr: 288.14, Rewards Eval: 301.51, Total Timesteps: 9763310 episode:134 

Rewards Tr: 287.44, Rewards Eval: 298.24, Total Timesteps: 9819820 episode:135 

Rewards Tr: 292.73, Rewards Eval: 318.99, Total Timesteps: 9878390 episode:136 

Rewards Tr: 297.26, Rewards Eval: 321.40, Total Timesteps: 9950130 episode:137 

Rewards Tr: 298.61, Rewards Eval: 337.11, Total Timesteps: 10007920 episode:138 

Rewards Tr: 307.28, Rewards Eval: 254.03, Total Timesteps: 10071380 episode:139 

Rewards Tr: 311.27, Rewards Eval: 289.78, Total Timesteps: 10133510 episode:140 

Rewards Tr: 322.69, Rewards Eval: 351.64, Total Timesteps: 10199690 episode:141 

Rewards Tr: 329.52, Rewards Eval: 306.87, Total Timesteps: 10266450 episode:142 

Rewards Tr: 318.36, Rewards Eval: 353.62, Total Timesteps: 10332390 episode:143 

Rewards Tr: 327.86, Rewards Eval: 348.60, Total Timesteps: 10401470 episode:144 

Rewards Tr: 332.09, Rewards Eval: 414.78, Total Timesteps: 10476180 episode:145 

Rewards Tr: 331.49, Rewards Eval: 324.96, Total Timesteps: 10547210 episode:146 

Rewards Tr: 341.68, Rewards Eval: 332.64, Total Timesteps: 10621600 episode:147 

Rewards Tr: 334.76, Rewards Eval: 304.61, Total Timesteps: 10692090 episode:148 

Rewards Tr: 330.33, Rewards Eval: 337.64, Total Timesteps: 10764020 episode:149 

Rewards Tr: 332.16, Rewards Eval: 437.55, Total Timesteps: 10832680 episode:150 

Rewards Tr: 336.96, Rewards Eval: 450.03, Total Timesteps: 10897970 episode:151 

Rewards Tr: 357.30, Rewards Eval: 312.15, Total Timesteps: 10975090 episode:152 

Rewards Tr: 372.15, Rewards Eval: 469.25, Total Timesteps: 11073200 episode:153 

Rewards Tr: 385.51, Rewards Eval: 380.13, Total Timesteps: 11180390 episode:154 

Rewards Tr: 386.78, Rewards Eval: 357.61, Total Timesteps: 11286590 episode:155 

Rewards Tr: 397.24, Rewards Eval: 408.12, Total Timesteps: 11390080 episode:156 

Rewards Tr: 386.28, Rewards Eval: 381.30, Total Timesteps: 11483450 episode:157 

Rewards Tr: 405.48, Rewards Eval: 348.23, Total Timesteps: 11583370 episode:158 

Rewards Tr: 397.79, Rewards Eval: 246.18, Total Timesteps: 11676970 episode:159 

Rewards Tr: 390.04, Rewards Eval: 316.04, Total Timesteps: 11768330 episode:160 

Rewards Tr: 417.44, Rewards Eval: 314.71, Total Timesteps: 11874960 episode:161 

Rewards Tr: 405.62, Rewards Eval: 286.05, Total Timesteps: 11972990 episode:162 

Rewards Tr: 429.65, Rewards Eval: 342.86, Total Timesteps: 12083470 episode:163 

Rewards Tr: 438.22, Rewards Eval: 327.04, Total Timesteps: 12192900 episode:164 

Rewards Tr: 462.07, Rewards Eval: 389.60, Total Timesteps: 12320520 episode:165 

Rewards Tr: 512.37, Rewards Eval: 685.82, Total Timesteps: 12487670 episode:166 

Rewards Tr: 513.41, Rewards Eval: 319.25, Total Timesteps: 12636980 episode:167 

Rewards Tr: 545.38, Rewards Eval: 399.95, Total Timesteps: 12796890 episode:168 

Rewards Tr: 508.81, Rewards Eval: 390.84, Total Timesteps: 12944020 episode:169 

Rewards Tr: 525.87, Rewards Eval: 314.84, Total Timesteps: 13083010 episode:170 

Rewards Tr: 533.99, Rewards Eval: 412.06, Total Timesteps: 13238060 episode:171 

Rewards Tr: 528.62, Rewards Eval: 370.64, Total Timesteps: 13380030 episode:172 

Rewards Tr: 576.69, Rewards Eval: 392.08, Total Timesteps: 13555950 episode:173 

Rewards Tr: 629.87, Rewards Eval: 451.00, Total Timesteps: 13750760 episode:174 

Rewards Tr: 662.10, Rewards Eval: 427.28, Total Timesteps: 13960130 episode:175 

Rewards Tr: 699.65, Rewards Eval: 339.77, Total Timesteps: 14163360 episode:176 

Rewards Tr: 643.93, Rewards Eval: 293.84, Total Timesteps: 14342970 episode:177 

Rewards Tr: 662.64, Rewards Eval: 458.98, Total Timesteps: 14544120 episode:178 

Rewards Tr: 611.97, Rewards Eval: 540.10, Total Timesteps: 14696080 episode:179 

Rewards Tr: 610.86, Rewards Eval: 477.40, Total Timesteps: 14872570 episode:180 

Rewards Tr: 660.65, Rewards Eval: 523.38, Total Timesteps: 15056830 episode:181 

Rewards Tr: 723.53, Rewards Eval: 501.00, Total Timesteps: 15269390 episode:182 

Rewards Tr: 796.56, Rewards Eval: 466.67, Total Timesteps: 15499260 episode:183 

Rewards Tr: 831.80, Rewards Eval: 492.38, Total Timesteps: 15727340 episode:184 

Rewards Tr: 886.74, Rewards Eval: 534.88, Total Timesteps: 15973710 episode:185 

Rewards Tr: 914.04, Rewards Eval: 432.90, Total Timesteps: 16217120 episode:186 

Rewards Tr: 778.63, Rewards Eval: 617.00, Total Timesteps: 16403730 episode:187 

Rewards Tr: 748.16, Rewards Eval: 657.12, Total Timesteps: 16580440 episode:188 

Rewards Tr: 807.89, Rewards Eval: 438.20, Total Timesteps: 16773110 episode:189 

Rewards Tr: 845.91, Rewards Eval: 384.18, Total Timesteps: 16992150 episode:190 

Rewards Tr: 858.79, Rewards Eval: 619.56, Total Timesteps: 17209710 episode:191 

Rewards Tr: 935.22, Rewards Eval: 450.43, Total Timesteps: 17445830 episode:192 

Rewards Tr: 938.37, Rewards Eval: 412.67, Total Timesteps: 17677150 episode:193 

Rewards Tr: 917.80, Rewards Eval: 586.27, Total Timesteps: 17893490 episode:194 

Rewards Tr: 978.99, Rewards Eval: 551.20, Total Timesteps: 18125730 episode:195 

Rewards Tr: 995.34, Rewards Eval: 521.70, Total Timesteps: 18351570 episode:196 

Rewards Tr: 1017.66, Rewards Eval: 626.34, Total Timesteps: 18569370 episode:197 

Rewards Tr: 999.29, Rewards Eval: 490.76, Total Timesteps: 18790500 episode:198 

Rewards Tr: 872.93, Rewards Eval: 637.78, Total Timesteps: 18976740 episode:199 

Rewards Tr: 754.68, Rewards Eval: 483.57, Total Timesteps: 19114270 episode:200 

Rewards Tr: 829.60, Rewards Eval: 583.56, Total Timesteps: 19282190 episode:201 

Rewards Tr: 905.14, Rewards Eval: 661.03, Total Timesteps: 19474460 episode:202 

Rewards Tr: 926.81, Rewards Eval: 673.19, Total Timesteps: 19669490 episode:203 

Rewards Tr: 981.75, Rewards Eval: 754.45, Total Timesteps: 19886880 episode:204 

Rewards Tr: 1001.95, Rewards Eval: 529.29, Total Timesteps: 20106150 episode:205 

Rewards Tr: 909.63, Rewards Eval: 439.71, Total Timesteps: 20282720 episode:206 

Rewards Tr: 1051.71, Rewards Eval: 587.02, Total Timesteps: 20502090 episode:207 

Rewards Tr: 1152.62, Rewards Eval: 551.73, Total Timesteps: 20749980 episode:208 

Rewards Tr: 1197.25, Rewards Eval: 707.93, Total Timesteps: 21002960 episode:209 

Rewards Tr: 1155.85, Rewards Eval: 600.24, Total Timesteps: 21259670 episode:210 

Rewards Tr: 1195.11, Rewards Eval: 656.16, Total Timesteps: 21508110 episode:211 

Rewards Tr: 1022.15, Rewards Eval: 646.51, Total Timesteps: 21719960 episode:212 

Rewards Tr: 1021.69, Rewards Eval: 544.78, Total Timesteps: 21916360 episode:213 

Rewards Tr: 1037.69, Rewards Eval: 571.47, Total Timesteps: 22116640 episode:214 

Rewards Tr: 1166.45, Rewards Eval: 706.19, Total Timesteps: 22343770 episode:215 

Rewards Tr: 1211.60, Rewards Eval: 603.83, Total Timesteps: 22580670 episode:216 

Rewards Tr: 1133.24, Rewards Eval: 481.42, Total Timesteps: 22811770 episode:217 

Rewards Tr: 975.02, Rewards Eval: 566.71, Total Timesteps: 22988560 episode:218 

Rewards Tr: 1016.95, Rewards Eval: 664.94, Total Timesteps: 23188790 episode:219 

Rewards Tr: 1104.53, Rewards Eval: 764.65, Total Timesteps: 23394230 episode:220 

Rewards Tr: 1083.39, Rewards Eval: 563.27, Total Timesteps: 23605060 episode:221 

Rewards Tr: 1116.86, Rewards Eval: 610.07, Total Timesteps: 23814890 episode:222 

Rewards Tr: 1010.54, Rewards Eval: 696.34, Total Timesteps: 24000610 episode:223 

Rewards Tr: 1047.50, Rewards Eval: 579.55, Total Timesteps: 24201660 episode:224 

Rewards Tr: 1183.22, Rewards Eval: 540.46, Total Timesteps: 24422390 episode:225 

Rewards Tr: 1102.88, Rewards Eval: 819.20, Total Timesteps: 24653640 episode:226 

Rewards Tr: 1224.12, Rewards Eval: 883.96, Total Timesteps: 24896180 episode:227 

Rewards Tr: 1259.40, Rewards Eval: 534.85, Total Timesteps: 25161130 episode:228 

Rewards Tr: 1241.04, Rewards Eval: 618.84, Total Timesteps: 25412080 episode:229 

Rewards Tr: 1296.07, Rewards Eval: 578.35, Total Timesteps: 25674570 episode:230 

Rewards Tr: 1145.78, Rewards Eval: 557.09, Total Timesteps: 25900120 episode:231 

Rewards Tr: 1153.22, Rewards Eval: 514.84, Total Timesteps: 26134760 episode:232 

Rewards Tr: 1054.15, Rewards Eval: 500.20, Total Timesteps: 26336850 episode:233 

Rewards Tr: 1015.07, Rewards Eval: 452.85, Total Timesteps: 26522300 episode:234 

Rewards Tr: 931.86, Rewards Eval: 580.58, Total Timesteps: 26675830 episode:235 

Rewards Tr: 889.34, Rewards Eval: 520.46, Total Timesteps: 26814740 episode:236 

Rewards Tr: 976.52, Rewards Eval: 692.31, Total Timesteps: 26976780 episode:237 

Rewards Tr: 959.87, Rewards Eval: 597.04, Total Timesteps: 27144610 episode:238 

Rewards Tr: 985.40, Rewards Eval: 472.65, Total Timesteps: 27305190 episode:239 

Rewards Tr: 958.05, Rewards Eval: 496.97, Total Timesteps: 27468380 episode:240 

Rewards Tr: 1084.34, Rewards Eval: 795.19, Total Timesteps: 27670960 episode:241 

Rewards Tr: 1197.09, Rewards Eval: 599.50, Total Timesteps: 27894790 episode:242 

Rewards Tr: 1334.16, Rewards Eval: 789.17, Total Timesteps: 28155770 episode:243 

Rewards Tr: 1342.74, Rewards Eval: 595.18, Total Timesteps: 28426700 episode:244 

Rewards Tr: 1261.27, Rewards Eval: 543.21, Total Timesteps: 28675500 episode:245 

Rewards Tr: 1119.87, Rewards Eval: 719.18, Total Timesteps: 28871260 episode:246 

Rewards Tr: 1068.83, Rewards Eval: 621.49, Total Timesteps: 29057340 episode:247 

Rewards Tr: 1042.34, Rewards Eval: 917.00, Total Timesteps: 29229360 episode:248 

Rewards Tr: 1091.65, Rewards Eval: 604.16, Total Timesteps: 29414610 episode:249 

Rewards Tr: 1315.38, Rewards Eval: 653.94, Total Timesteps: 29656110 episode:250 

Rewards Tr: 1247.28, Rewards Eval: 1052.33, Total Timesteps: 29887580 episode:251 

Rewards Tr: 1279.91, Rewards Eval: 734.77, Total Timesteps: 30135190 episode:252 

Rewards Tr: 1298.12, Rewards Eval: 695.88, Total Timesteps: 30377670 episode:253 

Rewards Tr: 1211.22, Rewards Eval: 804.61, Total Timesteps: 30594350 episode:254 

Rewards Tr: 1234.50, Rewards Eval: 626.14, Total Timesteps: 30809290 episode:255 

Rewards Tr: 1276.46, Rewards Eval: 585.57, Total Timesteps: 31058400 episode:256 

Rewards Tr: 1178.19, Rewards Eval: 600.58, Total Timesteps: 31274550 episode:257 

Rewards Tr: 1116.09, Rewards Eval: 501.32, Total Timesteps: 31478430 episode:258 

Rewards Tr: 1066.06, Rewards Eval: 786.30, Total Timesteps: 31664520 episode:259 

Rewards Tr: 1068.55, Rewards Eval: 481.11, Total Timesteps: 31841150 episode:260 

Rewards Tr: 1088.28, Rewards Eval: 614.24, Total Timesteps: 32040930 episode:261 

Rewards Tr: 1101.86, Rewards Eval: 671.21, Total Timesteps: 32264520 episode:262 

Rewards Tr: 1209.91, Rewards Eval: 534.48, Total Timesteps: 32489820 episode:263 

Rewards Tr: 1113.74, Rewards Eval: 567.05, Total Timesteps: 32688030 episode:264 

Rewards Tr: 1097.94, Rewards Eval: 525.02, Total Timesteps: 32880100 episode:265 

Rewards Tr: 1047.26, Rewards Eval: 590.70, Total Timesteps: 33056160 episode:266 

Rewards Tr: 1088.91, Rewards Eval: 714.97, Total Timesteps: 33251190 episode:267 

Rewards Tr: 1183.82, Rewards Eval: 591.40, Total Timesteps: 33455900 episode:268 

Rewards Tr: 1408.39, Rewards Eval: 588.43, Total Timesteps: 33722430 episode:269 

Rewards Tr: 1384.39, Rewards Eval: 673.10, Total Timesteps: 33987800 episode:270 

Rewards Tr: 1288.76, Rewards Eval: 576.54, Total Timesteps: 34222310 episode:271 

Rewards Tr: 1094.88, Rewards Eval: 698.67, Total Timesteps: 34421510 episode:272 

Rewards Tr: 1029.71, Rewards Eval: 561.96, Total Timesteps: 34587170 episode:273 

Rewards Tr: 1072.44, Rewards Eval: 901.54, Total Timesteps: 34759450 episode:274 

Rewards Tr: 1213.38, Rewards Eval: 840.19, Total Timesteps: 34974630 episode:275 

Rewards Tr: 1405.92, Rewards Eval: 501.49, Total Timesteps: 35233700 episode:276 

Rewards Tr: 1456.64, Rewards Eval: 778.26, Total Timesteps: 35503040 episode:277 

Rewards Tr: 1509.77, Rewards Eval: 633.08, Total Timesteps: 35780110 episode:278 

Rewards Tr: 1297.21, Rewards Eval: 784.99, Total Timesteps: 36014990 episode:279 

Rewards Tr: 1165.75, Rewards Eval: 593.71, Total Timesteps: 36216600 episode:280 

Rewards Tr: 1032.41, Rewards Eval: 595.81, Total Timesteps: 36379690 episode:281 

Rewards Tr: 958.89, Rewards Eval: 545.46, Total Timesteps: 36534740 episode:282 

Rewards Tr: 976.03, Rewards Eval: 744.22, Total Timesteps: 36706470 episode:283 

Rewards Tr: 1249.52, Rewards Eval: 778.41, Total Timesteps: 36938540 episode:284 

Rewards Tr: 1582.93, Rewards Eval: 856.07, Total Timesteps: 37221960 episode:285 

Rewards Tr: 1707.57, Rewards Eval: 1077.56, Total Timesteps: 37517700 episode:286 

Rewards Tr: 1615.03, Rewards Eval: 478.17, Total Timesteps: 37804880 episode:287 

Rewards Tr: 1349.30, Rewards Eval: 630.39, Total Timesteps: 38061460 episode:288 

Rewards Tr: 1074.19, Rewards Eval: 487.54, Total Timesteps: 38245080 episode:289 

Rewards Tr: 1034.33, Rewards Eval: 498.86, Total Timesteps: 38407990 episode:290 

Rewards Tr: 1089.85, Rewards Eval: 568.65, Total Timesteps: 38594180 episode:291 

Rewards Tr: 1180.99, Rewards Eval: 556.03, Total Timesteps: 38804240 episode:292 

Rewards Tr: 1390.53, Rewards Eval: 603.47, Total Timesteps: 39069860 episode:293 

Rewards Tr: 1354.01, Rewards Eval: 656.20, Total Timesteps: 39331520 episode:294 

Rewards Tr: 1347.42, Rewards Eval: 554.82, Total Timesteps: 39563640 episode:295 

Rewards Tr: 1212.77, Rewards Eval: 611.29, Total Timesteps: 39780370 episode:296 

Rewards Tr: 1092.56, Rewards Eval: 557.36, Total Timesteps: 39953340 episode:297 

Rewards Tr: 1085.94, Rewards Eval: 942.56, Total Timesteps: 40133170 episode:298 

Rewards Tr: 1222.91, Rewards Eval: 557.56, Total Timesteps: 40342830 episode:299 

Rewards Tr: 1574.24, Rewards Eval: 781.30, Total Timesteps: 40627860 episode:300 

Rewards Tr: 1578.94, Rewards Eval: 631.80, Total Timesteps: 40911390 episode:301 

Rewards Tr: 1366.64, Rewards Eval: 712.25, Total Timesteps: 41172400 episode:302 

Rewards Tr: 1169.89, Rewards Eval: 743.67, Total Timesteps: 41356200 episode:303 

Rewards Tr: 1069.39, Rewards Eval: 509.27, Total Timesteps: 41524480 episode:304 

Rewards Tr: 1035.93, Rewards Eval: 497.37, Total Timesteps: 41683870 episode:305 

Rewards Tr: 1053.38, Rewards Eval: 675.46, Total Timesteps: 41845270 episode:306 

Rewards Tr: 1104.96, Rewards Eval: 618.03, Total Timesteps: 42020760 episode:307 

Rewards Tr: 1129.98, Rewards Eval: 658.22, Total Timesteps: 42194440 episode:308 

Rewards Tr: 1201.15, Rewards Eval: 742.32, Total Timesteps: 42396010 episode:309 

Rewards Tr: 1252.21, Rewards Eval: 576.50, Total Timesteps: 42621680 episode:310 

Rewards Tr: 1210.32, Rewards Eval: 826.71, Total Timesteps: 42841610 episode:311 

Rewards Tr: 1287.70, Rewards Eval: 869.38, Total Timesteps: 43077900 episode:312 

Rewards Tr: 1446.74, Rewards Eval: 950.92, Total Timesteps: 43349320 episode:313 

Rewards Tr: 1438.08, Rewards Eval: 465.86, Total Timesteps: 43597270 episode:314 

Rewards Tr: 1398.84, Rewards Eval: 892.92, Total Timesteps: 43844720 episode:315 

Rewards Tr: 1342.00, Rewards Eval: 705.94, Total Timesteps: 44083500 episode:316 

Rewards Tr: 1182.10, Rewards Eval: 739.65, Total Timesteps: 44283780 episode:317 

Rewards Tr: 1037.05, Rewards Eval: 558.79, Total Timesteps: 44444110 episode:318 

Rewards Tr: 1140.12, Rewards Eval: 741.63, Total Timesteps: 44621960 episode:319 

Rewards Tr: 1117.86, Rewards Eval: 618.17, Total Timesteps: 44794410 episode:320 

Rewards Tr: 1207.35, Rewards Eval: 666.37, Total Timesteps: 45003020 episode:321 

Rewards Tr: 1180.50, Rewards Eval: 699.69, Total Timesteps: 45188150 episode:322 

Rewards Tr: 1238.90, Rewards Eval: 659.45, Total Timesteps: 45402180 episode:323 

Rewards Tr: 1191.00, Rewards Eval: 626.23, Total Timesteps: 45601870 episode:324 

Rewards Tr: 1173.92, Rewards Eval: 829.70, Total Timesteps: 45790740 episode:325 

Rewards Tr: 1256.85, Rewards Eval: 568.73, Total Timesteps: 46011240 episode:326 

Rewards Tr: 1293.69, Rewards Eval: 651.71, Total Timesteps: 46236610 episode:327 

Rewards Tr: 1294.98, Rewards Eval: 613.35, Total Timesteps: 46456690 episode:328 

Rewards Tr: 1313.48, Rewards Eval: 584.15, Total Timesteps: 46688850 episode:329 

Rewards Tr: 1450.36, Rewards Eval: 894.53, Total Timesteps: 46948190 episode:330 

Rewards Tr: 1556.51, Rewards Eval: 670.77, Total Timesteps: 47214220 episode:331 

Rewards Tr: 1732.81, Rewards Eval: 775.69, Total Timesteps: 47501200 episode:332 

Rewards Tr: 1565.77, Rewards Eval: 728.67, Total Timesteps: 47773370 episode:333 

Rewards Tr: 1248.13, Rewards Eval: 841.74, Total Timesteps: 47984390 episode:334 

Rewards Tr: 1138.12, Rewards Eval: 615.38, Total Timesteps: 48169620 episode:335 

Rewards Tr: 1146.08, Rewards Eval: 652.33, Total Timesteps: 48365550 episode:336 

Rewards Tr: 1333.72, Rewards Eval: 654.92, Total Timesteps: 48592250 episode:337 

Rewards Tr: 1343.14, Rewards Eval: 709.48, Total Timesteps: 48844380 episode:338 

Rewards Tr: 1449.00, Rewards Eval: 790.17, Total Timesteps: 49110220 episode:339 

Rewards Tr: 1424.36, Rewards Eval: 737.16, Total Timesteps: 49367950 episode:340 

Rewards Tr: 1374.17, Rewards Eval: 669.64, Total Timesteps: 49610820 episode:341 

Rewards Tr: 1302.90, Rewards Eval: 697.28, Total Timesteps: 49846110 episode:342 

Rewards Tr: 1375.42, Rewards Eval: 710.70, Total Timesteps: 50101280 episode:343 

Rewards Tr: 1615.15, Rewards Eval: 1018.86, Total Timesteps: 50382230 episode:344 

Rewards Tr: 1597.27, Rewards Eval: 590.86, Total Timesteps: 50669030 episode:345 

Rewards Tr: 1443.81, Rewards Eval: 779.54, Total Timesteps: 50938470 episode:346 

Rewards Tr: 1239.21, Rewards Eval: 624.29, Total Timesteps: 51159400 episode:347 

Rewards Tr: 1205.07, Rewards Eval: 552.70, Total Timesteps: 51364780 episode:348 

Rewards Tr: 1268.21, Rewards Eval: 633.07, Total Timesteps: 51594440 episode:349 

Elapsed Time: 347.2 minutes 

