
The following have been reloaded with a version change:
  1) mpfr/3.1.6 => mpfr/4.0.1

For Seed: 3 

Rewards Tr: 10.65, Rewards Eval: 0.00, Total Timesteps: 8410 episode:0 

Rewards Tr: 15.90, Rewards Eval: 24.71, Total Timesteps: 20950 episode:1 

Rewards Tr: 22.39, Rewards Eval: 17.68, Total Timesteps: 35480 episode:2 

Rewards Tr: 29.65, Rewards Eval: 40.79, Total Timesteps: 52740 episode:3 

Rewards Tr: 34.73, Rewards Eval: 75.45, Total Timesteps: 70920 episode:4 

Rewards Tr: 46.28, Rewards Eval: 32.60, Total Timesteps: 89080 episode:5 

Rewards Tr: 49.67, Rewards Eval: 51.58, Total Timesteps: 106690 episode:6 

Rewards Tr: 51.43, Rewards Eval: 46.08, Total Timesteps: 124640 episode:7 

Rewards Tr: 54.83, Rewards Eval: 49.80, Total Timesteps: 142770 episode:8 

Rewards Tr: 55.04, Rewards Eval: 41.89, Total Timesteps: 159960 episode:9 

Rewards Tr: 54.10, Rewards Eval: 47.90, Total Timesteps: 178320 episode:10 

Rewards Tr: 54.58, Rewards Eval: 48.62, Total Timesteps: 196040 episode:11 

Rewards Tr: 58.78, Rewards Eval: 65.04, Total Timesteps: 215020 episode:12 

Rewards Tr: 59.24, Rewards Eval: 41.18, Total Timesteps: 234640 episode:13 

Rewards Tr: 63.08, Rewards Eval: 74.12, Total Timesteps: 254230 episode:14 

Rewards Tr: 65.64, Rewards Eval: 65.72, Total Timesteps: 277460 episode:15 

Rewards Tr: 70.25, Rewards Eval: 56.39, Total Timesteps: 300680 episode:16 

Rewards Tr: 73.29, Rewards Eval: 73.10, Total Timesteps: 327800 episode:17 

Rewards Tr: 74.72, Rewards Eval: 83.37, Total Timesteps: 356430 episode:18 

Rewards Tr: 72.80, Rewards Eval: 75.44, Total Timesteps: 387520 episode:19 

Rewards Tr: 79.80, Rewards Eval: 104.97, Total Timesteps: 420760 episode:20 

Rewards Tr: 84.11, Rewards Eval: 104.81, Total Timesteps: 456500 episode:21 

Rewards Tr: 91.26, Rewards Eval: 85.09, Total Timesteps: 497750 episode:22 

Rewards Tr: 93.76, Rewards Eval: 104.30, Total Timesteps: 549370 episode:23 

Rewards Tr: 97.91, Rewards Eval: 67.06, Total Timesteps: 597100 episode:24 

Rewards Tr: 94.17, Rewards Eval: 81.04, Total Timesteps: 648750 episode:25 

Rewards Tr: 102.65, Rewards Eval: 111.27, Total Timesteps: 705680 episode:26 

Rewards Tr: 99.20, Rewards Eval: 123.23, Total Timesteps: 762580 episode:27 

Rewards Tr: 110.15, Rewards Eval: 161.99, Total Timesteps: 824400 episode:28 

Rewards Tr: 113.44, Rewards Eval: 144.84, Total Timesteps: 884730 episode:29 

Rewards Tr: 111.91, Rewards Eval: 137.53, Total Timesteps: 947160 episode:30 

Rewards Tr: 121.33, Rewards Eval: 128.49, Total Timesteps: 1010630 episode:31 

Rewards Tr: 118.96, Rewards Eval: 131.00, Total Timesteps: 1071650 episode:32 

Rewards Tr: 119.24, Rewards Eval: 93.76, Total Timesteps: 1130600 episode:33 

Rewards Tr: 129.88, Rewards Eval: 193.60, Total Timesteps: 1199150 episode:34 

Rewards Tr: 130.39, Rewards Eval: 133.80, Total Timesteps: 1271050 episode:35 

Rewards Tr: 130.98, Rewards Eval: 115.74, Total Timesteps: 1340390 episode:36 

Rewards Tr: 136.07, Rewards Eval: 220.69, Total Timesteps: 1416890 episode:37 

Rewards Tr: 146.06, Rewards Eval: 113.37, Total Timesteps: 1496310 episode:38 

Rewards Tr: 159.98, Rewards Eval: 157.31, Total Timesteps: 1587610 episode:39 

Rewards Tr: 166.38, Rewards Eval: 200.32, Total Timesteps: 1688540 episode:40 

Rewards Tr: 188.27, Rewards Eval: 222.10, Total Timesteps: 1800100 episode:41 

Rewards Tr: 194.68, Rewards Eval: 192.27, Total Timesteps: 1916160 episode:42 

Rewards Tr: 203.23, Rewards Eval: 286.53, Total Timesteps: 2049950 episode:43 

Rewards Tr: 200.97, Rewards Eval: 239.29, Total Timesteps: 2169440 episode:44 

Rewards Tr: 216.81, Rewards Eval: 257.47, Total Timesteps: 2300840 episode:45 

Rewards Tr: 222.31, Rewards Eval: 208.99, Total Timesteps: 2437560 episode:46 

Rewards Tr: 237.37, Rewards Eval: 170.28, Total Timesteps: 2576700 episode:47 

Rewards Tr: 260.74, Rewards Eval: 272.56, Total Timesteps: 2737490 episode:48 

Rewards Tr: 278.37, Rewards Eval: 377.67, Total Timesteps: 2916930 episode:49 

Rewards Tr: 273.62, Rewards Eval: 361.90, Total Timesteps: 3094740 episode:50 

Rewards Tr: 296.40, Rewards Eval: 182.86, Total Timesteps: 3286880 episode:51 

Rewards Tr: 302.36, Rewards Eval: 277.95, Total Timesteps: 3471030 episode:52 

Rewards Tr: 329.00, Rewards Eval: 457.42, Total Timesteps: 3680570 episode:53 

Rewards Tr: 365.89, Rewards Eval: 483.80, Total Timesteps: 3912360 episode:54 

Rewards Tr: 370.31, Rewards Eval: 451.51, Total Timesteps: 4142970 episode:55 

Rewards Tr: 400.26, Rewards Eval: 365.57, Total Timesteps: 4393260 episode:56 

Rewards Tr: 407.10, Rewards Eval: 372.47, Total Timesteps: 4635790 episode:57 

Rewards Tr: 429.61, Rewards Eval: 449.90, Total Timesteps: 4896050 episode:58 

Rewards Tr: 425.43, Rewards Eval: 564.12, Total Timesteps: 5156750 episode:59 

Rewards Tr: 455.96, Rewards Eval: 524.63, Total Timesteps: 5429800 episode:60 

Rewards Tr: 467.14, Rewards Eval: 658.02, Total Timesteps: 5699820 episode:61 

Rewards Tr: 486.55, Rewards Eval: 557.86, Total Timesteps: 5973790 episode:62 

Rewards Tr: 520.96, Rewards Eval: 597.11, Total Timesteps: 6258320 episode:63 

Rewards Tr: 545.37, Rewards Eval: 581.16, Total Timesteps: 6540060 episode:64 

Rewards Tr: 559.13, Rewards Eval: 395.83, Total Timesteps: 6833410 episode:65 

Rewards Tr: 583.32, Rewards Eval: 593.10, Total Timesteps: 7130210 episode:66 

Rewards Tr: 625.56, Rewards Eval: 370.98, Total Timesteps: 7430210 episode:67 

Rewards Tr: 654.58, Rewards Eval: 729.29, Total Timesteps: 7727800 episode:68 

Rewards Tr: 675.09, Rewards Eval: 671.91, Total Timesteps: 8026410 episode:69 

Rewards Tr: 713.71, Rewards Eval: 459.64, Total Timesteps: 8326410 episode:70 

Rewards Tr: 708.27, Rewards Eval: 641.23, Total Timesteps: 8626410 episode:71 

Rewards Tr: 695.27, Rewards Eval: 680.06, Total Timesteps: 8926410 episode:72 

Rewards Tr: 719.74, Rewards Eval: 665.25, Total Timesteps: 9225860 episode:73 

Rewards Tr: 754.41, Rewards Eval: 848.90, Total Timesteps: 9525860 episode:74 

Rewards Tr: 805.35, Rewards Eval: 867.44, Total Timesteps: 9825860 episode:75 

Rewards Tr: 847.30, Rewards Eval: 911.63, Total Timesteps: 10125860 episode:76 

Rewards Tr: 830.61, Rewards Eval: 805.05, Total Timesteps: 10425860 episode:77 

Rewards Tr: 875.69, Rewards Eval: 1003.14, Total Timesteps: 10725860 episode:78 

Rewards Tr: 832.60, Rewards Eval: 882.36, Total Timesteps: 11025860 episode:79 

Rewards Tr: 825.48, Rewards Eval: 766.42, Total Timesteps: 11325490 episode:80 

Rewards Tr: 844.61, Rewards Eval: 834.40, Total Timesteps: 11625490 episode:81 

Rewards Tr: 863.65, Rewards Eval: 992.09, Total Timesteps: 11925490 episode:82 

Rewards Tr: 885.27, Rewards Eval: 778.24, Total Timesteps: 12225490 episode:83 

Rewards Tr: 899.15, Rewards Eval: 905.89, Total Timesteps: 12525490 episode:84 

Rewards Tr: 931.23, Rewards Eval: 887.53, Total Timesteps: 12825490 episode:85 

Rewards Tr: 934.56, Rewards Eval: 796.95, Total Timesteps: 13125490 episode:86 

Rewards Tr: 918.53, Rewards Eval: 910.68, Total Timesteps: 13425490 episode:87 

Rewards Tr: 908.76, Rewards Eval: 913.73, Total Timesteps: 13725490 episode:88 

Rewards Tr: 877.68, Rewards Eval: 758.48, Total Timesteps: 14025490 episode:89 

Rewards Tr: 848.64, Rewards Eval: 1016.20, Total Timesteps: 14325490 episode:90 

Rewards Tr: 876.88, Rewards Eval: 1005.10, Total Timesteps: 14625490 episode:91 

Rewards Tr: 908.18, Rewards Eval: 866.80, Total Timesteps: 14925490 episode:92 

Rewards Tr: 917.81, Rewards Eval: 927.37, Total Timesteps: 15225490 episode:93 

Rewards Tr: 945.33, Rewards Eval: 1017.23, Total Timesteps: 15525490 episode:94 

Rewards Tr: 948.01, Rewards Eval: 874.02, Total Timesteps: 15825490 episode:95 

Rewards Tr: 923.92, Rewards Eval: 874.47, Total Timesteps: 16125490 episode:96 

Rewards Tr: 926.98, Rewards Eval: 951.28, Total Timesteps: 16425490 episode:97 

Rewards Tr: 915.87, Rewards Eval: 741.01, Total Timesteps: 16725490 episode:98 

Rewards Tr: 897.08, Rewards Eval: 796.34, Total Timesteps: 17025490 episode:99 

Rewards Tr: 850.93, Rewards Eval: 944.88, Total Timesteps: 17325490 episode:100 

Rewards Tr: 852.43, Rewards Eval: 848.20, Total Timesteps: 17625490 episode:101 

Rewards Tr: 845.90, Rewards Eval: 1020.67, Total Timesteps: 17925490 episode:102 

Rewards Tr: 886.13, Rewards Eval: 1019.12, Total Timesteps: 18225490 episode:103 

Rewards Tr: 910.56, Rewards Eval: 1016.14, Total Timesteps: 18525490 episode:104 

Rewards Tr: 939.51, Rewards Eval: 1018.55, Total Timesteps: 18825490 episode:105 

Rewards Tr: 957.03, Rewards Eval: 880.36, Total Timesteps: 19125490 episode:106 

Rewards Tr: 953.35, Rewards Eval: 936.43, Total Timesteps: 19425490 episode:107 

Rewards Tr: 928.79, Rewards Eval: 978.05, Total Timesteps: 19725490 episode:108 

Rewards Tr: 924.77, Rewards Eval: 939.90, Total Timesteps: 20025490 episode:109 

Rewards Tr: 907.34, Rewards Eval: 905.01, Total Timesteps: 20325490 episode:110 

Rewards Tr: 926.38, Rewards Eval: 808.26, Total Timesteps: 20625490 episode:111 

Rewards Tr: 915.11, Rewards Eval: 932.28, Total Timesteps: 20925490 episode:112 

Rewards Tr: 941.13, Rewards Eval: 799.68, Total Timesteps: 21225490 episode:113 

Rewards Tr: 957.05, Rewards Eval: 941.52, Total Timesteps: 21525490 episode:114 

Rewards Tr: 912.27, Rewards Eval: 1023.43, Total Timesteps: 21825490 episode:115 

Rewards Tr: 926.34, Rewards Eval: 987.83, Total Timesteps: 22125490 episode:116 

Rewards Tr: 875.37, Rewards Eval: 798.25, Total Timesteps: 22425490 episode:117 

Rewards Tr: 894.61, Rewards Eval: 826.55, Total Timesteps: 22725490 episode:118 

Rewards Tr: 860.20, Rewards Eval: 841.02, Total Timesteps: 23025490 episode:119 

Rewards Tr: 863.99, Rewards Eval: 908.56, Total Timesteps: 23325490 episode:120 

Rewards Tr: 860.05, Rewards Eval: 788.27, Total Timesteps: 23625490 episode:121 

Rewards Tr: 868.35, Rewards Eval: 774.73, Total Timesteps: 23925490 episode:122 

Rewards Tr: 856.62, Rewards Eval: 750.61, Total Timesteps: 24225490 episode:123 

Rewards Tr: 835.58, Rewards Eval: 872.23, Total Timesteps: 24525490 episode:124 

Rewards Tr: 867.65, Rewards Eval: 933.77, Total Timesteps: 24825490 episode:125 

Rewards Tr: 870.16, Rewards Eval: 815.29, Total Timesteps: 25125490 episode:126 

Rewards Tr: 841.32, Rewards Eval: 934.40, Total Timesteps: 25424100 episode:127 

Rewards Tr: 821.46, Rewards Eval: 790.82, Total Timesteps: 25723810 episode:128 

Rewards Tr: 779.20, Rewards Eval: 706.51, Total Timesteps: 26014160 episode:129 

Rewards Tr: 729.88, Rewards Eval: 651.41, Total Timesteps: 26307130 episode:130 

Rewards Tr: 679.75, Rewards Eval: 768.48, Total Timesteps: 26587470 episode:131 

Rewards Tr: 630.33, Rewards Eval: 486.20, Total Timesteps: 26853930 episode:132 

Rewards Tr: 574.58, Rewards Eval: 653.26, Total Timesteps: 27105480 episode:133 

Rewards Tr: 556.95, Rewards Eval: 731.14, Total Timesteps: 27335200 episode:134 

Rewards Tr: 594.08, Rewards Eval: 594.56, Total Timesteps: 27596520 episode:135 

Rewards Tr: 597.01, Rewards Eval: 779.01, Total Timesteps: 27867770 episode:136 

Rewards Tr: 587.74, Rewards Eval: 746.96, Total Timesteps: 28138700 episode:137 

Rewards Tr: 572.40, Rewards Eval: 510.58, Total Timesteps: 28409690 episode:138 

Rewards Tr: 562.66, Rewards Eval: 631.75, Total Timesteps: 28682250 episode:139 

Rewards Tr: 534.10, Rewards Eval: 542.32, Total Timesteps: 28907080 episode:140 

Rewards Tr: 539.22, Rewards Eval: 566.66, Total Timesteps: 29121790 episode:141 

Rewards Tr: 533.71, Rewards Eval: 576.24, Total Timesteps: 29346510 episode:142 

Rewards Tr: 548.62, Rewards Eval: 533.39, Total Timesteps: 29568360 episode:143 

Rewards Tr: 525.78, Rewards Eval: 545.77, Total Timesteps: 29772350 episode:144 

Rewards Tr: 520.92, Rewards Eval: 546.77, Total Timesteps: 29957720 episode:145 

Rewards Tr: 510.44, Rewards Eval: 535.91, Total Timesteps: 30127720 episode:146 

Rewards Tr: 509.39, Rewards Eval: 469.05, Total Timesteps: 30301260 episode:147 

Rewards Tr: 509.93, Rewards Eval: 530.12, Total Timesteps: 30473710 episode:148 

Rewards Tr: 497.19, Rewards Eval: 494.23, Total Timesteps: 30628400 episode:149 

Rewards Tr: 495.75, Rewards Eval: 514.48, Total Timesteps: 30791550 episode:150 

Rewards Tr: 477.16, Rewards Eval: 485.51, Total Timesteps: 30941150 episode:151 

Rewards Tr: 460.21, Rewards Eval: 416.04, Total Timesteps: 31074630 episode:152 

Rewards Tr: 441.26, Rewards Eval: 421.11, Total Timesteps: 31198530 episode:153 

Rewards Tr: 430.25, Rewards Eval: 419.83, Total Timesteps: 31316760 episode:154 

Rewards Tr: 407.20, Rewards Eval: 370.15, Total Timesteps: 31430020 episode:155 

Rewards Tr: 408.22, Rewards Eval: 354.28, Total Timesteps: 31540930 episode:156 

Rewards Tr: 391.21, Rewards Eval: 418.89, Total Timesteps: 31644630 episode:157 

Rewards Tr: 387.47, Rewards Eval: 350.08, Total Timesteps: 31746830 episode:158 

Rewards Tr: 373.32, Rewards Eval: 379.53, Total Timesteps: 31836630 episode:159 

Rewards Tr: 362.75, Rewards Eval: 327.57, Total Timesteps: 31930450 episode:160 

Rewards Tr: 342.68, Rewards Eval: 308.72, Total Timesteps: 32015330 episode:161 

Rewards Tr: 327.40, Rewards Eval: 332.82, Total Timesteps: 32087410 episode:162 

Rewards Tr: 314.58, Rewards Eval: 281.69, Total Timesteps: 32154480 episode:163 

Rewards Tr: 293.72, Rewards Eval: 294.19, Total Timesteps: 32216520 episode:164 

Rewards Tr: 285.89, Rewards Eval: 299.70, Total Timesteps: 32273940 episode:165 

Rewards Tr: 277.96, Rewards Eval: 291.00, Total Timesteps: 32331100 episode:166 

Rewards Tr: 274.78, Rewards Eval: 310.71, Total Timesteps: 32385240 episode:167 

Rewards Tr: 271.85, Rewards Eval: 286.73, Total Timesteps: 32439850 episode:168 

Rewards Tr: 273.93, Rewards Eval: 289.69, Total Timesteps: 32500420 episode:169 

Rewards Tr: 278.41, Rewards Eval: 274.27, Total Timesteps: 32565080 episode:170 

Rewards Tr: 277.36, Rewards Eval: 314.05, Total Timesteps: 32627360 episode:171 

Rewards Tr: 274.70, Rewards Eval: 302.57, Total Timesteps: 32689760 episode:172 

Rewards Tr: 290.77, Rewards Eval: 315.67, Total Timesteps: 32755380 episode:173 

Rewards Tr: 291.22, Rewards Eval: 330.85, Total Timesteps: 32821790 episode:174 

Rewards Tr: 284.82, Rewards Eval: 301.16, Total Timesteps: 32882150 episode:175 

Rewards Tr: 291.99, Rewards Eval: 261.42, Total Timesteps: 32942690 episode:176 

Rewards Tr: 295.84, Rewards Eval: 310.59, Total Timesteps: 33005350 episode:177 

Rewards Tr: 313.27, Rewards Eval: 305.99, Total Timesteps: 33083340 episode:178 

Rewards Tr: 318.88, Rewards Eval: 254.81, Total Timesteps: 33155180 episode:179 

Rewards Tr: 324.45, Rewards Eval: 324.97, Total Timesteps: 33229090 episode:180 

Rewards Tr: 323.76, Rewards Eval: 318.60, Total Timesteps: 33305510 episode:181 

Rewards Tr: 328.18, Rewards Eval: 293.33, Total Timesteps: 33381110 episode:182 

Rewards Tr: 344.57, Rewards Eval: 356.91, Total Timesteps: 33461160 episode:183 

Rewards Tr: 331.47, Rewards Eval: 330.99, Total Timesteps: 33532610 episode:184 

Rewards Tr: 336.25, Rewards Eval: 335.04, Total Timesteps: 33611840 episode:185 

Rewards Tr: 357.00, Rewards Eval: 370.70, Total Timesteps: 33693100 episode:186 

Rewards Tr: 376.45, Rewards Eval: 398.57, Total Timesteps: 33775560 episode:187 

Rewards Tr: 421.39, Rewards Eval: 582.74, Total Timesteps: 33879810 episode:188 

Rewards Tr: 501.57, Rewards Eval: 720.12, Total Timesteps: 34021190 episode:189 

Rewards Tr: 655.46, Rewards Eval: 504.93, Total Timesteps: 34235970 episode:190 

Rewards Tr: 737.23, Rewards Eval: 665.97, Total Timesteps: 34471860 episode:191 

Rewards Tr: 666.33, Rewards Eval: 1061.02, Total Timesteps: 34707920 episode:192 

Rewards Tr: 762.79, Rewards Eval: 947.38, Total Timesteps: 34921680 episode:193 

Rewards Tr: 737.65, Rewards Eval: 687.38, Total Timesteps: 35129070 episode:194 

Rewards Tr: 728.22, Rewards Eval: 782.98, Total Timesteps: 35346530 episode:195 

Rewards Tr: 683.35, Rewards Eval: 674.88, Total Timesteps: 35530690 episode:196 

Rewards Tr: 744.97, Rewards Eval: 1116.82, Total Timesteps: 35736370 episode:197 

Rewards Tr: 807.43, Rewards Eval: 714.20, Total Timesteps: 35947110 episode:198 

Rewards Tr: 781.59, Rewards Eval: 771.98, Total Timesteps: 36148390 episode:199 

Rewards Tr: 835.49, Rewards Eval: 619.55, Total Timesteps: 36378930 episode:200 

Rewards Tr: 900.79, Rewards Eval: 955.08, Total Timesteps: 36623580 episode:201 

Rewards Tr: 1089.80, Rewards Eval: 835.74, Total Timesteps: 36891740 episode:202 

Rewards Tr: 974.49, Rewards Eval: 808.16, Total Timesteps: 37141420 episode:203 

Rewards Tr: 951.76, Rewards Eval: 900.98, Total Timesteps: 37372680 episode:204 

Rewards Tr: 923.06, Rewards Eval: 756.51, Total Timesteps: 37572120 episode:205 

Rewards Tr: 789.05, Rewards Eval: 785.43, Total Timesteps: 37745240 episode:206 

Rewards Tr: 845.53, Rewards Eval: 687.24, Total Timesteps: 37920220 episode:207 

Rewards Tr: 888.10, Rewards Eval: 1315.93, Total Timesteps: 38100380 episode:208 

Rewards Tr: 883.88, Rewards Eval: 790.25, Total Timesteps: 38289650 episode:209 

Rewards Tr: 864.62, Rewards Eval: 863.73, Total Timesteps: 38456820 episode:210 

Rewards Tr: 997.04, Rewards Eval: 896.29, Total Timesteps: 38655800 episode:211 

Rewards Tr: 883.65, Rewards Eval: 878.18, Total Timesteps: 38833530 episode:212 

Rewards Tr: 878.15, Rewards Eval: 861.67, Total Timesteps: 39029970 episode:213 

Rewards Tr: 964.79, Rewards Eval: 984.74, Total Timesteps: 39233900 episode:214 

Rewards Tr: 1086.70, Rewards Eval: 1100.32, Total Timesteps: 39467330 episode:215 

Rewards Tr: 1055.02, Rewards Eval: 1345.40, Total Timesteps: 39693360 episode:216 

Rewards Tr: 1152.89, Rewards Eval: 908.10, Total Timesteps: 39946590 episode:217 

Rewards Tr: 1153.97, Rewards Eval: 893.90, Total Timesteps: 40183000 episode:218 

Rewards Tr: 996.69, Rewards Eval: 1067.24, Total Timesteps: 40363260 episode:219 

Rewards Tr: 1117.50, Rewards Eval: 1360.33, Total Timesteps: 40592390 episode:220 

Rewards Tr: 1139.23, Rewards Eval: 1142.35, Total Timesteps: 40827890 episode:221 

Rewards Tr: 1203.46, Rewards Eval: 1071.69, Total Timesteps: 41072360 episode:222 

Rewards Tr: 1221.24, Rewards Eval: 1237.94, Total Timesteps: 41298140 episode:223 

Rewards Tr: 1257.96, Rewards Eval: 1580.96, Total Timesteps: 41553130 episode:224 

Rewards Tr: 1219.39, Rewards Eval: 1341.76, Total Timesteps: 41810050 episode:225 

Rewards Tr: 1281.02, Rewards Eval: 1224.62, Total Timesteps: 42080860 episode:226 

Rewards Tr: 1341.26, Rewards Eval: 735.76, Total Timesteps: 42362130 episode:227 

Rewards Tr: 1351.92, Rewards Eval: 1380.82, Total Timesteps: 42650220 episode:228 

Rewards Tr: 1305.42, Rewards Eval: 1663.43, Total Timesteps: 42929880 episode:229 

Rewards Tr: 1274.55, Rewards Eval: 1656.69, Total Timesteps: 43197890 episode:230 

Rewards Tr: 1250.26, Rewards Eval: 1136.49, Total Timesteps: 43459420 episode:231 

Rewards Tr: 1236.45, Rewards Eval: 887.98, Total Timesteps: 43706010 episode:232 

Rewards Tr: 1184.57, Rewards Eval: 1276.97, Total Timesteps: 43942910 episode:233 

Rewards Tr: 1164.60, Rewards Eval: 1209.95, Total Timesteps: 44161130 episode:234 

Rewards Tr: 1142.91, Rewards Eval: 782.28, Total Timesteps: 44377210 episode:235 

Rewards Tr: 1034.68, Rewards Eval: 886.45, Total Timesteps: 44564880 episode:236 

Rewards Tr: 985.67, Rewards Eval: 960.72, Total Timesteps: 44743720 episode:237 

Rewards Tr: 995.61, Rewards Eval: 1081.65, Total Timesteps: 44915430 episode:238 

Rewards Tr: 1070.45, Rewards Eval: 1322.58, Total Timesteps: 45112120 episode:239 

Rewards Tr: 1168.46, Rewards Eval: 1525.77, Total Timesteps: 45340420 episode:240 

Rewards Tr: 1141.22, Rewards Eval: 1094.20, Total Timesteps: 45546340 episode:241 

Rewards Tr: 1123.74, Rewards Eval: 823.56, Total Timesteps: 45776690 episode:242 

Rewards Tr: 959.28, Rewards Eval: 815.37, Total Timesteps: 45946580 episode:243 

Rewards Tr: 936.62, Rewards Eval: 865.74, Total Timesteps: 46123140 episode:244 

Rewards Tr: 971.27, Rewards Eval: 810.64, Total Timesteps: 46303920 episode:245 

Rewards Tr: 1141.22, Rewards Eval: 1039.24, Total Timesteps: 46528650 episode:246 

Rewards Tr: 1225.61, Rewards Eval: 1243.91, Total Timesteps: 46779080 episode:247 

Rewards Tr: 1156.81, Rewards Eval: 1119.74, Total Timesteps: 47010180 episode:248 

Rewards Tr: 1209.43, Rewards Eval: 1186.94, Total Timesteps: 47262700 episode:249 

Rewards Tr: 1076.99, Rewards Eval: 791.99, Total Timesteps: 47473160 episode:250 

Rewards Tr: 1051.53, Rewards Eval: 1025.81, Total Timesteps: 47679940 episode:251 

Rewards Tr: 1005.31, Rewards Eval: 1262.99, Total Timesteps: 47886020 episode:252 

Rewards Tr: 1012.08, Rewards Eval: 823.06, Total Timesteps: 48084500 episode:253 

Rewards Tr: 1070.01, Rewards Eval: 1388.55, Total Timesteps: 48307510 episode:254 

Rewards Tr: 1191.85, Rewards Eval: 1213.62, Total Timesteps: 48551450 episode:255 

Rewards Tr: 1273.72, Rewards Eval: 1043.78, Total Timesteps: 48815820 episode:256 

Rewards Tr: 1267.70, Rewards Eval: 1118.12, Total Timesteps: 49075760 episode:257 

Rewards Tr: 1263.14, Rewards Eval: 995.47, Total Timesteps: 49323820 episode:258 

Rewards Tr: 1119.42, Rewards Eval: 1051.59, Total Timesteps: 49553360 episode:259 

Rewards Tr: 1160.96, Rewards Eval: 1482.74, Total Timesteps: 49789300 episode:260 

Rewards Tr: 1140.89, Rewards Eval: 1110.88, Total Timesteps: 50016480 episode:261 

Rewards Tr: 1150.45, Rewards Eval: 1386.93, Total Timesteps: 50261030 episode:262 

Rewards Tr: 1150.74, Rewards Eval: 1256.66, Total Timesteps: 50496170 episode:263 

Rewards Tr: 1168.01, Rewards Eval: 1036.11, Total Timesteps: 50730340 episode:264 

Rewards Tr: 1133.31, Rewards Eval: 1055.38, Total Timesteps: 50948000 episode:265 

Rewards Tr: 1171.44, Rewards Eval: 873.21, Total Timesteps: 51184550 episode:266 

Rewards Tr: 1126.22, Rewards Eval: 772.79, Total Timesteps: 51397680 episode:267 

Rewards Tr: 1065.58, Rewards Eval: 918.75, Total Timesteps: 51594100 episode:268 

Rewards Tr: 1095.85, Rewards Eval: 1109.17, Total Timesteps: 51809000 episode:269 

Rewards Tr: 1036.98, Rewards Eval: 885.39, Total Timesteps: 52009380 episode:270 

Rewards Tr: 1101.98, Rewards Eval: 969.33, Total Timesteps: 52219800 episode:271 

Rewards Tr: 1104.29, Rewards Eval: 1671.67, Total Timesteps: 52427240 episode:272 

Rewards Tr: 1108.43, Rewards Eval: 1202.44, Total Timesteps: 52651890 episode:273 

Rewards Tr: 1112.43, Rewards Eval: 1283.74, Total Timesteps: 52865320 episode:274 

Rewards Tr: 1034.84, Rewards Eval: 784.64, Total Timesteps: 53058990 episode:275 

Rewards Tr: 1133.82, Rewards Eval: 997.67, Total Timesteps: 53282870 episode:276 

Rewards Tr: 1260.99, Rewards Eval: 1696.59, Total Timesteps: 53530680 episode:277 

Rewards Tr: 1407.03, Rewards Eval: 1322.36, Total Timesteps: 53807840 episode:278 

Rewards Tr: 1513.75, Rewards Eval: 1163.26, Total Timesteps: 54093840 episode:279 

Rewards Tr: 1309.81, Rewards Eval: 865.62, Total Timesteps: 54356760 episode:280 

Rewards Tr: 1100.40, Rewards Eval: 884.83, Total Timesteps: 54578680 episode:281 

Rewards Tr: 959.77, Rewards Eval: 1031.05, Total Timesteps: 54760710 episode:282 

Rewards Tr: 962.11, Rewards Eval: 1107.40, Total Timesteps: 54934170 episode:283 

Rewards Tr: 1157.03, Rewards Eval: 1056.89, Total Timesteps: 55142540 episode:284 

Rewards Tr: 1201.07, Rewards Eval: 996.56, Total Timesteps: 55377110 episode:285 

Rewards Tr: 1291.88, Rewards Eval: 1005.47, Total Timesteps: 55642270 episode:286 

Rewards Tr: 1258.11, Rewards Eval: 942.30, Total Timesteps: 55886290 episode:287 

Rewards Tr: 1071.21, Rewards Eval: 816.98, Total Timesteps: 56086910 episode:288 

Rewards Tr: 951.17, Rewards Eval: 1066.57, Total Timesteps: 56255650 episode:289 

Rewards Tr: 913.38, Rewards Eval: 1361.83, Total Timesteps: 56419400 episode:290 

Rewards Tr: 1099.77, Rewards Eval: 2066.27, Total Timesteps: 56635490 episode:291 

Rewards Tr: 1417.10, Rewards Eval: 1671.23, Total Timesteps: 56911570 episode:292 

Rewards Tr: 1544.32, Rewards Eval: 1476.97, Total Timesteps: 57201640 episode:293 

Rewards Tr: 1510.57, Rewards Eval: 1863.98, Total Timesteps: 57499780 episode:294 

Rewards Tr: 1414.57, Rewards Eval: 1442.63, Total Timesteps: 57777830 episode:295 

Rewards Tr: 1095.72, Rewards Eval: 1284.35, Total Timesteps: 57977930 episode:296 

Rewards Tr: 938.97, Rewards Eval: 944.16, Total Timesteps: 58146840 episode:297 

Rewards Tr: 867.47, Rewards Eval: 786.35, Total Timesteps: 58288650 episode:298 

Rewards Tr: 828.60, Rewards Eval: 806.31, Total Timesteps: 58423770 episode:299 

Rewards Tr: 905.28, Rewards Eval: 694.68, Total Timesteps: 58583870 episode:300 

Rewards Tr: 947.54, Rewards Eval: 1328.74, Total Timesteps: 58751500 episode:301 

Rewards Tr: 1072.08, Rewards Eval: 1455.57, Total Timesteps: 58947170 episode:302 

Rewards Tr: 1322.44, Rewards Eval: 1284.97, Total Timesteps: 59204910 episode:303 

Rewards Tr: 1463.87, Rewards Eval: 1092.71, Total Timesteps: 59481800 episode:304 

Rewards Tr: 1451.95, Rewards Eval: 1306.45, Total Timesteps: 59763420 episode:305 

Rewards Tr: 1247.71, Rewards Eval: 1033.31, Total Timesteps: 60022710 episode:306 

Rewards Tr: 1139.89, Rewards Eval: 971.44, Total Timesteps: 60242000 episode:307 

Rewards Tr: 1239.57, Rewards Eval: 1027.63, Total Timesteps: 60505140 episode:308 

Rewards Tr: 1270.28, Rewards Eval: 1208.05, Total Timesteps: 60755170 episode:309 

Rewards Tr: 1322.35, Rewards Eval: 1260.08, Total Timesteps: 61035470 episode:310 

Rewards Tr: 1485.47, Rewards Eval: 1453.58, Total Timesteps: 61320900 episode:311 

Rewards Tr: 1521.21, Rewards Eval: 1714.34, Total Timesteps: 61603880 episode:312 

Rewards Tr: 1370.25, Rewards Eval: 879.08, Total Timesteps: 61881890 episode:313 

Rewards Tr: 1279.93, Rewards Eval: 907.09, Total Timesteps: 62145080 episode:314 

Rewards Tr: 1155.02, Rewards Eval: 969.00, Total Timesteps: 62370850 episode:315 

Rewards Tr: 1090.82, Rewards Eval: 1184.36, Total Timesteps: 62566540 episode:316 

Rewards Tr: 1181.35, Rewards Eval: 1392.61, Total Timesteps: 62787160 episode:317 

Rewards Tr: 1060.76, Rewards Eval: 1256.57, Total Timesteps: 62984220 episode:318 

Rewards Tr: 1092.18, Rewards Eval: 1212.25, Total Timesteps: 63189230 episode:319 

Rewards Tr: 1121.94, Rewards Eval: 1062.69, Total Timesteps: 63398800 episode:320 

Rewards Tr: 1089.28, Rewards Eval: 946.01, Total Timesteps: 63595530 episode:321 

Rewards Tr: 1118.35, Rewards Eval: 1178.30, Total Timesteps: 63806670 episode:322 

Rewards Tr: 1186.54, Rewards Eval: 1065.59, Total Timesteps: 64032120 episode:323 

Rewards Tr: 1265.18, Rewards Eval: 1313.06, Total Timesteps: 64279780 episode:324 

Rewards Tr: 1283.60, Rewards Eval: 1548.26, Total Timesteps: 64539020 episode:325 

Rewards Tr: 1245.83, Rewards Eval: 1204.46, Total Timesteps: 64786090 episode:326 

Rewards Tr: 1260.69, Rewards Eval: 1775.76, Total Timesteps: 65045800 episode:327 

Rewards Tr: 1229.91, Rewards Eval: 1334.12, Total Timesteps: 65288790 episode:328 

Rewards Tr: 1234.03, Rewards Eval: 1396.32, Total Timesteps: 65531940 episode:329 

Rewards Tr: 1222.01, Rewards Eval: 1103.97, Total Timesteps: 65782400 episode:330 

Rewards Tr: 1131.54, Rewards Eval: 1153.95, Total Timesteps: 65999670 episode:331 

Rewards Tr: 1167.79, Rewards Eval: 1283.93, Total Timesteps: 66228030 episode:332 

Rewards Tr: 1264.72, Rewards Eval: 1283.86, Total Timesteps: 66486780 episode:333 

Rewards Tr: 1319.11, Rewards Eval: 1305.41, Total Timesteps: 66738600 episode:334 

Rewards Tr: 1440.92, Rewards Eval: 1214.18, Total Timesteps: 67025030 episode:335 

Rewards Tr: 1360.21, Rewards Eval: 1336.30, Total Timesteps: 67275500 episode:336 

Rewards Tr: 1271.84, Rewards Eval: 1339.65, Total Timesteps: 67525380 episode:337 

Rewards Tr: 1150.45, Rewards Eval: 1250.69, Total Timesteps: 67747580 episode:338 

Rewards Tr: 1089.71, Rewards Eval: 1377.43, Total Timesteps: 67951020 episode:339 

Rewards Tr: 1194.69, Rewards Eval: 1270.79, Total Timesteps: 68181070 episode:340 

Rewards Tr: 1224.76, Rewards Eval: 1410.99, Total Timesteps: 68420760 episode:341 

Rewards Tr: 1364.97, Rewards Eval: 1277.93, Total Timesteps: 68692330 episode:342 

Rewards Tr: 1500.93, Rewards Eval: 2069.61, Total Timesteps: 68975650 episode:343 

Rewards Tr: 1590.44, Rewards Eval: 1149.89, Total Timesteps: 69266230 episode:344 

Rewards Tr: 1364.05, Rewards Eval: 1079.92, Total Timesteps: 69534030 episode:345 

Rewards Tr: 1149.54, Rewards Eval: 1333.40, Total Timesteps: 69753790 episode:346 

Rewards Tr: 1092.08, Rewards Eval: 734.44, Total Timesteps: 69947320 episode:347 

Rewards Tr: 1024.92, Rewards Eval: 1015.65, Total Timesteps: 70128310 episode:348 

Rewards Tr: 1091.10, Rewards Eval: 1417.78, Total Timesteps: 70328290 episode:349 

Elapsed Time: 401.8 minutes 

For Seed: 4 

Rewards Tr: 18.10, Rewards Eval: 21.60, Total Timesteps: 11910 episode:0 

Rewards Tr: 23.00, Rewards Eval: 19.05, Total Timesteps: 25320 episode:1 

Rewards Tr: 32.05, Rewards Eval: 39.80, Total Timesteps: 40920 episode:2 

Rewards Tr: 37.42, Rewards Eval: 40.17, Total Timesteps: 56690 episode:3 

Rewards Tr: 45.93, Rewards Eval: 40.22, Total Timesteps: 73470 episode:4 

Rewards Tr: 47.25, Rewards Eval: 45.52, Total Timesteps: 90260 episode:5 

Rewards Tr: 52.36, Rewards Eval: 78.01, Total Timesteps: 109150 episode:6 

Rewards Tr: 53.44, Rewards Eval: 38.46, Total Timesteps: 128020 episode:7 

Rewards Tr: 57.38, Rewards Eval: 75.99, Total Timesteps: 147340 episode:8 

Rewards Tr: 57.45, Rewards Eval: 59.68, Total Timesteps: 165830 episode:9 

Rewards Tr: 62.00, Rewards Eval: 81.32, Total Timesteps: 188380 episode:10 

Rewards Tr: 66.15, Rewards Eval: 77.23, Total Timesteps: 209440 episode:11 

Rewards Tr: 68.46, Rewards Eval: 79.95, Total Timesteps: 235810 episode:12 

Rewards Tr: 71.73, Rewards Eval: 74.81, Total Timesteps: 264950 episode:13 

Rewards Tr: 72.81, Rewards Eval: 69.66, Total Timesteps: 294520 episode:14 

Rewards Tr: 74.28, Rewards Eval: 80.95, Total Timesteps: 324890 episode:15 

Rewards Tr: 79.46, Rewards Eval: 64.67, Total Timesteps: 356470 episode:16 

Rewards Tr: 87.43, Rewards Eval: 79.23, Total Timesteps: 397270 episode:17 

Rewards Tr: 90.51, Rewards Eval: 131.38, Total Timesteps: 437450 episode:18 

Rewards Tr: 96.62, Rewards Eval: 81.55, Total Timesteps: 483720 episode:19 

Rewards Tr: 100.06, Rewards Eval: 121.93, Total Timesteps: 534100 episode:20 

Rewards Tr: 105.00, Rewards Eval: 148.14, Total Timesteps: 588350 episode:21 

Rewards Tr: 105.70, Rewards Eval: 115.93, Total Timesteps: 646730 episode:22 

Rewards Tr: 106.29, Rewards Eval: 140.54, Total Timesteps: 705640 episode:23 

Rewards Tr: 114.88, Rewards Eval: 83.77, Total Timesteps: 767660 episode:24 

Rewards Tr: 125.03, Rewards Eval: 109.67, Total Timesteps: 832380 episode:25 

Rewards Tr: 120.01, Rewards Eval: 132.27, Total Timesteps: 898720 episode:26 

Rewards Tr: 129.76, Rewards Eval: 172.63, Total Timesteps: 968280 episode:27 

Rewards Tr: 128.78, Rewards Eval: 127.01, Total Timesteps: 1037160 episode:28 

Rewards Tr: 131.48, Rewards Eval: 158.65, Total Timesteps: 1101370 episode:29 

Rewards Tr: 139.90, Rewards Eval: 129.89, Total Timesteps: 1174690 episode:30 

Rewards Tr: 145.63, Rewards Eval: 162.30, Total Timesteps: 1260690 episode:31 

Rewards Tr: 153.58, Rewards Eval: 158.48, Total Timesteps: 1345580 episode:32 

Rewards Tr: 162.90, Rewards Eval: 180.53, Total Timesteps: 1440730 episode:33 

Rewards Tr: 185.03, Rewards Eval: 233.05, Total Timesteps: 1559680 episode:34 

Rewards Tr: 191.40, Rewards Eval: 179.40, Total Timesteps: 1665910 episode:35 

Rewards Tr: 201.06, Rewards Eval: 306.10, Total Timesteps: 1789340 episode:36 

Rewards Tr: 222.28, Rewards Eval: 196.97, Total Timesteps: 1922540 episode:37 

Rewards Tr: 231.69, Rewards Eval: 165.53, Total Timesteps: 2069570 episode:38 

Rewards Tr: 231.36, Rewards Eval: 285.39, Total Timesteps: 2202710 episode:39 

Rewards Tr: 237.48, Rewards Eval: 199.81, Total Timesteps: 2346340 episode:40 

Rewards Tr: 229.56, Rewards Eval: 230.40, Total Timesteps: 2482260 episode:41 

Rewards Tr: 243.43, Rewards Eval: 319.43, Total Timesteps: 2617690 episode:42 

Rewards Tr: 248.93, Rewards Eval: 231.81, Total Timesteps: 2748170 episode:43 

Rewards Tr: 261.43, Rewards Eval: 184.78, Total Timesteps: 2882270 episode:44 

Rewards Tr: 269.53, Rewards Eval: 266.20, Total Timesteps: 3024830 episode:45 

Rewards Tr: 274.92, Rewards Eval: 284.81, Total Timesteps: 3172130 episode:46 

Rewards Tr: 316.49, Rewards Eval: 399.69, Total Timesteps: 3332470 episode:47 

Rewards Tr: 307.30, Rewards Eval: 321.05, Total Timesteps: 3497690 episode:48 

Rewards Tr: 315.20, Rewards Eval: 388.57, Total Timesteps: 3664420 episode:49 

Rewards Tr: 308.19, Rewards Eval: 284.40, Total Timesteps: 3808000 episode:50 

Rewards Tr: 320.07, Rewards Eval: 379.77, Total Timesteps: 3955730 episode:51 

Rewards Tr: 327.34, Rewards Eval: 271.83, Total Timesteps: 4109110 episode:52 

Rewards Tr: 330.25, Rewards Eval: 260.86, Total Timesteps: 4265450 episode:53 

Rewards Tr: 338.97, Rewards Eval: 245.43, Total Timesteps: 4408740 episode:54 

Rewards Tr: 310.89, Rewards Eval: 412.64, Total Timesteps: 4544030 episode:55 

Rewards Tr: 323.75, Rewards Eval: 390.79, Total Timesteps: 4676540 episode:56 

Rewards Tr: 348.46, Rewards Eval: 381.49, Total Timesteps: 4821500 episode:57 

Rewards Tr: 332.24, Rewards Eval: 437.92, Total Timesteps: 4953280 episode:58 

Rewards Tr: 341.12, Rewards Eval: 350.23, Total Timesteps: 5083650 episode:59 

Rewards Tr: 341.07, Rewards Eval: 340.36, Total Timesteps: 5208320 episode:60 

Rewards Tr: 333.06, Rewards Eval: 328.43, Total Timesteps: 5330320 episode:61 

Rewards Tr: 336.13, Rewards Eval: 245.52, Total Timesteps: 5453820 episode:62 

Rewards Tr: 332.65, Rewards Eval: 292.20, Total Timesteps: 5578970 episode:63 

Rewards Tr: 333.49, Rewards Eval: 266.91, Total Timesteps: 5693430 episode:64 

Rewards Tr: 328.62, Rewards Eval: 343.54, Total Timesteps: 5805320 episode:65 

Rewards Tr: 333.79, Rewards Eval: 336.92, Total Timesteps: 5923780 episode:66 

Rewards Tr: 328.35, Rewards Eval: 258.81, Total Timesteps: 6034500 episode:67 

Rewards Tr: 345.44, Rewards Eval: 370.74, Total Timesteps: 6154920 episode:68 

Rewards Tr: 334.54, Rewards Eval: 365.24, Total Timesteps: 6270710 episode:69 

Rewards Tr: 339.58, Rewards Eval: 303.15, Total Timesteps: 6397400 episode:70 

Rewards Tr: 339.04, Rewards Eval: 336.99, Total Timesteps: 6522490 episode:71 

Rewards Tr: 332.37, Rewards Eval: 383.68, Total Timesteps: 6637840 episode:72 

Rewards Tr: 331.82, Rewards Eval: 400.89, Total Timesteps: 6766020 episode:73 

Rewards Tr: 345.45, Rewards Eval: 343.24, Total Timesteps: 6883560 episode:74 

Rewards Tr: 360.07, Rewards Eval: 317.96, Total Timesteps: 7021570 episode:75 

Rewards Tr: 353.97, Rewards Eval: 424.15, Total Timesteps: 7154360 episode:76 

Rewards Tr: 369.25, Rewards Eval: 343.90, Total Timesteps: 7297750 episode:77 

Rewards Tr: 375.88, Rewards Eval: 409.51, Total Timesteps: 7449000 episode:78 

Rewards Tr: 390.56, Rewards Eval: 399.29, Total Timesteps: 7614310 episode:79 

Rewards Tr: 412.70, Rewards Eval: 510.73, Total Timesteps: 7793470 episode:80 

Rewards Tr: 459.80, Rewards Eval: 495.53, Total Timesteps: 8005080 episode:81 

Rewards Tr: 465.25, Rewards Eval: 468.65, Total Timesteps: 8217530 episode:82 

Rewards Tr: 468.54, Rewards Eval: 464.82, Total Timesteps: 8427160 episode:83 

Rewards Tr: 481.52, Rewards Eval: 503.69, Total Timesteps: 8629840 episode:84 

Rewards Tr: 506.30, Rewards Eval: 643.50, Total Timesteps: 8847300 episode:85 

Rewards Tr: 492.71, Rewards Eval: 401.00, Total Timesteps: 9053530 episode:86 

Rewards Tr: 509.01, Rewards Eval: 479.33, Total Timesteps: 9262930 episode:87 

Rewards Tr: 519.74, Rewards Eval: 659.88, Total Timesteps: 9459340 episode:88 

Rewards Tr: 556.29, Rewards Eval: 503.16, Total Timesteps: 9702610 episode:89 

Rewards Tr: 549.06, Rewards Eval: 557.70, Total Timesteps: 9923560 episode:90 

Rewards Tr: 516.98, Rewards Eval: 527.32, Total Timesteps: 10138100 episode:91 

Rewards Tr: 484.87, Rewards Eval: 403.53, Total Timesteps: 10317760 episode:92 

Rewards Tr: 450.15, Rewards Eval: 420.56, Total Timesteps: 10482180 episode:93 

Rewards Tr: 449.77, Rewards Eval: 405.21, Total Timesteps: 10639780 episode:94 

Rewards Tr: 442.71, Rewards Eval: 394.50, Total Timesteps: 10800150 episode:95 

Rewards Tr: 432.10, Rewards Eval: 375.27, Total Timesteps: 10956900 episode:96 

Rewards Tr: 422.53, Rewards Eval: 397.51, Total Timesteps: 11116170 episode:97 

Rewards Tr: 405.01, Rewards Eval: 377.60, Total Timesteps: 11263810 episode:98 

Rewards Tr: 385.10, Rewards Eval: 370.77, Total Timesteps: 11393870 episode:99 

Rewards Tr: 375.18, Rewards Eval: 418.73, Total Timesteps: 11505870 episode:100 

Rewards Tr: 370.35, Rewards Eval: 324.53, Total Timesteps: 11616360 episode:101 

Rewards Tr: 366.45, Rewards Eval: 445.78, Total Timesteps: 11738040 episode:102 

Rewards Tr: 345.25, Rewards Eval: 335.60, Total Timesteps: 11841170 episode:103 

Rewards Tr: 332.23, Rewards Eval: 295.49, Total Timesteps: 11939300 episode:104 

Rewards Tr: 317.59, Rewards Eval: 296.05, Total Timesteps: 12024160 episode:105 

Rewards Tr: 296.04, Rewards Eval: 371.53, Total Timesteps: 12096400 episode:106 

Rewards Tr: 291.44, Rewards Eval: 270.30, Total Timesteps: 12171450 episode:107 

Rewards Tr: 282.94, Rewards Eval: 284.80, Total Timesteps: 12236080 episode:108 

Rewards Tr: 284.27, Rewards Eval: 256.81, Total Timesteps: 12302280 episode:109 

Rewards Tr: 283.21, Rewards Eval: 276.66, Total Timesteps: 12368670 episode:110 

Rewards Tr: 286.98, Rewards Eval: 274.77, Total Timesteps: 12440480 episode:111 

Rewards Tr: 282.95, Rewards Eval: 266.43, Total Timesteps: 12509600 episode:112 

Rewards Tr: 294.15, Rewards Eval: 287.23, Total Timesteps: 12590480 episode:113 

Rewards Tr: 293.74, Rewards Eval: 304.87, Total Timesteps: 12661590 episode:114 

Rewards Tr: 311.11, Rewards Eval: 353.31, Total Timesteps: 12748570 episode:115 

Rewards Tr: 315.72, Rewards Eval: 390.67, Total Timesteps: 12834050 episode:116 

Rewards Tr: 321.61, Rewards Eval: 316.25, Total Timesteps: 12910730 episode:117 

Rewards Tr: 347.71, Rewards Eval: 265.37, Total Timesteps: 13001060 episode:118 

Rewards Tr: 356.47, Rewards Eval: 344.07, Total Timesteps: 13094850 episode:119 

Rewards Tr: 362.77, Rewards Eval: 266.28, Total Timesteps: 13191930 episode:120 

Rewards Tr: 352.57, Rewards Eval: 381.80, Total Timesteps: 13284200 episode:121 

Rewards Tr: 359.06, Rewards Eval: 324.09, Total Timesteps: 13377710 episode:122 

Rewards Tr: 366.98, Rewards Eval: 272.45, Total Timesteps: 13472260 episode:123 

Rewards Tr: 362.04, Rewards Eval: 381.35, Total Timesteps: 13559030 episode:124 

Rewards Tr: 350.48, Rewards Eval: 363.62, Total Timesteps: 13647520 episode:125 

Rewards Tr: 358.13, Rewards Eval: 388.56, Total Timesteps: 13741680 episode:126 

Rewards Tr: 365.77, Rewards Eval: 321.39, Total Timesteps: 13842300 episode:127 

Rewards Tr: 367.64, Rewards Eval: 356.35, Total Timesteps: 13935200 episode:128 

Rewards Tr: 364.11, Rewards Eval: 336.81, Total Timesteps: 14026790 episode:129 

Rewards Tr: 381.70, Rewards Eval: 334.55, Total Timesteps: 14129020 episode:130 

Rewards Tr: 398.60, Rewards Eval: 340.27, Total Timesteps: 14226390 episode:131 

Rewards Tr: 392.84, Rewards Eval: 471.57, Total Timesteps: 14322610 episode:132 

Rewards Tr: 372.46, Rewards Eval: 361.28, Total Timesteps: 14417220 episode:133 

Rewards Tr: 375.06, Rewards Eval: 304.25, Total Timesteps: 14501930 episode:134 

Rewards Tr: 391.26, Rewards Eval: 355.20, Total Timesteps: 14591840 episode:135 

Rewards Tr: 416.46, Rewards Eval: 418.38, Total Timesteps: 14690180 episode:136 

Rewards Tr: 409.87, Rewards Eval: 376.62, Total Timesteps: 14788100 episode:137 

Rewards Tr: 434.01, Rewards Eval: 539.95, Total Timesteps: 14901990 episode:138 

Rewards Tr: 458.74, Rewards Eval: 445.54, Total Timesteps: 15033110 episode:139 

Rewards Tr: 450.47, Rewards Eval: 382.32, Total Timesteps: 15151750 episode:140 

Rewards Tr: 420.57, Rewards Eval: 416.71, Total Timesteps: 15259640 episode:141 

Rewards Tr: 411.42, Rewards Eval: 532.56, Total Timesteps: 15362690 episode:142 

Rewards Tr: 400.37, Rewards Eval: 378.69, Total Timesteps: 15464170 episode:143 

Rewards Tr: 408.32, Rewards Eval: 354.78, Total Timesteps: 15567630 episode:144 

Rewards Tr: 440.09, Rewards Eval: 405.05, Total Timesteps: 15679290 episode:145 

Rewards Tr: 470.59, Rewards Eval: 464.17, Total Timesteps: 15805070 episode:146 

Rewards Tr: 483.14, Rewards Eval: 507.91, Total Timesteps: 15930820 episode:147 

Rewards Tr: 504.56, Rewards Eval: 559.74, Total Timesteps: 16072940 episode:148 

Rewards Tr: 486.13, Rewards Eval: 631.64, Total Timesteps: 16200320 episode:149 

Rewards Tr: 511.00, Rewards Eval: 627.07, Total Timesteps: 16339730 episode:150 

Rewards Tr: 521.68, Rewards Eval: 423.59, Total Timesteps: 16487520 episode:151 

Rewards Tr: 478.04, Rewards Eval: 479.88, Total Timesteps: 16605670 episode:152 

Rewards Tr: 499.52, Rewards Eval: 352.82, Total Timesteps: 16732030 episode:153 

Rewards Tr: 539.76, Rewards Eval: 687.37, Total Timesteps: 16868330 episode:154 

Rewards Tr: 628.58, Rewards Eval: 444.54, Total Timesteps: 17047560 episode:155 

Rewards Tr: 714.62, Rewards Eval: 841.37, Total Timesteps: 17277510 episode:156 

Rewards Tr: 670.93, Rewards Eval: 758.54, Total Timesteps: 17489740 episode:157 

Rewards Tr: 754.75, Rewards Eval: 840.37, Total Timesteps: 17726390 episode:158 

Rewards Tr: 750.82, Rewards Eval: 673.91, Total Timesteps: 17948920 episode:159 

Rewards Tr: 740.51, Rewards Eval: 593.32, Total Timesteps: 18156310 episode:160 

Rewards Tr: 609.80, Rewards Eval: 702.65, Total Timesteps: 18323770 episode:161 

Rewards Tr: 625.63, Rewards Eval: 662.26, Total Timesteps: 18468760 episode:162 

Rewards Tr: 607.48, Rewards Eval: 366.02, Total Timesteps: 18628830 episode:163 

Rewards Tr: 702.98, Rewards Eval: 568.03, Total Timesteps: 18803210 episode:164 

Rewards Tr: 852.91, Rewards Eval: 667.81, Total Timesteps: 19027190 episode:165 

Rewards Tr: 862.09, Rewards Eval: 1320.30, Total Timesteps: 19246410 episode:166 

Rewards Tr: 813.64, Rewards Eval: 673.07, Total Timesteps: 19478190 episode:167 

Rewards Tr: 906.06, Rewards Eval: 905.32, Total Timesteps: 19723990 episode:168 

Rewards Tr: 913.85, Rewards Eval: 1384.82, Total Timesteps: 19976750 episode:169 

Rewards Tr: 874.99, Rewards Eval: 898.08, Total Timesteps: 20190320 episode:170 

Rewards Tr: 822.86, Rewards Eval: 574.98, Total Timesteps: 20388700 episode:171 

Rewards Tr: 786.64, Rewards Eval: 922.56, Total Timesteps: 20560680 episode:172 

Rewards Tr: 765.69, Rewards Eval: 565.64, Total Timesteps: 20738800 episode:173 

Rewards Tr: 795.85, Rewards Eval: 1135.39, Total Timesteps: 20925040 episode:174 

Rewards Tr: 905.24, Rewards Eval: 986.67, Total Timesteps: 21151800 episode:175 

Rewards Tr: 994.81, Rewards Eval: 1782.95, Total Timesteps: 21389550 episode:176 

Rewards Tr: 996.66, Rewards Eval: 716.10, Total Timesteps: 21631930 episode:177 

Rewards Tr: 982.47, Rewards Eval: 1450.50, Total Timesteps: 21881050 episode:178 

Rewards Tr: 1068.24, Rewards Eval: 780.37, Total Timesteps: 22139470 episode:179 

Rewards Tr: 1027.29, Rewards Eval: 895.63, Total Timesteps: 22393880 episode:180 

Rewards Tr: 944.13, Rewards Eval: 751.74, Total Timesteps: 22624220 episode:181 

Rewards Tr: 898.34, Rewards Eval: 1040.35, Total Timesteps: 22827810 episode:182 

Rewards Tr: 907.87, Rewards Eval: 1164.61, Total Timesteps: 23036020 episode:183 

Rewards Tr: 941.49, Rewards Eval: 664.12, Total Timesteps: 23261220 episode:184 

Rewards Tr: 1009.26, Rewards Eval: 1640.70, Total Timesteps: 23481940 episode:185 

Rewards Tr: 969.77, Rewards Eval: 647.87, Total Timesteps: 23710330 episode:186 

Rewards Tr: 1012.57, Rewards Eval: 1405.94, Total Timesteps: 23942750 episode:187 

Rewards Tr: 1101.02, Rewards Eval: 879.30, Total Timesteps: 24205800 episode:188 

Rewards Tr: 1168.83, Rewards Eval: 953.62, Total Timesteps: 24488460 episode:189 

Rewards Tr: 1149.37, Rewards Eval: 745.47, Total Timesteps: 24753650 episode:190 

Rewards Tr: 1102.67, Rewards Eval: 1127.50, Total Timesteps: 25010520 episode:191 

Rewards Tr: 895.43, Rewards Eval: 756.87, Total Timesteps: 25199970 episode:192 

Rewards Tr: 876.84, Rewards Eval: 875.93, Total Timesteps: 25380910 episode:193 

Rewards Tr: 889.11, Rewards Eval: 954.92, Total Timesteps: 25568370 episode:194 

Rewards Tr: 938.02, Rewards Eval: 950.57, Total Timesteps: 25772560 episode:195 

Rewards Tr: 883.52, Rewards Eval: 1126.07, Total Timesteps: 25958750 episode:196 

Rewards Tr: 894.24, Rewards Eval: 661.77, Total Timesteps: 26153990 episode:197 

Rewards Tr: 915.03, Rewards Eval: 554.47, Total Timesteps: 26348050 episode:198 

Rewards Tr: 1030.19, Rewards Eval: 990.76, Total Timesteps: 26572820 episode:199 

Rewards Tr: 1115.83, Rewards Eval: 1169.40, Total Timesteps: 26831390 episode:200 

Rewards Tr: 1123.44, Rewards Eval: 1170.94, Total Timesteps: 27076180 episode:201 

Rewards Tr: 1082.15, Rewards Eval: 1202.61, Total Timesteps: 27310690 episode:202 

Rewards Tr: 1116.95, Rewards Eval: 1060.69, Total Timesteps: 27541610 episode:203 

Rewards Tr: 1032.16, Rewards Eval: 724.26, Total Timesteps: 27766920 episode:204 

Rewards Tr: 1099.24, Rewards Eval: 1000.32, Total Timesteps: 28006960 episode:205 

Rewards Tr: 1045.50, Rewards Eval: 936.68, Total Timesteps: 28246270 episode:206 

Rewards Tr: 965.04, Rewards Eval: 927.84, Total Timesteps: 28453340 episode:207 

Rewards Tr: 930.02, Rewards Eval: 699.50, Total Timesteps: 28643610 episode:208 

Rewards Tr: 980.86, Rewards Eval: 786.61, Total Timesteps: 28830740 episode:209 

Rewards Tr: 1011.69, Rewards Eval: 1225.37, Total Timesteps: 29039350 episode:210 

Rewards Tr: 1091.77, Rewards Eval: 1026.93, Total Timesteps: 29265260 episode:211 

Rewards Tr: 1111.76, Rewards Eval: 1188.02, Total Timesteps: 29509780 episode:212 

Rewards Tr: 1077.84, Rewards Eval: 1283.41, Total Timesteps: 29728110 episode:213 

Rewards Tr: 1056.71, Rewards Eval: 1154.67, Total Timesteps: 29961220 episode:214 

Rewards Tr: 1031.84, Rewards Eval: 996.45, Total Timesteps: 30177060 episode:215 

Rewards Tr: 1104.66, Rewards Eval: 1529.68, Total Timesteps: 30418900 episode:216 

Rewards Tr: 1122.69, Rewards Eval: 998.72, Total Timesteps: 30648870 episode:217 

Rewards Tr: 1080.64, Rewards Eval: 820.62, Total Timesteps: 30881190 episode:218 

Rewards Tr: 1001.78, Rewards Eval: 795.98, Total Timesteps: 31072580 episode:219 

Rewards Tr: 907.44, Rewards Eval: 831.95, Total Timesteps: 31231480 episode:220 

Rewards Tr: 855.74, Rewards Eval: 1121.96, Total Timesteps: 31382580 episode:221 

Rewards Tr: 970.34, Rewards Eval: 834.92, Total Timesteps: 31567530 episode:222 

Rewards Tr: 1061.12, Rewards Eval: 856.06, Total Timesteps: 31770170 episode:223 

Rewards Tr: 1154.09, Rewards Eval: 886.36, Total Timesteps: 32000640 episode:224 

Rewards Tr: 1224.69, Rewards Eval: 1245.70, Total Timesteps: 32253110 episode:225 

Rewards Tr: 1258.25, Rewards Eval: 658.20, Total Timesteps: 32514790 episode:226 

Rewards Tr: 1153.59, Rewards Eval: 985.38, Total Timesteps: 32756960 episode:227 

Rewards Tr: 948.38, Rewards Eval: 974.41, Total Timesteps: 32945860 episode:228 

Rewards Tr: 991.56, Rewards Eval: 1380.06, Total Timesteps: 33135400 episode:229 

Rewards Tr: 1176.79, Rewards Eval: 1457.80, Total Timesteps: 33379650 episode:230 

Rewards Tr: 1340.24, Rewards Eval: 1292.91, Total Timesteps: 33648800 episode:231 

Rewards Tr: 1271.61, Rewards Eval: 1016.68, Total Timesteps: 33910780 episode:232 

Rewards Tr: 1080.47, Rewards Eval: 1318.26, Total Timesteps: 34122050 episode:233 

Rewards Tr: 947.84, Rewards Eval: 791.57, Total Timesteps: 34286750 episode:234 

Rewards Tr: 937.08, Rewards Eval: 1208.36, Total Timesteps: 34453360 episode:235 

Rewards Tr: 1019.20, Rewards Eval: 806.98, Total Timesteps: 34645180 episode:236 

Rewards Tr: 1179.28, Rewards Eval: 1328.14, Total Timesteps: 34885720 episode:237 

Rewards Tr: 1324.70, Rewards Eval: 1052.61, Total Timesteps: 35148100 episode:238 

Rewards Tr: 1286.19, Rewards Eval: 1271.57, Total Timesteps: 35422860 episode:239 

Rewards Tr: 1112.39, Rewards Eval: 1278.11, Total Timesteps: 35657470 episode:240 

Rewards Tr: 1019.96, Rewards Eval: 1585.20, Total Timesteps: 35837780 episode:241 

Rewards Tr: 1086.34, Rewards Eval: 1393.67, Total Timesteps: 36048130 episode:242 

Rewards Tr: 1074.91, Rewards Eval: 1687.35, Total Timesteps: 36258160 episode:243 

Rewards Tr: 1107.94, Rewards Eval: 1071.87, Total Timesteps: 36473160 episode:244 

Rewards Tr: 1157.04, Rewards Eval: 976.37, Total Timesteps: 36712140 episode:245 

Rewards Tr: 1134.54, Rewards Eval: 1244.29, Total Timesteps: 36939060 episode:246 

Rewards Tr: 1127.60, Rewards Eval: 997.75, Total Timesteps: 37158740 episode:247 

Rewards Tr: 1181.89, Rewards Eval: 1034.31, Total Timesteps: 37395670 episode:248 

Rewards Tr: 1217.82, Rewards Eval: 979.55, Total Timesteps: 37633410 episode:249 

Rewards Tr: 1221.23, Rewards Eval: 1113.49, Total Timesteps: 37884460 episode:250 

Rewards Tr: 1181.65, Rewards Eval: 1009.10, Total Timesteps: 38130160 episode:251 

Rewards Tr: 1082.54, Rewards Eval: 922.19, Total Timesteps: 38337670 episode:252 

Rewards Tr: 1092.82, Rewards Eval: 1476.27, Total Timesteps: 38543270 episode:253 

Rewards Tr: 1026.37, Rewards Eval: 832.32, Total Timesteps: 38733600 episode:254 

Rewards Tr: 1033.45, Rewards Eval: 1142.81, Total Timesteps: 38934980 episode:255 

Rewards Tr: 1124.71, Rewards Eval: 909.19, Total Timesteps: 39159420 episode:256 

Rewards Tr: 1081.22, Rewards Eval: 1481.19, Total Timesteps: 39369700 episode:257 

Rewards Tr: 1104.15, Rewards Eval: 676.38, Total Timesteps: 39592770 episode:258 

Rewards Tr: 1129.04, Rewards Eval: 972.11, Total Timesteps: 39820020 episode:259 

Rewards Tr: 1099.59, Rewards Eval: 849.62, Total Timesteps: 40034380 episode:260 

Rewards Tr: 1100.59, Rewards Eval: 1058.15, Total Timesteps: 40243170 episode:261 

Rewards Tr: 1069.48, Rewards Eval: 1078.65, Total Timesteps: 40438280 episode:262 

Rewards Tr: 1078.67, Rewards Eval: 1062.03, Total Timesteps: 40634260 episode:263 

Rewards Tr: 964.57, Rewards Eval: 1144.92, Total Timesteps: 40819800 episode:264 

Rewards Tr: 1004.43, Rewards Eval: 1044.20, Total Timesteps: 41012180 episode:265 

Rewards Tr: 1027.92, Rewards Eval: 1727.80, Total Timesteps: 41202230 episode:266 

Rewards Tr: 1137.38, Rewards Eval: 784.35, Total Timesteps: 41429210 episode:267 

Rewards Tr: 1181.92, Rewards Eval: 856.36, Total Timesteps: 41676400 episode:268 

Rewards Tr: 1181.64, Rewards Eval: 1235.69, Total Timesteps: 41910470 episode:269 

Rewards Tr: 1037.04, Rewards Eval: 1107.90, Total Timesteps: 42091660 episode:270 

Rewards Tr: 1028.37, Rewards Eval: 1352.12, Total Timesteps: 42280380 episode:271 

Rewards Tr: 1149.11, Rewards Eval: 1024.74, Total Timesteps: 42502690 episode:272 

Rewards Tr: 1317.51, Rewards Eval: 1545.18, Total Timesteps: 42755110 episode:273 

Rewards Tr: 1452.37, Rewards Eval: 1477.92, Total Timesteps: 43039260 episode:274 

Rewards Tr: 1613.45, Rewards Eval: 1210.09, Total Timesteps: 43335380 episode:275 

Rewards Tr: 1396.60, Rewards Eval: 1010.01, Total Timesteps: 43608950 episode:276 

Rewards Tr: 1172.79, Rewards Eval: 886.78, Total Timesteps: 43837820 episode:277 

Rewards Tr: 1014.58, Rewards Eval: 804.91, Total Timesteps: 44025420 episode:278 

Rewards Tr: 1035.58, Rewards Eval: 1074.48, Total Timesteps: 44217120 episode:279 

Rewards Tr: 994.73, Rewards Eval: 1144.35, Total Timesteps: 44394860 episode:280 

Rewards Tr: 1069.75, Rewards Eval: 1145.08, Total Timesteps: 44590950 episode:281 

Rewards Tr: 1040.85, Rewards Eval: 753.21, Total Timesteps: 44781170 episode:282 

Rewards Tr: 1019.13, Rewards Eval: 1193.20, Total Timesteps: 44963040 episode:283 

Rewards Tr: 971.54, Rewards Eval: 1558.09, Total Timesteps: 45135630 episode:284 

Rewards Tr: 1124.09, Rewards Eval: 1406.21, Total Timesteps: 45343730 episode:285 

Rewards Tr: 1168.81, Rewards Eval: 1243.02, Total Timesteps: 45567430 episode:286 

Rewards Tr: 1248.21, Rewards Eval: 1374.31, Total Timesteps: 45821550 episode:287 

Rewards Tr: 1243.08, Rewards Eval: 984.99, Total Timesteps: 46072600 episode:288 

Rewards Tr: 1240.32, Rewards Eval: 1584.20, Total Timesteps: 46307600 episode:289 

Rewards Tr: 1174.35, Rewards Eval: 955.73, Total Timesteps: 46540440 episode:290 

Rewards Tr: 1081.46, Rewards Eval: 1218.64, Total Timesteps: 46738000 episode:291 

Rewards Tr: 1282.67, Rewards Eval: 1389.65, Total Timesteps: 46992140 episode:292 

Rewards Tr: 1335.25, Rewards Eval: 1025.25, Total Timesteps: 47263220 episode:293 

Rewards Tr: 1465.47, Rewards Eval: 1283.74, Total Timesteps: 47532270 episode:294 

Rewards Tr: 1514.10, Rewards Eval: 2142.73, Total Timesteps: 47817040 episode:295 

Rewards Tr: 1338.98, Rewards Eval: 1426.66, Total Timesteps: 48076550 episode:296 

Rewards Tr: 1238.06, Rewards Eval: 1065.76, Total Timesteps: 48323230 episode:297 

Rewards Tr: 1243.66, Rewards Eval: 1512.01, Total Timesteps: 48572710 episode:298 

Rewards Tr: 1227.24, Rewards Eval: 1383.80, Total Timesteps: 48820600 episode:299 

Rewards Tr: 1252.36, Rewards Eval: 857.69, Total Timesteps: 49075800 episode:300 

Rewards Tr: 1306.56, Rewards Eval: 1272.03, Total Timesteps: 49331260 episode:301 

Rewards Tr: 1426.13, Rewards Eval: 1251.58, Total Timesteps: 49602200 episode:302 

Rewards Tr: 1511.70, Rewards Eval: 1321.69, Total Timesteps: 49894730 episode:303 

Rewards Tr: 1445.09, Rewards Eval: 688.87, Total Timesteps: 50172230 episode:304 

Rewards Tr: 1403.35, Rewards Eval: 1169.89, Total Timesteps: 50438480 episode:305 

Rewards Tr: 1276.47, Rewards Eval: 1207.50, Total Timesteps: 50692190 episode:306 

Rewards Tr: 1186.00, Rewards Eval: 1045.41, Total Timesteps: 50925290 episode:307 

Rewards Tr: 1271.65, Rewards Eval: 909.36, Total Timesteps: 51165850 episode:308 

Rewards Tr: 1353.53, Rewards Eval: 2110.67, Total Timesteps: 51436880 episode:309 

Rewards Tr: 1499.98, Rewards Eval: 1305.09, Total Timesteps: 51722550 episode:310 

Rewards Tr: 1596.26, Rewards Eval: 2340.57, Total Timesteps: 52016320 episode:311 

Rewards Tr: 1565.48, Rewards Eval: 1697.98, Total Timesteps: 52305740 episode:312 

Rewards Tr: 1538.35, Rewards Eval: 1108.78, Total Timesteps: 52592380 episode:313 

Rewards Tr: 1567.01, Rewards Eval: 1483.97, Total Timesteps: 52879190 episode:314 

Rewards Tr: 1602.59, Rewards Eval: 1750.75, Total Timesteps: 53163620 episode:315 

Rewards Tr: 1380.30, Rewards Eval: 1435.55, Total Timesteps: 53433070 episode:316 

Rewards Tr: 1496.53, Rewards Eval: 917.00, Total Timesteps: 53712160 episode:317 

Rewards Tr: 1456.78, Rewards Eval: 1369.30, Total Timesteps: 53987660 episode:318 

Rewards Tr: 1442.22, Rewards Eval: 1466.44, Total Timesteps: 54261870 episode:319 

Rewards Tr: 1385.04, Rewards Eval: 1071.83, Total Timesteps: 54518000 episode:320 

Rewards Tr: 1482.80, Rewards Eval: 1451.00, Total Timesteps: 54801750 episode:321 

Rewards Tr: 1506.84, Rewards Eval: 1355.20, Total Timesteps: 55078050 episode:322 

Rewards Tr: 1428.94, Rewards Eval: 1962.47, Total Timesteps: 55349080 episode:323 

Rewards Tr: 1514.87, Rewards Eval: 1352.13, Total Timesteps: 55629350 episode:324 

Rewards Tr: 1528.88, Rewards Eval: 1371.92, Total Timesteps: 55920900 episode:325 

Rewards Tr: 1587.31, Rewards Eval: 1820.58, Total Timesteps: 56214030 episode:326 

Rewards Tr: 1570.05, Rewards Eval: 1303.85, Total Timesteps: 56499990 episode:327 

Rewards Tr: 1500.29, Rewards Eval: 1617.57, Total Timesteps: 56784360 episode:328 

Rewards Tr: 1546.65, Rewards Eval: 1797.73, Total Timesteps: 57066180 episode:329 

Rewards Tr: 1676.41, Rewards Eval: 1710.37, Total Timesteps: 57359490 episode:330 

Rewards Tr: 1699.07, Rewards Eval: 1655.12, Total Timesteps: 57654940 episode:331 

Rewards Tr: 1665.86, Rewards Eval: 1564.10, Total Timesteps: 57944250 episode:332 

Rewards Tr: 1514.88, Rewards Eval: 1934.11, Total Timesteps: 58230580 episode:333 

Rewards Tr: 1482.91, Rewards Eval: 1658.23, Total Timesteps: 58517180 episode:334 

Rewards Tr: 1538.67, Rewards Eval: 2016.53, Total Timesteps: 58798710 episode:335 

Rewards Tr: 1601.42, Rewards Eval: 1434.14, Total Timesteps: 59087460 episode:336 

Rewards Tr: 1501.70, Rewards Eval: 1096.79, Total Timesteps: 59363700 episode:337 

Rewards Tr: 1558.82, Rewards Eval: 1599.10, Total Timesteps: 59643160 episode:338 

Rewards Tr: 1572.29, Rewards Eval: 1411.92, Total Timesteps: 59922960 episode:339 

Rewards Tr: 1606.24, Rewards Eval: 1580.13, Total Timesteps: 60216290 episode:340 

Rewards Tr: 1728.87, Rewards Eval: 2376.16, Total Timesteps: 60516290 episode:341 

Rewards Tr: 1782.22, Rewards Eval: 2191.55, Total Timesteps: 60812630 episode:342 

Rewards Tr: 1556.24, Rewards Eval: 1224.36, Total Timesteps: 61096150 episode:343 

Rewards Tr: 1548.73, Rewards Eval: 1347.21, Total Timesteps: 61383680 episode:344 

Rewards Tr: 1539.94, Rewards Eval: 1341.03, Total Timesteps: 61671610 episode:345 

Rewards Tr: 1650.15, Rewards Eval: 2298.88, Total Timesteps: 61971190 episode:346 

Rewards Tr: 1653.68, Rewards Eval: 1926.53, Total Timesteps: 62263660 episode:347 

Rewards Tr: 1607.97, Rewards Eval: 1616.38, Total Timesteps: 62552720 episode:348 

Rewards Tr: 1626.23, Rewards Eval: 1616.86, Total Timesteps: 62841450 episode:349 

Elapsed Time: 354.4 minutes 

For Seed: 5 

Rewards Tr: 7.42, Rewards Eval: 0.00, Total Timesteps: 5250 episode:0 

Rewards Tr: 8.70, Rewards Eval: 9.57, Total Timesteps: 12050 episode:1 

Rewards Tr: 10.12, Rewards Eval: 9.57, Total Timesteps: 19640 episode:2 

Rewards Tr: 13.58, Rewards Eval: 31.07, Total Timesteps: 29630 episode:3 

Rewards Tr: 22.37, Rewards Eval: 18.34, Total Timesteps: 43950 episode:4 

Rewards Tr: 31.57, Rewards Eval: 33.85, Total Timesteps: 61770 episode:5 

Rewards Tr: 39.05, Rewards Eval: 30.29, Total Timesteps: 80810 episode:6 

Rewards Tr: 46.70, Rewards Eval: 57.28, Total Timesteps: 101230 episode:7 

Rewards Tr: 51.65, Rewards Eval: 57.60, Total Timesteps: 121090 episode:8 

Rewards Tr: 52.38, Rewards Eval: 55.00, Total Timesteps: 139130 episode:9 

Rewards Tr: 54.79, Rewards Eval: 45.58, Total Timesteps: 159320 episode:10 

Rewards Tr: 54.45, Rewards Eval: 59.18, Total Timesteps: 178390 episode:11 

Rewards Tr: 58.77, Rewards Eval: 61.71, Total Timesteps: 199220 episode:12 

Rewards Tr: 60.45, Rewards Eval: 55.97, Total Timesteps: 220080 episode:13 

Rewards Tr: 60.19, Rewards Eval: 61.36, Total Timesteps: 239930 episode:14 

Rewards Tr: 65.95, Rewards Eval: 52.08, Total Timesteps: 261600 episode:15 

Rewards Tr: 67.02, Rewards Eval: 64.13, Total Timesteps: 283480 episode:16 

Rewards Tr: 69.36, Rewards Eval: 90.96, Total Timesteps: 307630 episode:17 

Rewards Tr: 74.25, Rewards Eval: 80.58, Total Timesteps: 332710 episode:18 

Rewards Tr: 74.46, Rewards Eval: 98.32, Total Timesteps: 359410 episode:19 

Rewards Tr: 78.11, Rewards Eval: 62.15, Total Timesteps: 386270 episode:20 

Rewards Tr: 86.06, Rewards Eval: 90.04, Total Timesteps: 417510 episode:21 

Rewards Tr: 87.45, Rewards Eval: 116.94, Total Timesteps: 447660 episode:22 

Rewards Tr: 95.91, Rewards Eval: 122.88, Total Timesteps: 481960 episode:23 

Rewards Tr: 94.62, Rewards Eval: 119.80, Total Timesteps: 513760 episode:24 

Rewards Tr: 108.71, Rewards Eval: 108.81, Total Timesteps: 550400 episode:25 

Rewards Tr: 108.14, Rewards Eval: 176.19, Total Timesteps: 587470 episode:26 

Rewards Tr: 117.72, Rewards Eval: 107.52, Total Timesteps: 628550 episode:27 

Rewards Tr: 125.68, Rewards Eval: 122.42, Total Timesteps: 667780 episode:28 

Rewards Tr: 130.25, Rewards Eval: 124.17, Total Timesteps: 710420 episode:29 

Rewards Tr: 137.70, Rewards Eval: 111.06, Total Timesteps: 752120 episode:30 

Rewards Tr: 147.64, Rewards Eval: 166.65, Total Timesteps: 793890 episode:31 

Rewards Tr: 149.58, Rewards Eval: 142.42, Total Timesteps: 834490 episode:32 

Rewards Tr: 152.07, Rewards Eval: 160.01, Total Timesteps: 872560 episode:33 

Rewards Tr: 152.97, Rewards Eval: 158.01, Total Timesteps: 913370 episode:34 

Rewards Tr: 157.65, Rewards Eval: 130.36, Total Timesteps: 953720 episode:35 

Rewards Tr: 159.94, Rewards Eval: 157.63, Total Timesteps: 993740 episode:36 

Rewards Tr: 165.24, Rewards Eval: 145.35, Total Timesteps: 1031540 episode:37 

Rewards Tr: 161.92, Rewards Eval: 174.24, Total Timesteps: 1069830 episode:38 

Rewards Tr: 170.83, Rewards Eval: 165.78, Total Timesteps: 1109570 episode:39 

Rewards Tr: 167.45, Rewards Eval: 165.67, Total Timesteps: 1147690 episode:40 

Rewards Tr: 170.55, Rewards Eval: 186.32, Total Timesteps: 1184420 episode:41 

Rewards Tr: 172.66, Rewards Eval: 179.96, Total Timesteps: 1224710 episode:42 

Rewards Tr: 176.57, Rewards Eval: 157.86, Total Timesteps: 1263900 episode:43 

Rewards Tr: 175.53, Rewards Eval: 176.11, Total Timesteps: 1303390 episode:44 

Rewards Tr: 179.58, Rewards Eval: 184.19, Total Timesteps: 1344470 episode:45 

Rewards Tr: 178.25, Rewards Eval: 198.17, Total Timesteps: 1386490 episode:46 

Rewards Tr: 185.79, Rewards Eval: 186.53, Total Timesteps: 1430070 episode:47 

Rewards Tr: 187.63, Rewards Eval: 196.15, Total Timesteps: 1475290 episode:48 

Rewards Tr: 194.46, Rewards Eval: 168.47, Total Timesteps: 1524170 episode:49 

Rewards Tr: 198.22, Rewards Eval: 210.48, Total Timesteps: 1573840 episode:50 

Rewards Tr: 206.14, Rewards Eval: 227.45, Total Timesteps: 1627200 episode:51 

Rewards Tr: 209.72, Rewards Eval: 181.18, Total Timesteps: 1682110 episode:52 

Rewards Tr: 219.07, Rewards Eval: 241.02, Total Timesteps: 1740190 episode:53 

Rewards Tr: 225.31, Rewards Eval: 249.65, Total Timesteps: 1801900 episode:54 

Rewards Tr: 235.10, Rewards Eval: 258.94, Total Timesteps: 1870420 episode:55 

Rewards Tr: 241.38, Rewards Eval: 256.43, Total Timesteps: 1944350 episode:56 

Rewards Tr: 247.53, Rewards Eval: 239.20, Total Timesteps: 2014640 episode:57 

Rewards Tr: 241.20, Rewards Eval: 265.73, Total Timesteps: 2089430 episode:58 

Rewards Tr: 252.92, Rewards Eval: 278.21, Total Timesteps: 2168690 episode:59 

Rewards Tr: 260.64, Rewards Eval: 250.38, Total Timesteps: 2252280 episode:60 

Rewards Tr: 271.91, Rewards Eval: 275.19, Total Timesteps: 2342490 episode:61 

Rewards Tr: 273.57, Rewards Eval: 287.85, Total Timesteps: 2430860 episode:62 

Rewards Tr: 278.65, Rewards Eval: 287.21, Total Timesteps: 2532170 episode:63 

Rewards Tr: 280.24, Rewards Eval: 266.72, Total Timesteps: 2635160 episode:64 

Rewards Tr: 296.52, Rewards Eval: 269.23, Total Timesteps: 2740930 episode:65 

Rewards Tr: 285.00, Rewards Eval: 196.67, Total Timesteps: 2836310 episode:66 

Rewards Tr: 291.65, Rewards Eval: 290.19, Total Timesteps: 2939100 episode:67 

Rewards Tr: 307.88, Rewards Eval: 290.97, Total Timesteps: 3058160 episode:68 

Rewards Tr: 318.06, Rewards Eval: 313.73, Total Timesteps: 3193100 episode:69 

Rewards Tr: 317.53, Rewards Eval: 358.91, Total Timesteps: 3315480 episode:70 

Rewards Tr: 324.72, Rewards Eval: 314.67, Total Timesteps: 3448480 episode:71 

Rewards Tr: 327.60, Rewards Eval: 313.81, Total Timesteps: 3583850 episode:72 

Rewards Tr: 332.46, Rewards Eval: 362.23, Total Timesteps: 3721200 episode:73 

Rewards Tr: 325.41, Rewards Eval: 356.14, Total Timesteps: 3850980 episode:74 

Rewards Tr: 343.52, Rewards Eval: 307.08, Total Timesteps: 3992290 episode:75 

Rewards Tr: 341.89, Rewards Eval: 411.92, Total Timesteps: 4132410 episode:76 

Rewards Tr: 334.75, Rewards Eval: 339.80, Total Timesteps: 4250250 episode:77 

Rewards Tr: 364.42, Rewards Eval: 326.36, Total Timesteps: 4405770 episode:78 

Rewards Tr: 359.39, Rewards Eval: 331.15, Total Timesteps: 4543750 episode:79 

Rewards Tr: 371.66, Rewards Eval: 332.08, Total Timesteps: 4702830 episode:80 

Rewards Tr: 354.98, Rewards Eval: 338.64, Total Timesteps: 4833690 episode:81 

Rewards Tr: 364.27, Rewards Eval: 464.01, Total Timesteps: 4960800 episode:82 

Rewards Tr: 369.77, Rewards Eval: 437.21, Total Timesteps: 5090670 episode:83 

Rewards Tr: 369.04, Rewards Eval: 321.11, Total Timesteps: 5217160 episode:84 

Rewards Tr: 367.54, Rewards Eval: 340.29, Total Timesteps: 5339880 episode:85 

Rewards Tr: 367.96, Rewards Eval: 436.97, Total Timesteps: 5453000 episode:86 

Rewards Tr: 381.49, Rewards Eval: 390.96, Total Timesteps: 5581780 episode:87 

Rewards Tr: 385.42, Rewards Eval: 366.11, Total Timesteps: 5712820 episode:88 

Rewards Tr: 388.08, Rewards Eval: 379.70, Total Timesteps: 5837540 episode:89 

Rewards Tr: 401.91, Rewards Eval: 388.49, Total Timesteps: 5972400 episode:90 

Rewards Tr: 389.21, Rewards Eval: 359.24, Total Timesteps: 6103830 episode:91 

Rewards Tr: 381.88, Rewards Eval: 386.79, Total Timesteps: 6236760 episode:92 

Rewards Tr: 370.50, Rewards Eval: 364.15, Total Timesteps: 6351830 episode:93 

Rewards Tr: 372.14, Rewards Eval: 388.26, Total Timesteps: 6474630 episode:94 

Rewards Tr: 353.32, Rewards Eval: 332.38, Total Timesteps: 6583660 episode:95 

Rewards Tr: 343.53, Rewards Eval: 356.22, Total Timesteps: 6681240 episode:96 

Rewards Tr: 330.51, Rewards Eval: 286.40, Total Timesteps: 6776690 episode:97 

Rewards Tr: 328.16, Rewards Eval: 293.41, Total Timesteps: 6869170 episode:98 

Rewards Tr: 320.60, Rewards Eval: 298.34, Total Timesteps: 6956240 episode:99 

Rewards Tr: 313.27, Rewards Eval: 271.77, Total Timesteps: 7039540 episode:100 

Rewards Tr: 302.78, Rewards Eval: 281.98, Total Timesteps: 7115400 episode:101 

Rewards Tr: 296.68, Rewards Eval: 300.26, Total Timesteps: 7184090 episode:102 

Rewards Tr: 291.77, Rewards Eval: 306.39, Total Timesteps: 7252020 episode:103 

Rewards Tr: 283.12, Rewards Eval: 281.34, Total Timesteps: 7312060 episode:104 

Rewards Tr: 285.03, Rewards Eval: 371.33, Total Timesteps: 7372770 episode:105 

Rewards Tr: 287.26, Rewards Eval: 295.76, Total Timesteps: 7432270 episode:106 

Rewards Tr: 301.60, Rewards Eval: 302.86, Total Timesteps: 7510250 episode:107 

Rewards Tr: 297.21, Rewards Eval: 240.02, Total Timesteps: 7578870 episode:108 

Rewards Tr: 308.88, Rewards Eval: 307.14, Total Timesteps: 7655250 episode:109 

Rewards Tr: 306.01, Rewards Eval: 330.39, Total Timesteps: 7735190 episode:110 

Rewards Tr: 304.10, Rewards Eval: 265.98, Total Timesteps: 7809190 episode:111 

Rewards Tr: 311.49, Rewards Eval: 299.05, Total Timesteps: 7879710 episode:112 

Rewards Tr: 301.05, Rewards Eval: 211.99, Total Timesteps: 7950560 episode:113 

Rewards Tr: 295.30, Rewards Eval: 318.95, Total Timesteps: 8021490 episode:114 

Rewards Tr: 316.71, Rewards Eval: 270.27, Total Timesteps: 8102560 episode:115 

Rewards Tr: 324.06, Rewards Eval: 347.81, Total Timesteps: 8185850 episode:116 

Rewards Tr: 321.80, Rewards Eval: 287.85, Total Timesteps: 8273530 episode:117 

Rewards Tr: 313.64, Rewards Eval: 281.77, Total Timesteps: 8345790 episode:118 

Rewards Tr: 315.59, Rewards Eval: 330.72, Total Timesteps: 8416930 episode:119 

Rewards Tr: 319.98, Rewards Eval: 323.92, Total Timesteps: 8489870 episode:120 

Rewards Tr: 329.99, Rewards Eval: 296.61, Total Timesteps: 8565500 episode:121 

Rewards Tr: 346.11, Rewards Eval: 378.41, Total Timesteps: 8648540 episode:122 

Rewards Tr: 364.67, Rewards Eval: 470.38, Total Timesteps: 8744210 episode:123 

Rewards Tr: 386.83, Rewards Eval: 309.99, Total Timesteps: 8860450 episode:124 

Rewards Tr: 401.97, Rewards Eval: 362.27, Total Timesteps: 8972910 episode:125 

Rewards Tr: 384.36, Rewards Eval: 411.63, Total Timesteps: 9077000 episode:126 

Rewards Tr: 394.80, Rewards Eval: 331.76, Total Timesteps: 9178310 episode:127 

Rewards Tr: 392.34, Rewards Eval: 368.20, Total Timesteps: 9285250 episode:128 

Rewards Tr: 409.80, Rewards Eval: 450.25, Total Timesteps: 9393680 episode:129 

Rewards Tr: 392.99, Rewards Eval: 428.87, Total Timesteps: 9502920 episode:130 

Rewards Tr: 393.68, Rewards Eval: 430.69, Total Timesteps: 9603750 episode:131 

Rewards Tr: 403.92, Rewards Eval: 458.22, Total Timesteps: 9712040 episode:132 

Rewards Tr: 400.83, Rewards Eval: 434.91, Total Timesteps: 9815930 episode:133 

Rewards Tr: 400.87, Rewards Eval: 465.65, Total Timesteps: 9921860 episode:134 

Rewards Tr: 417.47, Rewards Eval: 368.26, Total Timesteps: 10034090 episode:135 

Rewards Tr: 414.14, Rewards Eval: 559.33, Total Timesteps: 10153840 episode:136 

Rewards Tr: 417.98, Rewards Eval: 485.54, Total Timesteps: 10266700 episode:137 

Rewards Tr: 447.70, Rewards Eval: 334.15, Total Timesteps: 10394380 episode:138 

Rewards Tr: 452.40, Rewards Eval: 355.91, Total Timesteps: 10520850 episode:139 

Rewards Tr: 471.85, Rewards Eval: 455.87, Total Timesteps: 10659930 episode:140 

Rewards Tr: 469.01, Rewards Eval: 312.99, Total Timesteps: 10783560 episode:141 

Rewards Tr: 458.91, Rewards Eval: 484.32, Total Timesteps: 10897650 episode:142 

Rewards Tr: 454.17, Rewards Eval: 512.93, Total Timesteps: 11025820 episode:143 

Rewards Tr: 480.72, Rewards Eval: 545.08, Total Timesteps: 11166070 episode:144 

Rewards Tr: 486.49, Rewards Eval: 425.52, Total Timesteps: 11311330 episode:145 

Rewards Tr: 508.41, Rewards Eval: 396.44, Total Timesteps: 11464680 episode:146 

Rewards Tr: 470.14, Rewards Eval: 655.61, Total Timesteps: 11597540 episode:147 

Rewards Tr: 461.23, Rewards Eval: 283.24, Total Timesteps: 11720820 episode:148 

Rewards Tr: 497.10, Rewards Eval: 582.60, Total Timesteps: 11854850 episode:149 

Rewards Tr: 501.62, Rewards Eval: 459.48, Total Timesteps: 11987660 episode:150 

Rewards Tr: 527.04, Rewards Eval: 500.33, Total Timesteps: 12131890 episode:151 

Rewards Tr: 516.86, Rewards Eval: 515.59, Total Timesteps: 12277030 episode:152 

Rewards Tr: 542.37, Rewards Eval: 350.88, Total Timesteps: 12425150 episode:153 

Rewards Tr: 512.62, Rewards Eval: 469.11, Total Timesteps: 12564970 episode:154 

Rewards Tr: 470.62, Rewards Eval: 927.11, Total Timesteps: 12679310 episode:155 

Rewards Tr: 485.81, Rewards Eval: 420.11, Total Timesteps: 12798170 episode:156 

Rewards Tr: 515.18, Rewards Eval: 531.42, Total Timesteps: 12932480 episode:157 

Rewards Tr: 620.81, Rewards Eval: 440.78, Total Timesteps: 13125950 episode:158 

Rewards Tr: 677.68, Rewards Eval: 606.79, Total Timesteps: 13349990 episode:159 

Rewards Tr: 702.17, Rewards Eval: 700.27, Total Timesteps: 13578260 episode:160 

Rewards Tr: 649.06, Rewards Eval: 783.41, Total Timesteps: 13777280 episode:161 

Rewards Tr: 675.84, Rewards Eval: 421.28, Total Timesteps: 13972030 episode:162 

Rewards Tr: 601.79, Rewards Eval: 601.84, Total Timesteps: 14123770 episode:163 

Rewards Tr: 637.05, Rewards Eval: 450.79, Total Timesteps: 14296380 episode:164 

Rewards Tr: 624.19, Rewards Eval: 739.68, Total Timesteps: 14442040 episode:165 

Rewards Tr: 693.99, Rewards Eval: 846.80, Total Timesteps: 14624170 episode:166 

Rewards Tr: 784.61, Rewards Eval: 459.82, Total Timesteps: 14830840 episode:167 

Rewards Tr: 826.83, Rewards Eval: 994.99, Total Timesteps: 15057760 episode:168 

Rewards Tr: 768.55, Rewards Eval: 974.25, Total Timesteps: 15257260 episode:169 

Rewards Tr: 822.90, Rewards Eval: 959.05, Total Timesteps: 15472400 episode:170 

Rewards Tr: 786.38, Rewards Eval: 1110.50, Total Timesteps: 15676350 episode:171 

Rewards Tr: 766.43, Rewards Eval: 648.09, Total Timesteps: 15851550 episode:172 

Rewards Tr: 705.50, Rewards Eval: 604.12, Total Timesteps: 16033090 episode:173 

Rewards Tr: 776.67, Rewards Eval: 583.19, Total Timesteps: 16213260 episode:174 

Rewards Tr: 799.71, Rewards Eval: 791.94, Total Timesteps: 16418260 episode:175 

Rewards Tr: 837.89, Rewards Eval: 946.33, Total Timesteps: 16624800 episode:176 

Rewards Tr: 939.95, Rewards Eval: 1148.29, Total Timesteps: 16844930 episode:177 

Rewards Tr: 942.44, Rewards Eval: 1632.52, Total Timesteps: 17072790 episode:178 

Rewards Tr: 1014.31, Rewards Eval: 678.68, Total Timesteps: 17329650 episode:179 

Rewards Tr: 967.81, Rewards Eval: 881.17, Total Timesteps: 17565890 episode:180 

Rewards Tr: 965.08, Rewards Eval: 983.08, Total Timesteps: 17795210 episode:181 

Rewards Tr: 832.49, Rewards Eval: 997.76, Total Timesteps: 17981430 episode:182 

Rewards Tr: 867.45, Rewards Eval: 647.61, Total Timesteps: 18167420 episode:183 

Rewards Tr: 850.12, Rewards Eval: 642.14, Total Timesteps: 18335740 episode:184 

Rewards Tr: 906.13, Rewards Eval: 921.50, Total Timesteps: 18534020 episode:185 

Rewards Tr: 899.71, Rewards Eval: 736.60, Total Timesteps: 18736770 episode:186 

Rewards Tr: 923.78, Rewards Eval: 903.09, Total Timesteps: 18947270 episode:187 

Rewards Tr: 922.37, Rewards Eval: 757.34, Total Timesteps: 19159030 episode:188 

Rewards Tr: 898.37, Rewards Eval: 1059.47, Total Timesteps: 19354880 episode:189 

Rewards Tr: 820.78, Rewards Eval: 908.62, Total Timesteps: 19525480 episode:190 

Rewards Tr: 842.03, Rewards Eval: 787.11, Total Timesteps: 19701270 episode:191 

Rewards Tr: 767.95, Rewards Eval: 723.87, Total Timesteps: 19839220 episode:192 

Rewards Tr: 782.38, Rewards Eval: 830.77, Total Timesteps: 19992910 episode:193 

Rewards Tr: 833.73, Rewards Eval: 907.63, Total Timesteps: 20155170 episode:194 

Rewards Tr: 891.88, Rewards Eval: 1152.69, Total Timesteps: 20336690 episode:195 

Rewards Tr: 918.67, Rewards Eval: 642.69, Total Timesteps: 20535860 episode:196 

Rewards Tr: 1027.22, Rewards Eval: 878.56, Total Timesteps: 20759030 episode:197 

Rewards Tr: 1074.57, Rewards Eval: 875.15, Total Timesteps: 21003460 episode:198 

Rewards Tr: 1038.65, Rewards Eval: 1335.61, Total Timesteps: 21242020 episode:199 

Rewards Tr: 1059.89, Rewards Eval: 1067.25, Total Timesteps: 21489210 episode:200 

Rewards Tr: 1045.25, Rewards Eval: 937.12, Total Timesteps: 21734360 episode:201 

Rewards Tr: 1083.28, Rewards Eval: 1119.25, Total Timesteps: 21950880 episode:202 

Rewards Tr: 1045.18, Rewards Eval: 1197.75, Total Timesteps: 22184500 episode:203 

Rewards Tr: 1063.74, Rewards Eval: 915.45, Total Timesteps: 22424800 episode:204 

Rewards Tr: 1133.07, Rewards Eval: 841.10, Total Timesteps: 22681520 episode:205 

Rewards Tr: 1059.82, Rewards Eval: 868.07, Total Timesteps: 22904980 episode:206 

Rewards Tr: 1016.87, Rewards Eval: 1324.27, Total Timesteps: 23125610 episode:207 

Rewards Tr: 1037.57, Rewards Eval: 745.07, Total Timesteps: 23339020 episode:208 

Rewards Tr: 1044.98, Rewards Eval: 1195.37, Total Timesteps: 23563410 episode:209 

Rewards Tr: 1040.30, Rewards Eval: 1331.31, Total Timesteps: 23780790 episode:210 

Rewards Tr: 1108.84, Rewards Eval: 1075.82, Total Timesteps: 24014380 episode:211 

Rewards Tr: 1079.65, Rewards Eval: 907.85, Total Timesteps: 24245460 episode:212 

Rewards Tr: 1111.93, Rewards Eval: 1369.36, Total Timesteps: 24478970 episode:213 

Rewards Tr: 1142.20, Rewards Eval: 680.41, Total Timesteps: 24720990 episode:214 

Rewards Tr: 1103.53, Rewards Eval: 1047.99, Total Timesteps: 24954340 episode:215 

Rewards Tr: 1120.11, Rewards Eval: 1078.78, Total Timesteps: 25190230 episode:216 

Rewards Tr: 1059.62, Rewards Eval: 902.49, Total Timesteps: 25418020 episode:217 

Rewards Tr: 1077.51, Rewards Eval: 1256.26, Total Timesteps: 25634650 episode:218 

Rewards Tr: 1109.54, Rewards Eval: 744.64, Total Timesteps: 25860420 episode:219 

Rewards Tr: 1142.54, Rewards Eval: 858.28, Total Timesteps: 26098630 episode:220 

Rewards Tr: 1110.37, Rewards Eval: 1127.58, Total Timesteps: 26319750 episode:221 

Rewards Tr: 1164.77, Rewards Eval: 920.25, Total Timesteps: 26558620 episode:222 

Rewards Tr: 1160.59, Rewards Eval: 870.53, Total Timesteps: 26785930 episode:223 

Rewards Tr: 1125.78, Rewards Eval: 1210.02, Total Timesteps: 27014210 episode:224 

Rewards Tr: 1070.75, Rewards Eval: 823.12, Total Timesteps: 27227470 episode:225 

Rewards Tr: 1083.15, Rewards Eval: 1177.18, Total Timesteps: 27447250 episode:226 

Rewards Tr: 1014.92, Rewards Eval: 1508.23, Total Timesteps: 27645350 episode:227 

Rewards Tr: 1107.86, Rewards Eval: 1413.08, Total Timesteps: 27874000 episode:228 

Rewards Tr: 1199.42, Rewards Eval: 1353.94, Total Timesteps: 28123550 episode:229 

Rewards Tr: 1196.42, Rewards Eval: 1181.58, Total Timesteps: 28373490 episode:230 

Rewards Tr: 1138.55, Rewards Eval: 1155.80, Total Timesteps: 28590590 episode:231 

Rewards Tr: 1006.91, Rewards Eval: 952.14, Total Timesteps: 28779720 episode:232 

Rewards Tr: 963.51, Rewards Eval: 1020.10, Total Timesteps: 28967670 episode:233 

Rewards Tr: 901.90, Rewards Eval: 918.16, Total Timesteps: 29125930 episode:234 

Rewards Tr: 960.72, Rewards Eval: 1429.43, Total Timesteps: 29310570 episode:235 

Rewards Tr: 991.40, Rewards Eval: 1299.90, Total Timesteps: 29511190 episode:236 

Rewards Tr: 1015.12, Rewards Eval: 884.55, Total Timesteps: 29714450 episode:237 

Rewards Tr: 1017.30, Rewards Eval: 938.68, Total Timesteps: 29911360 episode:238 

Rewards Tr: 1009.88, Rewards Eval: 869.09, Total Timesteps: 30118320 episode:239 

Rewards Tr: 927.34, Rewards Eval: 1094.01, Total Timesteps: 30294130 episode:240 

Rewards Tr: 923.11, Rewards Eval: 877.12, Total Timesteps: 30450480 episode:241 

Rewards Tr: 995.74, Rewards Eval: 895.17, Total Timesteps: 30645400 episode:242 

Rewards Tr: 1102.24, Rewards Eval: 1509.19, Total Timesteps: 30858850 episode:243 

Rewards Tr: 1250.09, Rewards Eval: 1305.05, Total Timesteps: 31107780 episode:244 

Rewards Tr: 1248.96, Rewards Eval: 1133.93, Total Timesteps: 31369290 episode:245 

Rewards Tr: 1181.14, Rewards Eval: 1240.22, Total Timesteps: 31613070 episode:246 

Rewards Tr: 1129.30, Rewards Eval: 1752.81, Total Timesteps: 31836190 episode:247 

Rewards Tr: 1187.91, Rewards Eval: 1754.02, Total Timesteps: 32068530 episode:248 

Rewards Tr: 1214.05, Rewards Eval: 1265.21, Total Timesteps: 32307370 episode:249 

Rewards Tr: 1276.64, Rewards Eval: 1048.18, Total Timesteps: 32557970 episode:250 

Rewards Tr: 1219.57, Rewards Eval: 858.75, Total Timesteps: 32810470 episode:251 

Rewards Tr: 1093.27, Rewards Eval: 1149.36, Total Timesteps: 33024420 episode:252 

Rewards Tr: 1101.14, Rewards Eval: 1177.95, Total Timesteps: 33241900 episode:253 

Rewards Tr: 1034.91, Rewards Eval: 1319.97, Total Timesteps: 33436620 episode:254 

Rewards Tr: 1165.43, Rewards Eval: 826.43, Total Timesteps: 33672600 episode:255 

Rewards Tr: 1195.31, Rewards Eval: 1001.62, Total Timesteps: 33909800 episode:256 

Rewards Tr: 1103.86, Rewards Eval: 869.26, Total Timesteps: 34130400 episode:257 

Rewards Tr: 1003.48, Rewards Eval: 1082.92, Total Timesteps: 34317790 episode:258 

Rewards Tr: 991.25, Rewards Eval: 840.74, Total Timesteps: 34492230 episode:259 

Rewards Tr: 1095.63, Rewards Eval: 1631.12, Total Timesteps: 34698190 episode:260 

Rewards Tr: 1084.56, Rewards Eval: 1053.18, Total Timesteps: 34911660 episode:261 

Rewards Tr: 1107.07, Rewards Eval: 1189.94, Total Timesteps: 35121130 episode:262 

Rewards Tr: 1094.10, Rewards Eval: 1249.54, Total Timesteps: 35334550 episode:263 

Rewards Tr: 1130.65, Rewards Eval: 1355.19, Total Timesteps: 35557940 episode:264 

Rewards Tr: 1015.98, Rewards Eval: 757.44, Total Timesteps: 35747330 episode:265 

Rewards Tr: 1075.22, Rewards Eval: 759.05, Total Timesteps: 35958260 episode:266 

Rewards Tr: 1083.24, Rewards Eval: 1594.14, Total Timesteps: 36160840 episode:267 

Rewards Tr: 1241.56, Rewards Eval: 1519.89, Total Timesteps: 36421680 episode:268 

Rewards Tr: 1262.09, Rewards Eval: 1670.45, Total Timesteps: 36677650 episode:269 

Rewards Tr: 1268.68, Rewards Eval: 1143.18, Total Timesteps: 36937370 episode:270 

Rewards Tr: 1277.83, Rewards Eval: 1329.65, Total Timesteps: 37192540 episode:271 

Rewards Tr: 1198.91, Rewards Eval: 860.39, Total Timesteps: 37432440 episode:272 

Rewards Tr: 1054.58, Rewards Eval: 1104.16, Total Timesteps: 37642410 episode:273 

Rewards Tr: 996.78, Rewards Eval: 858.00, Total Timesteps: 37828350 episode:274 

Rewards Tr: 965.36, Rewards Eval: 971.31, Total Timesteps: 38001870 episode:275 

Rewards Tr: 1009.44, Rewards Eval: 1194.56, Total Timesteps: 38187100 episode:276 

Rewards Tr: 1045.11, Rewards Eval: 1109.81, Total Timesteps: 38389590 episode:277 

Rewards Tr: 1086.50, Rewards Eval: 1099.92, Total Timesteps: 38612960 episode:278 

Rewards Tr: 1049.34, Rewards Eval: 825.10, Total Timesteps: 38818730 episode:279 

Rewards Tr: 1062.92, Rewards Eval: 729.02, Total Timesteps: 39023870 episode:280 

Rewards Tr: 994.37, Rewards Eval: 958.84, Total Timesteps: 39196600 episode:281 

Rewards Tr: 972.86, Rewards Eval: 1103.59, Total Timesteps: 39361940 episode:282 

Rewards Tr: 985.05, Rewards Eval: 1151.17, Total Timesteps: 39521690 episode:283 

Rewards Tr: 1043.78, Rewards Eval: 1589.50, Total Timesteps: 39698670 episode:284 

Rewards Tr: 1104.42, Rewards Eval: 1118.18, Total Timesteps: 39899890 episode:285 

Rewards Tr: 1160.68, Rewards Eval: 1123.48, Total Timesteps: 40115860 episode:286 

Rewards Tr: 1189.83, Rewards Eval: 1416.12, Total Timesteps: 40355790 episode:287 

Rewards Tr: 1276.43, Rewards Eval: 1030.77, Total Timesteps: 40608310 episode:288 

Rewards Tr: 1256.16, Rewards Eval: 1521.31, Total Timesteps: 40854800 episode:289 

Rewards Tr: 1233.25, Rewards Eval: 1228.51, Total Timesteps: 41093600 episode:290 

Rewards Tr: 1265.33, Rewards Eval: 1429.27, Total Timesteps: 41351680 episode:291 

Rewards Tr: 1252.15, Rewards Eval: 1363.06, Total Timesteps: 41594650 episode:292 

Rewards Tr: 1168.34, Rewards Eval: 1589.19, Total Timesteps: 41813630 episode:293 

Rewards Tr: 1203.26, Rewards Eval: 1401.96, Total Timesteps: 42057650 episode:294 

Rewards Tr: 1094.24, Rewards Eval: 1545.39, Total Timesteps: 42260530 episode:295 

Rewards Tr: 1295.93, Rewards Eval: 1424.89, Total Timesteps: 42516130 episode:296 

Rewards Tr: 1378.03, Rewards Eval: 1419.21, Total Timesteps: 42787070 episode:297 

Rewards Tr: 1269.69, Rewards Eval: 1126.46, Total Timesteps: 43035870 episode:298 

Rewards Tr: 1215.54, Rewards Eval: 790.19, Total Timesteps: 43276660 episode:299 

Rewards Tr: 1047.03, Rewards Eval: 1190.67, Total Timesteps: 43465370 episode:300 

Rewards Tr: 1078.18, Rewards Eval: 2157.36, Total Timesteps: 43668160 episode:301 

Rewards Tr: 1155.75, Rewards Eval: 782.23, Total Timesteps: 43884600 episode:302 

Rewards Tr: 1315.39, Rewards Eval: 1199.00, Total Timesteps: 44154650 episode:303 

Rewards Tr: 1433.19, Rewards Eval: 1323.79, Total Timesteps: 44445240 episode:304 

Rewards Tr: 1351.67, Rewards Eval: 1320.25, Total Timesteps: 44717490 episode:305 

Rewards Tr: 1230.70, Rewards Eval: 1082.33, Total Timesteps: 44960590 episode:306 

Rewards Tr: 1102.93, Rewards Eval: 916.99, Total Timesteps: 45167780 episode:307 

Rewards Tr: 1012.53, Rewards Eval: 698.53, Total Timesteps: 45349830 episode:308 

Rewards Tr: 1016.48, Rewards Eval: 1063.62, Total Timesteps: 45518780 episode:309 

Rewards Tr: 1134.16, Rewards Eval: 1120.24, Total Timesteps: 45727820 episode:310 

Rewards Tr: 1090.92, Rewards Eval: 1297.72, Total Timesteps: 45924540 episode:311 

Rewards Tr: 1100.29, Rewards Eval: 1066.20, Total Timesteps: 46121990 episode:312 

Rewards Tr: 1102.58, Rewards Eval: 1028.72, Total Timesteps: 46323180 episode:313 

Rewards Tr: 1038.97, Rewards Eval: 1329.27, Total Timesteps: 46496340 episode:314 

Rewards Tr: 1147.41, Rewards Eval: 917.80, Total Timesteps: 46722560 episode:315 

Rewards Tr: 1162.27, Rewards Eval: 940.49, Total Timesteps: 46941960 episode:316 

Rewards Tr: 1205.89, Rewards Eval: 1041.25, Total Timesteps: 47155310 episode:317 

Rewards Tr: 1319.36, Rewards Eval: 1418.66, Total Timesteps: 47412340 episode:318 

Rewards Tr: 1309.96, Rewards Eval: 1365.94, Total Timesteps: 47668710 episode:319 

Rewards Tr: 1529.29, Rewards Eval: 1731.53, Total Timesteps: 47947190 episode:320 

Rewards Tr: 1667.93, Rewards Eval: 1554.95, Total Timesteps: 48246820 episode:321 

Rewards Tr: 1744.24, Rewards Eval: 1594.95, Total Timesteps: 48542770 episode:322 

Rewards Tr: 1751.42, Rewards Eval: 1557.58, Total Timesteps: 48838870 episode:323 

Rewards Tr: 1581.56, Rewards Eval: 1078.85, Total Timesteps: 49130990 episode:324 

Rewards Tr: 1355.77, Rewards Eval: 1125.93, Total Timesteps: 49393360 episode:325 

Rewards Tr: 1276.03, Rewards Eval: 1414.23, Total Timesteps: 49655800 episode:326 

Rewards Tr: 1757.66, Rewards Eval: 1784.56, Total Timesteps: 49952580 episode:327 

Rewards Tr: 1791.35, Rewards Eval: 1325.02, Total Timesteps: 50251970 episode:328 

Rewards Tr: 1798.00, Rewards Eval: 1534.85, Total Timesteps: 50551510 episode:329 

Rewards Tr: 1599.39, Rewards Eval: 2037.09, Total Timesteps: 50851510 episode:330 

Rewards Tr: 1462.58, Rewards Eval: 1623.85, Total Timesteps: 51138780 episode:331 

Rewards Tr: 1407.59, Rewards Eval: 1555.44, Total Timesteps: 51394700 episode:332 

Rewards Tr: 1328.94, Rewards Eval: 1410.80, Total Timesteps: 51652320 episode:333 

Rewards Tr: 1481.59, Rewards Eval: 1446.46, Total Timesteps: 51927720 episode:334 

Rewards Tr: 1460.69, Rewards Eval: 1398.34, Total Timesteps: 52204680 episode:335 

Rewards Tr: 1300.22, Rewards Eval: 1290.62, Total Timesteps: 52454820 episode:336 

Rewards Tr: 1261.28, Rewards Eval: 1712.48, Total Timesteps: 52699540 episode:337 

Rewards Tr: 1454.44, Rewards Eval: 1915.15, Total Timesteps: 52978010 episode:338 

Rewards Tr: 1529.73, Rewards Eval: 1657.75, Total Timesteps: 53269620 episode:339 

Rewards Tr: 1503.97, Rewards Eval: 1841.98, Total Timesteps: 53557480 episode:340 

Rewards Tr: 1537.80, Rewards Eval: 1679.78, Total Timesteps: 53847250 episode:341 

Rewards Tr: 1385.48, Rewards Eval: 1535.58, Total Timesteps: 54124140 episode:342 

Rewards Tr: 1425.55, Rewards Eval: 879.73, Total Timesteps: 54399460 episode:343 

Rewards Tr: 1392.13, Rewards Eval: 1393.09, Total Timesteps: 54669720 episode:344 

Rewards Tr: 1589.33, Rewards Eval: 1570.26, Total Timesteps: 54955720 episode:345 

Rewards Tr: 1849.70, Rewards Eval: 2034.37, Total Timesteps: 55255720 episode:346 

Rewards Tr: 1971.18, Rewards Eval: 1794.95, Total Timesteps: 55555720 episode:347 

Rewards Tr: 1914.56, Rewards Eval: 2114.87, Total Timesteps: 55853020 episode:348 

Rewards Tr: 1828.85, Rewards Eval: 2094.45, Total Timesteps: 56149950 episode:349 

Elapsed Time: 318.6 minutes 

