
The following have been reloaded with a version change:
  1) mpfr/3.1.6 => mpfr/4.0.1

For Seed: 3 

Rewards Tr: 11.12, Rewards Eval: 0.00, Total Timesteps: 8580 episode:0 

Rewards Tr: 16.19, Rewards Eval: 9.30, Total Timesteps: 20300 episode:1 

Rewards Tr: 20.61, Rewards Eval: 35.55, Total Timesteps: 34000 episode:2 

Rewards Tr: 30.40, Rewards Eval: 30.40, Total Timesteps: 51910 episode:3 

Rewards Tr: 38.16, Rewards Eval: 44.79, Total Timesteps: 70430 episode:4 

Rewards Tr: 44.58, Rewards Eval: 61.22, Total Timesteps: 88590 episode:5 

Rewards Tr: 50.93, Rewards Eval: 59.16, Total Timesteps: 106750 episode:6 

Rewards Tr: 52.04, Rewards Eval: 50.89, Total Timesteps: 125520 episode:7 

Rewards Tr: 51.83, Rewards Eval: 50.21, Total Timesteps: 141950 episode:8 

Rewards Tr: 54.42, Rewards Eval: 44.04, Total Timesteps: 159180 episode:9 

Rewards Tr: 55.98, Rewards Eval: 43.45, Total Timesteps: 177970 episode:10 

Rewards Tr: 56.67, Rewards Eval: 54.52, Total Timesteps: 195570 episode:11 

Rewards Tr: 56.43, Rewards Eval: 67.47, Total Timesteps: 212780 episode:12 

Rewards Tr: 60.36, Rewards Eval: 78.08, Total Timesteps: 231590 episode:13 

Rewards Tr: 60.38, Rewards Eval: 74.73, Total Timesteps: 249890 episode:14 

Rewards Tr: 63.09, Rewards Eval: 62.93, Total Timesteps: 271440 episode:15 

Rewards Tr: 66.47, Rewards Eval: 54.85, Total Timesteps: 292790 episode:16 

Rewards Tr: 72.08, Rewards Eval: 79.89, Total Timesteps: 317910 episode:17 

Rewards Tr: 73.61, Rewards Eval: 69.58, Total Timesteps: 343190 episode:18 

Rewards Tr: 73.63, Rewards Eval: 73.32, Total Timesteps: 371230 episode:19 

Rewards Tr: 74.78, Rewards Eval: 74.35, Total Timesteps: 399190 episode:20 

Rewards Tr: 81.51, Rewards Eval: 64.61, Total Timesteps: 431490 episode:21 

Rewards Tr: 84.06, Rewards Eval: 89.10, Total Timesteps: 465100 episode:22 

Rewards Tr: 86.36, Rewards Eval: 75.76, Total Timesteps: 500590 episode:23 

Rewards Tr: 86.44, Rewards Eval: 90.00, Total Timesteps: 534670 episode:24 

Rewards Tr: 95.62, Rewards Eval: 109.37, Total Timesteps: 575480 episode:25 

Rewards Tr: 89.47, Rewards Eval: 104.42, Total Timesteps: 615480 episode:26 

Rewards Tr: 100.10, Rewards Eval: 100.02, Total Timesteps: 660800 episode:27 

Rewards Tr: 102.44, Rewards Eval: 92.73, Total Timesteps: 704760 episode:28 

Rewards Tr: 105.79, Rewards Eval: 108.56, Total Timesteps: 747510 episode:29 

Rewards Tr: 106.37, Rewards Eval: 127.72, Total Timesteps: 788770 episode:30 

Rewards Tr: 110.57, Rewards Eval: 114.45, Total Timesteps: 832200 episode:31 

Rewards Tr: 117.59, Rewards Eval: 83.75, Total Timesteps: 883690 episode:32 

Rewards Tr: 120.78, Rewards Eval: 108.75, Total Timesteps: 932320 episode:33 

Rewards Tr: 129.41, Rewards Eval: 126.40, Total Timesteps: 981170 episode:34 

Rewards Tr: 133.42, Rewards Eval: 130.43, Total Timesteps: 1032680 episode:35 

Rewards Tr: 137.72, Rewards Eval: 120.70, Total Timesteps: 1081350 episode:36 

Rewards Tr: 138.99, Rewards Eval: 151.29, Total Timesteps: 1131410 episode:37 

Rewards Tr: 152.22, Rewards Eval: 118.45, Total Timesteps: 1182450 episode:38 

Rewards Tr: 154.84, Rewards Eval: 126.78, Total Timesteps: 1233570 episode:39 

Rewards Tr: 155.75, Rewards Eval: 201.06, Total Timesteps: 1281560 episode:40 

Rewards Tr: 155.60, Rewards Eval: 171.48, Total Timesteps: 1330040 episode:41 

Rewards Tr: 159.73, Rewards Eval: 196.12, Total Timesteps: 1377370 episode:42 

Rewards Tr: 158.29, Rewards Eval: 193.47, Total Timesteps: 1426160 episode:43 

Rewards Tr: 171.30, Rewards Eval: 171.23, Total Timesteps: 1473890 episode:44 

Rewards Tr: 163.11, Rewards Eval: 154.22, Total Timesteps: 1518030 episode:45 

Rewards Tr: 170.54, Rewards Eval: 181.80, Total Timesteps: 1563370 episode:46 

Rewards Tr: 167.96, Rewards Eval: 158.87, Total Timesteps: 1606190 episode:47 

Rewards Tr: 169.71, Rewards Eval: 171.20, Total Timesteps: 1647080 episode:48 

Rewards Tr: 170.74, Rewards Eval: 163.34, Total Timesteps: 1689860 episode:49 

Rewards Tr: 172.21, Rewards Eval: 162.39, Total Timesteps: 1732890 episode:50 

Rewards Tr: 171.84, Rewards Eval: 147.16, Total Timesteps: 1775400 episode:51 

Rewards Tr: 174.52, Rewards Eval: 171.35, Total Timesteps: 1818020 episode:52 

Rewards Tr: 174.26, Rewards Eval: 191.29, Total Timesteps: 1859640 episode:53 

Rewards Tr: 179.33, Rewards Eval: 182.45, Total Timesteps: 1902730 episode:54 

Rewards Tr: 176.88, Rewards Eval: 186.28, Total Timesteps: 1944620 episode:55 

Rewards Tr: 181.18, Rewards Eval: 180.02, Total Timesteps: 1989220 episode:56 

Rewards Tr: 180.96, Rewards Eval: 195.79, Total Timesteps: 2034230 episode:57 

Rewards Tr: 183.68, Rewards Eval: 195.82, Total Timesteps: 2079640 episode:58 

Rewards Tr: 190.11, Rewards Eval: 215.92, Total Timesteps: 2130420 episode:59 

Rewards Tr: 195.27, Rewards Eval: 216.02, Total Timesteps: 2179380 episode:60 

Rewards Tr: 196.14, Rewards Eval: 177.69, Total Timesteps: 2228570 episode:61 

Rewards Tr: 198.49, Rewards Eval: 215.55, Total Timesteps: 2280250 episode:62 

Rewards Tr: 209.32, Rewards Eval: 224.13, Total Timesteps: 2337590 episode:63 

Rewards Tr: 209.85, Rewards Eval: 215.57, Total Timesteps: 2393220 episode:64 

Rewards Tr: 224.08, Rewards Eval: 271.16, Total Timesteps: 2460100 episode:65 

Rewards Tr: 225.31, Rewards Eval: 199.44, Total Timesteps: 2527270 episode:66 

Rewards Tr: 233.75, Rewards Eval: 212.51, Total Timesteps: 2602360 episode:67 

Rewards Tr: 236.06, Rewards Eval: 196.10, Total Timesteps: 2677470 episode:68 

Rewards Tr: 245.80, Rewards Eval: 279.65, Total Timesteps: 2748300 episode:69 

Rewards Tr: 257.18, Rewards Eval: 279.13, Total Timesteps: 2835510 episode:70 

Rewards Tr: 266.75, Rewards Eval: 280.12, Total Timesteps: 2922390 episode:71 

Rewards Tr: 275.59, Rewards Eval: 246.25, Total Timesteps: 3019220 episode:72 

Rewards Tr: 275.46, Rewards Eval: 281.50, Total Timesteps: 3115170 episode:73 

Rewards Tr: 290.73, Rewards Eval: 330.99, Total Timesteps: 3217400 episode:74 

Rewards Tr: 291.80, Rewards Eval: 303.61, Total Timesteps: 3323680 episode:75 

Rewards Tr: 302.70, Rewards Eval: 291.61, Total Timesteps: 3439980 episode:76 

Rewards Tr: 309.27, Rewards Eval: 325.11, Total Timesteps: 3567630 episode:77 

Rewards Tr: 315.89, Rewards Eval: 362.27, Total Timesteps: 3689510 episode:78 

Rewards Tr: 321.11, Rewards Eval: 271.84, Total Timesteps: 3812150 episode:79 

Rewards Tr: 337.30, Rewards Eval: 487.39, Total Timesteps: 3943580 episode:80 

Rewards Tr: 350.04, Rewards Eval: 304.19, Total Timesteps: 4080490 episode:81 

Rewards Tr: 354.37, Rewards Eval: 381.56, Total Timesteps: 4226970 episode:82 

Rewards Tr: 368.52, Rewards Eval: 540.03, Total Timesteps: 4377920 episode:83 

Rewards Tr: 377.85, Rewards Eval: 383.54, Total Timesteps: 4537490 episode:84 

Rewards Tr: 381.10, Rewards Eval: 320.67, Total Timesteps: 4687460 episode:85 

Rewards Tr: 384.54, Rewards Eval: 451.51, Total Timesteps: 4849410 episode:86 

Rewards Tr: 398.19, Rewards Eval: 355.70, Total Timesteps: 5012970 episode:87 

Rewards Tr: 395.61, Rewards Eval: 404.90, Total Timesteps: 5167280 episode:88 

Rewards Tr: 399.95, Rewards Eval: 442.85, Total Timesteps: 5321600 episode:89 

Rewards Tr: 403.06, Rewards Eval: 392.87, Total Timesteps: 5468680 episode:90 

Rewards Tr: 396.71, Rewards Eval: 511.92, Total Timesteps: 5613920 episode:91 

Rewards Tr: 423.49, Rewards Eval: 393.77, Total Timesteps: 5772080 episode:92 

Rewards Tr: 434.04, Rewards Eval: 455.76, Total Timesteps: 5940990 episode:93 

Rewards Tr: 453.98, Rewards Eval: 373.70, Total Timesteps: 6115580 episode:94 

Rewards Tr: 447.00, Rewards Eval: 494.37, Total Timesteps: 6288150 episode:95 

Rewards Tr: 438.09, Rewards Eval: 463.20, Total Timesteps: 6449440 episode:96 

Rewards Tr: 446.07, Rewards Eval: 500.95, Total Timesteps: 6619220 episode:97 

Rewards Tr: 403.09, Rewards Eval: 389.49, Total Timesteps: 6752010 episode:98 

Rewards Tr: 398.26, Rewards Eval: 383.27, Total Timesteps: 6878850 episode:99 

Rewards Tr: 396.40, Rewards Eval: 373.04, Total Timesteps: 7010840 episode:100 

Rewards Tr: 385.93, Rewards Eval: 438.96, Total Timesteps: 7123890 episode:101 

Rewards Tr: 371.86, Rewards Eval: 359.60, Total Timesteps: 7239270 episode:102 

Rewards Tr: 349.16, Rewards Eval: 390.18, Total Timesteps: 7342210 episode:103 

Rewards Tr: 348.40, Rewards Eval: 351.73, Total Timesteps: 7445220 episode:104 

Rewards Tr: 335.89, Rewards Eval: 314.69, Total Timesteps: 7538940 episode:105 

Rewards Tr: 333.47, Rewards Eval: 322.93, Total Timesteps: 7634990 episode:106 

Rewards Tr: 326.78, Rewards Eval: 335.12, Total Timesteps: 7720070 episode:107 

Rewards Tr: 312.93, Rewards Eval: 311.82, Total Timesteps: 7799060 episode:108 

Rewards Tr: 301.72, Rewards Eval: 278.62, Total Timesteps: 7866180 episode:109 

Rewards Tr: 295.21, Rewards Eval: 305.04, Total Timesteps: 7931930 episode:110 

Rewards Tr: 301.27, Rewards Eval: 315.99, Total Timesteps: 7995030 episode:111 

Rewards Tr: 307.28, Rewards Eval: 335.53, Total Timesteps: 8061730 episode:112 

Rewards Tr: 304.87, Rewards Eval: 298.97, Total Timesteps: 8127960 episode:113 

Rewards Tr: 296.41, Rewards Eval: 309.54, Total Timesteps: 8194970 episode:114 

Rewards Tr: 294.09, Rewards Eval: 312.17, Total Timesteps: 8256830 episode:115 

Rewards Tr: 293.92, Rewards Eval: 253.80, Total Timesteps: 8314310 episode:116 

Rewards Tr: 281.20, Rewards Eval: 303.21, Total Timesteps: 8367470 episode:117 

Rewards Tr: 275.05, Rewards Eval: 267.94, Total Timesteps: 8419760 episode:118 

Rewards Tr: 267.33, Rewards Eval: 294.73, Total Timesteps: 8469480 episode:119 

Rewards Tr: 275.25, Rewards Eval: 249.89, Total Timesteps: 8519140 episode:120 

Rewards Tr: 290.82, Rewards Eval: 336.62, Total Timesteps: 8571470 episode:121 

Rewards Tr: 291.31, Rewards Eval: 281.55, Total Timesteps: 8626550 episode:122 

Rewards Tr: 290.25, Rewards Eval: 286.00, Total Timesteps: 8680910 episode:123 

Rewards Tr: 292.03, Rewards Eval: 300.26, Total Timesteps: 8738750 episode:124 

Rewards Tr: 309.88, Rewards Eval: 323.20, Total Timesteps: 8801220 episode:125 

Rewards Tr: 312.39, Rewards Eval: 345.05, Total Timesteps: 8861420 episode:126 

Rewards Tr: 327.53, Rewards Eval: 426.28, Total Timesteps: 8927930 episode:127 

Rewards Tr: 335.51, Rewards Eval: 278.19, Total Timesteps: 8997530 episode:128 

Rewards Tr: 335.41, Rewards Eval: 422.27, Total Timesteps: 9071930 episode:129 

Rewards Tr: 338.21, Rewards Eval: 366.01, Total Timesteps: 9143780 episode:130 

Rewards Tr: 348.94, Rewards Eval: 286.00, Total Timesteps: 9215560 episode:131 

Rewards Tr: 361.57, Rewards Eval: 384.94, Total Timesteps: 9294460 episode:132 

Rewards Tr: 391.59, Rewards Eval: 318.05, Total Timesteps: 9383580 episode:133 

Rewards Tr: 373.66, Rewards Eval: 547.77, Total Timesteps: 9470040 episode:134 

Rewards Tr: 404.60, Rewards Eval: 322.89, Total Timesteps: 9564890 episode:135 

Rewards Tr: 398.58, Rewards Eval: 534.59, Total Timesteps: 9659190 episode:136 

Rewards Tr: 454.51, Rewards Eval: 422.83, Total Timesteps: 9779600 episode:137 

Rewards Tr: 505.17, Rewards Eval: 405.40, Total Timesteps: 9920830 episode:138 

Rewards Tr: 448.51, Rewards Eval: 475.84, Total Timesteps: 10044950 episode:139 

Rewards Tr: 497.38, Rewards Eval: 432.98, Total Timesteps: 10167140 episode:140 

Rewards Tr: 536.38, Rewards Eval: 412.56, Total Timesteps: 10301490 episode:141 

Rewards Tr: 525.64, Rewards Eval: 452.76, Total Timesteps: 10434940 episode:142 

Rewards Tr: 498.71, Rewards Eval: 1062.73, Total Timesteps: 10555190 episode:143 

Rewards Tr: 500.69, Rewards Eval: 400.36, Total Timesteps: 10673180 episode:144 

Rewards Tr: 474.13, Rewards Eval: 610.99, Total Timesteps: 10796300 episode:145 

Rewards Tr: 533.57, Rewards Eval: 356.28, Total Timesteps: 10929870 episode:146 

Rewards Tr: 529.61, Rewards Eval: 588.57, Total Timesteps: 11052000 episode:147 

Rewards Tr: 555.72, Rewards Eval: 589.24, Total Timesteps: 11181270 episode:148 

Rewards Tr: 600.41, Rewards Eval: 416.67, Total Timesteps: 11333730 episode:149 

Rewards Tr: 617.99, Rewards Eval: 573.16, Total Timesteps: 11484600 episode:150 

Rewards Tr: 637.12, Rewards Eval: 453.11, Total Timesteps: 11650030 episode:151 

Rewards Tr: 726.99, Rewards Eval: 663.50, Total Timesteps: 11843950 episode:152 

Rewards Tr: 643.78, Rewards Eval: 774.58, Total Timesteps: 12010090 episode:153 

Rewards Tr: 661.20, Rewards Eval: 458.91, Total Timesteps: 12169180 episode:154 

Rewards Tr: 641.24, Rewards Eval: 499.23, Total Timesteps: 12316000 episode:155 

Rewards Tr: 655.04, Rewards Eval: 770.94, Total Timesteps: 12458670 episode:156 

Rewards Tr: 619.31, Rewards Eval: 506.98, Total Timesteps: 12596680 episode:157 

Rewards Tr: 689.41, Rewards Eval: 1433.41, Total Timesteps: 12751910 episode:158 

Rewards Tr: 858.48, Rewards Eval: 775.78, Total Timesteps: 12965220 episode:159 

Rewards Tr: 858.21, Rewards Eval: 1321.69, Total Timesteps: 13178880 episode:160 

Rewards Tr: 847.67, Rewards Eval: 834.88, Total Timesteps: 13395950 episode:161 

Rewards Tr: 831.07, Rewards Eval: 642.05, Total Timesteps: 13597540 episode:162 

Rewards Tr: 887.86, Rewards Eval: 633.85, Total Timesteps: 13791160 episode:163 

Rewards Tr: 779.80, Rewards Eval: 743.54, Total Timesteps: 13956710 episode:164 

Rewards Tr: 763.81, Rewards Eval: 831.24, Total Timesteps: 14113270 episode:165 

Rewards Tr: 743.55, Rewards Eval: 948.32, Total Timesteps: 14253710 episode:166 

Rewards Tr: 761.13, Rewards Eval: 858.54, Total Timesteps: 14395570 episode:167 

Rewards Tr: 700.77, Rewards Eval: 940.15, Total Timesteps: 14525110 episode:168 

Rewards Tr: 816.67, Rewards Eval: 718.31, Total Timesteps: 14686300 episode:169 

Rewards Tr: 849.93, Rewards Eval: 899.05, Total Timesteps: 14853570 episode:170 

Rewards Tr: 858.47, Rewards Eval: 751.18, Total Timesteps: 15028550 episode:171 

Rewards Tr: 961.34, Rewards Eval: 767.66, Total Timesteps: 15226300 episode:172 

Rewards Tr: 928.96, Rewards Eval: 694.93, Total Timesteps: 15435710 episode:173 

Rewards Tr: 988.17, Rewards Eval: 1181.95, Total Timesteps: 15644500 episode:174 

Rewards Tr: 1057.29, Rewards Eval: 1033.02, Total Timesteps: 15872740 episode:175 

Rewards Tr: 948.64, Rewards Eval: 591.95, Total Timesteps: 16080830 episode:176 

Rewards Tr: 958.81, Rewards Eval: 1269.81, Total Timesteps: 16269160 episode:177 

Rewards Tr: 1102.92, Rewards Eval: 1001.73, Total Timesteps: 16507250 episode:178 

Rewards Tr: 1213.58, Rewards Eval: 1356.09, Total Timesteps: 16765240 episode:179 

Rewards Tr: 1122.92, Rewards Eval: 1070.81, Total Timesteps: 17016290 episode:180 

Rewards Tr: 1037.20, Rewards Eval: 994.66, Total Timesteps: 17240750 episode:181 

Rewards Tr: 1174.31, Rewards Eval: 954.82, Total Timesteps: 17487430 episode:182 

Rewards Tr: 1302.17, Rewards Eval: 1235.48, Total Timesteps: 17756380 episode:183 

Rewards Tr: 1275.16, Rewards Eval: 1284.99, Total Timesteps: 18017720 episode:184 

Rewards Tr: 1246.86, Rewards Eval: 867.28, Total Timesteps: 18281940 episode:185 

Rewards Tr: 1278.47, Rewards Eval: 1479.62, Total Timesteps: 18551000 episode:186 

Rewards Tr: 1223.24, Rewards Eval: 798.90, Total Timesteps: 18791740 episode:187 

Rewards Tr: 1079.05, Rewards Eval: 869.46, Total Timesteps: 19006250 episode:188 

Rewards Tr: 997.44, Rewards Eval: 1125.33, Total Timesteps: 19204880 episode:189 

Rewards Tr: 1114.01, Rewards Eval: 1620.78, Total Timesteps: 19444520 episode:190 

Rewards Tr: 1223.16, Rewards Eval: 873.62, Total Timesteps: 19699090 episode:191 

Rewards Tr: 1272.41, Rewards Eval: 1259.37, Total Timesteps: 19959550 episode:192 

Rewards Tr: 1371.95, Rewards Eval: 847.15, Total Timesteps: 20235770 episode:193 

Rewards Tr: 1245.58, Rewards Eval: 984.14, Total Timesteps: 20496060 episode:194 

Rewards Tr: 1008.15, Rewards Eval: 938.20, Total Timesteps: 20688860 episode:195 

Rewards Tr: 1070.05, Rewards Eval: 1391.78, Total Timesteps: 20888070 episode:196 

Rewards Tr: 1120.44, Rewards Eval: 1004.57, Total Timesteps: 21117690 episode:197 

Rewards Tr: 1188.48, Rewards Eval: 1546.02, Total Timesteps: 21346780 episode:198 

Rewards Tr: 1155.61, Rewards Eval: 897.88, Total Timesteps: 21575060 episode:199 

Rewards Tr: 1167.94, Rewards Eval: 904.83, Total Timesteps: 21799080 episode:200 

Rewards Tr: 1079.65, Rewards Eval: 853.23, Total Timesteps: 22000750 episode:201 

Rewards Tr: 1032.40, Rewards Eval: 1028.34, Total Timesteps: 22195960 episode:202 

Rewards Tr: 1143.22, Rewards Eval: 940.88, Total Timesteps: 22414500 episode:203 

Rewards Tr: 1288.34, Rewards Eval: 975.39, Total Timesteps: 22670230 episode:204 

Rewards Tr: 1301.20, Rewards Eval: 1251.76, Total Timesteps: 22926160 episode:205 

Rewards Tr: 1342.51, Rewards Eval: 1425.44, Total Timesteps: 23192640 episode:206 

Rewards Tr: 1251.94, Rewards Eval: 818.84, Total Timesteps: 23436940 episode:207 

Rewards Tr: 1119.97, Rewards Eval: 1147.47, Total Timesteps: 23640470 episode:208 

Rewards Tr: 1105.04, Rewards Eval: 1259.45, Total Timesteps: 23850040 episode:209 

Rewards Tr: 1286.08, Rewards Eval: 1352.06, Total Timesteps: 24101510 episode:210 

Rewards Tr: 1378.73, Rewards Eval: 1330.07, Total Timesteps: 24370130 episode:211 

Rewards Tr: 1444.76, Rewards Eval: 1403.82, Total Timesteps: 24644700 episode:212 

Rewards Tr: 1374.42, Rewards Eval: 1190.26, Total Timesteps: 24895520 episode:213 

Rewards Tr: 1316.45, Rewards Eval: 1355.78, Total Timesteps: 25157750 episode:214 

Rewards Tr: 1213.33, Rewards Eval: 1534.23, Total Timesteps: 25387710 episode:215 

Rewards Tr: 1362.45, Rewards Eval: 1566.59, Total Timesteps: 25644210 episode:216 

Rewards Tr: 1404.52, Rewards Eval: 1544.92, Total Timesteps: 25911510 episode:217 

Rewards Tr: 1540.57, Rewards Eval: 1400.29, Total Timesteps: 26201720 episode:218 

Rewards Tr: 1551.28, Rewards Eval: 1108.48, Total Timesteps: 26489800 episode:219 

Rewards Tr: 1539.67, Rewards Eval: 1194.40, Total Timesteps: 26762620 episode:220 

Rewards Tr: 1439.04, Rewards Eval: 1088.60, Total Timesteps: 27033790 episode:221 

Rewards Tr: 1295.14, Rewards Eval: 1030.50, Total Timesteps: 27292170 episode:222 

Rewards Tr: 1340.43, Rewards Eval: 1559.56, Total Timesteps: 27542450 episode:223 

Rewards Tr: 1294.22, Rewards Eval: 1093.53, Total Timesteps: 27790160 episode:224 

Rewards Tr: 1353.41, Rewards Eval: 1739.22, Total Timesteps: 28055290 episode:225 

Rewards Tr: 1668.57, Rewards Eval: 1718.27, Total Timesteps: 28351810 episode:226 

Rewards Tr: 1646.79, Rewards Eval: 2291.69, Total Timesteps: 28651010 episode:227 

Rewards Tr: 1734.05, Rewards Eval: 1744.58, Total Timesteps: 28948500 episode:228 

Rewards Tr: 1648.42, Rewards Eval: 1242.87, Total Timesteps: 29237620 episode:229 

Rewards Tr: 1424.60, Rewards Eval: 1516.45, Total Timesteps: 29511770 episode:230 

Rewards Tr: 1406.86, Rewards Eval: 1350.15, Total Timesteps: 29778960 episode:231 

Rewards Tr: 1236.99, Rewards Eval: 919.92, Total Timesteps: 30006090 episode:232 

Rewards Tr: 1260.78, Rewards Eval: 1037.91, Total Timesteps: 30237470 episode:233 

Rewards Tr: 1330.84, Rewards Eval: 1135.15, Total Timesteps: 30481570 episode:234 

Rewards Tr: 1270.70, Rewards Eval: 1468.02, Total Timesteps: 30715020 episode:235 

Rewards Tr: 1385.17, Rewards Eval: 967.32, Total Timesteps: 30977200 episode:236 

Rewards Tr: 1288.82, Rewards Eval: 965.11, Total Timesteps: 31211760 episode:237 

Rewards Tr: 1235.60, Rewards Eval: 996.39, Total Timesteps: 31437810 episode:238 

Rewards Tr: 1183.44, Rewards Eval: 815.79, Total Timesteps: 31653040 episode:239 

Rewards Tr: 1188.87, Rewards Eval: 965.83, Total Timesteps: 31871380 episode:240 

Rewards Tr: 1329.11, Rewards Eval: 1527.11, Total Timesteps: 32120890 episode:241 

Rewards Tr: 1469.11, Rewards Eval: 1368.65, Total Timesteps: 32387150 episode:242 

Rewards Tr: 1549.62, Rewards Eval: 1355.90, Total Timesteps: 32670590 episode:243 

Rewards Tr: 1516.35, Rewards Eval: 1584.09, Total Timesteps: 32960550 episode:244 

Rewards Tr: 1475.97, Rewards Eval: 1732.33, Total Timesteps: 33224370 episode:245 

Rewards Tr: 1415.45, Rewards Eval: 1238.98, Total Timesteps: 33481800 episode:246 

Rewards Tr: 1508.69, Rewards Eval: 1367.76, Total Timesteps: 33751320 episode:247 

Rewards Tr: 1578.07, Rewards Eval: 1393.58, Total Timesteps: 34024930 episode:248 

Rewards Tr: 1599.01, Rewards Eval: 2112.54, Total Timesteps: 34306880 episode:249 

Rewards Tr: 1548.43, Rewards Eval: 1252.55, Total Timesteps: 34589400 episode:250 

Rewards Tr: 1749.71, Rewards Eval: 1626.13, Total Timesteps: 34885590 episode:251 

Rewards Tr: 1703.19, Rewards Eval: 1573.68, Total Timesteps: 35181250 episode:252 

Rewards Tr: 1774.40, Rewards Eval: 1694.63, Total Timesteps: 35474900 episode:253 

Rewards Tr: 1592.23, Rewards Eval: 1243.57, Total Timesteps: 35760780 episode:254 

Rewards Tr: 1524.37, Rewards Eval: 1305.04, Total Timesteps: 36038440 episode:255 

Rewards Tr: 1687.24, Rewards Eval: 1712.96, Total Timesteps: 36323280 episode:256 

Rewards Tr: 1871.99, Rewards Eval: 2372.75, Total Timesteps: 36620740 episode:257 

Rewards Tr: 1845.30, Rewards Eval: 2106.88, Total Timesteps: 36918250 episode:258 

Rewards Tr: 1986.93, Rewards Eval: 1289.47, Total Timesteps: 37217520 episode:259 

Rewards Tr: 1600.00, Rewards Eval: 1576.12, Total Timesteps: 37493850 episode:260 

Rewards Tr: 1484.56, Rewards Eval: 1780.89, Total Timesteps: 37771130 episode:261 

Rewards Tr: 1320.31, Rewards Eval: 1373.08, Total Timesteps: 38016310 episode:262 

Rewards Tr: 1459.41, Rewards Eval: 1870.07, Total Timesteps: 38287990 episode:263 

Rewards Tr: 1726.21, Rewards Eval: 1075.83, Total Timesteps: 38584450 episode:264 

Rewards Tr: 1821.56, Rewards Eval: 1390.68, Total Timesteps: 38883850 episode:265 

Rewards Tr: 1714.12, Rewards Eval: 2047.08, Total Timesteps: 39181470 episode:266 

Rewards Tr: 1536.30, Rewards Eval: 1993.72, Total Timesteps: 39460530 episode:267 

Rewards Tr: 1505.41, Rewards Eval: 1237.56, Total Timesteps: 39727690 episode:268 

Rewards Tr: 1599.79, Rewards Eval: 1546.20, Total Timesteps: 40009120 episode:269 

Rewards Tr: 1759.08, Rewards Eval: 2299.71, Total Timesteps: 40303540 episode:270 

Rewards Tr: 1932.27, Rewards Eval: 1670.18, Total Timesteps: 40602300 episode:271 

Rewards Tr: 2091.04, Rewards Eval: 2092.76, Total Timesteps: 40902300 episode:272 

Rewards Tr: 2181.44, Rewards Eval: 2089.78, Total Timesteps: 41202300 episode:273 

Rewards Tr: 1876.72, Rewards Eval: 1028.74, Total Timesteps: 41502300 episode:274 

Rewards Tr: 1622.41, Rewards Eval: 1705.77, Total Timesteps: 41795990 episode:275 

Rewards Tr: 1658.14, Rewards Eval: 2200.10, Total Timesteps: 42082160 episode:276 

Rewards Tr: 1767.94, Rewards Eval: 1843.35, Total Timesteps: 42376540 episode:277 

Rewards Tr: 2051.44, Rewards Eval: 2286.37, Total Timesteps: 42676500 episode:278 

Rewards Tr: 2181.64, Rewards Eval: 1663.73, Total Timesteps: 42976500 episode:279 

Rewards Tr: 1900.39, Rewards Eval: 2162.31, Total Timesteps: 43275510 episode:280 

Rewards Tr: 1691.90, Rewards Eval: 1882.76, Total Timesteps: 43564460 episode:281 

Rewards Tr: 1543.26, Rewards Eval: 1269.73, Total Timesteps: 43843960 episode:282 

Rewards Tr: 1537.50, Rewards Eval: 1539.19, Total Timesteps: 44115740 episode:283 

Rewards Tr: 1593.01, Rewards Eval: 1426.23, Total Timesteps: 44396490 episode:284 

Rewards Tr: 1707.86, Rewards Eval: 1664.27, Total Timesteps: 44686290 episode:285 

Rewards Tr: 1789.03, Rewards Eval: 2075.29, Total Timesteps: 44974590 episode:286 

Rewards Tr: 1814.24, Rewards Eval: 1677.46, Total Timesteps: 45273700 episode:287 

Rewards Tr: 1920.60, Rewards Eval: 1817.92, Total Timesteps: 45572340 episode:288 

Rewards Tr: 1954.15, Rewards Eval: 2176.79, Total Timesteps: 45871900 episode:289 

Rewards Tr: 2179.80, Rewards Eval: 2122.45, Total Timesteps: 46171900 episode:290 

Rewards Tr: 2181.36, Rewards Eval: 1921.10, Total Timesteps: 46471690 episode:291 

Rewards Tr: 2219.61, Rewards Eval: 2625.55, Total Timesteps: 46771690 episode:292 

Rewards Tr: 2174.74, Rewards Eval: 2342.92, Total Timesteps: 47071690 episode:293 

Rewards Tr: 1899.37, Rewards Eval: 1931.35, Total Timesteps: 47369690 episode:294 

Rewards Tr: 1558.97, Rewards Eval: 1309.57, Total Timesteps: 47650020 episode:295 

Rewards Tr: 1589.41, Rewards Eval: 2372.70, Total Timesteps: 47934420 episode:296 

Rewards Tr: 1818.40, Rewards Eval: 2232.25, Total Timesteps: 48230050 episode:297 

Rewards Tr: 2078.24, Rewards Eval: 2435.70, Total Timesteps: 48530050 episode:298 

Rewards Tr: 2371.19, Rewards Eval: 2643.48, Total Timesteps: 48830050 episode:299 

Rewards Tr: 2341.52, Rewards Eval: 2454.48, Total Timesteps: 49129610 episode:300 

Rewards Tr: 1988.99, Rewards Eval: 2186.43, Total Timesteps: 49429610 episode:301 

Rewards Tr: 1632.58, Rewards Eval: 1645.60, Total Timesteps: 49713960 episode:302 

Rewards Tr: 1704.39, Rewards Eval: 1277.01, Total Timesteps: 50004000 episode:303 

Rewards Tr: 1917.73, Rewards Eval: 1956.16, Total Timesteps: 50304000 episode:304 

Rewards Tr: 2303.26, Rewards Eval: 2338.02, Total Timesteps: 50604000 episode:305 

Rewards Tr: 2552.36, Rewards Eval: 2216.37, Total Timesteps: 50904000 episode:306 

Rewards Tr: 2370.33, Rewards Eval: 2204.22, Total Timesteps: 51204000 episode:307 

Rewards Tr: 1914.49, Rewards Eval: 1860.06, Total Timesteps: 51497910 episode:308 

Rewards Tr: 1726.87, Rewards Eval: 1370.51, Total Timesteps: 51795420 episode:309 

Rewards Tr: 1636.76, Rewards Eval: 2068.82, Total Timesteps: 52070130 episode:310 

Rewards Tr: 1941.95, Rewards Eval: 1805.63, Total Timesteps: 52370130 episode:311 

Rewards Tr: 2261.46, Rewards Eval: 1939.68, Total Timesteps: 52670130 episode:312 

Rewards Tr: 2254.26, Rewards Eval: 1894.12, Total Timesteps: 52970130 episode:313 

Rewards Tr: 2313.44, Rewards Eval: 2373.86, Total Timesteps: 53270130 episode:314 

Rewards Tr: 2109.75, Rewards Eval: 1337.14, Total Timesteps: 53570130 episode:315 

Rewards Tr: 1983.39, Rewards Eval: 2016.27, Total Timesteps: 53863660 episode:316 

Rewards Tr: 1883.42, Rewards Eval: 1373.41, Total Timesteps: 54160680 episode:317 

Rewards Tr: 1899.27, Rewards Eval: 2120.74, Total Timesteps: 54459230 episode:318 

Rewards Tr: 1909.34, Rewards Eval: 1851.57, Total Timesteps: 54753470 episode:319 

Rewards Tr: 2066.30, Rewards Eval: 2065.35, Total Timesteps: 55051190 episode:320 

Rewards Tr: 2238.28, Rewards Eval: 2232.44, Total Timesteps: 55351190 episode:321 

Rewards Tr: 2381.08, Rewards Eval: 2437.05, Total Timesteps: 55651190 episode:322 

Rewards Tr: 2297.76, Rewards Eval: 1720.71, Total Timesteps: 55951190 episode:323 

Rewards Tr: 2040.78, Rewards Eval: 1965.00, Total Timesteps: 56250090 episode:324 

Rewards Tr: 1872.34, Rewards Eval: 2068.70, Total Timesteps: 56547790 episode:325 

Rewards Tr: 2111.78, Rewards Eval: 2386.02, Total Timesteps: 56847330 episode:326 

Rewards Tr: 2302.78, Rewards Eval: 2213.27, Total Timesteps: 57147330 episode:327 

Rewards Tr: 2324.95, Rewards Eval: 2296.22, Total Timesteps: 57447330 episode:328 

Rewards Tr: 2279.52, Rewards Eval: 2399.32, Total Timesteps: 57747330 episode:329 

Rewards Tr: 2027.87, Rewards Eval: 1882.03, Total Timesteps: 58046140 episode:330 

Rewards Tr: 1809.26, Rewards Eval: 1450.37, Total Timesteps: 58342600 episode:331 

Rewards Tr: 1713.29, Rewards Eval: 2414.60, Total Timesteps: 58629910 episode:332 

Rewards Tr: 2080.42, Rewards Eval: 2298.06, Total Timesteps: 58927880 episode:333 

Rewards Tr: 2370.07, Rewards Eval: 1951.95, Total Timesteps: 59227880 episode:334 

Rewards Tr: 2391.61, Rewards Eval: 2049.66, Total Timesteps: 59527880 episode:335 

Rewards Tr: 2186.62, Rewards Eval: 1671.55, Total Timesteps: 59827880 episode:336 

Rewards Tr: 1885.28, Rewards Eval: 2103.17, Total Timesteps: 60127880 episode:337 

Rewards Tr: 1897.82, Rewards Eval: 2316.92, Total Timesteps: 60422440 episode:338 

Rewards Tr: 2057.48, Rewards Eval: 2799.96, Total Timesteps: 60722440 episode:339 

Rewards Tr: 2248.53, Rewards Eval: 2021.72, Total Timesteps: 61022440 episode:340 

Rewards Tr: 2294.61, Rewards Eval: 2368.79, Total Timesteps: 61322440 episode:341 

Rewards Tr: 2192.36, Rewards Eval: 1955.63, Total Timesteps: 61622440 episode:342 

Rewards Tr: 2208.06, Rewards Eval: 2076.77, Total Timesteps: 61922350 episode:343 

Rewards Tr: 1992.45, Rewards Eval: 2097.70, Total Timesteps: 62219750 episode:344 

Rewards Tr: 1804.94, Rewards Eval: 2336.85, Total Timesteps: 62516760 episode:345 

Rewards Tr: 1917.17, Rewards Eval: 2166.92, Total Timesteps: 62813660 episode:346 

Rewards Tr: 2057.80, Rewards Eval: 1806.59, Total Timesteps: 63111130 episode:347 

Rewards Tr: 2282.26, Rewards Eval: 2464.31, Total Timesteps: 63411130 episode:348 

Rewards Tr: 2152.44, Rewards Eval: 2302.21, Total Timesteps: 63710470 episode:349 

Elapsed Time: 444.4 minutes 

For Seed: 4 

Rewards Tr: 17.74, Rewards Eval: 40.61, Total Timesteps: 12220 episode:0 

Rewards Tr: 25.43, Rewards Eval: 64.80, Total Timesteps: 26550 episode:1 

Rewards Tr: 31.09, Rewards Eval: 49.78, Total Timesteps: 41970 episode:2 

Rewards Tr: 40.36, Rewards Eval: 28.62, Total Timesteps: 59330 episode:3 

Rewards Tr: 45.84, Rewards Eval: 52.75, Total Timesteps: 77510 episode:4 

Rewards Tr: 49.14, Rewards Eval: 55.11, Total Timesteps: 95880 episode:5 

Rewards Tr: 51.36, Rewards Eval: 51.12, Total Timesteps: 114380 episode:6 

Rewards Tr: 52.13, Rewards Eval: 53.01, Total Timesteps: 132020 episode:7 

Rewards Tr: 57.16, Rewards Eval: 60.74, Total Timesteps: 150570 episode:8 

Rewards Tr: 57.90, Rewards Eval: 53.18, Total Timesteps: 171440 episode:9 

Rewards Tr: 60.98, Rewards Eval: 71.52, Total Timesteps: 191930 episode:10 

Rewards Tr: 66.74, Rewards Eval: 54.15, Total Timesteps: 215810 episode:11 

Rewards Tr: 66.85, Rewards Eval: 49.50, Total Timesteps: 240180 episode:12 

Rewards Tr: 71.00, Rewards Eval: 56.09, Total Timesteps: 266440 episode:13 

Rewards Tr: 76.58, Rewards Eval: 69.40, Total Timesteps: 294790 episode:14 

Rewards Tr: 80.52, Rewards Eval: 83.70, Total Timesteps: 327730 episode:15 

Rewards Tr: 77.85, Rewards Eval: 60.93, Total Timesteps: 358630 episode:16 

Rewards Tr: 84.57, Rewards Eval: 86.33, Total Timesteps: 396420 episode:17 

Rewards Tr: 87.90, Rewards Eval: 76.13, Total Timesteps: 436590 episode:18 

Rewards Tr: 93.79, Rewards Eval: 83.32, Total Timesteps: 478840 episode:19 

Rewards Tr: 95.24, Rewards Eval: 124.03, Total Timesteps: 520210 episode:20 

Rewards Tr: 101.35, Rewards Eval: 86.61, Total Timesteps: 563300 episode:21 

Rewards Tr: 104.50, Rewards Eval: 152.21, Total Timesteps: 606500 episode:22 

Rewards Tr: 103.69, Rewards Eval: 118.64, Total Timesteps: 645440 episode:23 

Rewards Tr: 112.48, Rewards Eval: 95.04, Total Timesteps: 692000 episode:24 

Rewards Tr: 119.96, Rewards Eval: 121.62, Total Timesteps: 738260 episode:25 

Rewards Tr: 130.10, Rewards Eval: 186.42, Total Timesteps: 781330 episode:26 

Rewards Tr: 130.26, Rewards Eval: 98.46, Total Timesteps: 829310 episode:27 

Rewards Tr: 143.71, Rewards Eval: 126.51, Total Timesteps: 877380 episode:28 

Rewards Tr: 144.10, Rewards Eval: 106.08, Total Timesteps: 924060 episode:29 

Rewards Tr: 148.83, Rewards Eval: 126.65, Total Timesteps: 968860 episode:30 

Rewards Tr: 151.08, Rewards Eval: 133.18, Total Timesteps: 1012640 episode:31 

Rewards Tr: 153.60, Rewards Eval: 165.60, Total Timesteps: 1054180 episode:32 

Rewards Tr: 158.36, Rewards Eval: 154.48, Total Timesteps: 1095460 episode:33 

Rewards Tr: 157.06, Rewards Eval: 212.67, Total Timesteps: 1137760 episode:34 

Rewards Tr: 159.54, Rewards Eval: 169.55, Total Timesteps: 1178000 episode:35 

Rewards Tr: 162.98, Rewards Eval: 149.30, Total Timesteps: 1218490 episode:36 

Rewards Tr: 163.64, Rewards Eval: 168.29, Total Timesteps: 1258390 episode:37 

Rewards Tr: 165.97, Rewards Eval: 170.66, Total Timesteps: 1299260 episode:38 

Rewards Tr: 167.52, Rewards Eval: 175.16, Total Timesteps: 1337860 episode:39 

Rewards Tr: 168.22, Rewards Eval: 178.58, Total Timesteps: 1376000 episode:40 

Rewards Tr: 172.20, Rewards Eval: 153.31, Total Timesteps: 1414950 episode:41 

Rewards Tr: 171.10, Rewards Eval: 181.30, Total Timesteps: 1453960 episode:42 

Rewards Tr: 177.02, Rewards Eval: 172.19, Total Timesteps: 1494940 episode:43 

Rewards Tr: 178.78, Rewards Eval: 186.96, Total Timesteps: 1537470 episode:44 

Rewards Tr: 182.34, Rewards Eval: 150.25, Total Timesteps: 1582460 episode:45 

Rewards Tr: 184.86, Rewards Eval: 187.92, Total Timesteps: 1629600 episode:46 

Rewards Tr: 187.70, Rewards Eval: 181.12, Total Timesteps: 1677510 episode:47 

Rewards Tr: 196.76, Rewards Eval: 227.55, Total Timesteps: 1731840 episode:48 

Rewards Tr: 198.95, Rewards Eval: 248.39, Total Timesteps: 1782390 episode:49 

Rewards Tr: 204.70, Rewards Eval: 192.69, Total Timesteps: 1837890 episode:50 

Rewards Tr: 207.43, Rewards Eval: 189.15, Total Timesteps: 1897850 episode:51 

Rewards Tr: 218.12, Rewards Eval: 215.75, Total Timesteps: 1961250 episode:52 

Rewards Tr: 223.41, Rewards Eval: 228.87, Total Timesteps: 2027190 episode:53 

Rewards Tr: 229.62, Rewards Eval: 236.94, Total Timesteps: 2098950 episode:54 

Rewards Tr: 234.29, Rewards Eval: 247.29, Total Timesteps: 2171870 episode:55 

Rewards Tr: 247.96, Rewards Eval: 215.97, Total Timesteps: 2250380 episode:56 

Rewards Tr: 245.93, Rewards Eval: 258.08, Total Timesteps: 2326720 episode:57 

Rewards Tr: 254.93, Rewards Eval: 253.34, Total Timesteps: 2420100 episode:58 

Rewards Tr: 251.56, Rewards Eval: 282.36, Total Timesteps: 2502690 episode:59 

Rewards Tr: 269.62, Rewards Eval: 267.61, Total Timesteps: 2594070 episode:60 

Rewards Tr: 271.71, Rewards Eval: 233.92, Total Timesteps: 2683590 episode:61 

Rewards Tr: 278.06, Rewards Eval: 267.89, Total Timesteps: 2776970 episode:62 

Rewards Tr: 281.51, Rewards Eval: 259.60, Total Timesteps: 2873710 episode:63 

Rewards Tr: 285.77, Rewards Eval: 299.95, Total Timesteps: 2972990 episode:64 

Rewards Tr: 296.22, Rewards Eval: 370.87, Total Timesteps: 3074950 episode:65 

Rewards Tr: 307.43, Rewards Eval: 331.80, Total Timesteps: 3191370 episode:66 

Rewards Tr: 312.82, Rewards Eval: 299.67, Total Timesteps: 3311860 episode:67 

Rewards Tr: 312.80, Rewards Eval: 315.14, Total Timesteps: 3432270 episode:68 

Rewards Tr: 319.78, Rewards Eval: 325.71, Total Timesteps: 3561610 episode:69 

Rewards Tr: 328.62, Rewards Eval: 286.18, Total Timesteps: 3691920 episode:70 

Rewards Tr: 346.92, Rewards Eval: 306.38, Total Timesteps: 3844100 episode:71 

Rewards Tr: 354.98, Rewards Eval: 402.36, Total Timesteps: 3993350 episode:72 

Rewards Tr: 378.68, Rewards Eval: 328.91, Total Timesteps: 4168780 episode:73 

Rewards Tr: 373.91, Rewards Eval: 518.58, Total Timesteps: 4326590 episode:74 

Rewards Tr: 378.47, Rewards Eval: 367.17, Total Timesteps: 4486770 episode:75 

Rewards Tr: 407.15, Rewards Eval: 518.38, Total Timesteps: 4668720 episode:76 

Rewards Tr: 401.52, Rewards Eval: 582.30, Total Timesteps: 4840050 episode:77 

Rewards Tr: 409.10, Rewards Eval: 429.04, Total Timesteps: 5015320 episode:78 

Rewards Tr: 416.89, Rewards Eval: 487.82, Total Timesteps: 5179580 episode:79 

Rewards Tr: 420.66, Rewards Eval: 349.58, Total Timesteps: 5345950 episode:80 

Rewards Tr: 445.34, Rewards Eval: 378.18, Total Timesteps: 5527360 episode:81 

Rewards Tr: 467.62, Rewards Eval: 501.72, Total Timesteps: 5722280 episode:82 

Rewards Tr: 466.04, Rewards Eval: 456.29, Total Timesteps: 5923020 episode:83 

Rewards Tr: 460.10, Rewards Eval: 463.23, Total Timesteps: 6099900 episode:84 

Rewards Tr: 438.94, Rewards Eval: 366.73, Total Timesteps: 6264550 episode:85 

Rewards Tr: 419.82, Rewards Eval: 343.36, Total Timesteps: 6417060 episode:86 

Rewards Tr: 402.97, Rewards Eval: 479.49, Total Timesteps: 6557920 episode:87 

Rewards Tr: 388.59, Rewards Eval: 377.76, Total Timesteps: 6685740 episode:88 

Rewards Tr: 374.30, Rewards Eval: 335.85, Total Timesteps: 6817110 episode:89 

Rewards Tr: 376.35, Rewards Eval: 398.42, Total Timesteps: 6947690 episode:90 

Rewards Tr: 358.30, Rewards Eval: 390.58, Total Timesteps: 7065950 episode:91 

Rewards Tr: 357.32, Rewards Eval: 430.24, Total Timesteps: 7179890 episode:92 

Rewards Tr: 347.97, Rewards Eval: 322.32, Total Timesteps: 7290220 episode:93 

Rewards Tr: 330.57, Rewards Eval: 318.77, Total Timesteps: 7389380 episode:94 

Rewards Tr: 335.92, Rewards Eval: 322.88, Total Timesteps: 7501910 episode:95 

Rewards Tr: 313.97, Rewards Eval: 300.52, Total Timesteps: 7587250 episode:96 

Rewards Tr: 299.84, Rewards Eval: 280.55, Total Timesteps: 7668620 episode:97 

Rewards Tr: 287.87, Rewards Eval: 274.93, Total Timesteps: 7739300 episode:98 

Rewards Tr: 281.07, Rewards Eval: 298.41, Total Timesteps: 7798520 episode:99 

Rewards Tr: 280.72, Rewards Eval: 298.82, Total Timesteps: 7858510 episode:100 

Rewards Tr: 277.77, Rewards Eval: 307.96, Total Timesteps: 7919160 episode:101 

Rewards Tr: 279.10, Rewards Eval: 326.84, Total Timesteps: 7977500 episode:102 

Rewards Tr: 292.20, Rewards Eval: 290.17, Total Timesteps: 8036560 episode:103 

Rewards Tr: 299.06, Rewards Eval: 255.66, Total Timesteps: 8104250 episode:104 

Rewards Tr: 308.96, Rewards Eval: 285.42, Total Timesteps: 8177140 episode:105 

Rewards Tr: 319.61, Rewards Eval: 307.71, Total Timesteps: 8261950 episode:106 

Rewards Tr: 315.73, Rewards Eval: 281.96, Total Timesteps: 8337380 episode:107 

Rewards Tr: 306.11, Rewards Eval: 284.62, Total Timesteps: 8408990 episode:108 

Rewards Tr: 309.80, Rewards Eval: 287.83, Total Timesteps: 8477530 episode:109 

Rewards Tr: 301.18, Rewards Eval: 250.31, Total Timesteps: 8540380 episode:110 

Rewards Tr: 293.12, Rewards Eval: 275.83, Total Timesteps: 8599050 episode:111 

Rewards Tr: 288.98, Rewards Eval: 296.03, Total Timesteps: 8657590 episode:112 

Rewards Tr: 297.07, Rewards Eval: 322.69, Total Timesteps: 8717060 episode:113 

Rewards Tr: 299.38, Rewards Eval: 303.54, Total Timesteps: 8777750 episode:114 

Rewards Tr: 300.81, Rewards Eval: 326.40, Total Timesteps: 8846240 episode:115 

Rewards Tr: 309.81, Rewards Eval: 332.37, Total Timesteps: 8910340 episode:116 

Rewards Tr: 316.59, Rewards Eval: 316.73, Total Timesteps: 8975130 episode:117 

Rewards Tr: 310.91, Rewards Eval: 380.64, Total Timesteps: 9041030 episode:118 

Rewards Tr: 326.43, Rewards Eval: 247.84, Total Timesteps: 9107260 episode:119 

Rewards Tr: 319.20, Rewards Eval: 294.03, Total Timesteps: 9172120 episode:120 

Rewards Tr: 319.80, Rewards Eval: 300.13, Total Timesteps: 9238500 episode:121 

Rewards Tr: 329.22, Rewards Eval: 291.90, Total Timesteps: 9307030 episode:122 

Rewards Tr: 320.00, Rewards Eval: 315.60, Total Timesteps: 9370190 episode:123 

Rewards Tr: 320.77, Rewards Eval: 304.20, Total Timesteps: 9434660 episode:124 

Rewards Tr: 316.44, Rewards Eval: 270.81, Total Timesteps: 9494850 episode:125 

Rewards Tr: 327.32, Rewards Eval: 279.04, Total Timesteps: 9557750 episode:126 

Rewards Tr: 330.78, Rewards Eval: 280.38, Total Timesteps: 9627420 episode:127 

Rewards Tr: 340.33, Rewards Eval: 340.14, Total Timesteps: 9694840 episode:128 

Rewards Tr: 332.70, Rewards Eval: 360.73, Total Timesteps: 9760550 episode:129 

Rewards Tr: 340.40, Rewards Eval: 344.14, Total Timesteps: 9832480 episode:130 

Rewards Tr: 352.81, Rewards Eval: 421.41, Total Timesteps: 9905950 episode:131 

Rewards Tr: 351.79, Rewards Eval: 351.68, Total Timesteps: 9979230 episode:132 

Rewards Tr: 356.64, Rewards Eval: 311.21, Total Timesteps: 10053380 episode:133 

Rewards Tr: 355.76, Rewards Eval: 377.38, Total Timesteps: 10130120 episode:134 

Rewards Tr: 362.20, Rewards Eval: 551.83, Total Timesteps: 10202380 episode:135 

Rewards Tr: 358.66, Rewards Eval: 341.23, Total Timesteps: 10271180 episode:136 

Rewards Tr: 366.39, Rewards Eval: 507.29, Total Timesteps: 10340630 episode:137 

Rewards Tr: 366.69, Rewards Eval: 390.66, Total Timesteps: 10414040 episode:138 

Rewards Tr: 385.98, Rewards Eval: 376.57, Total Timesteps: 10492840 episode:139 

Rewards Tr: 398.99, Rewards Eval: 428.51, Total Timesteps: 10580410 episode:140 

Rewards Tr: 413.22, Rewards Eval: 455.11, Total Timesteps: 10676360 episode:141 

Rewards Tr: 434.02, Rewards Eval: 332.77, Total Timesteps: 10770910 episode:142 

Rewards Tr: 436.04, Rewards Eval: 484.23, Total Timesteps: 10875000 episode:143 

Rewards Tr: 452.75, Rewards Eval: 583.78, Total Timesteps: 10973550 episode:144 

Rewards Tr: 472.32, Rewards Eval: 417.56, Total Timesteps: 11077060 episode:145 

Rewards Tr: 474.80, Rewards Eval: 422.75, Total Timesteps: 11176450 episode:146 

Rewards Tr: 501.75, Rewards Eval: 554.26, Total Timesteps: 11291090 episode:147 

Rewards Tr: 526.14, Rewards Eval: 1081.23, Total Timesteps: 11406180 episode:148 

Rewards Tr: 582.07, Rewards Eval: 491.74, Total Timesteps: 11544260 episode:149 

Rewards Tr: 646.40, Rewards Eval: 738.02, Total Timesteps: 11713870 episode:150 

Rewards Tr: 705.09, Rewards Eval: 653.75, Total Timesteps: 11891080 episode:151 

Rewards Tr: 693.50, Rewards Eval: 683.91, Total Timesteps: 12075040 episode:152 

Rewards Tr: 669.44, Rewards Eval: 829.59, Total Timesteps: 12252020 episode:153 

Rewards Tr: 630.53, Rewards Eval: 499.58, Total Timesteps: 12396480 episode:154 

Rewards Tr: 640.27, Rewards Eval: 778.06, Total Timesteps: 12546170 episode:155 

Rewards Tr: 595.33, Rewards Eval: 530.45, Total Timesteps: 12667500 episode:156 

Rewards Tr: 599.78, Rewards Eval: 645.21, Total Timesteps: 12789680 episode:157 

Rewards Tr: 671.46, Rewards Eval: 909.36, Total Timesteps: 12927360 episode:158 

Rewards Tr: 719.33, Rewards Eval: 892.10, Total Timesteps: 13089010 episode:159 

Rewards Tr: 809.66, Rewards Eval: 1022.81, Total Timesteps: 13284300 episode:160 

Rewards Tr: 861.67, Rewards Eval: 621.17, Total Timesteps: 13494410 episode:161 

Rewards Tr: 847.33, Rewards Eval: 740.72, Total Timesteps: 13689890 episode:162 

Rewards Tr: 827.91, Rewards Eval: 658.82, Total Timesteps: 13871080 episode:163 

Rewards Tr: 817.71, Rewards Eval: 364.92, Total Timesteps: 14059430 episode:164 

Rewards Tr: 760.23, Rewards Eval: 713.86, Total Timesteps: 14223230 episode:165 

Rewards Tr: 730.72, Rewards Eval: 665.38, Total Timesteps: 14371450 episode:166 

Rewards Tr: 773.02, Rewards Eval: 875.84, Total Timesteps: 14522640 episode:167 

Rewards Tr: 851.01, Rewards Eval: 781.14, Total Timesteps: 14704050 episode:168 

Rewards Tr: 884.37, Rewards Eval: 683.58, Total Timesteps: 14884650 episode:169 

Rewards Tr: 927.11, Rewards Eval: 978.55, Total Timesteps: 15087070 episode:170 

Rewards Tr: 1006.49, Rewards Eval: 1193.52, Total Timesteps: 15307200 episode:171 

Rewards Tr: 957.40, Rewards Eval: 1212.01, Total Timesteps: 15533760 episode:172 

Rewards Tr: 962.10, Rewards Eval: 1098.72, Total Timesteps: 15738670 episode:173 

Rewards Tr: 936.70, Rewards Eval: 927.76, Total Timesteps: 15933130 episode:174 

Rewards Tr: 891.33, Rewards Eval: 855.54, Total Timesteps: 16108540 episode:175 

Rewards Tr: 861.49, Rewards Eval: 724.51, Total Timesteps: 16272750 episode:176 

Rewards Tr: 867.21, Rewards Eval: 1091.40, Total Timesteps: 16433590 episode:177 

Rewards Tr: 918.01, Rewards Eval: 1084.47, Total Timesteps: 16606480 episode:178 

Rewards Tr: 835.29, Rewards Eval: 832.07, Total Timesteps: 16761800 episode:179 

Rewards Tr: 874.38, Rewards Eval: 1060.12, Total Timesteps: 16935270 episode:180 

Rewards Tr: 957.12, Rewards Eval: 1194.92, Total Timesteps: 17123560 episode:181 

Rewards Tr: 1063.72, Rewards Eval: 982.01, Total Timesteps: 17354010 episode:182 

Rewards Tr: 1166.44, Rewards Eval: 1404.10, Total Timesteps: 17607610 episode:183 

Rewards Tr: 1196.36, Rewards Eval: 1082.48, Total Timesteps: 17868830 episode:184 

Rewards Tr: 1071.05, Rewards Eval: 986.69, Total Timesteps: 18088100 episode:185 

Rewards Tr: 1079.63, Rewards Eval: 1131.25, Total Timesteps: 18320090 episode:186 

Rewards Tr: 988.93, Rewards Eval: 978.33, Total Timesteps: 18519930 episode:187 

Rewards Tr: 980.89, Rewards Eval: 898.35, Total Timesteps: 18706040 episode:188 

Rewards Tr: 935.94, Rewards Eval: 941.55, Total Timesteps: 18870870 episode:189 

Rewards Tr: 903.44, Rewards Eval: 1072.84, Total Timesteps: 19028380 episode:190 

Rewards Tr: 809.45, Rewards Eval: 832.21, Total Timesteps: 19162740 episode:191 

Rewards Tr: 902.28, Rewards Eval: 870.68, Total Timesteps: 19314950 episode:192 

Rewards Tr: 1026.78, Rewards Eval: 1300.22, Total Timesteps: 19508280 episode:193 

Rewards Tr: 1206.63, Rewards Eval: 1000.40, Total Timesteps: 19736980 episode:194 

Rewards Tr: 1122.73, Rewards Eval: 721.09, Total Timesteps: 19967830 episode:195 

Rewards Tr: 1005.16, Rewards Eval: 1305.24, Total Timesteps: 20171530 episode:196 

Rewards Tr: 1034.90, Rewards Eval: 793.66, Total Timesteps: 20358420 episode:197 

Rewards Tr: 1112.62, Rewards Eval: 785.32, Total Timesteps: 20579490 episode:198 

Rewards Tr: 1216.88, Rewards Eval: 1518.34, Total Timesteps: 20823330 episode:199 

Rewards Tr: 1254.91, Rewards Eval: 1186.23, Total Timesteps: 21082040 episode:200 

Rewards Tr: 1152.79, Rewards Eval: 875.04, Total Timesteps: 21303170 episode:201 

Rewards Tr: 1011.90, Rewards Eval: 1003.04, Total Timesteps: 21491890 episode:202 

Rewards Tr: 1002.59, Rewards Eval: 1205.55, Total Timesteps: 21681140 episode:203 

Rewards Tr: 1104.10, Rewards Eval: 1211.32, Total Timesteps: 21896340 episode:204 

Rewards Tr: 1197.55, Rewards Eval: 1516.86, Total Timesteps: 22141250 episode:205 

Rewards Tr: 1193.97, Rewards Eval: 1040.29, Total Timesteps: 22387790 episode:206 

Rewards Tr: 1196.91, Rewards Eval: 1427.87, Total Timesteps: 22616090 episode:207 

Rewards Tr: 1095.92, Rewards Eval: 1082.60, Total Timesteps: 22846060 episode:208 

Rewards Tr: 951.95, Rewards Eval: 904.65, Total Timesteps: 23014100 episode:209 

Rewards Tr: 974.42, Rewards Eval: 1108.56, Total Timesteps: 23193900 episode:210 

Rewards Tr: 1180.25, Rewards Eval: 1686.83, Total Timesteps: 23422980 episode:211 

Rewards Tr: 1234.59, Rewards Eval: 1329.46, Total Timesteps: 23684780 episode:212 

Rewards Tr: 1260.48, Rewards Eval: 1143.17, Total Timesteps: 23936000 episode:213 

Rewards Tr: 1112.65, Rewards Eval: 1022.13, Total Timesteps: 24152860 episode:214 

Rewards Tr: 985.35, Rewards Eval: 917.41, Total Timesteps: 24342040 episode:215 

Rewards Tr: 956.34, Rewards Eval: 1171.99, Total Timesteps: 24513420 episode:216 

Rewards Tr: 1055.94, Rewards Eval: 1149.11, Total Timesteps: 24702410 episode:217 

Rewards Tr: 1183.46, Rewards Eval: 1192.61, Total Timesteps: 24933260 episode:218 

Rewards Tr: 1336.12, Rewards Eval: 1046.55, Total Timesteps: 25189960 episode:219 

Rewards Tr: 1273.49, Rewards Eval: 1657.01, Total Timesteps: 25436320 episode:220 

Rewards Tr: 1323.34, Rewards Eval: 1022.16, Total Timesteps: 25701010 episode:221 

Rewards Tr: 1268.57, Rewards Eval: 1032.93, Total Timesteps: 25950410 episode:222 

Rewards Tr: 1243.65, Rewards Eval: 943.02, Total Timesteps: 26191170 episode:223 

Rewards Tr: 1202.11, Rewards Eval: 1116.36, Total Timesteps: 26414010 episode:224 

Rewards Tr: 1273.64, Rewards Eval: 1099.18, Total Timesteps: 26654740 episode:225 

Rewards Tr: 1254.94, Rewards Eval: 888.03, Total Timesteps: 26886610 episode:226 

Rewards Tr: 1316.28, Rewards Eval: 1398.14, Total Timesteps: 27126200 episode:227 

Rewards Tr: 1217.04, Rewards Eval: 1787.33, Total Timesteps: 27344080 episode:228 

Rewards Tr: 1346.62, Rewards Eval: 981.78, Total Timesteps: 27605220 episode:229 

Rewards Tr: 1285.02, Rewards Eval: 1128.02, Total Timesteps: 27845600 episode:230 

Rewards Tr: 1357.93, Rewards Eval: 1053.68, Total Timesteps: 28106610 episode:231 

Rewards Tr: 1292.35, Rewards Eval: 877.21, Total Timesteps: 28348190 episode:232 

Rewards Tr: 1238.69, Rewards Eval: 1130.50, Total Timesteps: 28579910 episode:233 

Rewards Tr: 1243.25, Rewards Eval: 1242.95, Total Timesteps: 28800470 episode:234 

Rewards Tr: 1482.29, Rewards Eval: 1574.54, Total Timesteps: 29079030 episode:235 

Rewards Tr: 1495.99, Rewards Eval: 2071.21, Total Timesteps: 29364770 episode:236 

Rewards Tr: 1402.92, Rewards Eval: 1115.11, Total Timesteps: 29626730 episode:237 

Rewards Tr: 1201.59, Rewards Eval: 821.81, Total Timesteps: 29863140 episode:238 

Rewards Tr: 1216.73, Rewards Eval: 1149.81, Total Timesteps: 30084850 episode:239 

Rewards Tr: 1240.02, Rewards Eval: 1393.91, Total Timesteps: 30316460 episode:240 

Rewards Tr: 1395.07, Rewards Eval: 937.90, Total Timesteps: 30591310 episode:241 

Rewards Tr: 1502.63, Rewards Eval: 1841.63, Total Timesteps: 30875230 episode:242 

Rewards Tr: 1668.28, Rewards Eval: 1679.49, Total Timesteps: 31168770 episode:243 

Rewards Tr: 1594.99, Rewards Eval: 1977.39, Total Timesteps: 31461030 episode:244 

Rewards Tr: 1404.45, Rewards Eval: 1369.35, Total Timesteps: 31719620 episode:245 

Rewards Tr: 1258.09, Rewards Eval: 972.45, Total Timesteps: 31950580 episode:246 

Rewards Tr: 1296.07, Rewards Eval: 1422.95, Total Timesteps: 32207890 episode:247 

Rewards Tr: 1378.12, Rewards Eval: 1942.32, Total Timesteps: 32469040 episode:248 

Rewards Tr: 1615.54, Rewards Eval: 2079.10, Total Timesteps: 32753800 episode:249 

Rewards Tr: 1714.21, Rewards Eval: 1794.11, Total Timesteps: 33052400 episode:250 

Rewards Tr: 1732.72, Rewards Eval: 1354.76, Total Timesteps: 33347730 episode:251 

Rewards Tr: 1570.56, Rewards Eval: 960.31, Total Timesteps: 33627890 episode:252 

Rewards Tr: 1479.11, Rewards Eval: 1248.97, Total Timesteps: 33901250 episode:253 

Rewards Tr: 1388.49, Rewards Eval: 1933.03, Total Timesteps: 34158210 episode:254 

Rewards Tr: 1650.36, Rewards Eval: 1863.41, Total Timesteps: 34446060 episode:255 

Rewards Tr: 1911.53, Rewards Eval: 1959.51, Total Timesteps: 34746060 episode:256 

Rewards Tr: 1873.44, Rewards Eval: 2153.59, Total Timesteps: 35043390 episode:257 

Rewards Tr: 1622.06, Rewards Eval: 1285.92, Total Timesteps: 35334080 episode:258 

Rewards Tr: 1351.70, Rewards Eval: 1188.07, Total Timesteps: 35596220 episode:259 

Rewards Tr: 1133.79, Rewards Eval: 1151.25, Total Timesteps: 35798990 episode:260 

Rewards Tr: 1229.42, Rewards Eval: 1291.46, Total Timesteps: 36028360 episode:261 

Rewards Tr: 1409.77, Rewards Eval: 2370.65, Total Timesteps: 36296960 episode:262 

Rewards Tr: 1738.02, Rewards Eval: 1919.29, Total Timesteps: 36589300 episode:263 

Rewards Tr: 1760.07, Rewards Eval: 2080.79, Total Timesteps: 36886810 episode:264 

Rewards Tr: 1626.91, Rewards Eval: 1258.41, Total Timesteps: 37176300 episode:265 

Rewards Tr: 1395.76, Rewards Eval: 1310.54, Total Timesteps: 37435570 episode:266 

Rewards Tr: 1313.67, Rewards Eval: 1513.14, Total Timesteps: 37672020 episode:267 

Rewards Tr: 1438.96, Rewards Eval: 2171.15, Total Timesteps: 37932460 episode:268 

Rewards Tr: 1664.72, Rewards Eval: 1488.32, Total Timesteps: 38221490 episode:269 

Rewards Tr: 2067.15, Rewards Eval: 2396.44, Total Timesteps: 38518620 episode:270 

Rewards Tr: 2156.89, Rewards Eval: 1503.58, Total Timesteps: 38818620 episode:271 

Rewards Tr: 1988.77, Rewards Eval: 1141.48, Total Timesteps: 39117530 episode:272 

Rewards Tr: 1679.54, Rewards Eval: 1176.66, Total Timesteps: 39409000 episode:273 

Rewards Tr: 1353.43, Rewards Eval: 1514.27, Total Timesteps: 39663850 episode:274 

Rewards Tr: 1440.02, Rewards Eval: 1292.82, Total Timesteps: 39916790 episode:275 

Rewards Tr: 1555.41, Rewards Eval: 1830.01, Total Timesteps: 40194330 episode:276 

Rewards Tr: 1848.10, Rewards Eval: 1794.99, Total Timesteps: 40487470 episode:277 

Rewards Tr: 1940.67, Rewards Eval: 1611.46, Total Timesteps: 40781410 episode:278 

Rewards Tr: 1854.58, Rewards Eval: 1807.66, Total Timesteps: 41078540 episode:279 

Rewards Tr: 1680.02, Rewards Eval: 1850.79, Total Timesteps: 41371080 episode:280 

Rewards Tr: 1443.27, Rewards Eval: 1552.66, Total Timesteps: 41638580 episode:281 

Rewards Tr: 1378.22, Rewards Eval: 1565.13, Total Timesteps: 41879820 episode:282 

Rewards Tr: 1287.81, Rewards Eval: 815.76, Total Timesteps: 42109480 episode:283 

Rewards Tr: 1353.70, Rewards Eval: 1148.18, Total Timesteps: 42360740 episode:284 

Rewards Tr: 1549.73, Rewards Eval: 1663.07, Total Timesteps: 42642840 episode:285 

Rewards Tr: 1656.76, Rewards Eval: 1937.48, Total Timesteps: 42919880 episode:286 

Rewards Tr: 1714.07, Rewards Eval: 2189.21, Total Timesteps: 43206110 episode:287 

Rewards Tr: 1772.33, Rewards Eval: 1601.11, Total Timesteps: 43497240 episode:288 

Rewards Tr: 1988.73, Rewards Eval: 1683.62, Total Timesteps: 43797240 episode:289 

Rewards Tr: 1949.94, Rewards Eval: 1450.65, Total Timesteps: 44097240 episode:290 

Rewards Tr: 1741.13, Rewards Eval: 1652.52, Total Timesteps: 44388690 episode:291 

Rewards Tr: 1582.24, Rewards Eval: 1431.16, Total Timesteps: 44660500 episode:292 

Rewards Tr: 1835.76, Rewards Eval: 1611.58, Total Timesteps: 44955430 episode:293 

Rewards Tr: 2036.57, Rewards Eval: 1894.93, Total Timesteps: 45255430 episode:294 

Rewards Tr: 2085.57, Rewards Eval: 2299.66, Total Timesteps: 45555430 episode:295 

Rewards Tr: 1963.58, Rewards Eval: 1691.39, Total Timesteps: 45854760 episode:296 

Rewards Tr: 1559.65, Rewards Eval: 1004.49, Total Timesteps: 46123740 episode:297 

Rewards Tr: 1465.97, Rewards Eval: 1202.11, Total Timesteps: 46390680 episode:298 

Rewards Tr: 1627.57, Rewards Eval: 1782.46, Total Timesteps: 46680880 episode:299 

Rewards Tr: 2041.97, Rewards Eval: 2023.07, Total Timesteps: 46980880 episode:300 

Rewards Tr: 2045.08, Rewards Eval: 1725.26, Total Timesteps: 47280880 episode:301 

Rewards Tr: 2057.68, Rewards Eval: 2578.45, Total Timesteps: 47580880 episode:302 

Rewards Tr: 1793.93, Rewards Eval: 1733.25, Total Timesteps: 47876130 episode:303 

Rewards Tr: 1666.18, Rewards Eval: 1458.65, Total Timesteps: 48163680 episode:304 

Rewards Tr: 1749.06, Rewards Eval: 1638.94, Total Timesteps: 48462770 episode:305 

Rewards Tr: 1792.64, Rewards Eval: 2004.58, Total Timesteps: 48758850 episode:306 

Rewards Tr: 2016.74, Rewards Eval: 1564.42, Total Timesteps: 49057120 episode:307 

Rewards Tr: 2195.36, Rewards Eval: 2557.95, Total Timesteps: 49357120 episode:308 

Rewards Tr: 1990.44, Rewards Eval: 1424.80, Total Timesteps: 49654240 episode:309 

Rewards Tr: 1872.76, Rewards Eval: 2002.60, Total Timesteps: 49954240 episode:310 

Rewards Tr: 1891.87, Rewards Eval: 2425.37, Total Timesteps: 50251540 episode:311 

Rewards Tr: 1977.03, Rewards Eval: 1995.81, Total Timesteps: 50551540 episode:312 

Rewards Tr: 1931.07, Rewards Eval: 2037.07, Total Timesteps: 50850060 episode:313 

Rewards Tr: 2068.60, Rewards Eval: 1333.91, Total Timesteps: 51150060 episode:314 

Rewards Tr: 2079.07, Rewards Eval: 2210.70, Total Timesteps: 51447700 episode:315 

Rewards Tr: 2131.87, Rewards Eval: 2047.23, Total Timesteps: 51747700 episode:316 

Rewards Tr: 2066.95, Rewards Eval: 2185.32, Total Timesteps: 52047320 episode:317 

Rewards Tr: 1973.38, Rewards Eval: 1721.56, Total Timesteps: 52345030 episode:318 

Rewards Tr: 1842.06, Rewards Eval: 1991.47, Total Timesteps: 52642830 episode:319 

Rewards Tr: 1986.71, Rewards Eval: 1892.36, Total Timesteps: 52940350 episode:320 

Rewards Tr: 2076.41, Rewards Eval: 1892.54, Total Timesteps: 53237960 episode:321 

Rewards Tr: 1896.54, Rewards Eval: 1540.99, Total Timesteps: 53533870 episode:322 

Rewards Tr: 1893.02, Rewards Eval: 1558.84, Total Timesteps: 53826020 episode:323 

Rewards Tr: 1829.24, Rewards Eval: 1657.02, Total Timesteps: 54115970 episode:324 

Rewards Tr: 1795.36, Rewards Eval: 2260.16, Total Timesteps: 54400300 episode:325 

Rewards Tr: 1960.11, Rewards Eval: 2203.38, Total Timesteps: 54697790 episode:326 

Rewards Tr: 2194.52, Rewards Eval: 1671.13, Total Timesteps: 54997790 episode:327 

Rewards Tr: 2406.56, Rewards Eval: 2127.34, Total Timesteps: 55297790 episode:328 

Rewards Tr: 2314.86, Rewards Eval: 1796.20, Total Timesteps: 55597790 episode:329 

Rewards Tr: 1845.92, Rewards Eval: 2166.44, Total Timesteps: 55893760 episode:330 

Rewards Tr: 1702.31, Rewards Eval: 1938.84, Total Timesteps: 56180740 episode:331 

Rewards Tr: 1729.98, Rewards Eval: 2711.68, Total Timesteps: 56470970 episode:332 

Rewards Tr: 2054.80, Rewards Eval: 1778.77, Total Timesteps: 56764790 episode:333 

Rewards Tr: 2128.33, Rewards Eval: 2073.41, Total Timesteps: 57064720 episode:334 

Rewards Tr: 2384.65, Rewards Eval: 2602.44, Total Timesteps: 57364720 episode:335 

Rewards Tr: 2496.96, Rewards Eval: 1527.11, Total Timesteps: 57664720 episode:336 

Rewards Tr: 2247.57, Rewards Eval: 2634.89, Total Timesteps: 57964720 episode:337 

Rewards Tr: 2048.37, Rewards Eval: 2136.57, Total Timesteps: 58263530 episode:338 

Rewards Tr: 2082.55, Rewards Eval: 2739.25, Total Timesteps: 58563530 episode:339 

Rewards Tr: 2206.13, Rewards Eval: 2417.44, Total Timesteps: 58863530 episode:340 

Rewards Tr: 2408.35, Rewards Eval: 2729.89, Total Timesteps: 59163530 episode:341 

Rewards Tr: 2412.98, Rewards Eval: 2915.24, Total Timesteps: 59463530 episode:342 

Rewards Tr: 2514.66, Rewards Eval: 2849.82, Total Timesteps: 59763530 episode:343 

Rewards Tr: 2272.63, Rewards Eval: 1507.02, Total Timesteps: 60063530 episode:344 

Rewards Tr: 1969.22, Rewards Eval: 1514.10, Total Timesteps: 60360050 episode:345 

Rewards Tr: 1855.30, Rewards Eval: 2335.76, Total Timesteps: 60654620 episode:346 

Rewards Tr: 2181.62, Rewards Eval: 2003.32, Total Timesteps: 60953870 episode:347 

Rewards Tr: 2099.63, Rewards Eval: 2391.82, Total Timesteps: 61253870 episode:348 

Rewards Tr: 2461.49, Rewards Eval: 2334.32, Total Timesteps: 61553870 episode:349 

Elapsed Time: 437.9 minutes 

For Seed: 5 

Rewards Tr: 7.47, Rewards Eval: 0.00, Total Timesteps: 5440 episode:0 

Rewards Tr: 8.80, Rewards Eval: 9.44, Total Timesteps: 12050 episode:1 

Rewards Tr: 10.84, Rewards Eval: 25.12, Total Timesteps: 20520 episode:2 

Rewards Tr: 13.76, Rewards Eval: 8.95, Total Timesteps: 30160 episode:3 

Rewards Tr: 20.38, Rewards Eval: 17.52, Total Timesteps: 43470 episode:4 

Rewards Tr: 29.26, Rewards Eval: 52.76, Total Timesteps: 60500 episode:5 

Rewards Tr: 40.84, Rewards Eval: 58.90, Total Timesteps: 79430 episode:6 

Rewards Tr: 43.81, Rewards Eval: 51.34, Total Timesteps: 98850 episode:7 

Rewards Tr: 49.49, Rewards Eval: 57.11, Total Timesteps: 117530 episode:8 

Rewards Tr: 53.69, Rewards Eval: 61.53, Total Timesteps: 137790 episode:9 

Rewards Tr: 55.39, Rewards Eval: 62.23, Total Timesteps: 158140 episode:10 

Rewards Tr: 56.08, Rewards Eval: 53.96, Total Timesteps: 178340 episode:11 

Rewards Tr: 57.77, Rewards Eval: 52.19, Total Timesteps: 197180 episode:12 

Rewards Tr: 61.62, Rewards Eval: 59.59, Total Timesteps: 217900 episode:13 

Rewards Tr: 61.91, Rewards Eval: 62.32, Total Timesteps: 237320 episode:14 

Rewards Tr: 66.83, Rewards Eval: 60.22, Total Timesteps: 259360 episode:15 

Rewards Tr: 66.80, Rewards Eval: 74.68, Total Timesteps: 283220 episode:16 

Rewards Tr: 69.61, Rewards Eval: 68.17, Total Timesteps: 306860 episode:17 

Rewards Tr: 74.66, Rewards Eval: 65.01, Total Timesteps: 332280 episode:18 

Rewards Tr: 76.72, Rewards Eval: 82.81, Total Timesteps: 357540 episode:19 

Rewards Tr: 81.70, Rewards Eval: 80.47, Total Timesteps: 383750 episode:20 

Rewards Tr: 85.92, Rewards Eval: 95.39, Total Timesteps: 411910 episode:21 

Rewards Tr: 93.81, Rewards Eval: 124.99, Total Timesteps: 442630 episode:22 

Rewards Tr: 94.78, Rewards Eval: 135.89, Total Timesteps: 474700 episode:23 

Rewards Tr: 101.91, Rewards Eval: 76.52, Total Timesteps: 510420 episode:24 

Rewards Tr: 110.56, Rewards Eval: 149.44, Total Timesteps: 546400 episode:25 

Rewards Tr: 111.88, Rewards Eval: 93.02, Total Timesteps: 582360 episode:26 

Rewards Tr: 119.09, Rewards Eval: 160.29, Total Timesteps: 621780 episode:27 

Rewards Tr: 124.37, Rewards Eval: 108.89, Total Timesteps: 658200 episode:28 

Rewards Tr: 134.80, Rewards Eval: 168.90, Total Timesteps: 698870 episode:29 

Rewards Tr: 140.87, Rewards Eval: 168.10, Total Timesteps: 739270 episode:30 

Rewards Tr: 144.43, Rewards Eval: 153.77, Total Timesteps: 778730 episode:31 

Rewards Tr: 146.75, Rewards Eval: 150.39, Total Timesteps: 818410 episode:32 

Rewards Tr: 153.93, Rewards Eval: 187.82, Total Timesteps: 859220 episode:33 

Rewards Tr: 157.18, Rewards Eval: 168.81, Total Timesteps: 899900 episode:34 

Rewards Tr: 158.99, Rewards Eval: 150.98, Total Timesteps: 939040 episode:35 

Rewards Tr: 161.56, Rewards Eval: 180.45, Total Timesteps: 978100 episode:36 

Rewards Tr: 167.56, Rewards Eval: 144.38, Total Timesteps: 1017090 episode:37 

Rewards Tr: 165.34, Rewards Eval: 169.41, Total Timesteps: 1054770 episode:38 

Rewards Tr: 167.94, Rewards Eval: 173.10, Total Timesteps: 1091320 episode:39 

Rewards Tr: 171.58, Rewards Eval: 177.52, Total Timesteps: 1130230 episode:40 

Rewards Tr: 168.05, Rewards Eval: 179.07, Total Timesteps: 1167460 episode:41 

Rewards Tr: 175.07, Rewards Eval: 170.42, Total Timesteps: 1206580 episode:42 

Rewards Tr: 173.78, Rewards Eval: 179.56, Total Timesteps: 1245500 episode:43 

Rewards Tr: 173.82, Rewards Eval: 188.81, Total Timesteps: 1285640 episode:44 

Rewards Tr: 180.01, Rewards Eval: 192.40, Total Timesteps: 1329440 episode:45 

Rewards Tr: 178.14, Rewards Eval: 194.62, Total Timesteps: 1372840 episode:46 

Rewards Tr: 185.98, Rewards Eval: 182.23, Total Timesteps: 1417530 episode:47 

Rewards Tr: 186.82, Rewards Eval: 192.38, Total Timesteps: 1463570 episode:48 

Rewards Tr: 193.37, Rewards Eval: 215.44, Total Timesteps: 1510780 episode:49 

Rewards Tr: 198.10, Rewards Eval: 201.33, Total Timesteps: 1560960 episode:50 

Rewards Tr: 204.64, Rewards Eval: 224.97, Total Timesteps: 1613350 episode:51 

Rewards Tr: 208.61, Rewards Eval: 221.62, Total Timesteps: 1669270 episode:52 

Rewards Tr: 216.78, Rewards Eval: 235.14, Total Timesteps: 1729170 episode:53 

Rewards Tr: 219.69, Rewards Eval: 239.72, Total Timesteps: 1787560 episode:54 

Rewards Tr: 230.53, Rewards Eval: 248.23, Total Timesteps: 1852530 episode:55 

Rewards Tr: 233.81, Rewards Eval: 253.68, Total Timesteps: 1918770 episode:56 

Rewards Tr: 241.90, Rewards Eval: 250.80, Total Timesteps: 1990290 episode:57 

Rewards Tr: 244.36, Rewards Eval: 221.05, Total Timesteps: 2061430 episode:58 

Rewards Tr: 252.01, Rewards Eval: 286.46, Total Timesteps: 2140820 episode:59 

Rewards Tr: 258.52, Rewards Eval: 256.52, Total Timesteps: 2218150 episode:60 

Rewards Tr: 267.34, Rewards Eval: 306.23, Total Timesteps: 2303830 episode:61 

Rewards Tr: 272.09, Rewards Eval: 299.38, Total Timesteps: 2402050 episode:62 

Rewards Tr: 271.29, Rewards Eval: 271.51, Total Timesteps: 2492050 episode:63 

Rewards Tr: 277.67, Rewards Eval: 283.64, Total Timesteps: 2584630 episode:64 

Rewards Tr: 290.79, Rewards Eval: 282.32, Total Timesteps: 2683530 episode:65 

Rewards Tr: 290.31, Rewards Eval: 263.79, Total Timesteps: 2785430 episode:66 

Rewards Tr: 296.92, Rewards Eval: 316.49, Total Timesteps: 2903370 episode:67 

Rewards Tr: 300.09, Rewards Eval: 322.53, Total Timesteps: 3023670 episode:68 

Rewards Tr: 302.39, Rewards Eval: 304.58, Total Timesteps: 3143460 episode:69 

Rewards Tr: 313.27, Rewards Eval: 289.44, Total Timesteps: 3258190 episode:70 

Rewards Tr: 316.40, Rewards Eval: 396.81, Total Timesteps: 3382760 episode:71 

Rewards Tr: 323.57, Rewards Eval: 308.30, Total Timesteps: 3513100 episode:72 

Rewards Tr: 334.21, Rewards Eval: 320.12, Total Timesteps: 3653060 episode:73 

Rewards Tr: 339.01, Rewards Eval: 309.26, Total Timesteps: 3797740 episode:74 

Rewards Tr: 345.02, Rewards Eval: 507.48, Total Timesteps: 3950420 episode:75 

Rewards Tr: 352.57, Rewards Eval: 425.66, Total Timesteps: 4097750 episode:76 

Rewards Tr: 339.52, Rewards Eval: 369.06, Total Timesteps: 4219770 episode:77 

Rewards Tr: 354.03, Rewards Eval: 304.11, Total Timesteps: 4359750 episode:78 

Rewards Tr: 348.36, Rewards Eval: 378.30, Total Timesteps: 4489140 episode:79 

Rewards Tr: 377.48, Rewards Eval: 431.56, Total Timesteps: 4653970 episode:80 

Rewards Tr: 369.60, Rewards Eval: 380.67, Total Timesteps: 4794960 episode:81 

Rewards Tr: 379.06, Rewards Eval: 418.14, Total Timesteps: 4956870 episode:82 

Rewards Tr: 395.02, Rewards Eval: 381.09, Total Timesteps: 5116590 episode:83 

Rewards Tr: 408.18, Rewards Eval: 471.31, Total Timesteps: 5291400 episode:84 

Rewards Tr: 397.37, Rewards Eval: 352.40, Total Timesteps: 5450050 episode:85 

Rewards Tr: 412.23, Rewards Eval: 381.55, Total Timesteps: 5609900 episode:86 

Rewards Tr: 393.57, Rewards Eval: 369.43, Total Timesteps: 5757800 episode:87 

Rewards Tr: 401.24, Rewards Eval: 381.26, Total Timesteps: 5906930 episode:88 

Rewards Tr: 402.85, Rewards Eval: 401.52, Total Timesteps: 6051610 episode:89 

Rewards Tr: 389.88, Rewards Eval: 454.52, Total Timesteps: 6188500 episode:90 

Rewards Tr: 380.95, Rewards Eval: 390.64, Total Timesteps: 6311280 episode:91 

Rewards Tr: 389.70, Rewards Eval: 404.52, Total Timesteps: 6446860 episode:92 

Rewards Tr: 385.38, Rewards Eval: 381.78, Total Timesteps: 6578510 episode:93 

Rewards Tr: 382.84, Rewards Eval: 413.44, Total Timesteps: 6709770 episode:94 

Rewards Tr: 386.45, Rewards Eval: 361.85, Total Timesteps: 6843920 episode:95 

Rewards Tr: 381.47, Rewards Eval: 364.62, Total Timesteps: 6976000 episode:96 

Rewards Tr: 363.18, Rewards Eval: 351.03, Total Timesteps: 7093050 episode:97 

Rewards Tr: 369.54, Rewards Eval: 366.20, Total Timesteps: 7212590 episode:98 

Rewards Tr: 348.26, Rewards Eval: 352.11, Total Timesteps: 7315530 episode:99 

Rewards Tr: 343.10, Rewards Eval: 396.12, Total Timesteps: 7420370 episode:100 

Rewards Tr: 341.60, Rewards Eval: 321.65, Total Timesteps: 7524110 episode:101 

Rewards Tr: 339.42, Rewards Eval: 318.97, Total Timesteps: 7621330 episode:102 

Rewards Tr: 335.03, Rewards Eval: 327.06, Total Timesteps: 7723120 episode:103 

Rewards Tr: 317.88, Rewards Eval: 354.41, Total Timesteps: 7806570 episode:104 

Rewards Tr: 317.37, Rewards Eval: 289.39, Total Timesteps: 7898500 episode:105 

Rewards Tr: 304.63, Rewards Eval: 349.70, Total Timesteps: 7980060 episode:106 

Rewards Tr: 297.28, Rewards Eval: 266.35, Total Timesteps: 8053750 episode:107 

Rewards Tr: 287.95, Rewards Eval: 314.66, Total Timesteps: 8123660 episode:108 

Rewards Tr: 279.21, Rewards Eval: 256.30, Total Timesteps: 8183230 episode:109 

Rewards Tr: 281.60, Rewards Eval: 291.38, Total Timesteps: 8245380 episode:110 

Rewards Tr: 271.13, Rewards Eval: 291.89, Total Timesteps: 8299610 episode:111 

Rewards Tr: 263.94, Rewards Eval: 284.09, Total Timesteps: 8352100 episode:112 

Rewards Tr: 269.61, Rewards Eval: 275.80, Total Timesteps: 8404960 episode:113 

Rewards Tr: 270.36, Rewards Eval: 266.18, Total Timesteps: 8457780 episode:114 

Rewards Tr: 281.44, Rewards Eval: 271.65, Total Timesteps: 8516340 episode:115 

Rewards Tr: 281.95, Rewards Eval: 295.31, Total Timesteps: 8577610 episode:116 

Rewards Tr: 287.11, Rewards Eval: 240.29, Total Timesteps: 8638230 episode:117 

Rewards Tr: 298.63, Rewards Eval: 216.76, Total Timesteps: 8703300 episode:118 

Rewards Tr: 304.37, Rewards Eval: 324.26, Total Timesteps: 8772380 episode:119 

Rewards Tr: 309.40, Rewards Eval: 280.49, Total Timesteps: 8849860 episode:120 

Rewards Tr: 303.36, Rewards Eval: 368.39, Total Timesteps: 8923020 episode:121 

Rewards Tr: 302.62, Rewards Eval: 276.45, Total Timesteps: 8997290 episode:122 

Rewards Tr: 314.95, Rewards Eval: 427.15, Total Timesteps: 9071910 episode:123 

Rewards Tr: 309.66, Rewards Eval: 322.73, Total Timesteps: 9147610 episode:124 

Rewards Tr: 323.66, Rewards Eval: 329.21, Total Timesteps: 9221580 episode:125 

Rewards Tr: 305.59, Rewards Eval: 296.35, Total Timesteps: 9285680 episode:126 

Rewards Tr: 304.56, Rewards Eval: 308.94, Total Timesteps: 9348450 episode:127 

Rewards Tr: 315.36, Rewards Eval: 294.55, Total Timesteps: 9413580 episode:128 

Rewards Tr: 312.50, Rewards Eval: 297.06, Total Timesteps: 9478560 episode:129 

Rewards Tr: 309.87, Rewards Eval: 312.12, Total Timesteps: 9542900 episode:130 

Rewards Tr: 308.49, Rewards Eval: 302.76, Total Timesteps: 9606460 episode:131 

Rewards Tr: 309.91, Rewards Eval: 340.00, Total Timesteps: 9668860 episode:132 

Rewards Tr: 320.57, Rewards Eval: 317.78, Total Timesteps: 9734500 episode:133 

Rewards Tr: 334.44, Rewards Eval: 344.30, Total Timesteps: 9803990 episode:134 

Rewards Tr: 331.26, Rewards Eval: 345.86, Total Timesteps: 9877320 episode:135 

Rewards Tr: 351.49, Rewards Eval: 430.36, Total Timesteps: 9968780 episode:136 

Rewards Tr: 340.71, Rewards Eval: 467.33, Total Timesteps: 10049300 episode:137 

Rewards Tr: 338.95, Rewards Eval: 385.33, Total Timesteps: 10131440 episode:138 

Rewards Tr: 346.41, Rewards Eval: 352.28, Total Timesteps: 10220900 episode:139 

Rewards Tr: 343.12, Rewards Eval: 298.63, Total Timesteps: 10293270 episode:140 

Rewards Tr: 352.19, Rewards Eval: 347.82, Total Timesteps: 10374430 episode:141 

Rewards Tr: 335.15, Rewards Eval: 336.03, Total Timesteps: 10439580 episode:142 

Rewards Tr: 333.02, Rewards Eval: 289.83, Total Timesteps: 10506210 episode:143 

Rewards Tr: 333.88, Rewards Eval: 357.13, Total Timesteps: 10573670 episode:144 

Rewards Tr: 355.55, Rewards Eval: 370.60, Total Timesteps: 10648200 episode:145 

Rewards Tr: 355.64, Rewards Eval: 343.90, Total Timesteps: 10725300 episode:146 

Rewards Tr: 384.11, Rewards Eval: 481.09, Total Timesteps: 10827230 episode:147 

Rewards Tr: 387.84, Rewards Eval: 320.23, Total Timesteps: 10922840 episode:148 

Rewards Tr: 369.84, Rewards Eval: 464.63, Total Timesteps: 11007860 episode:149 

Rewards Tr: 394.54, Rewards Eval: 476.56, Total Timesteps: 11103300 episode:150 

Rewards Tr: 378.78, Rewards Eval: 410.43, Total Timesteps: 11198590 episode:151 

Rewards Tr: 379.76, Rewards Eval: 523.94, Total Timesteps: 11282500 episode:152 

Rewards Tr: 393.90, Rewards Eval: 460.19, Total Timesteps: 11373750 episode:153 

Rewards Tr: 403.59, Rewards Eval: 578.54, Total Timesteps: 11473650 episode:154 

Rewards Tr: 429.59, Rewards Eval: 483.90, Total Timesteps: 11593890 episode:155 

Rewards Tr: 416.78, Rewards Eval: 435.21, Total Timesteps: 11707410 episode:156 

Rewards Tr: 437.07, Rewards Eval: 590.73, Total Timesteps: 11820200 episode:157 

Rewards Tr: 450.09, Rewards Eval: 343.74, Total Timesteps: 11950270 episode:158 

Rewards Tr: 469.77, Rewards Eval: 638.73, Total Timesteps: 12091470 episode:159 

Rewards Tr: 487.99, Rewards Eval: 451.55, Total Timesteps: 12238430 episode:160 

Rewards Tr: 482.11, Rewards Eval: 444.16, Total Timesteps: 12374560 episode:161 

Rewards Tr: 519.54, Rewards Eval: 391.20, Total Timesteps: 12519790 episode:162 

Rewards Tr: 489.67, Rewards Eval: 349.88, Total Timesteps: 12660090 episode:163 

Rewards Tr: 480.34, Rewards Eval: 465.94, Total Timesteps: 12788890 episode:164 

Rewards Tr: 482.07, Rewards Eval: 366.56, Total Timesteps: 12912120 episode:165 

Rewards Tr: 513.83, Rewards Eval: 559.42, Total Timesteps: 13064630 episode:166 

Rewards Tr: 539.21, Rewards Eval: 539.69, Total Timesteps: 13228150 episode:167 

Rewards Tr: 555.67, Rewards Eval: 378.54, Total Timesteps: 13381340 episode:168 

Rewards Tr: 592.94, Rewards Eval: 1087.48, Total Timesteps: 13549010 episode:169 

Rewards Tr: 579.74, Rewards Eval: 1053.56, Total Timesteps: 13723510 episode:170 

Rewards Tr: 561.51, Rewards Eval: 411.30, Total Timesteps: 13884850 episode:171 

Rewards Tr: 614.82, Rewards Eval: 841.49, Total Timesteps: 14058610 episode:172 

Rewards Tr: 617.52, Rewards Eval: 555.15, Total Timesteps: 14229150 episode:173 

Rewards Tr: 652.47, Rewards Eval: 739.84, Total Timesteps: 14399250 episode:174 

Rewards Tr: 640.00, Rewards Eval: 928.26, Total Timesteps: 14576770 episode:175 

Rewards Tr: 659.78, Rewards Eval: 534.57, Total Timesteps: 14735970 episode:176 

Rewards Tr: 661.68, Rewards Eval: 629.46, Total Timesteps: 14915620 episode:177 

Rewards Tr: 688.59, Rewards Eval: 1087.44, Total Timesteps: 15080180 episode:178 

Rewards Tr: 714.97, Rewards Eval: 988.43, Total Timesteps: 15261320 episode:179 

Rewards Tr: 693.64, Rewards Eval: 929.79, Total Timesteps: 15421680 episode:180 

Rewards Tr: 860.78, Rewards Eval: 715.06, Total Timesteps: 15643110 episode:181 

Rewards Tr: 912.76, Rewards Eval: 609.08, Total Timesteps: 15872560 episode:182 

Rewards Tr: 933.36, Rewards Eval: 911.84, Total Timesteps: 16109230 episode:183 

Rewards Tr: 961.97, Rewards Eval: 551.01, Total Timesteps: 16348270 episode:184 

Rewards Tr: 855.52, Rewards Eval: 848.24, Total Timesteps: 16557400 episode:185 

Rewards Tr: 875.90, Rewards Eval: 714.36, Total Timesteps: 16768900 episode:186 

Rewards Tr: 772.75, Rewards Eval: 437.00, Total Timesteps: 16921260 episode:187 

Rewards Tr: 697.33, Rewards Eval: 521.45, Total Timesteps: 17055590 episode:188 

Rewards Tr: 745.54, Rewards Eval: 894.06, Total Timesteps: 17197950 episode:189 

Rewards Tr: 768.06, Rewards Eval: 1199.90, Total Timesteps: 17353410 episode:190 

Rewards Tr: 898.97, Rewards Eval: 1014.98, Total Timesteps: 17553300 episode:191 

Rewards Tr: 902.60, Rewards Eval: 839.80, Total Timesteps: 17761520 episode:192 

Rewards Tr: 907.11, Rewards Eval: 906.85, Total Timesteps: 17980670 episode:193 

Rewards Tr: 916.43, Rewards Eval: 940.41, Total Timesteps: 18199100 episode:194 

Rewards Tr: 913.29, Rewards Eval: 1120.38, Total Timesteps: 18396520 episode:195 

Rewards Tr: 878.07, Rewards Eval: 611.52, Total Timesteps: 18559390 episode:196 

Rewards Tr: 838.59, Rewards Eval: 954.98, Total Timesteps: 18703030 episode:197 

Rewards Tr: 782.04, Rewards Eval: 737.64, Total Timesteps: 18836350 episode:198 

Rewards Tr: 817.03, Rewards Eval: 682.71, Total Timesteps: 18981490 episode:199 

Rewards Tr: 886.12, Rewards Eval: 871.47, Total Timesteps: 19142750 episode:200 

Rewards Tr: 949.13, Rewards Eval: 1139.90, Total Timesteps: 19327030 episode:201 

Rewards Tr: 1013.52, Rewards Eval: 727.12, Total Timesteps: 19541920 episode:202 

Rewards Tr: 1084.62, Rewards Eval: 1088.08, Total Timesteps: 19778820 episode:203 

Rewards Tr: 1079.21, Rewards Eval: 944.39, Total Timesteps: 20003610 episode:204 

Rewards Tr: 1127.38, Rewards Eval: 967.23, Total Timesteps: 20240650 episode:205 

Rewards Tr: 1097.39, Rewards Eval: 866.31, Total Timesteps: 20473040 episode:206 

Rewards Tr: 1002.32, Rewards Eval: 684.42, Total Timesteps: 20667110 episode:207 

Rewards Tr: 889.17, Rewards Eval: 785.56, Total Timesteps: 20825890 episode:208 

Rewards Tr: 895.82, Rewards Eval: 1071.04, Total Timesteps: 20986810 episode:209 

Rewards Tr: 1012.58, Rewards Eval: 1388.64, Total Timesteps: 21198860 episode:210 

Rewards Tr: 1044.37, Rewards Eval: 1449.13, Total Timesteps: 21408010 episode:211 

Rewards Tr: 1123.57, Rewards Eval: 1018.65, Total Timesteps: 21661260 episode:212 

Rewards Tr: 1135.43, Rewards Eval: 1707.86, Total Timesteps: 21894410 episode:213 

Rewards Tr: 1092.82, Rewards Eval: 1210.13, Total Timesteps: 22117870 episode:214 

Rewards Tr: 1093.52, Rewards Eval: 1314.13, Total Timesteps: 22347920 episode:215 

Rewards Tr: 1075.62, Rewards Eval: 869.45, Total Timesteps: 22562380 episode:216 

Rewards Tr: 1105.79, Rewards Eval: 1037.46, Total Timesteps: 22800950 episode:217 

Rewards Tr: 1174.59, Rewards Eval: 1157.55, Total Timesteps: 23045720 episode:218 

Rewards Tr: 1193.18, Rewards Eval: 1395.23, Total Timesteps: 23293570 episode:219 

Rewards Tr: 1216.25, Rewards Eval: 1118.12, Total Timesteps: 23540960 episode:220 

Rewards Tr: 1095.66, Rewards Eval: 858.79, Total Timesteps: 23749220 episode:221 

Rewards Tr: 1024.83, Rewards Eval: 866.02, Total Timesteps: 23947090 episode:222 

Rewards Tr: 1019.78, Rewards Eval: 1260.10, Total Timesteps: 24124370 episode:223 

Rewards Tr: 1089.52, Rewards Eval: 834.96, Total Timesteps: 24323670 episode:224 

Rewards Tr: 1151.06, Rewards Eval: 1142.72, Total Timesteps: 24554720 episode:225 

Rewards Tr: 1152.40, Rewards Eval: 1217.25, Total Timesteps: 24769630 episode:226 

Rewards Tr: 1204.40, Rewards Eval: 995.78, Total Timesteps: 24998850 episode:227 

Rewards Tr: 1036.77, Rewards Eval: 733.08, Total Timesteps: 25190530 episode:228 

Rewards Tr: 1020.45, Rewards Eval: 1149.07, Total Timesteps: 25366880 episode:229 

Rewards Tr: 1083.02, Rewards Eval: 860.92, Total Timesteps: 25574220 episode:230 

Rewards Tr: 1216.16, Rewards Eval: 1059.10, Total Timesteps: 25801680 episode:231 

Rewards Tr: 1212.72, Rewards Eval: 1047.21, Total Timesteps: 26042720 episode:232 

Rewards Tr: 1278.66, Rewards Eval: 716.07, Total Timesteps: 26280820 episode:233 

Rewards Tr: 1199.71, Rewards Eval: 1078.65, Total Timesteps: 26517130 episode:234 

Rewards Tr: 1026.18, Rewards Eval: 844.75, Total Timesteps: 26695000 episode:235 

Rewards Tr: 1009.86, Rewards Eval: 1257.25, Total Timesteps: 26866800 episode:236 

Rewards Tr: 1018.32, Rewards Eval: 1180.88, Total Timesteps: 27041840 episode:237 

Rewards Tr: 1134.34, Rewards Eval: 1203.13, Total Timesteps: 27249230 episode:238 

Rewards Tr: 1217.15, Rewards Eval: 885.55, Total Timesteps: 27471320 episode:239 

Rewards Tr: 1145.03, Rewards Eval: 1149.05, Total Timesteps: 27677960 episode:240 

Rewards Tr: 1128.65, Rewards Eval: 1053.62, Total Timesteps: 27864060 episode:241 

Rewards Tr: 1034.51, Rewards Eval: 1554.78, Total Timesteps: 28043480 episode:242 

Rewards Tr: 994.78, Rewards Eval: 871.95, Total Timesteps: 28203660 episode:243 

Rewards Tr: 1006.72, Rewards Eval: 873.37, Total Timesteps: 28376060 episode:244 

Rewards Tr: 1034.14, Rewards Eval: 1200.09, Total Timesteps: 28559190 episode:245 

Rewards Tr: 1116.08, Rewards Eval: 1082.03, Total Timesteps: 28753990 episode:246 

Rewards Tr: 1082.27, Rewards Eval: 793.27, Total Timesteps: 28957230 episode:247 

Rewards Tr: 1094.30, Rewards Eval: 900.72, Total Timesteps: 29151600 episode:248 

Rewards Tr: 984.14, Rewards Eval: 1326.39, Total Timesteps: 29317750 episode:249 

Rewards Tr: 1011.45, Rewards Eval: 1233.71, Total Timesteps: 29502830 episode:250 

Rewards Tr: 1027.71, Rewards Eval: 1217.61, Total Timesteps: 29682070 episode:251 

Rewards Tr: 1057.91, Rewards Eval: 982.24, Total Timesteps: 29866140 episode:252 

Rewards Tr: 1084.38, Rewards Eval: 1435.70, Total Timesteps: 30052540 episode:253 

Rewards Tr: 1120.87, Rewards Eval: 776.57, Total Timesteps: 30237840 episode:254 

Rewards Tr: 1067.69, Rewards Eval: 1306.12, Total Timesteps: 30422440 episode:255 

Rewards Tr: 1037.42, Rewards Eval: 1006.59, Total Timesteps: 30600330 episode:256 

Rewards Tr: 1174.62, Rewards Eval: 1200.35, Total Timesteps: 30833560 episode:257 

Rewards Tr: 1273.10, Rewards Eval: 1125.04, Total Timesteps: 31073730 episode:258 

Rewards Tr: 1394.73, Rewards Eval: 1542.59, Total Timesteps: 31351870 episode:259 

Rewards Tr: 1384.71, Rewards Eval: 2118.90, Total Timesteps: 31613230 episode:260 

Rewards Tr: 1261.33, Rewards Eval: 902.45, Total Timesteps: 31859890 episode:261 

Rewards Tr: 1102.84, Rewards Eval: 964.76, Total Timesteps: 32064330 episode:262 

Rewards Tr: 1072.19, Rewards Eval: 1114.14, Total Timesteps: 32266610 episode:263 

Rewards Tr: 1268.03, Rewards Eval: 1642.12, Total Timesteps: 32501970 episode:264 

Rewards Tr: 1342.02, Rewards Eval: 1403.01, Total Timesteps: 32767060 episode:265 

Rewards Tr: 1386.51, Rewards Eval: 1495.50, Total Timesteps: 33032330 episode:266 

Rewards Tr: 1242.38, Rewards Eval: 1007.43, Total Timesteps: 33277750 episode:267 

Rewards Tr: 1105.63, Rewards Eval: 1227.54, Total Timesteps: 33472310 episode:268 

Rewards Tr: 1108.09, Rewards Eval: 925.56, Total Timesteps: 33669370 episode:269 

Rewards Tr: 1096.37, Rewards Eval: 1011.18, Total Timesteps: 33855470 episode:270 

Rewards Tr: 1145.78, Rewards Eval: 1081.68, Total Timesteps: 34048170 episode:271 

Rewards Tr: 1253.32, Rewards Eval: 1256.46, Total Timesteps: 34277690 episode:272 

Rewards Tr: 1272.19, Rewards Eval: 1245.55, Total Timesteps: 34526240 episode:273 

Rewards Tr: 1139.95, Rewards Eval: 1219.68, Total Timesteps: 34724930 episode:274 

Rewards Tr: 1127.75, Rewards Eval: 1400.50, Total Timesteps: 34929500 episode:275 

Rewards Tr: 1184.35, Rewards Eval: 2030.82, Total Timesteps: 35145670 episode:276 

Rewards Tr: 1349.44, Rewards Eval: 1907.32, Total Timesteps: 35391000 episode:277 

Rewards Tr: 1507.56, Rewards Eval: 1645.96, Total Timesteps: 35666680 episode:278 

Rewards Tr: 1587.83, Rewards Eval: 1551.60, Total Timesteps: 35950750 episode:279 

Rewards Tr: 1365.40, Rewards Eval: 925.89, Total Timesteps: 36190380 episode:280 

Rewards Tr: 1131.78, Rewards Eval: 1125.84, Total Timesteps: 36376780 episode:281 

Rewards Tr: 979.83, Rewards Eval: 960.59, Total Timesteps: 36529690 episode:282 

Rewards Tr: 946.70, Rewards Eval: 878.78, Total Timesteps: 36676250 episode:283 

Rewards Tr: 997.64, Rewards Eval: 1018.10, Total Timesteps: 36830050 episode:284 

Rewards Tr: 1077.56, Rewards Eval: 1051.49, Total Timesteps: 37006790 episode:285 

Rewards Tr: 1366.47, Rewards Eval: 1224.30, Total Timesteps: 37260280 episode:286 

Rewards Tr: 1336.79, Rewards Eval: 1158.63, Total Timesteps: 37525730 episode:287 

Rewards Tr: 1411.27, Rewards Eval: 1343.35, Total Timesteps: 37789590 episode:288 

Rewards Tr: 1202.47, Rewards Eval: 848.86, Total Timesteps: 38004010 episode:289 

Rewards Tr: 991.70, Rewards Eval: 914.74, Total Timesteps: 38157400 episode:290 

Rewards Tr: 967.09, Rewards Eval: 1076.33, Total Timesteps: 38303400 episode:291 

Rewards Tr: 1025.57, Rewards Eval: 1325.20, Total Timesteps: 38473190 episode:292 

Rewards Tr: 1292.75, Rewards Eval: 1383.63, Total Timesteps: 38713780 episode:293 

Rewards Tr: 1429.58, Rewards Eval: 1310.68, Total Timesteps: 38976730 episode:294 

Rewards Tr: 1280.61, Rewards Eval: 909.47, Total Timesteps: 39198370 episode:295 

Rewards Tr: 1311.15, Rewards Eval: 1123.54, Total Timesteps: 39433260 episode:296 

Rewards Tr: 1056.16, Rewards Eval: 947.05, Total Timesteps: 39603620 episode:297 

Rewards Tr: 1122.15, Rewards Eval: 1028.80, Total Timesteps: 39803120 episode:298 

Rewards Tr: 1115.09, Rewards Eval: 1266.24, Total Timesteps: 40003480 episode:299 

Rewards Tr: 1175.74, Rewards Eval: 1173.16, Total Timesteps: 40212940 episode:300 

Rewards Tr: 1263.03, Rewards Eval: 1369.37, Total Timesteps: 40438980 episode:301 

Rewards Tr: 1421.65, Rewards Eval: 1181.34, Total Timesteps: 40701750 episode:302 

Rewards Tr: 1548.44, Rewards Eval: 1643.75, Total Timesteps: 40975630 episode:303 

Rewards Tr: 1519.99, Rewards Eval: 1627.21, Total Timesteps: 41259270 episode:304 

Rewards Tr: 1553.39, Rewards Eval: 1121.05, Total Timesteps: 41534670 episode:305 

Rewards Tr: 1454.74, Rewards Eval: 1213.27, Total Timesteps: 41802270 episode:306 

Rewards Tr: 1316.68, Rewards Eval: 1340.17, Total Timesteps: 42052810 episode:307 

Rewards Tr: 1161.28, Rewards Eval: 1289.68, Total Timesteps: 42250440 episode:308 

Rewards Tr: 1184.63, Rewards Eval: 1039.46, Total Timesteps: 42450230 episode:309 

Rewards Tr: 1283.75, Rewards Eval: 1552.24, Total Timesteps: 42678390 episode:310 

Rewards Tr: 1529.23, Rewards Eval: 1541.14, Total Timesteps: 42954270 episode:311 

Rewards Tr: 1617.36, Rewards Eval: 1623.81, Total Timesteps: 43242230 episode:312 

Rewards Tr: 1522.29, Rewards Eval: 1298.36, Total Timesteps: 43508220 episode:313 

Rewards Tr: 1608.22, Rewards Eval: 1452.53, Total Timesteps: 43789240 episode:314 

Rewards Tr: 1408.91, Rewards Eval: 1135.12, Total Timesteps: 44040610 episode:315 

Rewards Tr: 1366.48, Rewards Eval: 1271.63, Total Timesteps: 44303430 episode:316 

Rewards Tr: 1231.35, Rewards Eval: 1277.75, Total Timesteps: 44514530 episode:317 

Rewards Tr: 1246.47, Rewards Eval: 1683.64, Total Timesteps: 44743240 episode:318 

Rewards Tr: 1284.40, Rewards Eval: 1254.42, Total Timesteps: 44984660 episode:319 

Rewards Tr: 1313.00, Rewards Eval: 794.66, Total Timesteps: 45217190 episode:320 

Rewards Tr: 1177.74, Rewards Eval: 1269.67, Total Timesteps: 45406180 episode:321 

Rewards Tr: 1160.30, Rewards Eval: 1028.18, Total Timesteps: 45597210 episode:322 

Rewards Tr: 1229.51, Rewards Eval: 1028.77, Total Timesteps: 45807950 episode:323 

Rewards Tr: 1224.38, Rewards Eval: 1024.06, Total Timesteps: 46017040 episode:324 

Rewards Tr: 1210.46, Rewards Eval: 1098.41, Total Timesteps: 46231040 episode:325 

Rewards Tr: 1139.47, Rewards Eval: 958.91, Total Timesteps: 46421250 episode:326 

Rewards Tr: 1366.81, Rewards Eval: 1599.56, Total Timesteps: 46669890 episode:327 

Rewards Tr: 1582.16, Rewards Eval: 1975.37, Total Timesteps: 46942240 episode:328 

Rewards Tr: 1770.27, Rewards Eval: 1701.38, Total Timesteps: 47235440 episode:329 

Rewards Tr: 1753.13, Rewards Eval: 1722.40, Total Timesteps: 47523300 episode:330 

Rewards Tr: 1657.76, Rewards Eval: 1043.66, Total Timesteps: 47814080 episode:331 

Rewards Tr: 1333.58, Rewards Eval: 925.39, Total Timesteps: 48042800 episode:332 

Rewards Tr: 1153.33, Rewards Eval: 909.60, Total Timesteps: 48229250 episode:333 

Rewards Tr: 1254.80, Rewards Eval: 1233.03, Total Timesteps: 48443660 episode:334 

Rewards Tr: 1358.77, Rewards Eval: 1696.28, Total Timesteps: 48675780 episode:335 

Rewards Tr: 1430.78, Rewards Eval: 1797.67, Total Timesteps: 48931720 episode:336 

Rewards Tr: 1574.48, Rewards Eval: 1642.64, Total Timesteps: 49204110 episode:337 

Rewards Tr: 1461.99, Rewards Eval: 1732.78, Total Timesteps: 49478100 episode:338 

Rewards Tr: 1486.26, Rewards Eval: 1822.39, Total Timesteps: 49733390 episode:339 

Rewards Tr: 1188.95, Rewards Eval: 1296.79, Total Timesteps: 49935030 episode:340 

Rewards Tr: 1072.49, Rewards Eval: 1104.07, Total Timesteps: 50115040 episode:341 

Rewards Tr: 1121.29, Rewards Eval: 1008.25, Total Timesteps: 50302690 episode:342 

Rewards Tr: 1232.83, Rewards Eval: 1457.05, Total Timesteps: 50531530 episode:343 

Rewards Tr: 1293.98, Rewards Eval: 1218.79, Total Timesteps: 50763790 episode:344 

Rewards Tr: 1392.88, Rewards Eval: 2132.86, Total Timesteps: 51021240 episode:345 

Rewards Tr: 1415.18, Rewards Eval: 2009.16, Total Timesteps: 51272140 episode:346 

Rewards Tr: 1499.74, Rewards Eval: 1273.95, Total Timesteps: 51545890 episode:347 

Rewards Tr: 1476.87, Rewards Eval: 1454.75, Total Timesteps: 51813630 episode:348 

Rewards Tr: 1466.30, Rewards Eval: 1178.18, Total Timesteps: 52067930 episode:349 

Elapsed Time: 354.4 minutes 

