
The following have been reloaded with a version change:
  1) mpfr/3.1.6 => mpfr/4.0.1

For Seed: 3 

Rewards Tr: 11.12, Rewards Eval: 0.00, Total Timesteps: 8290 episode:0 

Rewards Tr: 16.44, Rewards Eval: 26.83, Total Timesteps: 20030 episode:1 

Rewards Tr: 24.41, Rewards Eval: 35.57, Total Timesteps: 36080 episode:2 

Rewards Tr: 30.05, Rewards Eval: 37.82, Total Timesteps: 53290 episode:3 

Rewards Tr: 38.75, Rewards Eval: 65.17, Total Timesteps: 70770 episode:4 

Rewards Tr: 43.36, Rewards Eval: 47.62, Total Timesteps: 88660 episode:5 

Rewards Tr: 49.04, Rewards Eval: 43.81, Total Timesteps: 107520 episode:6 

Rewards Tr: 47.34, Rewards Eval: 57.37, Total Timesteps: 123980 episode:7 

Rewards Tr: 51.78, Rewards Eval: 51.65, Total Timesteps: 140010 episode:8 

Rewards Tr: 50.43, Rewards Eval: 54.37, Total Timesteps: 155750 episode:9 

Rewards Tr: 53.47, Rewards Eval: 53.73, Total Timesteps: 173050 episode:10 

Rewards Tr: 54.66, Rewards Eval: 62.31, Total Timesteps: 189470 episode:11 

Rewards Tr: 54.84, Rewards Eval: 62.52, Total Timesteps: 206660 episode:12 

Rewards Tr: 57.67, Rewards Eval: 78.73, Total Timesteps: 224720 episode:13 

Rewards Tr: 62.18, Rewards Eval: 64.46, Total Timesteps: 244150 episode:14 

Rewards Tr: 61.50, Rewards Eval: 51.49, Total Timesteps: 264650 episode:15 

Rewards Tr: 64.84, Rewards Eval: 72.71, Total Timesteps: 287450 episode:16 

Rewards Tr: 67.38, Rewards Eval: 72.32, Total Timesteps: 309060 episode:17 

Rewards Tr: 71.94, Rewards Eval: 89.34, Total Timesteps: 335740 episode:18 

Rewards Tr: 71.93, Rewards Eval: 66.98, Total Timesteps: 363800 episode:19 

Rewards Tr: 77.29, Rewards Eval: 73.64, Total Timesteps: 393830 episode:20 

Rewards Tr: 81.59, Rewards Eval: 107.95, Total Timesteps: 429600 episode:21 

Rewards Tr: 82.60, Rewards Eval: 146.63, Total Timesteps: 462360 episode:22 

Rewards Tr: 89.41, Rewards Eval: 97.50, Total Timesteps: 503470 episode:23 

Rewards Tr: 86.80, Rewards Eval: 90.35, Total Timesteps: 545280 episode:24 

Rewards Tr: 93.69, Rewards Eval: 77.47, Total Timesteps: 584060 episode:25 

Rewards Tr: 96.09, Rewards Eval: 74.74, Total Timesteps: 632030 episode:26 

Rewards Tr: 97.81, Rewards Eval: 102.34, Total Timesteps: 682510 episode:27 

Rewards Tr: 103.32, Rewards Eval: 78.35, Total Timesteps: 733560 episode:28 

Rewards Tr: 108.04, Rewards Eval: 107.39, Total Timesteps: 785650 episode:29 

Rewards Tr: 110.17, Rewards Eval: 78.12, Total Timesteps: 840240 episode:30 

Rewards Tr: 109.38, Rewards Eval: 161.55, Total Timesteps: 896270 episode:31 

Rewards Tr: 116.08, Rewards Eval: 160.23, Total Timesteps: 952870 episode:32 

Rewards Tr: 123.29, Rewards Eval: 111.39, Total Timesteps: 1014270 episode:33 

Rewards Tr: 125.66, Rewards Eval: 109.23, Total Timesteps: 1069520 episode:34 

Rewards Tr: 118.87, Rewards Eval: 150.27, Total Timesteps: 1123660 episode:35 

Rewards Tr: 130.53, Rewards Eval: 201.39, Total Timesteps: 1183910 episode:36 

Rewards Tr: 135.24, Rewards Eval: 133.58, Total Timesteps: 1240220 episode:37 

Rewards Tr: 142.78, Rewards Eval: 132.77, Total Timesteps: 1296630 episode:38 

Rewards Tr: 146.90, Rewards Eval: 143.53, Total Timesteps: 1353760 episode:39 

Rewards Tr: 149.43, Rewards Eval: 143.81, Total Timesteps: 1413790 episode:40 

Rewards Tr: 162.68, Rewards Eval: 164.78, Total Timesteps: 1478170 episode:41 

Rewards Tr: 171.61, Rewards Eval: 159.24, Total Timesteps: 1543340 episode:42 

Rewards Tr: 171.16, Rewards Eval: 195.02, Total Timesteps: 1607560 episode:43 

Rewards Tr: 178.12, Rewards Eval: 222.83, Total Timesteps: 1667200 episode:44 

Rewards Tr: 176.52, Rewards Eval: 198.11, Total Timesteps: 1729480 episode:45 

Rewards Tr: 183.24, Rewards Eval: 232.56, Total Timesteps: 1793860 episode:46 

Rewards Tr: 185.03, Rewards Eval: 195.87, Total Timesteps: 1854070 episode:47 

Rewards Tr: 188.70, Rewards Eval: 174.77, Total Timesteps: 1911550 episode:48 

Rewards Tr: 187.84, Rewards Eval: 142.27, Total Timesteps: 1969700 episode:49 

Rewards Tr: 188.27, Rewards Eval: 207.37, Total Timesteps: 2027740 episode:50 

Rewards Tr: 187.45, Rewards Eval: 220.03, Total Timesteps: 2083680 episode:51 

Rewards Tr: 188.94, Rewards Eval: 207.76, Total Timesteps: 2140680 episode:52 

Rewards Tr: 191.50, Rewards Eval: 195.20, Total Timesteps: 2195880 episode:53 

Rewards Tr: 194.08, Rewards Eval: 211.52, Total Timesteps: 2248930 episode:54 

Rewards Tr: 192.47, Rewards Eval: 210.91, Total Timesteps: 2301450 episode:55 

Rewards Tr: 198.67, Rewards Eval: 186.45, Total Timesteps: 2357820 episode:56 

Rewards Tr: 198.34, Rewards Eval: 210.47, Total Timesteps: 2410960 episode:57 

Rewards Tr: 203.88, Rewards Eval: 220.00, Total Timesteps: 2468200 episode:58 

Rewards Tr: 199.19, Rewards Eval: 173.29, Total Timesteps: 2520620 episode:59 

Rewards Tr: 206.02, Rewards Eval: 219.51, Total Timesteps: 2578930 episode:60 

Rewards Tr: 208.51, Rewards Eval: 212.19, Total Timesteps: 2635520 episode:61 

Rewards Tr: 217.10, Rewards Eval: 196.94, Total Timesteps: 2696910 episode:62 

Rewards Tr: 218.33, Rewards Eval: 230.77, Total Timesteps: 2757970 episode:63 

Rewards Tr: 216.25, Rewards Eval: 249.95, Total Timesteps: 2818960 episode:64 

Rewards Tr: 229.01, Rewards Eval: 252.80, Total Timesteps: 2886100 episode:65 

Rewards Tr: 237.08, Rewards Eval: 265.47, Total Timesteps: 2954160 episode:66 

Rewards Tr: 242.18, Rewards Eval: 227.81, Total Timesteps: 3026050 episode:67 

Rewards Tr: 249.18, Rewards Eval: 257.38, Total Timesteps: 3099250 episode:68 

Rewards Tr: 252.45, Rewards Eval: 246.61, Total Timesteps: 3178780 episode:69 

Rewards Tr: 262.46, Rewards Eval: 255.54, Total Timesteps: 3260550 episode:70 

Rewards Tr: 272.66, Rewards Eval: 290.05, Total Timesteps: 3355850 episode:71 

Rewards Tr: 272.20, Rewards Eval: 279.75, Total Timesteps: 3442280 episode:72 

Rewards Tr: 278.88, Rewards Eval: 310.15, Total Timesteps: 3544750 episode:73 

Rewards Tr: 291.88, Rewards Eval: 298.62, Total Timesteps: 3642150 episode:74 

Rewards Tr: 311.12, Rewards Eval: 301.70, Total Timesteps: 3752230 episode:75 

Rewards Tr: 316.35, Rewards Eval: 380.73, Total Timesteps: 3872660 episode:76 

Rewards Tr: 335.14, Rewards Eval: 286.54, Total Timesteps: 4003280 episode:77 

Rewards Tr: 348.50, Rewards Eval: 319.58, Total Timesteps: 4142110 episode:78 

Rewards Tr: 348.98, Rewards Eval: 484.31, Total Timesteps: 4283990 episode:79 

Rewards Tr: 383.41, Rewards Eval: 317.64, Total Timesteps: 4463600 episode:80 

Rewards Tr: 382.34, Rewards Eval: 418.30, Total Timesteps: 4632870 episode:81 

Rewards Tr: 380.12, Rewards Eval: 416.95, Total Timesteps: 4788610 episode:82 

Rewards Tr: 388.43, Rewards Eval: 484.61, Total Timesteps: 4936570 episode:83 

Rewards Tr: 417.43, Rewards Eval: 404.79, Total Timesteps: 5123410 episode:84 

Rewards Tr: 416.39, Rewards Eval: 459.11, Total Timesteps: 5298470 episode:85 

Rewards Tr: 433.88, Rewards Eval: 328.27, Total Timesteps: 5483260 episode:86 

Rewards Tr: 429.14, Rewards Eval: 366.38, Total Timesteps: 5650290 episode:87 

Rewards Tr: 445.98, Rewards Eval: 639.66, Total Timesteps: 5830730 episode:88 

Rewards Tr: 449.15, Rewards Eval: 367.52, Total Timesteps: 6010240 episode:89 

Rewards Tr: 448.11, Rewards Eval: 434.80, Total Timesteps: 6173960 episode:90 

Rewards Tr: 455.32, Rewards Eval: 430.95, Total Timesteps: 6357860 episode:91 

Rewards Tr: 437.50, Rewards Eval: 373.71, Total Timesteps: 6506770 episode:92 

Rewards Tr: 441.73, Rewards Eval: 411.24, Total Timesteps: 6665740 episode:93 

Rewards Tr: 428.48, Rewards Eval: 360.84, Total Timesteps: 6810120 episode:94 

Rewards Tr: 437.70, Rewards Eval: 403.27, Total Timesteps: 6970680 episode:95 

Rewards Tr: 428.80, Rewards Eval: 397.76, Total Timesteps: 7124570 episode:96 

Rewards Tr: 407.92, Rewards Eval: 457.98, Total Timesteps: 7252590 episode:97 

Rewards Tr: 402.21, Rewards Eval: 335.52, Total Timesteps: 7381120 episode:98 

Rewards Tr: 380.93, Rewards Eval: 343.95, Total Timesteps: 7505630 episode:99 

Rewards Tr: 370.60, Rewards Eval: 321.87, Total Timesteps: 7625880 episode:100 

Rewards Tr: 356.98, Rewards Eval: 315.39, Total Timesteps: 7726930 episode:101 

Rewards Tr: 343.48, Rewards Eval: 337.02, Total Timesteps: 7822250 episode:102 

Rewards Tr: 333.57, Rewards Eval: 334.13, Total Timesteps: 7913140 episode:103 

Rewards Tr: 331.46, Rewards Eval: 309.69, Total Timesteps: 8005570 episode:104 

Rewards Tr: 329.55, Rewards Eval: 296.84, Total Timesteps: 8097460 episode:105 

Rewards Tr: 318.23, Rewards Eval: 293.98, Total Timesteps: 8176350 episode:106 

Rewards Tr: 321.54, Rewards Eval: 284.67, Total Timesteps: 8259910 episode:107 

Rewards Tr: 311.90, Rewards Eval: 297.40, Total Timesteps: 8337260 episode:108 

Rewards Tr: 304.86, Rewards Eval: 300.27, Total Timesteps: 8409840 episode:109 

Rewards Tr: 315.51, Rewards Eval: 295.05, Total Timesteps: 8496990 episode:110 

Rewards Tr: 312.13, Rewards Eval: 321.20, Total Timesteps: 8569470 episode:111 

Rewards Tr: 305.19, Rewards Eval: 314.36, Total Timesteps: 8649490 episode:112 

Rewards Tr: 311.76, Rewards Eval: 254.47, Total Timesteps: 8728580 episode:113 

Rewards Tr: 311.37, Rewards Eval: 294.64, Total Timesteps: 8799620 episode:114 

Rewards Tr: 309.56, Rewards Eval: 338.72, Total Timesteps: 8868770 episode:115 

Rewards Tr: 299.59, Rewards Eval: 266.97, Total Timesteps: 8941580 episode:116 

Rewards Tr: 307.26, Rewards Eval: 360.02, Total Timesteps: 9015230 episode:117 

Rewards Tr: 316.85, Rewards Eval: 327.77, Total Timesteps: 9089820 episode:118 

Rewards Tr: 335.85, Rewards Eval: 275.87, Total Timesteps: 9170530 episode:119 

Rewards Tr: 323.76, Rewards Eval: 295.21, Total Timesteps: 9248790 episode:120 

Rewards Tr: 324.83, Rewards Eval: 343.01, Total Timesteps: 9322820 episode:121 

Rewards Tr: 344.94, Rewards Eval: 300.64, Total Timesteps: 9402580 episode:122 

Rewards Tr: 363.64, Rewards Eval: 354.68, Total Timesteps: 9489440 episode:123 

Rewards Tr: 347.44, Rewards Eval: 372.24, Total Timesteps: 9570020 episode:124 

Rewards Tr: 351.09, Rewards Eval: 301.24, Total Timesteps: 9650420 episode:125 

Rewards Tr: 364.02, Rewards Eval: 329.49, Total Timesteps: 9732390 episode:126 

Rewards Tr: 380.43, Rewards Eval: 448.19, Total Timesteps: 9830300 episode:127 

Rewards Tr: 432.64, Rewards Eval: 445.97, Total Timesteps: 9944070 episode:128 

Rewards Tr: 451.09, Rewards Eval: 386.81, Total Timesteps: 10066930 episode:129 

Rewards Tr: 511.86, Rewards Eval: 970.00, Total Timesteps: 10226740 episode:130 

Rewards Tr: 478.00, Rewards Eval: 369.56, Total Timesteps: 10377770 episode:131 

Rewards Tr: 509.78, Rewards Eval: 525.67, Total Timesteps: 10541930 episode:132 

Rewards Tr: 480.75, Rewards Eval: 407.03, Total Timesteps: 10675090 episode:133 

Rewards Tr: 429.54, Rewards Eval: 466.24, Total Timesteps: 10782480 episode:134 

Rewards Tr: 428.18, Rewards Eval: 499.42, Total Timesteps: 10886000 episode:135 

Rewards Tr: 433.29, Rewards Eval: 518.26, Total Timesteps: 10993100 episode:136 

Rewards Tr: 447.84, Rewards Eval: 479.79, Total Timesteps: 11105540 episode:137 

Rewards Tr: 474.97, Rewards Eval: 427.16, Total Timesteps: 11240010 episode:138 

Rewards Tr: 505.44, Rewards Eval: 576.61, Total Timesteps: 11391080 episode:139 

Rewards Tr: 537.08, Rewards Eval: 412.92, Total Timesteps: 11551890 episode:140 

Rewards Tr: 527.93, Rewards Eval: 436.82, Total Timesteps: 11711340 episode:141 

Rewards Tr: 518.78, Rewards Eval: 475.24, Total Timesteps: 11866480 episode:142 

Rewards Tr: 537.81, Rewards Eval: 642.64, Total Timesteps: 12014420 episode:143 

Rewards Tr: 469.33, Rewards Eval: 806.15, Total Timesteps: 12134270 episode:144 

Rewards Tr: 495.50, Rewards Eval: 667.95, Total Timesteps: 12253890 episode:145 

Rewards Tr: 533.53, Rewards Eval: 419.75, Total Timesteps: 12393360 episode:146 

Rewards Tr: 611.92, Rewards Eval: 539.58, Total Timesteps: 12556780 episode:147 

Rewards Tr: 623.13, Rewards Eval: 763.67, Total Timesteps: 12715740 episode:148 

Rewards Tr: 642.62, Rewards Eval: 495.82, Total Timesteps: 12895710 episode:149 

Rewards Tr: 768.46, Rewards Eval: 422.57, Total Timesteps: 13101460 episode:150 

Rewards Tr: 740.12, Rewards Eval: 534.84, Total Timesteps: 13317030 episode:151 

Rewards Tr: 731.10, Rewards Eval: 849.49, Total Timesteps: 13532940 episode:152 

Rewards Tr: 753.05, Rewards Eval: 715.97, Total Timesteps: 13736840 episode:153 

Rewards Tr: 732.48, Rewards Eval: 1032.24, Total Timesteps: 13929930 episode:154 

Rewards Tr: 681.40, Rewards Eval: 546.18, Total Timesteps: 14110130 episode:155 

Rewards Tr: 629.25, Rewards Eval: 742.08, Total Timesteps: 14261110 episode:156 

Rewards Tr: 635.14, Rewards Eval: 697.14, Total Timesteps: 14404420 episode:157 

Rewards Tr: 638.87, Rewards Eval: 709.21, Total Timesteps: 14546750 episode:158 

Rewards Tr: 615.36, Rewards Eval: 1084.02, Total Timesteps: 14690420 episode:159 

Rewards Tr: 714.01, Rewards Eval: 634.59, Total Timesteps: 14850760 episode:160 

Rewards Tr: 794.07, Rewards Eval: 769.55, Total Timesteps: 15063250 episode:161 

Rewards Tr: 789.19, Rewards Eval: 922.53, Total Timesteps: 15273510 episode:162 

Rewards Tr: 778.62, Rewards Eval: 1330.85, Total Timesteps: 15478200 episode:163 

Rewards Tr: 831.09, Rewards Eval: 983.35, Total Timesteps: 15684230 episode:164 

Rewards Tr: 769.76, Rewards Eval: 599.91, Total Timesteps: 15874400 episode:165 

Rewards Tr: 700.03, Rewards Eval: 527.10, Total Timesteps: 16032130 episode:166 

Rewards Tr: 750.58, Rewards Eval: 913.75, Total Timesteps: 16194370 episode:167 

Rewards Tr: 800.74, Rewards Eval: 1043.22, Total Timesteps: 16387290 episode:168 

Rewards Tr: 834.22, Rewards Eval: 1021.91, Total Timesteps: 16586940 episode:169 

Rewards Tr: 728.80, Rewards Eval: 726.22, Total Timesteps: 16764500 episode:170 

Rewards Tr: 779.47, Rewards Eval: 833.49, Total Timesteps: 16948230 episode:171 

Rewards Tr: 763.58, Rewards Eval: 750.90, Total Timesteps: 17113830 episode:172 

Rewards Tr: 724.97, Rewards Eval: 635.65, Total Timesteps: 17259820 episode:173 

Rewards Tr: 712.38, Rewards Eval: 612.16, Total Timesteps: 17409860 episode:174 

Rewards Tr: 756.80, Rewards Eval: 857.57, Total Timesteps: 17565200 episode:175 

Rewards Tr: 815.77, Rewards Eval: 793.81, Total Timesteps: 17746010 episode:176 

Rewards Tr: 895.83, Rewards Eval: 781.76, Total Timesteps: 17968270 episode:177 

Rewards Tr: 956.60, Rewards Eval: 790.14, Total Timesteps: 18225990 episode:178 

Rewards Tr: 931.19, Rewards Eval: 523.32, Total Timesteps: 18457470 episode:179 

Rewards Tr: 964.55, Rewards Eval: 1041.86, Total Timesteps: 18687830 episode:180 

Rewards Tr: 824.57, Rewards Eval: 750.97, Total Timesteps: 18859120 episode:181 

Rewards Tr: 830.08, Rewards Eval: 929.50, Total Timesteps: 19031990 episode:182 

Rewards Tr: 908.85, Rewards Eval: 749.75, Total Timesteps: 19216070 episode:183 

Rewards Tr: 936.37, Rewards Eval: 828.74, Total Timesteps: 19419690 episode:184 

Rewards Tr: 927.57, Rewards Eval: 746.84, Total Timesteps: 19624430 episode:185 

Rewards Tr: 919.30, Rewards Eval: 824.48, Total Timesteps: 19836210 episode:186 

Rewards Tr: 915.72, Rewards Eval: 847.59, Total Timesteps: 20046720 episode:187 

Rewards Tr: 830.64, Rewards Eval: 893.76, Total Timesteps: 20229110 episode:188 

Rewards Tr: 836.23, Rewards Eval: 998.95, Total Timesteps: 20404240 episode:189 

Rewards Tr: 923.87, Rewards Eval: 703.94, Total Timesteps: 20598560 episode:190 

Rewards Tr: 953.28, Rewards Eval: 691.51, Total Timesteps: 20790760 episode:191 

Rewards Tr: 1000.64, Rewards Eval: 1360.70, Total Timesteps: 20994570 episode:192 

Rewards Tr: 1148.63, Rewards Eval: 1540.61, Total Timesteps: 21234660 episode:193 

Rewards Tr: 1153.60, Rewards Eval: 889.85, Total Timesteps: 21492280 episode:194 

Rewards Tr: 1164.03, Rewards Eval: 1461.46, Total Timesteps: 21731250 episode:195 

Rewards Tr: 1058.60, Rewards Eval: 1038.15, Total Timesteps: 21962780 episode:196 

Rewards Tr: 973.31, Rewards Eval: 582.65, Total Timesteps: 22146900 episode:197 

Rewards Tr: 906.55, Rewards Eval: 1092.92, Total Timesteps: 22318830 episode:198 

Rewards Tr: 844.86, Rewards Eval: 1188.81, Total Timesteps: 22489150 episode:199 

Rewards Tr: 1010.32, Rewards Eval: 1017.56, Total Timesteps: 22688510 episode:200 

Rewards Tr: 996.65, Rewards Eval: 881.28, Total Timesteps: 22895150 episode:201 

Rewards Tr: 975.70, Rewards Eval: 900.79, Total Timesteps: 23097370 episode:202 

Rewards Tr: 924.04, Rewards Eval: 960.04, Total Timesteps: 23286000 episode:203 

Rewards Tr: 1033.81, Rewards Eval: 1037.15, Total Timesteps: 23507970 episode:204 

Rewards Tr: 1054.51, Rewards Eval: 1360.83, Total Timesteps: 23731900 episode:205 

Rewards Tr: 1071.36, Rewards Eval: 1176.55, Total Timesteps: 23953220 episode:206 

Rewards Tr: 1037.74, Rewards Eval: 674.00, Total Timesteps: 24181010 episode:207 

Rewards Tr: 976.98, Rewards Eval: 1076.24, Total Timesteps: 24383560 episode:208 

Rewards Tr: 1029.43, Rewards Eval: 975.32, Total Timesteps: 24604060 episode:209 

Rewards Tr: 856.36, Rewards Eval: 798.28, Total Timesteps: 24767440 episode:210 

Rewards Tr: 945.62, Rewards Eval: 705.62, Total Timesteps: 24967960 episode:211 

Rewards Tr: 1050.19, Rewards Eval: 1566.29, Total Timesteps: 25193520 episode:212 

Rewards Tr: 1125.37, Rewards Eval: 1094.61, Total Timesteps: 25431800 episode:213 

Rewards Tr: 1146.31, Rewards Eval: 1111.33, Total Timesteps: 25681150 episode:214 

Rewards Tr: 1224.73, Rewards Eval: 838.11, Total Timesteps: 25946460 episode:215 

Rewards Tr: 1146.33, Rewards Eval: 1400.98, Total Timesteps: 26182820 episode:216 

Rewards Tr: 1092.03, Rewards Eval: 1058.74, Total Timesteps: 26392520 episode:217 

Rewards Tr: 924.42, Rewards Eval: 1083.13, Total Timesteps: 26574290 episode:218 

Rewards Tr: 810.75, Rewards Eval: 844.11, Total Timesteps: 26722470 episode:219 

Rewards Tr: 772.59, Rewards Eval: 742.29, Total Timesteps: 26856260 episode:220 

Rewards Tr: 802.91, Rewards Eval: 1078.22, Total Timesteps: 26994320 episode:221 

Rewards Tr: 912.02, Rewards Eval: 702.16, Total Timesteps: 27172580 episode:222 

Rewards Tr: 1000.13, Rewards Eval: 909.87, Total Timesteps: 27372900 episode:223 

Rewards Tr: 1116.39, Rewards Eval: 1250.35, Total Timesteps: 27633500 episode:224 

Rewards Tr: 1183.75, Rewards Eval: 1355.41, Total Timesteps: 27885230 episode:225 

Rewards Tr: 1208.97, Rewards Eval: 1232.34, Total Timesteps: 28131310 episode:226 

Rewards Tr: 1177.97, Rewards Eval: 971.87, Total Timesteps: 28368380 episode:227 

Rewards Tr: 1002.86, Rewards Eval: 1202.83, Total Timesteps: 28562670 episode:228 

Rewards Tr: 965.75, Rewards Eval: 1013.11, Total Timesteps: 28748700 episode:229 

Rewards Tr: 1021.35, Rewards Eval: 1081.65, Total Timesteps: 28944450 episode:230 

Rewards Tr: 1076.54, Rewards Eval: 1044.22, Total Timesteps: 29146620 episode:231 

Rewards Tr: 1061.55, Rewards Eval: 1018.05, Total Timesteps: 29360410 episode:232 

Rewards Tr: 1057.04, Rewards Eval: 1193.36, Total Timesteps: 29568190 episode:233 

Rewards Tr: 1064.00, Rewards Eval: 889.85, Total Timesteps: 29788060 episode:234 

Rewards Tr: 926.55, Rewards Eval: 960.31, Total Timesteps: 29969290 episode:235 

Rewards Tr: 1015.19, Rewards Eval: 1128.06, Total Timesteps: 30167930 episode:236 

Rewards Tr: 1167.51, Rewards Eval: 1076.30, Total Timesteps: 30393070 episode:237 

Rewards Tr: 1083.84, Rewards Eval: 1210.71, Total Timesteps: 30595340 episode:238 

Rewards Tr: 1152.29, Rewards Eval: 1037.78, Total Timesteps: 30823930 episode:239 

Rewards Tr: 1104.89, Rewards Eval: 1533.41, Total Timesteps: 31033870 episode:240 

Rewards Tr: 1031.04, Rewards Eval: 826.43, Total Timesteps: 31245780 episode:241 

Rewards Tr: 1028.95, Rewards Eval: 1143.50, Total Timesteps: 31426940 episode:242 

Rewards Tr: 1050.24, Rewards Eval: 1254.33, Total Timesteps: 31636220 episode:243 

Rewards Tr: 930.78, Rewards Eval: 1066.13, Total Timesteps: 31805300 episode:244 

Rewards Tr: 934.91, Rewards Eval: 1184.38, Total Timesteps: 31980390 episode:245 

Rewards Tr: 1080.11, Rewards Eval: 1056.95, Total Timesteps: 32182410 episode:246 

Rewards Tr: 1083.51, Rewards Eval: 1508.27, Total Timesteps: 32381700 episode:247 

Rewards Tr: 1030.83, Rewards Eval: 1129.46, Total Timesteps: 32576950 episode:248 

Rewards Tr: 1177.83, Rewards Eval: 1450.77, Total Timesteps: 32805790 episode:249 

Rewards Tr: 1259.53, Rewards Eval: 1024.01, Total Timesteps: 33039950 episode:250 

Rewards Tr: 1132.18, Rewards Eval: 1375.01, Total Timesteps: 33251670 episode:251 

Rewards Tr: 998.88, Rewards Eval: 888.63, Total Timesteps: 33430680 episode:252 

Rewards Tr: 1239.72, Rewards Eval: 1166.80, Total Timesteps: 33656760 episode:253 

Rewards Tr: 1062.05, Rewards Eval: 786.86, Total Timesteps: 33856790 episode:254 

Rewards Tr: 1029.83, Rewards Eval: 671.70, Total Timesteps: 34037900 episode:255 

Rewards Tr: 993.12, Rewards Eval: 821.57, Total Timesteps: 34213880 episode:256 

Rewards Tr: 1093.63, Rewards Eval: 1212.31, Total Timesteps: 34416710 episode:257 

Rewards Tr: 1181.65, Rewards Eval: 1559.22, Total Timesteps: 34636230 episode:258 

Rewards Tr: 1221.84, Rewards Eval: 1570.37, Total Timesteps: 34880810 episode:259 

Rewards Tr: 1271.37, Rewards Eval: 896.28, Total Timesteps: 35118070 episode:260 

Rewards Tr: 1256.35, Rewards Eval: 1089.44, Total Timesteps: 35362090 episode:261 

Rewards Tr: 1044.19, Rewards Eval: 1028.26, Total Timesteps: 35553090 episode:262 

Rewards Tr: 955.84, Rewards Eval: 1048.85, Total Timesteps: 35726190 episode:263 

Rewards Tr: 955.05, Rewards Eval: 793.88, Total Timesteps: 35901420 episode:264 

Rewards Tr: 974.12, Rewards Eval: 1149.60, Total Timesteps: 36078240 episode:265 

Rewards Tr: 1056.56, Rewards Eval: 975.67, Total Timesteps: 36265250 episode:266 

Rewards Tr: 1093.26, Rewards Eval: 810.45, Total Timesteps: 36451040 episode:267 

Rewards Tr: 1150.16, Rewards Eval: 1253.10, Total Timesteps: 36672990 episode:268 

Rewards Tr: 1328.52, Rewards Eval: 1466.87, Total Timesteps: 36907040 episode:269 

Rewards Tr: 1282.51, Rewards Eval: 1653.08, Total Timesteps: 37161380 episode:270 

Rewards Tr: 1476.44, Rewards Eval: 1096.15, Total Timesteps: 37419460 episode:271 

Rewards Tr: 1343.86, Rewards Eval: 863.61, Total Timesteps: 37663680 episode:272 

Rewards Tr: 1200.49, Rewards Eval: 1072.94, Total Timesteps: 37872550 episode:273 

Rewards Tr: 1067.46, Rewards Eval: 1060.53, Total Timesteps: 38065970 episode:274 

Rewards Tr: 897.98, Rewards Eval: 929.35, Total Timesteps: 38216690 episode:275 

Rewards Tr: 947.10, Rewards Eval: 926.40, Total Timesteps: 38385110 episode:276 

Rewards Tr: 1001.45, Rewards Eval: 919.35, Total Timesteps: 38565770 episode:277 

Rewards Tr: 1049.30, Rewards Eval: 967.50, Total Timesteps: 38757330 episode:278 

Rewards Tr: 1061.31, Rewards Eval: 1261.04, Total Timesteps: 38946270 episode:279 

Rewards Tr: 1249.15, Rewards Eval: 1181.46, Total Timesteps: 39172910 episode:280 

Rewards Tr: 1334.02, Rewards Eval: 965.24, Total Timesteps: 39412610 episode:281 

Rewards Tr: 1295.93, Rewards Eval: 1520.96, Total Timesteps: 39631020 episode:282 

Rewards Tr: 1078.61, Rewards Eval: 1051.50, Total Timesteps: 39829480 episode:283 

Rewards Tr: 1046.03, Rewards Eval: 979.83, Total Timesteps: 40012910 episode:284 

Rewards Tr: 1027.84, Rewards Eval: 1299.41, Total Timesteps: 40198400 episode:285 

Rewards Tr: 1037.25, Rewards Eval: 907.92, Total Timesteps: 40383930 episode:286 

Rewards Tr: 1115.05, Rewards Eval: 956.28, Total Timesteps: 40580060 episode:287 

Rewards Tr: 1114.65, Rewards Eval: 949.00, Total Timesteps: 40773900 episode:288 

Rewards Tr: 923.42, Rewards Eval: 987.00, Total Timesteps: 40929470 episode:289 

Rewards Tr: 1042.40, Rewards Eval: 1213.22, Total Timesteps: 41119010 episode:290 

Rewards Tr: 1097.40, Rewards Eval: 1013.23, Total Timesteps: 41322840 episode:291 

Rewards Tr: 1117.83, Rewards Eval: 909.33, Total Timesteps: 41513950 episode:292 

Rewards Tr: 1184.60, Rewards Eval: 901.35, Total Timesteps: 41735430 episode:293 

Rewards Tr: 1006.13, Rewards Eval: 1442.41, Total Timesteps: 41911040 episode:294 

Rewards Tr: 1141.09, Rewards Eval: 862.20, Total Timesteps: 42116070 episode:295 

Rewards Tr: 1054.33, Rewards Eval: 1191.91, Total Timesteps: 42304730 episode:296 

Rewards Tr: 1023.29, Rewards Eval: 1257.91, Total Timesteps: 42485230 episode:297 

Rewards Tr: 1046.46, Rewards Eval: 1289.95, Total Timesteps: 42670970 episode:298 

Rewards Tr: 1163.38, Rewards Eval: 1088.47, Total Timesteps: 42874420 episode:299 

Rewards Tr: 1242.55, Rewards Eval: 1480.23, Total Timesteps: 43091730 episode:300 

Rewards Tr: 1197.54, Rewards Eval: 905.55, Total Timesteps: 43310190 episode:301 

Rewards Tr: 1152.02, Rewards Eval: 1163.28, Total Timesteps: 43515330 episode:302 

Rewards Tr: 1203.90, Rewards Eval: 1445.12, Total Timesteps: 43718010 episode:303 

Rewards Tr: 1314.96, Rewards Eval: 1327.20, Total Timesteps: 43946060 episode:304 

Rewards Tr: 1242.21, Rewards Eval: 1106.77, Total Timesteps: 44155240 episode:305 

Rewards Tr: 1279.93, Rewards Eval: 1085.63, Total Timesteps: 44374720 episode:306 

Rewards Tr: 1182.02, Rewards Eval: 1257.71, Total Timesteps: 44575800 episode:307 

Rewards Tr: 1088.36, Rewards Eval: 881.28, Total Timesteps: 44767740 episode:308 

Rewards Tr: 1228.35, Rewards Eval: 1131.77, Total Timesteps: 44985740 episode:309 

Rewards Tr: 1146.08, Rewards Eval: 987.54, Total Timesteps: 45187780 episode:310 

Rewards Tr: 1061.69, Rewards Eval: 1214.15, Total Timesteps: 45376630 episode:311 

Rewards Tr: 1046.02, Rewards Eval: 1180.48, Total Timesteps: 45551820 episode:312 

Rewards Tr: 1165.95, Rewards Eval: 1355.57, Total Timesteps: 45747800 episode:313 

Rewards Tr: 1065.18, Rewards Eval: 1140.96, Total Timesteps: 45929640 episode:314 

Rewards Tr: 1164.61, Rewards Eval: 964.65, Total Timesteps: 46121110 episode:315 

Rewards Tr: 1136.85, Rewards Eval: 1017.47, Total Timesteps: 46319690 episode:316 

Rewards Tr: 985.73, Rewards Eval: 756.37, Total Timesteps: 46483830 episode:317 

Rewards Tr: 1022.66, Rewards Eval: 806.77, Total Timesteps: 46668920 episode:318 

Rewards Tr: 1023.05, Rewards Eval: 1045.01, Total Timesteps: 46855370 episode:319 

Rewards Tr: 1035.91, Rewards Eval: 877.01, Total Timesteps: 47029510 episode:320 

Rewards Tr: 965.99, Rewards Eval: 878.49, Total Timesteps: 47191930 episode:321 

Rewards Tr: 1066.79, Rewards Eval: 1059.29, Total Timesteps: 47380830 episode:322 

Rewards Tr: 1217.50, Rewards Eval: 1242.57, Total Timesteps: 47593270 episode:323 

Rewards Tr: 1148.06, Rewards Eval: 1179.30, Total Timesteps: 47793230 episode:324 

Rewards Tr: 1206.72, Rewards Eval: 832.36, Total Timesteps: 47999670 episode:325 

Rewards Tr: 1081.16, Rewards Eval: 1239.51, Total Timesteps: 48176840 episode:326 

Rewards Tr: 1186.48, Rewards Eval: 1497.35, Total Timesteps: 48376210 episode:327 

Rewards Tr: 1152.88, Rewards Eval: 1398.18, Total Timesteps: 48591430 episode:328 

Rewards Tr: 1407.35, Rewards Eval: 1018.43, Total Timesteps: 48852970 episode:329 

Rewards Tr: 1427.82, Rewards Eval: 1439.21, Total Timesteps: 49103550 episode:330 

Rewards Tr: 1493.20, Rewards Eval: 1102.39, Total Timesteps: 49352560 episode:331 

Rewards Tr: 1110.55, Rewards Eval: 1149.08, Total Timesteps: 49550490 episode:332 

Rewards Tr: 1064.53, Rewards Eval: 851.74, Total Timesteps: 49732210 episode:333 

Rewards Tr: 880.38, Rewards Eval: 1250.46, Total Timesteps: 49871580 episode:334 

Rewards Tr: 949.54, Rewards Eval: 845.45, Total Timesteps: 50032880 episode:335 

Rewards Tr: 1040.64, Rewards Eval: 1315.39, Total Timesteps: 50210260 episode:336 

Rewards Tr: 1113.27, Rewards Eval: 1401.54, Total Timesteps: 50407990 episode:337 

Rewards Tr: 1325.15, Rewards Eval: 1251.93, Total Timesteps: 50637200 episode:338 

Rewards Tr: 1144.69, Rewards Eval: 1337.56, Total Timesteps: 50837140 episode:339 

Rewards Tr: 1204.63, Rewards Eval: 1292.93, Total Timesteps: 51056430 episode:340 

Rewards Tr: 1400.14, Rewards Eval: 897.29, Total Timesteps: 51296980 episode:341 

Rewards Tr: 1225.73, Rewards Eval: 1269.30, Total Timesteps: 51521460 episode:342 

Rewards Tr: 1327.15, Rewards Eval: 1229.68, Total Timesteps: 51752570 episode:343 

Rewards Tr: 1199.14, Rewards Eval: 1289.50, Total Timesteps: 51951980 episode:344 

Rewards Tr: 1159.19, Rewards Eval: 1195.38, Total Timesteps: 52153830 episode:345 

Rewards Tr: 1109.89, Rewards Eval: 1296.22, Total Timesteps: 52335530 episode:346 

Rewards Tr: 1058.69, Rewards Eval: 1078.44, Total Timesteps: 52512380 episode:347 

Rewards Tr: 1385.54, Rewards Eval: 1553.99, Total Timesteps: 52736680 episode:348 

Rewards Tr: 1313.66, Rewards Eval: 1742.36, Total Timesteps: 52950950 episode:349 

Elapsed Time: 372.2 minutes 

For Seed: 4 

Rewards Tr: 18.69, Rewards Eval: 38.56, Total Timesteps: 12140 episode:0 

Rewards Tr: 22.35, Rewards Eval: 18.90, Total Timesteps: 25000 episode:1 

Rewards Tr: 30.62, Rewards Eval: 8.25, Total Timesteps: 39790 episode:2 

Rewards Tr: 37.82, Rewards Eval: 55.57, Total Timesteps: 56770 episode:3 

Rewards Tr: 43.95, Rewards Eval: 22.33, Total Timesteps: 73230 episode:4 

Rewards Tr: 45.66, Rewards Eval: 41.36, Total Timesteps: 89780 episode:5 

Rewards Tr: 48.58, Rewards Eval: 49.73, Total Timesteps: 106520 episode:6 

Rewards Tr: 50.20, Rewards Eval: 47.67, Total Timesteps: 124610 episode:7 

Rewards Tr: 54.37, Rewards Eval: 59.38, Total Timesteps: 142800 episode:8 

Rewards Tr: 56.11, Rewards Eval: 54.23, Total Timesteps: 161780 episode:9 

Rewards Tr: 59.84, Rewards Eval: 66.56, Total Timesteps: 182430 episode:10 

Rewards Tr: 64.25, Rewards Eval: 60.54, Total Timesteps: 206000 episode:11 

Rewards Tr: 65.61, Rewards Eval: 76.89, Total Timesteps: 230770 episode:12 

Rewards Tr: 68.71, Rewards Eval: 101.92, Total Timesteps: 258340 episode:13 

Rewards Tr: 71.67, Rewards Eval: 79.83, Total Timesteps: 286550 episode:14 

Rewards Tr: 80.81, Rewards Eval: 83.36, Total Timesteps: 325610 episode:15 

Rewards Tr: 79.80, Rewards Eval: 64.53, Total Timesteps: 361780 episode:16 

Rewards Tr: 86.14, Rewards Eval: 94.85, Total Timesteps: 408240 episode:17 

Rewards Tr: 87.14, Rewards Eval: 89.39, Total Timesteps: 453840 episode:18 

Rewards Tr: 90.31, Rewards Eval: 98.68, Total Timesteps: 503110 episode:19 

Rewards Tr: 96.62, Rewards Eval: 77.67, Total Timesteps: 566110 episode:20 

Rewards Tr: 105.83, Rewards Eval: 114.77, Total Timesteps: 629390 episode:21 

Rewards Tr: 98.82, Rewards Eval: 133.76, Total Timesteps: 687020 episode:22 

Rewards Tr: 110.77, Rewards Eval: 110.61, Total Timesteps: 749120 episode:23 

Rewards Tr: 106.71, Rewards Eval: 161.43, Total Timesteps: 805260 episode:24 

Rewards Tr: 120.70, Rewards Eval: 114.61, Total Timesteps: 876700 episode:25 

Rewards Tr: 115.66, Rewards Eval: 124.75, Total Timesteps: 943160 episode:26 

Rewards Tr: 115.31, Rewards Eval: 173.92, Total Timesteps: 999540 episode:27 

Rewards Tr: 123.34, Rewards Eval: 128.04, Total Timesteps: 1061360 episode:28 

Rewards Tr: 119.89, Rewards Eval: 119.68, Total Timesteps: 1121990 episode:29 

Rewards Tr: 127.41, Rewards Eval: 89.73, Total Timesteps: 1186890 episode:30 

Rewards Tr: 142.71, Rewards Eval: 131.62, Total Timesteps: 1267440 episode:31 

Rewards Tr: 148.42, Rewards Eval: 110.04, Total Timesteps: 1348180 episode:32 

Rewards Tr: 154.16, Rewards Eval: 100.14, Total Timesteps: 1438030 episode:33 

Rewards Tr: 187.61, Rewards Eval: 193.95, Total Timesteps: 1547650 episode:34 

Rewards Tr: 189.71, Rewards Eval: 117.00, Total Timesteps: 1670840 episode:35 

Rewards Tr: 194.45, Rewards Eval: 211.28, Total Timesteps: 1796210 episode:36 

Rewards Tr: 213.51, Rewards Eval: 167.77, Total Timesteps: 1930920 episode:37 

Rewards Tr: 215.16, Rewards Eval: 242.57, Total Timesteps: 2062200 episode:38 

Rewards Tr: 243.12, Rewards Eval: 158.81, Total Timesteps: 2229930 episode:39 

Rewards Tr: 229.95, Rewards Eval: 215.37, Total Timesteps: 2384860 episode:40 

Rewards Tr: 243.05, Rewards Eval: 308.84, Total Timesteps: 2532010 episode:41 

Rewards Tr: 262.19, Rewards Eval: 237.14, Total Timesteps: 2696780 episode:42 

Rewards Tr: 244.39, Rewards Eval: 160.23, Total Timesteps: 2851450 episode:43 

Rewards Tr: 254.52, Rewards Eval: 170.04, Total Timesteps: 3011360 episode:44 

Rewards Tr: 280.88, Rewards Eval: 236.86, Total Timesteps: 3180450 episode:45 

Rewards Tr: 335.69, Rewards Eval: 375.05, Total Timesteps: 3387100 episode:46 

Rewards Tr: 314.86, Rewards Eval: 217.96, Total Timesteps: 3595470 episode:47 

Rewards Tr: 344.97, Rewards Eval: 432.29, Total Timesteps: 3823420 episode:48 

Rewards Tr: 409.29, Rewards Eval: 281.44, Total Timesteps: 4075960 episode:49 

Rewards Tr: 433.78, Rewards Eval: 239.29, Total Timesteps: 4333530 episode:50 

Rewards Tr: 460.36, Rewards Eval: 479.99, Total Timesteps: 4611800 episode:51 

Rewards Tr: 451.28, Rewards Eval: 317.20, Total Timesteps: 4891250 episode:52 

Rewards Tr: 436.77, Rewards Eval: 710.19, Total Timesteps: 5156480 episode:53 

Rewards Tr: 490.41, Rewards Eval: 507.10, Total Timesteps: 5432100 episode:54 

Rewards Tr: 515.86, Rewards Eval: 394.40, Total Timesteps: 5714650 episode:55 

Rewards Tr: 533.80, Rewards Eval: 388.44, Total Timesteps: 5995960 episode:56 

Rewards Tr: 549.86, Rewards Eval: 560.55, Total Timesteps: 6287120 episode:57 

Rewards Tr: 551.53, Rewards Eval: 762.16, Total Timesteps: 6580240 episode:58 

Rewards Tr: 592.89, Rewards Eval: 785.71, Total Timesteps: 6877670 episode:59 

Rewards Tr: 645.45, Rewards Eval: 495.56, Total Timesteps: 7175060 episode:60 

Rewards Tr: 641.34, Rewards Eval: 717.20, Total Timesteps: 7474210 episode:61 

Rewards Tr: 651.78, Rewards Eval: 712.18, Total Timesteps: 7771360 episode:62 

Rewards Tr: 686.99, Rewards Eval: 807.63, Total Timesteps: 8068850 episode:63 

Rewards Tr: 713.46, Rewards Eval: 715.02, Total Timesteps: 8367530 episode:64 

Rewards Tr: 734.45, Rewards Eval: 825.75, Total Timesteps: 8667530 episode:65 

Rewards Tr: 743.11, Rewards Eval: 674.20, Total Timesteps: 8967530 episode:66 

Rewards Tr: 747.33, Rewards Eval: 922.48, Total Timesteps: 9267530 episode:67 

Rewards Tr: 790.97, Rewards Eval: 565.85, Total Timesteps: 9567530 episode:68 

Rewards Tr: 845.62, Rewards Eval: 889.55, Total Timesteps: 9867530 episode:69 

Rewards Tr: 850.84, Rewards Eval: 729.71, Total Timesteps: 10167530 episode:70 

Rewards Tr: 891.10, Rewards Eval: 925.02, Total Timesteps: 10467530 episode:71 

Rewards Tr: 869.23, Rewards Eval: 932.89, Total Timesteps: 10767530 episode:72 

Rewards Tr: 867.31, Rewards Eval: 916.93, Total Timesteps: 11067530 episode:73 

Rewards Tr: 848.82, Rewards Eval: 945.52, Total Timesteps: 11367530 episode:74 

Rewards Tr: 850.66, Rewards Eval: 925.25, Total Timesteps: 11667530 episode:75 

Rewards Tr: 869.53, Rewards Eval: 780.32, Total Timesteps: 11967530 episode:76 

Rewards Tr: 869.73, Rewards Eval: 824.05, Total Timesteps: 12267530 episode:77 

Rewards Tr: 908.74, Rewards Eval: 995.39, Total Timesteps: 12567530 episode:78 

Rewards Tr: 921.89, Rewards Eval: 994.94, Total Timesteps: 12867530 episode:79 

Rewards Tr: 930.21, Rewards Eval: 1002.61, Total Timesteps: 13167530 episode:80 

Rewards Tr: 952.59, Rewards Eval: 797.70, Total Timesteps: 13467530 episode:81 

Rewards Tr: 922.39, Rewards Eval: 919.70, Total Timesteps: 13767530 episode:82 

Rewards Tr: 884.00, Rewards Eval: 871.37, Total Timesteps: 14067530 episode:83 

Rewards Tr: 852.73, Rewards Eval: 904.64, Total Timesteps: 14367530 episode:84 

Rewards Tr: 880.60, Rewards Eval: 863.49, Total Timesteps: 14667530 episode:85 

Rewards Tr: 915.42, Rewards Eval: 983.27, Total Timesteps: 14967530 episode:86 

Rewards Tr: 927.83, Rewards Eval: 1009.57, Total Timesteps: 15267530 episode:87 

Rewards Tr: 962.27, Rewards Eval: 926.11, Total Timesteps: 15567530 episode:88 

Rewards Tr: 938.00, Rewards Eval: 1000.64, Total Timesteps: 15867530 episode:89 

Rewards Tr: 954.67, Rewards Eval: 1009.58, Total Timesteps: 16167530 episode:90 

Rewards Tr: 945.54, Rewards Eval: 939.62, Total Timesteps: 16467530 episode:91 

Rewards Tr: 901.97, Rewards Eval: 836.43, Total Timesteps: 16767530 episode:92 

Rewards Tr: 938.92, Rewards Eval: 798.83, Total Timesteps: 17067530 episode:93 

Rewards Tr: 912.88, Rewards Eval: 1013.84, Total Timesteps: 17367530 episode:94 

Rewards Tr: 925.85, Rewards Eval: 950.65, Total Timesteps: 17667530 episode:95 

Rewards Tr: 945.20, Rewards Eval: 1003.12, Total Timesteps: 17967530 episode:96 

Rewards Tr: 959.85, Rewards Eval: 873.13, Total Timesteps: 18267530 episode:97 

Rewards Tr: 952.97, Rewards Eval: 564.56, Total Timesteps: 18567530 episode:98 

Rewards Tr: 939.56, Rewards Eval: 813.80, Total Timesteps: 18867530 episode:99 

Rewards Tr: 942.94, Rewards Eval: 1012.17, Total Timesteps: 19167530 episode:100 

Rewards Tr: 955.91, Rewards Eval: 947.15, Total Timesteps: 19467530 episode:101 

Rewards Tr: 930.99, Rewards Eval: 885.06, Total Timesteps: 19767530 episode:102 

Rewards Tr: 928.23, Rewards Eval: 934.78, Total Timesteps: 20067530 episode:103 

Rewards Tr: 958.91, Rewards Eval: 1012.57, Total Timesteps: 20367530 episode:104 

Rewards Tr: 956.81, Rewards Eval: 945.58, Total Timesteps: 20667530 episode:105 

Rewards Tr: 958.45, Rewards Eval: 915.20, Total Timesteps: 20967530 episode:106 

Rewards Tr: 940.06, Rewards Eval: 956.46, Total Timesteps: 21267530 episode:107 

Rewards Tr: 937.48, Rewards Eval: 1002.47, Total Timesteps: 21567530 episode:108 

Rewards Tr: 903.63, Rewards Eval: 936.38, Total Timesteps: 21867530 episode:109 

Rewards Tr: 880.56, Rewards Eval: 969.84, Total Timesteps: 22167530 episode:110 

Rewards Tr: 843.50, Rewards Eval: 934.30, Total Timesteps: 22467530 episode:111 

Rewards Tr: 910.20, Rewards Eval: 854.33, Total Timesteps: 22767530 episode:112 

Rewards Tr: 892.44, Rewards Eval: 973.22, Total Timesteps: 23067530 episode:113 

Rewards Tr: 933.91, Rewards Eval: 900.35, Total Timesteps: 23367530 episode:114 

Rewards Tr: 934.35, Rewards Eval: 1020.24, Total Timesteps: 23667530 episode:115 

Rewards Tr: 949.71, Rewards Eval: 916.11, Total Timesteps: 23967530 episode:116 

Rewards Tr: 930.45, Rewards Eval: 896.82, Total Timesteps: 24267530 episode:117 

Rewards Tr: 929.89, Rewards Eval: 937.82, Total Timesteps: 24567530 episode:118 

Rewards Tr: 925.99, Rewards Eval: 1021.73, Total Timesteps: 24867530 episode:119 

Rewards Tr: 943.59, Rewards Eval: 895.26, Total Timesteps: 25167530 episode:120 

Rewards Tr: 954.85, Rewards Eval: 1019.17, Total Timesteps: 25467530 episode:121 

Rewards Tr: 963.12, Rewards Eval: 871.61, Total Timesteps: 25767530 episode:122 

Rewards Tr: 952.45, Rewards Eval: 919.91, Total Timesteps: 26067530 episode:123 

Rewards Tr: 932.22, Rewards Eval: 1028.97, Total Timesteps: 26367530 episode:124 

Rewards Tr: 898.67, Rewards Eval: 918.58, Total Timesteps: 26667530 episode:125 

Rewards Tr: 926.63, Rewards Eval: 885.95, Total Timesteps: 26967530 episode:126 

Rewards Tr: 924.15, Rewards Eval: 575.27, Total Timesteps: 27267530 episode:127 

Rewards Tr: 887.71, Rewards Eval: 950.65, Total Timesteps: 27567530 episode:128 

Rewards Tr: 887.23, Rewards Eval: 710.97, Total Timesteps: 27867530 episode:129 

Rewards Tr: 909.20, Rewards Eval: 717.12, Total Timesteps: 28167530 episode:130 

Rewards Tr: 898.78, Rewards Eval: 800.40, Total Timesteps: 28467530 episode:131 

Rewards Tr: 876.46, Rewards Eval: 981.77, Total Timesteps: 28767530 episode:132 

Rewards Tr: 898.28, Rewards Eval: 902.39, Total Timesteps: 29067530 episode:133 

Rewards Tr: 893.86, Rewards Eval: 768.30, Total Timesteps: 29367530 episode:134 

Rewards Tr: 895.25, Rewards Eval: 809.86, Total Timesteps: 29667530 episode:135 

Rewards Tr: 913.92, Rewards Eval: 811.01, Total Timesteps: 29967530 episode:136 

Rewards Tr: 901.31, Rewards Eval: 711.44, Total Timesteps: 30267530 episode:137 

Rewards Tr: 842.66, Rewards Eval: 788.74, Total Timesteps: 30564110 episode:138 

Rewards Tr: 751.14, Rewards Eval: 721.05, Total Timesteps: 30861170 episode:139 

Rewards Tr: 718.72, Rewards Eval: 602.83, Total Timesteps: 31155990 episode:140 

Rewards Tr: 664.10, Rewards Eval: 552.80, Total Timesteps: 31441310 episode:141 

Rewards Tr: 646.14, Rewards Eval: 533.77, Total Timesteps: 31731580 episode:142 

Rewards Tr: 603.28, Rewards Eval: 438.13, Total Timesteps: 32006810 episode:143 

Rewards Tr: 598.56, Rewards Eval: 518.69, Total Timesteps: 32288610 episode:144 

Rewards Tr: 578.31, Rewards Eval: 691.56, Total Timesteps: 32560470 episode:145 

Rewards Tr: 558.94, Rewards Eval: 764.82, Total Timesteps: 32830050 episode:146 

Rewards Tr: 548.72, Rewards Eval: 647.26, Total Timesteps: 33095220 episode:147 

Rewards Tr: 551.06, Rewards Eval: 478.09, Total Timesteps: 33357720 episode:148 

Rewards Tr: 555.44, Rewards Eval: 606.54, Total Timesteps: 33615650 episode:149 

Rewards Tr: 549.39, Rewards Eval: 545.88, Total Timesteps: 33902270 episode:150 

Rewards Tr: 555.62, Rewards Eval: 553.55, Total Timesteps: 34164550 episode:151 

Rewards Tr: 575.28, Rewards Eval: 561.16, Total Timesteps: 34427770 episode:152 

Rewards Tr: 555.81, Rewards Eval: 515.37, Total Timesteps: 34662740 episode:153 

Rewards Tr: 525.97, Rewards Eval: 529.16, Total Timesteps: 34880480 episode:154 

Rewards Tr: 528.64, Rewards Eval: 622.39, Total Timesteps: 35077110 episode:155 

Rewards Tr: 504.08, Rewards Eval: 460.48, Total Timesteps: 35253490 episode:156 

Rewards Tr: 498.50, Rewards Eval: 465.46, Total Timesteps: 35417970 episode:157 

Rewards Tr: 482.26, Rewards Eval: 538.31, Total Timesteps: 35573690 episode:158 

Rewards Tr: 491.41, Rewards Eval: 486.23, Total Timesteps: 35731110 episode:159 

Rewards Tr: 491.46, Rewards Eval: 589.31, Total Timesteps: 35886640 episode:160 

Rewards Tr: 479.14, Rewards Eval: 491.66, Total Timesteps: 36035580 episode:161 

Rewards Tr: 468.69, Rewards Eval: 476.49, Total Timesteps: 36178910 episode:162 

Rewards Tr: 455.17, Rewards Eval: 388.80, Total Timesteps: 36318590 episode:163 

Rewards Tr: 449.52, Rewards Eval: 447.00, Total Timesteps: 36459420 episode:164 

Rewards Tr: 418.09, Rewards Eval: 405.70, Total Timesteps: 36573160 episode:165 

Rewards Tr: 394.99, Rewards Eval: 399.65, Total Timesteps: 36683050 episode:166 

Rewards Tr: 369.45, Rewards Eval: 335.44, Total Timesteps: 36779900 episode:167 

Rewards Tr: 366.42, Rewards Eval: 338.07, Total Timesteps: 36874800 episode:168 

Rewards Tr: 346.78, Rewards Eval: 364.63, Total Timesteps: 36961950 episode:169 

Rewards Tr: 333.10, Rewards Eval: 304.06, Total Timesteps: 37041310 episode:170 

Rewards Tr: 320.28, Rewards Eval: 299.17, Total Timesteps: 37117440 episode:171 

Rewards Tr: 304.18, Rewards Eval: 305.65, Total Timesteps: 37189390 episode:172 

Rewards Tr: 295.55, Rewards Eval: 293.04, Total Timesteps: 37256170 episode:173 

Rewards Tr: 285.13, Rewards Eval: 304.10, Total Timesteps: 37318490 episode:174 

Rewards Tr: 282.79, Rewards Eval: 238.83, Total Timesteps: 37383230 episode:175 

Rewards Tr: 293.55, Rewards Eval: 343.64, Total Timesteps: 37454000 episode:176 

Rewards Tr: 303.00, Rewards Eval: 298.18, Total Timesteps: 37544040 episode:177 

Rewards Tr: 320.87, Rewards Eval: 347.86, Total Timesteps: 37633500 episode:178 

Rewards Tr: 354.57, Rewards Eval: 449.64, Total Timesteps: 37767040 episode:179 

Rewards Tr: 364.94, Rewards Eval: 399.20, Total Timesteps: 37907600 episode:180 

Rewards Tr: 433.87, Rewards Eval: 495.39, Total Timesteps: 38077860 episode:181 

Rewards Tr: 412.70, Rewards Eval: 366.10, Total Timesteps: 38203680 episode:182 

Rewards Tr: 477.64, Rewards Eval: 669.86, Total Timesteps: 38357360 episode:183 

Rewards Tr: 579.30, Rewards Eval: 825.77, Total Timesteps: 38581200 episode:184 

Rewards Tr: 687.85, Rewards Eval: 430.32, Total Timesteps: 38854570 episode:185 

Rewards Tr: 701.01, Rewards Eval: 741.33, Total Timesteps: 39122480 episode:186 

Rewards Tr: 623.40, Rewards Eval: 482.94, Total Timesteps: 39350590 episode:187 

Rewards Tr: 543.26, Rewards Eval: 377.62, Total Timesteps: 39542220 episode:188 

Rewards Tr: 462.88, Rewards Eval: 428.41, Total Timesteps: 39690370 episode:189 

Rewards Tr: 428.04, Rewards Eval: 442.57, Total Timesteps: 39812680 episode:190 

Rewards Tr: 428.35, Rewards Eval: 346.37, Total Timesteps: 39925920 episode:191 

Rewards Tr: 479.67, Rewards Eval: 423.02, Total Timesteps: 40060360 episode:192 

Rewards Tr: 546.17, Rewards Eval: 945.50, Total Timesteps: 40222760 episode:193 

Rewards Tr: 693.35, Rewards Eval: 888.29, Total Timesteps: 40475710 episode:194 

Rewards Tr: 767.96, Rewards Eval: 706.70, Total Timesteps: 40759320 episode:195 

Rewards Tr: 863.81, Rewards Eval: 825.63, Total Timesteps: 41046210 episode:196 

Rewards Tr: 772.26, Rewards Eval: 399.65, Total Timesteps: 41316260 episode:197 

Rewards Tr: 574.17, Rewards Eval: 761.70, Total Timesteps: 41493470 episode:198 

Rewards Tr: 529.43, Rewards Eval: 455.52, Total Timesteps: 41642180 episode:199 

Rewards Tr: 507.60, Rewards Eval: 502.44, Total Timesteps: 41787250 episode:200 

Rewards Tr: 526.88, Rewards Eval: 797.21, Total Timesteps: 41935910 episode:201 

Rewards Tr: 593.87, Rewards Eval: 616.10, Total Timesteps: 42119750 episode:202 

Rewards Tr: 759.83, Rewards Eval: 1289.45, Total Timesteps: 42374020 episode:203 

Rewards Tr: 895.52, Rewards Eval: 847.20, Total Timesteps: 42660850 episode:204 

Rewards Tr: 816.76, Rewards Eval: 922.87, Total Timesteps: 42931730 episode:205 

Rewards Tr: 851.67, Rewards Eval: 1338.88, Total Timesteps: 43203120 episode:206 

Rewards Tr: 893.46, Rewards Eval: 993.40, Total Timesteps: 43467890 episode:207 

Rewards Tr: 881.38, Rewards Eval: 643.76, Total Timesteps: 43739330 episode:208 

Rewards Tr: 717.45, Rewards Eval: 560.21, Total Timesteps: 43955780 episode:209 

Rewards Tr: 712.21, Rewards Eval: 581.37, Total Timesteps: 44174600 episode:210 

Rewards Tr: 764.52, Rewards Eval: 897.53, Total Timesteps: 44386000 episode:211 

Rewards Tr: 720.91, Rewards Eval: 1063.79, Total Timesteps: 44587280 episode:212 

Rewards Tr: 792.16, Rewards Eval: 804.29, Total Timesteps: 44827810 episode:213 

Rewards Tr: 822.74, Rewards Eval: 923.39, Total Timesteps: 45078510 episode:214 

Rewards Tr: 898.99, Rewards Eval: 1503.28, Total Timesteps: 45331890 episode:215 

Rewards Tr: 855.16, Rewards Eval: 933.22, Total Timesteps: 45570970 episode:216 

Rewards Tr: 843.72, Rewards Eval: 955.23, Total Timesteps: 45798100 episode:217 

Rewards Tr: 800.39, Rewards Eval: 585.25, Total Timesteps: 46012390 episode:218 

Rewards Tr: 851.91, Rewards Eval: 952.47, Total Timesteps: 46230300 episode:219 

Rewards Tr: 842.77, Rewards Eval: 1399.61, Total Timesteps: 46465220 episode:220 

Rewards Tr: 1023.13, Rewards Eval: 1385.98, Total Timesteps: 46731090 episode:221 

Rewards Tr: 1070.23, Rewards Eval: 1180.06, Total Timesteps: 47008440 episode:222 

Rewards Tr: 1143.24, Rewards Eval: 1337.32, Total Timesteps: 47291170 episode:223 

Rewards Tr: 1079.83, Rewards Eval: 1337.38, Total Timesteps: 47574850 episode:224 

Rewards Tr: 1109.02, Rewards Eval: 875.63, Total Timesteps: 47863510 episode:225 

Rewards Tr: 1099.51, Rewards Eval: 1169.33, Total Timesteps: 48131200 episode:226 

Rewards Tr: 949.34, Rewards Eval: 1026.90, Total Timesteps: 48370820 episode:227 

Rewards Tr: 988.77, Rewards Eval: 1169.38, Total Timesteps: 48617540 episode:228 

Rewards Tr: 889.46, Rewards Eval: 1131.55, Total Timesteps: 48830640 episode:229 

Rewards Tr: 834.17, Rewards Eval: 678.44, Total Timesteps: 49028450 episode:230 

Rewards Tr: 859.95, Rewards Eval: 740.06, Total Timesteps: 49238880 episode:231 

Rewards Tr: 953.62, Rewards Eval: 670.24, Total Timesteps: 49474870 episode:232 

Rewards Tr: 1016.06, Rewards Eval: 1095.72, Total Timesteps: 49733390 episode:233 

Rewards Tr: 997.91, Rewards Eval: 728.94, Total Timesteps: 49973990 episode:234 

Rewards Tr: 969.02, Rewards Eval: 1043.57, Total Timesteps: 50214010 episode:235 

Rewards Tr: 1007.18, Rewards Eval: 1144.65, Total Timesteps: 50446830 episode:236 

Rewards Tr: 1158.91, Rewards Eval: 1392.27, Total Timesteps: 50734780 episode:237 

Rewards Tr: 1124.65, Rewards Eval: 1048.59, Total Timesteps: 51012200 episode:238 

Rewards Tr: 1106.30, Rewards Eval: 785.65, Total Timesteps: 51264340 episode:239 

Rewards Tr: 1197.90, Rewards Eval: 1178.47, Total Timesteps: 51526040 episode:240 

Rewards Tr: 984.36, Rewards Eval: 1313.32, Total Timesteps: 51740860 episode:241 

Rewards Tr: 943.58, Rewards Eval: 877.41, Total Timesteps: 51933560 episode:242 

Rewards Tr: 1162.42, Rewards Eval: 775.65, Total Timesteps: 52189040 episode:243 

Rewards Tr: 1033.46, Rewards Eval: 1241.86, Total Timesteps: 52416630 episode:244 

Rewards Tr: 1093.26, Rewards Eval: 918.70, Total Timesteps: 52652140 episode:245 

Rewards Tr: 1126.25, Rewards Eval: 1807.71, Total Timesteps: 52900510 episode:246 

Rewards Tr: 1219.90, Rewards Eval: 1224.68, Total Timesteps: 53170130 episode:247 

Rewards Tr: 1169.62, Rewards Eval: 1284.29, Total Timesteps: 53425720 episode:248 

Rewards Tr: 985.46, Rewards Eval: 1129.32, Total Timesteps: 53647740 episode:249 

Rewards Tr: 980.61, Rewards Eval: 826.06, Total Timesteps: 53854580 episode:250 

Rewards Tr: 1004.19, Rewards Eval: 1039.05, Total Timesteps: 54050380 episode:251 

Rewards Tr: 1053.61, Rewards Eval: 989.12, Total Timesteps: 54283290 episode:252 

Rewards Tr: 1040.53, Rewards Eval: 1000.57, Total Timesteps: 54512650 episode:253 

Rewards Tr: 1072.85, Rewards Eval: 1252.75, Total Timesteps: 54735490 episode:254 

Rewards Tr: 1078.66, Rewards Eval: 992.96, Total Timesteps: 54971790 episode:255 

Rewards Tr: 1200.26, Rewards Eval: 837.27, Total Timesteps: 55225660 episode:256 

Rewards Tr: 1087.92, Rewards Eval: 1201.53, Total Timesteps: 55458550 episode:257 

Rewards Tr: 1053.28, Rewards Eval: 1445.38, Total Timesteps: 55670010 episode:258 

Rewards Tr: 1261.45, Rewards Eval: 1402.43, Total Timesteps: 55931640 episode:259 

Rewards Tr: 1179.11, Rewards Eval: 1464.25, Total Timesteps: 56169910 episode:260 

Rewards Tr: 1228.96, Rewards Eval: 1157.50, Total Timesteps: 56412400 episode:261 

Rewards Tr: 1187.55, Rewards Eval: 954.05, Total Timesteps: 56652140 episode:262 

Rewards Tr: 1194.34, Rewards Eval: 1291.46, Total Timesteps: 56901870 episode:263 

Rewards Tr: 1140.93, Rewards Eval: 1294.86, Total Timesteps: 57148930 episode:264 

Rewards Tr: 1140.09, Rewards Eval: 1223.46, Total Timesteps: 57382650 episode:265 

Rewards Tr: 1095.52, Rewards Eval: 1001.49, Total Timesteps: 57607970 episode:266 

Rewards Tr: 889.18, Rewards Eval: 942.02, Total Timesteps: 57783280 episode:267 

Rewards Tr: 975.64, Rewards Eval: 935.34, Total Timesteps: 57977620 episode:268 

Rewards Tr: 887.73, Rewards Eval: 839.57, Total Timesteps: 58155090 episode:269 

Rewards Tr: 1136.04, Rewards Eval: 1525.01, Total Timesteps: 58379540 episode:270 

Rewards Tr: 1128.47, Rewards Eval: 1316.51, Total Timesteps: 58616730 episode:271 

Rewards Tr: 1094.21, Rewards Eval: 1102.60, Total Timesteps: 58857790 episode:272 

Rewards Tr: 1262.14, Rewards Eval: 1606.79, Total Timesteps: 59117370 episode:273 

Rewards Tr: 1126.93, Rewards Eval: 1325.74, Total Timesteps: 59358290 episode:274 

Rewards Tr: 1234.05, Rewards Eval: 941.28, Total Timesteps: 59615710 episode:275 

Rewards Tr: 984.24, Rewards Eval: 1601.99, Total Timesteps: 59822760 episode:276 

Rewards Tr: 1155.92, Rewards Eval: 1103.91, Total Timesteps: 60040070 episode:277 

Rewards Tr: 1089.57, Rewards Eval: 1082.76, Total Timesteps: 60250280 episode:278 

Rewards Tr: 1025.59, Rewards Eval: 1149.00, Total Timesteps: 60435650 episode:279 

Rewards Tr: 1207.14, Rewards Eval: 1123.42, Total Timesteps: 60682190 episode:280 

Rewards Tr: 1319.26, Rewards Eval: 1534.86, Total Timesteps: 60954960 episode:281 

Rewards Tr: 1545.20, Rewards Eval: 985.68, Total Timesteps: 61249990 episode:282 

Rewards Tr: 1355.77, Rewards Eval: 1710.69, Total Timesteps: 61533120 episode:283 

Rewards Tr: 1237.52, Rewards Eval: 1142.40, Total Timesteps: 61800390 episode:284 

Rewards Tr: 1170.11, Rewards Eval: 733.44, Total Timesteps: 62035040 episode:285 

Rewards Tr: 1147.08, Rewards Eval: 1219.34, Total Timesteps: 62254200 episode:286 

Rewards Tr: 1086.84, Rewards Eval: 1099.92, Total Timesteps: 62458720 episode:287 

Rewards Tr: 1035.86, Rewards Eval: 1303.12, Total Timesteps: 62653280 episode:288 

Rewards Tr: 1070.63, Rewards Eval: 1271.85, Total Timesteps: 62848930 episode:289 

Rewards Tr: 1197.06, Rewards Eval: 1841.42, Total Timesteps: 63076770 episode:290 

Rewards Tr: 1173.72, Rewards Eval: 930.45, Total Timesteps: 63303900 episode:291 

Rewards Tr: 1204.37, Rewards Eval: 1013.88, Total Timesteps: 63542340 episode:292 

Rewards Tr: 1432.45, Rewards Eval: 1175.92, Total Timesteps: 63800580 episode:293 

Rewards Tr: 1347.12, Rewards Eval: 1310.13, Total Timesteps: 64052120 episode:294 

Rewards Tr: 1280.07, Rewards Eval: 1040.35, Total Timesteps: 64291620 episode:295 

Rewards Tr: 1208.60, Rewards Eval: 1083.87, Total Timesteps: 64531560 episode:296 

Rewards Tr: 1261.38, Rewards Eval: 1269.27, Total Timesteps: 64772790 episode:297 

Rewards Tr: 1200.43, Rewards Eval: 1069.11, Total Timesteps: 65008440 episode:298 

Rewards Tr: 1272.48, Rewards Eval: 1747.24, Total Timesteps: 65252770 episode:299 

Rewards Tr: 1290.92, Rewards Eval: 1084.40, Total Timesteps: 65503770 episode:300 

Rewards Tr: 1334.86, Rewards Eval: 877.47, Total Timesteps: 65754440 episode:301 

Rewards Tr: 1344.48, Rewards Eval: 1544.17, Total Timesteps: 66015650 episode:302 

Rewards Tr: 1297.48, Rewards Eval: 1267.44, Total Timesteps: 66265730 episode:303 

Rewards Tr: 1195.26, Rewards Eval: 1430.87, Total Timesteps: 66515230 episode:304 

Rewards Tr: 1027.21, Rewards Eval: 1465.85, Total Timesteps: 66719830 episode:305 

Rewards Tr: 1089.43, Rewards Eval: 1114.05, Total Timesteps: 66937410 episode:306 

Rewards Tr: 1106.40, Rewards Eval: 1269.04, Total Timesteps: 67167490 episode:307 

Rewards Tr: 1264.30, Rewards Eval: 1193.55, Total Timesteps: 67394600 episode:308 

Rewards Tr: 1322.57, Rewards Eval: 1018.10, Total Timesteps: 67649720 episode:309 

Rewards Tr: 1231.30, Rewards Eval: 1124.61, Total Timesteps: 67878510 episode:310 

Rewards Tr: 1301.38, Rewards Eval: 1077.59, Total Timesteps: 68141490 episode:311 

Rewards Tr: 1216.64, Rewards Eval: 983.39, Total Timesteps: 68367040 episode:312 

Rewards Tr: 1082.14, Rewards Eval: 1446.51, Total Timesteps: 68586050 episode:313 

Rewards Tr: 1033.76, Rewards Eval: 1638.72, Total Timesteps: 68771540 episode:314 

Rewards Tr: 1032.56, Rewards Eval: 1689.76, Total Timesteps: 68969350 episode:315 

Rewards Tr: 1367.21, Rewards Eval: 1212.15, Total Timesteps: 69230990 episode:316 

Rewards Tr: 1503.95, Rewards Eval: 1614.33, Total Timesteps: 69510100 episode:317 

Rewards Tr: 1608.43, Rewards Eval: 1594.44, Total Timesteps: 69801490 episode:318 

Rewards Tr: 1513.05, Rewards Eval: 976.13, Total Timesteps: 70089420 episode:319 

Rewards Tr: 1278.97, Rewards Eval: 1375.05, Total Timesteps: 70339040 episode:320 

Rewards Tr: 1179.70, Rewards Eval: 1294.53, Total Timesteps: 70560320 episode:321 

Rewards Tr: 922.74, Rewards Eval: 805.11, Total Timesteps: 70738760 episode:322 

Rewards Tr: 923.90, Rewards Eval: 850.57, Total Timesteps: 70910880 episode:323 

Rewards Tr: 926.08, Rewards Eval: 1180.92, Total Timesteps: 71076250 episode:324 

Rewards Tr: 988.09, Rewards Eval: 1433.26, Total Timesteps: 71259440 episode:325 

Rewards Tr: 1129.69, Rewards Eval: 1229.59, Total Timesteps: 71471930 episode:326 

Rewards Tr: 1158.54, Rewards Eval: 1254.79, Total Timesteps: 71695450 episode:327 

Rewards Tr: 1298.32, Rewards Eval: 970.89, Total Timesteps: 71936860 episode:328 

Rewards Tr: 1212.68, Rewards Eval: 1524.56, Total Timesteps: 72150590 episode:329 

Rewards Tr: 1077.51, Rewards Eval: 1213.69, Total Timesteps: 72361800 episode:330 

Rewards Tr: 1061.48, Rewards Eval: 1473.15, Total Timesteps: 72558020 episode:331 

Rewards Tr: 1146.14, Rewards Eval: 1521.98, Total Timesteps: 72772550 episode:332 

Rewards Tr: 1293.27, Rewards Eval: 1567.41, Total Timesteps: 73012860 episode:333 

Rewards Tr: 1312.63, Rewards Eval: 1518.09, Total Timesteps: 73254440 episode:334 

Rewards Tr: 1196.16, Rewards Eval: 1142.27, Total Timesteps: 73475080 episode:335 

Rewards Tr: 1257.93, Rewards Eval: 1318.50, Total Timesteps: 73707350 episode:336 

Rewards Tr: 1317.12, Rewards Eval: 1478.07, Total Timesteps: 73935690 episode:337 

Rewards Tr: 1087.25, Rewards Eval: 1448.87, Total Timesteps: 74129740 episode:338 

Rewards Tr: 1086.37, Rewards Eval: 1148.42, Total Timesteps: 74337160 episode:339 

Rewards Tr: 1104.66, Rewards Eval: 1455.67, Total Timesteps: 74546640 episode:340 

Rewards Tr: 1139.71, Rewards Eval: 1287.52, Total Timesteps: 74748780 episode:341 

Rewards Tr: 1168.12, Rewards Eval: 719.98, Total Timesteps: 74975670 episode:342 

Rewards Tr: 1271.84, Rewards Eval: 1156.37, Total Timesteps: 75193740 episode:343 

Rewards Tr: 1178.03, Rewards Eval: 1220.89, Total Timesteps: 75398320 episode:344 

Rewards Tr: 1207.68, Rewards Eval: 1234.73, Total Timesteps: 75623720 episode:345 

Rewards Tr: 1129.51, Rewards Eval: 1297.18, Total Timesteps: 75836730 episode:346 

Rewards Tr: 1076.30, Rewards Eval: 903.70, Total Timesteps: 76041140 episode:347 

Rewards Tr: 912.94, Rewards Eval: 1030.93, Total Timesteps: 76196050 episode:348 

Rewards Tr: 1025.76, Rewards Eval: 1020.14, Total Timesteps: 76384410 episode:349 

Elapsed Time: 554.0 minutes 

For Seed: 5 

Rewards Tr: 7.57, Rewards Eval: 0.00, Total Timesteps: 6010 episode:0 

Rewards Tr: 8.97, Rewards Eval: 10.88, Total Timesteps: 12970 episode:1 

Rewards Tr: 11.48, Rewards Eval: 23.17, Total Timesteps: 21950 episode:2 

Rewards Tr: 14.46, Rewards Eval: 16.38, Total Timesteps: 32490 episode:3 

Rewards Tr: 22.33, Rewards Eval: 18.66, Total Timesteps: 46370 episode:4 

Rewards Tr: 32.60, Rewards Eval: 24.90, Total Timesteps: 63430 episode:5 

Rewards Tr: 37.20, Rewards Eval: 43.69, Total Timesteps: 80420 episode:6 

Rewards Tr: 49.32, Rewards Eval: 44.26, Total Timesteps: 100530 episode:7 

Rewards Tr: 49.21, Rewards Eval: 55.84, Total Timesteps: 118680 episode:8 

Rewards Tr: 52.24, Rewards Eval: 53.03, Total Timesteps: 137190 episode:9 

Rewards Tr: 55.49, Rewards Eval: 62.33, Total Timesteps: 157090 episode:10 

Rewards Tr: 56.80, Rewards Eval: 60.56, Total Timesteps: 176300 episode:11 

Rewards Tr: 57.93, Rewards Eval: 55.80, Total Timesteps: 195590 episode:12 

Rewards Tr: 62.00, Rewards Eval: 54.49, Total Timesteps: 216740 episode:13 

Rewards Tr: 64.45, Rewards Eval: 62.39, Total Timesteps: 238420 episode:14 

Rewards Tr: 64.47, Rewards Eval: 76.49, Total Timesteps: 259150 episode:15 

Rewards Tr: 67.43, Rewards Eval: 75.09, Total Timesteps: 280950 episode:16 

Rewards Tr: 71.44, Rewards Eval: 75.53, Total Timesteps: 303690 episode:17 

Rewards Tr: 74.07, Rewards Eval: 64.78, Total Timesteps: 328670 episode:18 

Rewards Tr: 79.55, Rewards Eval: 58.12, Total Timesteps: 354080 episode:19 

Rewards Tr: 82.06, Rewards Eval: 68.70, Total Timesteps: 380670 episode:20 

Rewards Tr: 90.78, Rewards Eval: 106.06, Total Timesteps: 409690 episode:21 

Rewards Tr: 93.81, Rewards Eval: 94.66, Total Timesteps: 441030 episode:22 

Rewards Tr: 96.89, Rewards Eval: 81.10, Total Timesteps: 471310 episode:23 

Rewards Tr: 107.29, Rewards Eval: 125.76, Total Timesteps: 504010 episode:24 

Rewards Tr: 114.23, Rewards Eval: 111.88, Total Timesteps: 539850 episode:25 

Rewards Tr: 115.84, Rewards Eval: 133.78, Total Timesteps: 576060 episode:26 

Rewards Tr: 125.60, Rewards Eval: 131.44, Total Timesteps: 615910 episode:27 

Rewards Tr: 126.19, Rewards Eval: 107.76, Total Timesteps: 651050 episode:28 

Rewards Tr: 135.88, Rewards Eval: 128.61, Total Timesteps: 686320 episode:29 

Rewards Tr: 145.68, Rewards Eval: 144.61, Total Timesteps: 723860 episode:30 

Rewards Tr: 145.63, Rewards Eval: 142.23, Total Timesteps: 762020 episode:31 

Rewards Tr: 150.63, Rewards Eval: 143.44, Total Timesteps: 801220 episode:32 

Rewards Tr: 155.82, Rewards Eval: 171.44, Total Timesteps: 839240 episode:33 

Rewards Tr: 157.01, Rewards Eval: 163.08, Total Timesteps: 877520 episode:34 

Rewards Tr: 156.94, Rewards Eval: 107.34, Total Timesteps: 914050 episode:35 

Rewards Tr: 161.51, Rewards Eval: 145.83, Total Timesteps: 951330 episode:36 

Rewards Tr: 161.21, Rewards Eval: 184.24, Total Timesteps: 989970 episode:37 

Rewards Tr: 167.84, Rewards Eval: 171.25, Total Timesteps: 1028590 episode:38 

Rewards Tr: 167.56, Rewards Eval: 186.27, Total Timesteps: 1067350 episode:39 

Rewards Tr: 166.24, Rewards Eval: 177.53, Total Timesteps: 1104620 episode:40 

Rewards Tr: 169.93, Rewards Eval: 172.31, Total Timesteps: 1142500 episode:41 

Rewards Tr: 170.63, Rewards Eval: 189.89, Total Timesteps: 1181120 episode:42 

Rewards Tr: 174.20, Rewards Eval: 182.72, Total Timesteps: 1219700 episode:43 

Rewards Tr: 178.94, Rewards Eval: 179.28, Total Timesteps: 1260370 episode:44 

Rewards Tr: 181.05, Rewards Eval: 183.93, Total Timesteps: 1303020 episode:45 

Rewards Tr: 186.36, Rewards Eval: 214.31, Total Timesteps: 1347550 episode:46 

Rewards Tr: 187.18, Rewards Eval: 173.54, Total Timesteps: 1393030 episode:47 

Rewards Tr: 196.18, Rewards Eval: 184.95, Total Timesteps: 1443520 episode:48 

Rewards Tr: 195.97, Rewards Eval: 147.65, Total Timesteps: 1492950 episode:49 

Rewards Tr: 204.72, Rewards Eval: 202.62, Total Timesteps: 1545780 episode:50 

Rewards Tr: 211.26, Rewards Eval: 216.37, Total Timesteps: 1599660 episode:51 

Rewards Tr: 217.44, Rewards Eval: 296.58, Total Timesteps: 1659820 episode:52 

Rewards Tr: 227.61, Rewards Eval: 221.51, Total Timesteps: 1726460 episode:53 

Rewards Tr: 227.77, Rewards Eval: 255.39, Total Timesteps: 1791820 episode:54 

Rewards Tr: 235.23, Rewards Eval: 251.30, Total Timesteps: 1866060 episode:55 

Rewards Tr: 244.36, Rewards Eval: 261.28, Total Timesteps: 1941380 episode:56 

Rewards Tr: 248.25, Rewards Eval: 269.49, Total Timesteps: 2016730 episode:57 

Rewards Tr: 250.74, Rewards Eval: 243.84, Total Timesteps: 2097760 episode:58 

Rewards Tr: 262.34, Rewards Eval: 287.16, Total Timesteps: 2187590 episode:59 

Rewards Tr: 265.93, Rewards Eval: 309.63, Total Timesteps: 2276170 episode:60 

Rewards Tr: 269.71, Rewards Eval: 241.43, Total Timesteps: 2360890 episode:61 

Rewards Tr: 275.87, Rewards Eval: 254.56, Total Timesteps: 2452110 episode:62 

Rewards Tr: 277.05, Rewards Eval: 267.18, Total Timesteps: 2545990 episode:63 

Rewards Tr: 275.76, Rewards Eval: 271.84, Total Timesteps: 2638530 episode:64 

Rewards Tr: 282.82, Rewards Eval: 275.89, Total Timesteps: 2735640 episode:65 

Rewards Tr: 296.52, Rewards Eval: 264.87, Total Timesteps: 2841370 episode:66 

Rewards Tr: 302.16, Rewards Eval: 296.72, Total Timesteps: 2955910 episode:67 

Rewards Tr: 298.44, Rewards Eval: 284.13, Total Timesteps: 3055070 episode:68 

Rewards Tr: 303.06, Rewards Eval: 375.82, Total Timesteps: 3162080 episode:69 

Rewards Tr: 312.12, Rewards Eval: 346.66, Total Timesteps: 3281790 episode:70 

Rewards Tr: 326.58, Rewards Eval: 289.43, Total Timesteps: 3413450 episode:71 

Rewards Tr: 323.32, Rewards Eval: 319.27, Total Timesteps: 3543830 episode:72 

Rewards Tr: 326.92, Rewards Eval: 365.47, Total Timesteps: 3672430 episode:73 

Rewards Tr: 333.10, Rewards Eval: 257.17, Total Timesteps: 3808770 episode:74 

Rewards Tr: 329.68, Rewards Eval: 275.97, Total Timesteps: 3939070 episode:75 

Rewards Tr: 343.38, Rewards Eval: 343.31, Total Timesteps: 4077260 episode:76 

Rewards Tr: 339.40, Rewards Eval: 406.57, Total Timesteps: 4203020 episode:77 

Rewards Tr: 351.16, Rewards Eval: 336.92, Total Timesteps: 4353030 episode:78 

Rewards Tr: 347.18, Rewards Eval: 327.63, Total Timesteps: 4486580 episode:79 

Rewards Tr: 360.25, Rewards Eval: 390.55, Total Timesteps: 4637560 episode:80 

Rewards Tr: 350.23, Rewards Eval: 347.54, Total Timesteps: 4762600 episode:81 

Rewards Tr: 362.80, Rewards Eval: 392.63, Total Timesteps: 4895330 episode:82 

Rewards Tr: 364.96, Rewards Eval: 329.90, Total Timesteps: 5036430 episode:83 

Rewards Tr: 377.86, Rewards Eval: 330.92, Total Timesteps: 5162260 episode:84 

Rewards Tr: 381.23, Rewards Eval: 470.93, Total Timesteps: 5303900 episode:85 

Rewards Tr: 384.52, Rewards Eval: 367.44, Total Timesteps: 5449690 episode:86 

Rewards Tr: 382.36, Rewards Eval: 394.01, Total Timesteps: 5584820 episode:87 

Rewards Tr: 379.66, Rewards Eval: 381.32, Total Timesteps: 5712080 episode:88 

Rewards Tr: 377.61, Rewards Eval: 414.56, Total Timesteps: 5840760 episode:89 

Rewards Tr: 393.36, Rewards Eval: 418.99, Total Timesteps: 5971520 episode:90 

Rewards Tr: 387.82, Rewards Eval: 495.20, Total Timesteps: 6100870 episode:91 

Rewards Tr: 390.09, Rewards Eval: 407.82, Total Timesteps: 6231100 episode:92 

Rewards Tr: 410.76, Rewards Eval: 479.30, Total Timesteps: 6371340 episode:93 

Rewards Tr: 416.93, Rewards Eval: 550.28, Total Timesteps: 6513560 episode:94 

Rewards Tr: 402.99, Rewards Eval: 396.64, Total Timesteps: 6644820 episode:95 

Rewards Tr: 406.25, Rewards Eval: 392.97, Total Timesteps: 6783100 episode:96 

Rewards Tr: 405.90, Rewards Eval: 389.10, Total Timesteps: 6914250 episode:97 

Rewards Tr: 399.13, Rewards Eval: 370.80, Total Timesteps: 7047860 episode:98 

Rewards Tr: 376.35, Rewards Eval: 406.11, Total Timesteps: 7167630 episode:99 

Rewards Tr: 368.97, Rewards Eval: 357.69, Total Timesteps: 7279810 episode:100 

Rewards Tr: 355.73, Rewards Eval: 261.38, Total Timesteps: 7382020 episode:101 

Rewards Tr: 348.30, Rewards Eval: 337.14, Total Timesteps: 7479220 episode:102 

Rewards Tr: 344.22, Rewards Eval: 337.70, Total Timesteps: 7582960 episode:103 

Rewards Tr: 325.51, Rewards Eval: 307.09, Total Timesteps: 7667800 episode:104 

Rewards Tr: 325.73, Rewards Eval: 372.41, Total Timesteps: 7761370 episode:105 

Rewards Tr: 323.01, Rewards Eval: 314.92, Total Timesteps: 7854330 episode:106 

Rewards Tr: 315.35, Rewards Eval: 297.47, Total Timesteps: 7940440 episode:107 

Rewards Tr: 305.26, Rewards Eval: 264.02, Total Timesteps: 8018190 episode:108 

Rewards Tr: 302.73, Rewards Eval: 278.55, Total Timesteps: 8097750 episode:109 

Rewards Tr: 293.09, Rewards Eval: 296.89, Total Timesteps: 8170150 episode:110 

Rewards Tr: 301.55, Rewards Eval: 321.19, Total Timesteps: 8247940 episode:111 

Rewards Tr: 304.53, Rewards Eval: 260.38, Total Timesteps: 8330720 episode:112 

Rewards Tr: 307.34, Rewards Eval: 340.78, Total Timesteps: 8407200 episode:113 

Rewards Tr: 322.13, Rewards Eval: 380.02, Total Timesteps: 8494740 episode:114 

Rewards Tr: 330.40, Rewards Eval: 384.01, Total Timesteps: 8597480 episode:115 

Rewards Tr: 356.76, Rewards Eval: 352.57, Total Timesteps: 8705100 episode:116 

Rewards Tr: 364.75, Rewards Eval: 200.90, Total Timesteps: 8833430 episode:117 

Rewards Tr: 363.03, Rewards Eval: 368.37, Total Timesteps: 8949600 episode:118 

Rewards Tr: 361.61, Rewards Eval: 500.11, Total Timesteps: 9067780 episode:119 

Rewards Tr: 363.45, Rewards Eval: 218.62, Total Timesteps: 9188860 episode:120 

Rewards Tr: 355.17, Rewards Eval: 253.56, Total Timesteps: 9295140 episode:121 

Rewards Tr: 303.41, Rewards Eval: 303.26, Total Timesteps: 9368230 episode:122 

Rewards Tr: 312.93, Rewards Eval: 359.26, Total Timesteps: 9442620 episode:123 

Rewards Tr: 314.61, Rewards Eval: 246.41, Total Timesteps: 9518440 episode:124 

Rewards Tr: 331.21, Rewards Eval: 346.91, Total Timesteps: 9621280 episode:125 

Rewards Tr: 316.02, Rewards Eval: 340.82, Total Timesteps: 9700320 episode:126 

Rewards Tr: 326.15, Rewards Eval: 273.87, Total Timesteps: 9786710 episode:127 

Rewards Tr: 323.28, Rewards Eval: 317.44, Total Timesteps: 9861860 episode:128 

Rewards Tr: 308.32, Rewards Eval: 345.45, Total Timesteps: 9931200 episode:129 

Rewards Tr: 305.93, Rewards Eval: 340.25, Total Timesteps: 9997350 episode:130 

Rewards Tr: 310.65, Rewards Eval: 403.18, Total Timesteps: 10071180 episode:131 

Rewards Tr: 334.58, Rewards Eval: 351.91, Total Timesteps: 10152380 episode:132 

Rewards Tr: 366.02, Rewards Eval: 414.52, Total Timesteps: 10251400 episode:133 

Rewards Tr: 374.94, Rewards Eval: 389.73, Total Timesteps: 10353110 episode:134 

Rewards Tr: 389.61, Rewards Eval: 332.74, Total Timesteps: 10461000 episode:135 

Rewards Tr: 404.57, Rewards Eval: 388.30, Total Timesteps: 10579980 episode:136 

Rewards Tr: 417.04, Rewards Eval: 429.83, Total Timesteps: 10695830 episode:137 

Rewards Tr: 411.08, Rewards Eval: 433.99, Total Timesteps: 10819900 episode:138 

Rewards Tr: 421.03, Rewards Eval: 379.61, Total Timesteps: 10942730 episode:139 

Rewards Tr: 425.49, Rewards Eval: 352.14, Total Timesteps: 11062620 episode:140 

Rewards Tr: 420.44, Rewards Eval: 468.72, Total Timesteps: 11179850 episode:141 

Rewards Tr: 434.78, Rewards Eval: 427.76, Total Timesteps: 11300450 episode:142 

Rewards Tr: 433.36, Rewards Eval: 437.24, Total Timesteps: 11424250 episode:143 

Rewards Tr: 486.77, Rewards Eval: 740.51, Total Timesteps: 11576500 episode:144 

Rewards Tr: 493.13, Rewards Eval: 602.44, Total Timesteps: 11747360 episode:145 

Rewards Tr: 522.27, Rewards Eval: 891.99, Total Timesteps: 11923570 episode:146 

Rewards Tr: 536.24, Rewards Eval: 482.16, Total Timesteps: 12102810 episode:147 

Rewards Tr: 538.25, Rewards Eval: 480.33, Total Timesteps: 12288940 episode:148 

Rewards Tr: 514.59, Rewards Eval: 376.80, Total Timesteps: 12447770 episode:149 

Rewards Tr: 506.89, Rewards Eval: 517.23, Total Timesteps: 12606460 episode:150 

Rewards Tr: 490.18, Rewards Eval: 782.59, Total Timesteps: 12762240 episode:151 

Rewards Tr: 532.96, Rewards Eval: 481.44, Total Timesteps: 12925360 episode:152 

Rewards Tr: 534.68, Rewards Eval: 667.47, Total Timesteps: 13091930 episode:153 

Rewards Tr: 571.52, Rewards Eval: 737.81, Total Timesteps: 13289490 episode:154 

Rewards Tr: 630.09, Rewards Eval: 751.20, Total Timesteps: 13490610 episode:155 

Rewards Tr: 673.30, Rewards Eval: 547.53, Total Timesteps: 13718170 episode:156 

Rewards Tr: 677.37, Rewards Eval: 684.34, Total Timesteps: 13941160 episode:157 

Rewards Tr: 716.73, Rewards Eval: 395.33, Total Timesteps: 14181840 episode:158 

Rewards Tr: 725.47, Rewards Eval: 587.37, Total Timesteps: 14406660 episode:159 

Rewards Tr: 736.63, Rewards Eval: 625.89, Total Timesteps: 14644640 episode:160 

Rewards Tr: 741.72, Rewards Eval: 622.10, Total Timesteps: 14885910 episode:161 

Rewards Tr: 772.67, Rewards Eval: 726.11, Total Timesteps: 15131560 episode:162 

Rewards Tr: 713.91, Rewards Eval: 791.30, Total Timesteps: 15351720 episode:163 

Rewards Tr: 669.26, Rewards Eval: 573.36, Total Timesteps: 15537480 episode:164 

Rewards Tr: 670.47, Rewards Eval: 540.03, Total Timesteps: 15723970 episode:165 

Rewards Tr: 687.86, Rewards Eval: 782.20, Total Timesteps: 15926730 episode:166 

Rewards Tr: 791.88, Rewards Eval: 990.55, Total Timesteps: 16148410 episode:167 

Rewards Tr: 819.99, Rewards Eval: 1169.63, Total Timesteps: 16390820 episode:168 

Rewards Tr: 847.62, Rewards Eval: 1182.25, Total Timesteps: 16627350 episode:169 

Rewards Tr: 870.53, Rewards Eval: 1311.09, Total Timesteps: 16879830 episode:170 

Rewards Tr: 878.20, Rewards Eval: 1082.46, Total Timesteps: 17134610 episode:171 

Rewards Tr: 882.86, Rewards Eval: 1185.37, Total Timesteps: 17377000 episode:172 

Rewards Tr: 760.07, Rewards Eval: 802.59, Total Timesteps: 17578440 episode:173 

Rewards Tr: 827.92, Rewards Eval: 633.99, Total Timesteps: 17801120 episode:174 

Rewards Tr: 855.11, Rewards Eval: 1167.86, Total Timesteps: 18032280 episode:175 

Rewards Tr: 823.34, Rewards Eval: 1235.36, Total Timesteps: 18253520 episode:176 

Rewards Tr: 837.13, Rewards Eval: 686.45, Total Timesteps: 18475260 episode:177 

Rewards Tr: 819.72, Rewards Eval: 848.86, Total Timesteps: 18684890 episode:178 

Rewards Tr: 865.83, Rewards Eval: 472.98, Total Timesteps: 18899550 episode:179 

Rewards Tr: 811.22, Rewards Eval: 1044.30, Total Timesteps: 19096820 episode:180 

Rewards Tr: 838.45, Rewards Eval: 897.67, Total Timesteps: 19301900 episode:181 

Rewards Tr: 867.21, Rewards Eval: 832.44, Total Timesteps: 19510030 episode:182 

Rewards Tr: 850.29, Rewards Eval: 659.86, Total Timesteps: 19712270 episode:183 

Rewards Tr: 875.98, Rewards Eval: 783.62, Total Timesteps: 19921200 episode:184 

Rewards Tr: 908.48, Rewards Eval: 769.61, Total Timesteps: 20149310 episode:185 

Rewards Tr: 950.35, Rewards Eval: 717.92, Total Timesteps: 20386050 episode:186 

Rewards Tr: 1003.24, Rewards Eval: 1205.22, Total Timesteps: 20611500 episode:187 

Rewards Tr: 982.86, Rewards Eval: 920.07, Total Timesteps: 20842700 episode:188 

Rewards Tr: 968.12, Rewards Eval: 1037.20, Total Timesteps: 21077060 episode:189 

Rewards Tr: 996.50, Rewards Eval: 1295.47, Total Timesteps: 21315820 episode:190 

Rewards Tr: 1089.38, Rewards Eval: 1419.32, Total Timesteps: 21589690 episode:191 

Rewards Tr: 1168.42, Rewards Eval: 878.54, Total Timesteps: 21884580 episode:192 

Rewards Tr: 1158.45, Rewards Eval: 879.80, Total Timesteps: 22173770 episode:193 

Rewards Tr: 1086.53, Rewards Eval: 664.04, Total Timesteps: 22433250 episode:194 

Rewards Tr: 935.27, Rewards Eval: 1099.89, Total Timesteps: 22641070 episode:195 

Rewards Tr: 799.33, Rewards Eval: 1024.43, Total Timesteps: 22808820 episode:196 

Rewards Tr: 830.53, Rewards Eval: 934.19, Total Timesteps: 22991240 episode:197 

Rewards Tr: 843.09, Rewards Eval: 926.48, Total Timesteps: 23182500 episode:198 

Rewards Tr: 1011.81, Rewards Eval: 1120.09, Total Timesteps: 23428490 episode:199 

Rewards Tr: 1186.54, Rewards Eval: 1044.88, Total Timesteps: 23702910 episode:200 

Rewards Tr: 1222.92, Rewards Eval: 1254.03, Total Timesteps: 23989230 episode:201 

Rewards Tr: 1133.95, Rewards Eval: 1374.56, Total Timesteps: 24253860 episode:202 

Rewards Tr: 1084.31, Rewards Eval: 865.75, Total Timesteps: 24504460 episode:203 

Rewards Tr: 1002.22, Rewards Eval: 1073.00, Total Timesteps: 24722970 episode:204 

Rewards Tr: 1062.81, Rewards Eval: 1110.92, Total Timesteps: 24986610 episode:205 

Rewards Tr: 991.26, Rewards Eval: 1023.63, Total Timesteps: 25227870 episode:206 

Rewards Tr: 979.82, Rewards Eval: 832.82, Total Timesteps: 25462390 episode:207 

Rewards Tr: 967.62, Rewards Eval: 1068.79, Total Timesteps: 25683360 episode:208 

Rewards Tr: 981.87, Rewards Eval: 779.88, Total Timesteps: 25923760 episode:209 

Rewards Tr: 897.12, Rewards Eval: 792.40, Total Timesteps: 26122670 episode:210 

Rewards Tr: 923.51, Rewards Eval: 1082.73, Total Timesteps: 26325940 episode:211 

Rewards Tr: 1100.19, Rewards Eval: 863.54, Total Timesteps: 26579580 episode:212 

Rewards Tr: 1035.99, Rewards Eval: 989.53, Total Timesteps: 26829650 episode:213 

Rewards Tr: 1116.78, Rewards Eval: 1170.64, Total Timesteps: 27105670 episode:214 

Rewards Tr: 1027.08, Rewards Eval: 1103.64, Total Timesteps: 27329780 episode:215 

Rewards Tr: 952.65, Rewards Eval: 1070.65, Total Timesteps: 27546900 episode:216 

Rewards Tr: 922.43, Rewards Eval: 1057.74, Total Timesteps: 27740300 episode:217 

Rewards Tr: 1010.15, Rewards Eval: 1143.75, Total Timesteps: 27963300 episode:218 

Rewards Tr: 1063.21, Rewards Eval: 1426.74, Total Timesteps: 28212650 episode:219 

Rewards Tr: 1080.02, Rewards Eval: 1273.57, Total Timesteps: 28470780 episode:220 

Rewards Tr: 1095.95, Rewards Eval: 869.97, Total Timesteps: 28724700 episode:221 

Rewards Tr: 1137.28, Rewards Eval: 1225.80, Total Timesteps: 28973080 episode:222 

Rewards Tr: 1081.73, Rewards Eval: 832.50, Total Timesteps: 29204200 episode:223 

Rewards Tr: 937.34, Rewards Eval: 588.92, Total Timesteps: 29394500 episode:224 

Rewards Tr: 855.10, Rewards Eval: 1221.91, Total Timesteps: 29566500 episode:225 

Rewards Tr: 943.45, Rewards Eval: 1331.72, Total Timesteps: 29756600 episode:226 

Rewards Tr: 1053.05, Rewards Eval: 918.21, Total Timesteps: 29994070 episode:227 

Rewards Tr: 1134.47, Rewards Eval: 969.25, Total Timesteps: 30258210 episode:228 

Rewards Tr: 1203.58, Rewards Eval: 1185.20, Total Timesteps: 30531150 episode:229 

Rewards Tr: 1142.97, Rewards Eval: 1203.22, Total Timesteps: 30784680 episode:230 

Rewards Tr: 1081.00, Rewards Eval: 719.86, Total Timesteps: 31038110 episode:231 

Rewards Tr: 1018.16, Rewards Eval: 1074.92, Total Timesteps: 31250260 episode:232 

Rewards Tr: 907.10, Rewards Eval: 804.67, Total Timesteps: 31437270 episode:233 

Rewards Tr: 895.71, Rewards Eval: 1145.07, Total Timesteps: 31625990 episode:234 

Rewards Tr: 865.91, Rewards Eval: 1023.68, Total Timesteps: 31798450 episode:235 

Rewards Tr: 1028.01, Rewards Eval: 805.64, Total Timesteps: 32018680 episode:236 

Rewards Tr: 1091.29, Rewards Eval: 1152.04, Total Timesteps: 32246330 episode:237 

Rewards Tr: 1167.36, Rewards Eval: 1350.18, Total Timesteps: 32501360 episode:238 

Rewards Tr: 1136.33, Rewards Eval: 1425.30, Total Timesteps: 32725020 episode:239 

Rewards Tr: 1134.99, Rewards Eval: 856.51, Total Timesteps: 32954680 episode:240 

Rewards Tr: 1138.65, Rewards Eval: 910.73, Total Timesteps: 33184580 episode:241 

Rewards Tr: 917.24, Rewards Eval: 846.69, Total Timesteps: 33376130 episode:242 

Rewards Tr: 961.14, Rewards Eval: 1246.73, Total Timesteps: 33573110 episode:243 

Rewards Tr: 995.75, Rewards Eval: 1320.08, Total Timesteps: 33777200 episode:244 

Rewards Tr: 1045.20, Rewards Eval: 823.48, Total Timesteps: 33992290 episode:245 

Rewards Tr: 1101.02, Rewards Eval: 1230.90, Total Timesteps: 34228810 episode:246 

Rewards Tr: 1020.10, Rewards Eval: 968.37, Total Timesteps: 34435700 episode:247 

Rewards Tr: 1047.53, Rewards Eval: 1340.39, Total Timesteps: 34654440 episode:248 

Rewards Tr: 1040.71, Rewards Eval: 1052.87, Total Timesteps: 34863990 episode:249 

Rewards Tr: 978.56, Rewards Eval: 811.11, Total Timesteps: 35056850 episode:250 

Rewards Tr: 911.16, Rewards Eval: 784.11, Total Timesteps: 35240570 episode:251 

Rewards Tr: 951.38, Rewards Eval: 961.44, Total Timesteps: 35427820 episode:252 

Rewards Tr: 922.66, Rewards Eval: 1051.38, Total Timesteps: 35590540 episode:253 

Rewards Tr: 862.48, Rewards Eval: 1244.21, Total Timesteps: 35749680 episode:254 

Rewards Tr: 980.04, Rewards Eval: 799.13, Total Timesteps: 35929240 episode:255 

Rewards Tr: 1003.54, Rewards Eval: 1406.11, Total Timesteps: 36124990 episode:256 

Rewards Tr: 991.84, Rewards Eval: 955.86, Total Timesteps: 36323490 episode:257 

Rewards Tr: 998.94, Rewards Eval: 1798.84, Total Timesteps: 36527420 episode:258 

Rewards Tr: 1148.20, Rewards Eval: 1267.26, Total Timesteps: 36762540 episode:259 

Rewards Tr: 1173.32, Rewards Eval: 1019.35, Total Timesteps: 37006040 episode:260 

Rewards Tr: 1101.74, Rewards Eval: 724.49, Total Timesteps: 37226760 episode:261 

Rewards Tr: 1033.68, Rewards Eval: 808.78, Total Timesteps: 37413830 episode:262 

Rewards Tr: 1143.62, Rewards Eval: 1431.86, Total Timesteps: 37625480 episode:263 

Rewards Tr: 944.10, Rewards Eval: 794.30, Total Timesteps: 37810460 episode:264 

Rewards Tr: 1023.30, Rewards Eval: 898.48, Total Timesteps: 38001840 episode:265 

Rewards Tr: 977.72, Rewards Eval: 1482.65, Total Timesteps: 38171240 episode:266 

Rewards Tr: 1122.30, Rewards Eval: 1075.64, Total Timesteps: 38386200 episode:267 

Rewards Tr: 1250.64, Rewards Eval: 1585.26, Total Timesteps: 38630240 episode:268 

Rewards Tr: 1233.84, Rewards Eval: 1742.74, Total Timesteps: 38877640 episode:269 

Rewards Tr: 1288.88, Rewards Eval: 1214.29, Total Timesteps: 39127710 episode:270 

Rewards Tr: 955.11, Rewards Eval: 935.65, Total Timesteps: 39314480 episode:271 

Rewards Tr: 913.01, Rewards Eval: 876.80, Total Timesteps: 39474990 episode:272 

Rewards Tr: 767.72, Rewards Eval: 929.16, Total Timesteps: 39601860 episode:273 

Rewards Tr: 812.04, Rewards Eval: 858.55, Total Timesteps: 39736660 episode:274 

Rewards Tr: 901.60, Rewards Eval: 881.92, Total Timesteps: 39897200 episode:275 

Rewards Tr: 946.65, Rewards Eval: 1218.02, Total Timesteps: 40077170 episode:276 

Rewards Tr: 971.18, Rewards Eval: 984.07, Total Timesteps: 40263150 episode:277 

Rewards Tr: 998.96, Rewards Eval: 963.30, Total Timesteps: 40460050 episode:278 

Rewards Tr: 1003.94, Rewards Eval: 1023.57, Total Timesteps: 40652600 episode:279 

Rewards Tr: 898.82, Rewards Eval: 933.08, Total Timesteps: 40810750 episode:280 

Rewards Tr: 936.97, Rewards Eval: 602.28, Total Timesteps: 40982650 episode:281 

Rewards Tr: 987.27, Rewards Eval: 737.18, Total Timesteps: 41160440 episode:282 

Rewards Tr: 969.72, Rewards Eval: 1285.64, Total Timesteps: 41335480 episode:283 

Rewards Tr: 925.07, Rewards Eval: 782.24, Total Timesteps: 41505020 episode:284 

Rewards Tr: 1041.12, Rewards Eval: 1314.26, Total Timesteps: 41705480 episode:285 

Rewards Tr: 1148.60, Rewards Eval: 800.69, Total Timesteps: 41929520 episode:286 

Rewards Tr: 1128.90, Rewards Eval: 1177.37, Total Timesteps: 42148470 episode:287 

Rewards Tr: 1137.97, Rewards Eval: 1221.18, Total Timesteps: 42373080 episode:288 

Rewards Tr: 1070.67, Rewards Eval: 1291.90, Total Timesteps: 42569070 episode:289 

Rewards Tr: 952.70, Rewards Eval: 858.59, Total Timesteps: 42743740 episode:290 

Rewards Tr: 874.48, Rewards Eval: 979.26, Total Timesteps: 42889810 episode:291 

Rewards Tr: 779.79, Rewards Eval: 785.71, Total Timesteps: 43021840 episode:292 

Rewards Tr: 731.33, Rewards Eval: 840.38, Total Timesteps: 43137280 episode:293 

Rewards Tr: 847.55, Rewards Eval: 1117.42, Total Timesteps: 43282860 episode:294 

Rewards Tr: 1033.83, Rewards Eval: 1374.37, Total Timesteps: 43473160 episode:295 

Rewards Tr: 1196.29, Rewards Eval: 1193.31, Total Timesteps: 43697330 episode:296 

Rewards Tr: 1320.13, Rewards Eval: 1051.19, Total Timesteps: 43948840 episode:297 

Rewards Tr: 1367.18, Rewards Eval: 1554.05, Total Timesteps: 44202640 episode:298 

Rewards Tr: 1400.34, Rewards Eval: 995.54, Total Timesteps: 44460010 episode:299 

Rewards Tr: 994.64, Rewards Eval: 987.35, Total Timesteps: 44636090 episode:300 

Rewards Tr: 934.80, Rewards Eval: 730.33, Total Timesteps: 44810870 episode:301 

Rewards Tr: 1008.87, Rewards Eval: 1059.90, Total Timesteps: 44984830 episode:302 

Rewards Tr: 866.08, Rewards Eval: 997.21, Total Timesteps: 45129260 episode:303 

Rewards Tr: 968.73, Rewards Eval: 1219.19, Total Timesteps: 45305620 episode:304 

Rewards Tr: 925.36, Rewards Eval: 947.94, Total Timesteps: 45453890 episode:305 

Rewards Tr: 964.98, Rewards Eval: 791.67, Total Timesteps: 45621330 episode:306 

Rewards Tr: 1040.22, Rewards Eval: 1212.96, Total Timesteps: 45802400 episode:307 

Rewards Tr: 1125.86, Rewards Eval: 1038.34, Total Timesteps: 46008680 episode:308 

Rewards Tr: 1101.14, Rewards Eval: 1306.03, Total Timesteps: 46203610 episode:309 

Rewards Tr: 974.72, Rewards Eval: 1373.97, Total Timesteps: 46387570 episode:310 

Rewards Tr: 1063.86, Rewards Eval: 932.02, Total Timesteps: 46581310 episode:311 

Rewards Tr: 989.71, Rewards Eval: 944.05, Total Timesteps: 46747930 episode:312 

Rewards Tr: 1085.47, Rewards Eval: 925.50, Total Timesteps: 46947550 episode:313 

Rewards Tr: 985.50, Rewards Eval: 723.93, Total Timesteps: 47111080 episode:314 

Rewards Tr: 1132.62, Rewards Eval: 1061.86, Total Timesteps: 47310400 episode:315 

Rewards Tr: 1046.46, Rewards Eval: 873.15, Total Timesteps: 47490020 episode:316 

Rewards Tr: 880.34, Rewards Eval: 787.85, Total Timesteps: 47641010 episode:317 

Rewards Tr: 926.81, Rewards Eval: 1095.95, Total Timesteps: 47799500 episode:318 

Rewards Tr: 1000.03, Rewards Eval: 938.16, Total Timesteps: 47971070 episode:319 

Rewards Tr: 1189.86, Rewards Eval: 1107.44, Total Timesteps: 48186720 episode:320 

Rewards Tr: 1225.57, Rewards Eval: 1336.47, Total Timesteps: 48406230 episode:321 

Rewards Tr: 1187.56, Rewards Eval: 1005.59, Total Timesteps: 48611860 episode:322 

Rewards Tr: 1078.08, Rewards Eval: 1160.65, Total Timesteps: 48823290 episode:323 

Rewards Tr: 1233.75, Rewards Eval: 800.58, Total Timesteps: 49045980 episode:324 

Rewards Tr: 1287.22, Rewards Eval: 1337.35, Total Timesteps: 49289300 episode:325 

Rewards Tr: 1204.46, Rewards Eval: 1178.03, Total Timesteps: 49504660 episode:326 

Rewards Tr: 1131.33, Rewards Eval: 776.98, Total Timesteps: 49697890 episode:327 

Rewards Tr: 1009.73, Rewards Eval: 1260.95, Total Timesteps: 49885320 episode:328 

Rewards Tr: 1064.22, Rewards Eval: 827.12, Total Timesteps: 50068790 episode:329 

Rewards Tr: 929.23, Rewards Eval: 699.48, Total Timesteps: 50233760 episode:330 

Rewards Tr: 1018.71, Rewards Eval: 978.27, Total Timesteps: 50422210 episode:331 

Rewards Tr: 868.03, Rewards Eval: 693.21, Total Timesteps: 50566540 episode:332 

Rewards Tr: 873.10, Rewards Eval: 1184.14, Total Timesteps: 50713510 episode:333 

Rewards Tr: 1016.04, Rewards Eval: 835.21, Total Timesteps: 50892580 episode:334 

Rewards Tr: 919.25, Rewards Eval: 1075.25, Total Timesteps: 51053340 episode:335 

Rewards Tr: 991.01, Rewards Eval: 1411.98, Total Timesteps: 51236830 episode:336 

Rewards Tr: 1064.41, Rewards Eval: 1052.19, Total Timesteps: 51431230 episode:337 

Rewards Tr: 1014.64, Rewards Eval: 1295.97, Total Timesteps: 51614420 episode:338 

Rewards Tr: 1137.16, Rewards Eval: 1174.66, Total Timesteps: 51821680 episode:339 

Rewards Tr: 1144.71, Rewards Eval: 917.93, Total Timesteps: 52015270 episode:340 

Rewards Tr: 1105.47, Rewards Eval: 1242.29, Total Timesteps: 52205520 episode:341 

Rewards Tr: 1041.13, Rewards Eval: 896.56, Total Timesteps: 52391210 episode:342 

Rewards Tr: 1149.08, Rewards Eval: 1091.92, Total Timesteps: 52585860 episode:343 

Rewards Tr: 1318.87, Rewards Eval: 1397.02, Total Timesteps: 52817470 episode:344 

Rewards Tr: 1338.36, Rewards Eval: 1268.56, Total Timesteps: 53060190 episode:345 

Rewards Tr: 1288.59, Rewards Eval: 862.92, Total Timesteps: 53299560 episode:346 

Rewards Tr: 1534.19, Rewards Eval: 1062.36, Total Timesteps: 53574870 episode:347 

Rewards Tr: 1445.48, Rewards Eval: 1244.93, Total Timesteps: 53831040 episode:348 

Rewards Tr: 1190.08, Rewards Eval: 974.12, Total Timesteps: 54049020 episode:349 

Elapsed Time: 384.3 minutes 

