For Seed: 101 

Rewards Tr: -822.17, Rewards Val: -800.16, Rewards Disc: -0.34, Rewards Eval: -452.94, Total Timesteps: 90810 episode:0 

Rewards Tr: -589.40, Rewards Val: -575.62, Rewards Disc: -0.37, Rewards Eval: -591.94, Total Timesteps: 182200 episode:1 

Rewards Tr: -493.51, Rewards Val: -505.53, Rewards Disc: 0.00, Rewards Eval: -548.26, Total Timesteps: 276900 episode:2 

Rewards Tr: -414.58, Rewards Val: -405.20, Rewards Disc: -0.20, Rewards Eval: -552.03, Total Timesteps: 381710 episode:3 

Rewards Tr: -367.34, Rewards Val: -357.87, Rewards Disc: -0.20, Rewards Eval: -157.36, Total Timesteps: 500940 episode:4 

Rewards Tr: -312.59, Rewards Val: -301.60, Rewards Disc: -0.23, Rewards Eval: -405.87, Total Timesteps: 629760 episode:5 

Rewards Tr: -285.21, Rewards Val: -260.51, Rewards Disc: -0.13, Rewards Eval: -264.65, Total Timesteps: 773890 episode:6 

Rewards Tr: -234.08, Rewards Val: -251.69, Rewards Disc: -0.03, Rewards Eval: -224.10, Total Timesteps: 919540 episode:7 

Rewards Tr: -223.88, Rewards Val: -217.40, Rewards Disc: 0.18, Rewards Eval: -447.40, Total Timesteps: 1079630 episode:8 

Rewards Tr: -185.40, Rewards Val: -183.31, Rewards Disc: -0.16, Rewards Eval: -268.19, Total Timesteps: 1234900 episode:9 

Rewards Tr: -167.68, Rewards Val: -153.49, Rewards Disc: -0.12, Rewards Eval: -181.21, Total Timesteps: 1418400 episode:10 

Rewards Tr: -131.01, Rewards Val: -142.04, Rewards Disc: -0.18, Rewards Eval: -191.19, Total Timesteps: 1612470 episode:11 

Rewards Tr: -124.13, Rewards Val: -126.34, Rewards Disc: -0.03, Rewards Eval: -184.32, Total Timesteps: 1814690 episode:12 

Rewards Tr: -110.66, Rewards Val: -110.44, Rewards Disc: -0.00, Rewards Eval: -135.56, Total Timesteps: 2002300 episode:13 

Rewards Tr: -100.25, Rewards Val: -107.12, Rewards Disc: 0.15, Rewards Eval: -117.51, Total Timesteps: 2207710 episode:14 

Rewards Tr: -83.35, Rewards Val: -90.78, Rewards Disc: 0.05, Rewards Eval: -220.11, Total Timesteps: 2395310 episode:15 

Rewards Tr: -81.05, Rewards Val: -68.87, Rewards Disc: -0.09, Rewards Eval: -90.70, Total Timesteps: 2608040 episode:16 

Rewards Tr: -65.80, Rewards Val: -72.30, Rewards Disc: 0.01, Rewards Eval: -37.78, Total Timesteps: 2822080 episode:17 

Rewards Tr: -69.95, Rewards Val: -62.44, Rewards Disc: -0.07, Rewards Eval: -89.68, Total Timesteps: 3049600 episode:18 

Rewards Tr: -64.19, Rewards Val: -60.73, Rewards Disc: -0.00, Rewards Eval: -269.58, Total Timesteps: 3285480 episode:19 

Rewards Tr: -59.36, Rewards Val: -51.09, Rewards Disc: -0.05, Rewards Eval: -156.91, Total Timesteps: 3524280 episode:20 

Rewards Tr: -52.02, Rewards Val: -49.49, Rewards Disc: 0.03, Rewards Eval: -184.75, Total Timesteps: 3756740 episode:21 

Rewards Tr: -45.99, Rewards Val: -43.86, Rewards Disc: 0.02, Rewards Eval: -181.85, Total Timesteps: 3958400 episode:22 

Rewards Tr: -40.15, Rewards Val: -38.52, Rewards Disc: -0.05, Rewards Eval: -148.25, Total Timesteps: 4182490 episode:23 

Rewards Tr: -40.42, Rewards Val: -39.81, Rewards Disc: 0.02, Rewards Eval: -223.90, Total Timesteps: 4464740 episode:24 

Rewards Tr: -38.43, Rewards Val: -37.70, Rewards Disc: 0.03, Rewards Eval: -564.61, Total Timesteps: 4752210 episode:25 

Rewards Tr: -25.29, Rewards Val: -27.46, Rewards Disc: -0.02, Rewards Eval: -474.89, Total Timesteps: 5024880 episode:26 

Rewards Tr: -27.29, Rewards Val: -28.27, Rewards Disc: 0.03, Rewards Eval: -429.97, Total Timesteps: 5320410 episode:27 

Rewards Tr: -21.54, Rewards Val: -26.90, Rewards Disc: 0.04, Rewards Eval: -1123.49, Total Timesteps: 5586060 episode:28 

Rewards Tr: -21.57, Rewards Val: -15.43, Rewards Disc: -0.09, Rewards Eval: -826.47, Total Timesteps: 5872200 episode:29 

Rewards Tr: -22.08, Rewards Val: -25.51, Rewards Disc: 0.05, Rewards Eval: -1118.96, Total Timesteps: 6227800 episode:30 

Rewards Tr: -18.30, Rewards Val: -11.82, Rewards Disc: -0.01, Rewards Eval: -1027.58, Total Timesteps: 6600240 episode:31 

Rewards Tr: -16.71, Rewards Val: -22.45, Rewards Disc: -0.09, Rewards Eval: -1071.47, Total Timesteps: 6996340 episode:32 

Rewards Tr: -36.88, Rewards Val: -29.53, Rewards Disc: 0.02, Rewards Eval: -1837.80, Total Timesteps: 7455370 episode:33 

Rewards Tr: -35.33, Rewards Val: -45.73, Rewards Disc: -0.22, Rewards Eval: -1845.08, Total Timesteps: 7953770 episode:34 

Rewards Tr: -41.74, Rewards Val: -47.09, Rewards Disc: -0.04, Rewards Eval: -1097.33, Total Timesteps: 8430780 episode:35 

Rewards Tr: -62.61, Rewards Val: -49.07, Rewards Disc: -0.06, Rewards Eval: -962.39, Total Timesteps: 8980590 episode:36 

Rewards Tr: -34.37, Rewards Val: -53.61, Rewards Disc: 0.08, Rewards Eval: -1430.67, Total Timesteps: 9533390 episode:37 

Rewards Tr: -37.94, Rewards Val: -34.38, Rewards Disc: -0.05, Rewards Eval: -1486.08, Total Timesteps: 10089860 episode:38 

Rewards Tr: -24.34, Rewards Val: -14.67, Rewards Disc: -0.05, Rewards Eval: -757.19, Total Timesteps: 10650160 episode:39 

Rewards Tr: -15.32, Rewards Val: -10.72, Rewards Disc: -0.01, Rewards Eval: -598.58, Total Timesteps: 11203620 episode:40 

Rewards Tr: -12.81, Rewards Val: -14.02, Rewards Disc: 0.03, Rewards Eval: -347.78, Total Timesteps: 11795970 episode:41 

Rewards Tr: -8.54, Rewards Val: -8.39, Rewards Disc: 0.01, Rewards Eval: -444.32, Total Timesteps: 12379310 episode:42 

Rewards Tr: -14.02, Rewards Val: -7.61, Rewards Disc: -0.05, Rewards Eval: -419.66, Total Timesteps: 12970760 episode:43 

Rewards Tr: -2.84, Rewards Val: -9.13, Rewards Disc: -0.09, Rewards Eval: -181.63, Total Timesteps: 13559660 episode:44 

Rewards Tr: -2.72, Rewards Val: -6.85, Rewards Disc: -0.04, Rewards Eval: -226.69, Total Timesteps: 14155360 episode:45 

Rewards Tr: -10.43, Rewards Val: -7.67, Rewards Disc: -0.05, Rewards Eval: -166.59, Total Timesteps: 14744300 episode:46 

Rewards Tr: -5.60, Rewards Val: -11.12, Rewards Disc: 0.01, Rewards Eval: -162.52, Total Timesteps: 15341230 episode:47 

Rewards Tr: -12.89, Rewards Val: -10.50, Rewards Disc: 0.04, Rewards Eval: -105.04, Total Timesteps: 15941230 episode:48 

Rewards Tr: -7.84, Rewards Val: -11.58, Rewards Disc: 0.08, Rewards Eval: -258.05, Total Timesteps: 16541230 episode:49 

Rewards Tr: -13.32, Rewards Val: -9.75, Rewards Disc: -0.04, Rewards Eval: -266.80, Total Timesteps: 17141230 episode:50 

Rewards Tr: -17.22, Rewards Val: -12.77, Rewards Disc: -0.02, Rewards Eval: -221.35, Total Timesteps: 17741230 episode:51 

Rewards Tr: -11.88, Rewards Val: -13.59, Rewards Disc: 0.01, Rewards Eval: -139.29, Total Timesteps: 18341230 episode:52 

Rewards Tr: -12.87, Rewards Val: -16.10, Rewards Disc: 0.07, Rewards Eval: -166.96, Total Timesteps: 18941230 episode:53 

Rewards Tr: -12.03, Rewards Val: -13.54, Rewards Disc: 0.06, Rewards Eval: -99.59, Total Timesteps: 19541230 episode:54 

Rewards Tr: -5.40, Rewards Val: -14.36, Rewards Disc: 0.03, Rewards Eval: -112.26, Total Timesteps: 20141230 episode:55 

Rewards Tr: -7.68, Rewards Val: -4.98, Rewards Disc: -0.08, Rewards Eval: -96.86, Total Timesteps: 20741230 episode:56 

Rewards Tr: -12.14, Rewards Val: -7.14, Rewards Disc: 0.01, Rewards Eval: -69.72, Total Timesteps: 21341230 episode:57 

Rewards Tr: -11.15, Rewards Val: -6.43, Rewards Disc: -0.01, Rewards Eval: -18.56, Total Timesteps: 21941230 episode:58 

Rewards Tr: 1.71, Rewards Val: -10.24, Rewards Disc: 0.08, Rewards Eval: -54.28, Total Timesteps: 22541230 episode:59 

Rewards Tr: -1.29, Rewards Val: -4.00, Rewards Disc: 0.00, Rewards Eval: -74.54, Total Timesteps: 23141230 episode:60 

Rewards Tr: -5.82, Rewards Val: -0.79, Rewards Disc: -0.01, Rewards Eval: -57.31, Total Timesteps: 23741230 episode:61 

Rewards Tr: -3.12, Rewards Val: 2.15, Rewards Disc: -0.02, Rewards Eval: -52.52, Total Timesteps: 24341230 episode:62 

Rewards Tr: -0.66, Rewards Val: -0.23, Rewards Disc: 0.03, Rewards Eval: -41.31, Total Timesteps: 24941230 episode:63 

Rewards Tr: 1.44, Rewards Val: 9.03, Rewards Disc: -0.04, Rewards Eval: -0.00, Total Timesteps: 25541230 episode:64 

Rewards Tr: 9.14, Rewards Val: 6.22, Rewards Disc: 0.05, Rewards Eval: -36.16, Total Timesteps: 26141230 episode:65 

Rewards Tr: 5.17, Rewards Val: 7.60, Rewards Disc: 0.01, Rewards Eval: 10.46, Total Timesteps: 26741230 episode:66 

Rewards Tr: 12.05, Rewards Val: 14.44, Rewards Disc: -0.00, Rewards Eval: 21.16, Total Timesteps: 27341230 episode:67 

Rewards Tr: 16.83, Rewards Val: 14.24, Rewards Disc: 0.00, Rewards Eval: -3.40, Total Timesteps: 27941230 episode:68 

Rewards Tr: 19.25, Rewards Val: 16.32, Rewards Disc: 0.02, Rewards Eval: 6.94, Total Timesteps: 28541230 episode:69 

Rewards Tr: 18.21, Rewards Val: 17.57, Rewards Disc: 0.03, Rewards Eval: 13.48, Total Timesteps: 29141230 episode:70 

Rewards Tr: 25.65, Rewards Val: 19.96, Rewards Disc: -0.02, Rewards Eval: -0.22, Total Timesteps: 29741230 episode:71 

Rewards Tr: 19.72, Rewards Val: 19.52, Rewards Disc: 0.02, Rewards Eval: -10.65, Total Timesteps: 30341230 episode:72 

Rewards Tr: 21.88, Rewards Val: 20.77, Rewards Disc: 0.02, Rewards Eval: 20.44, Total Timesteps: 30941230 episode:73 

Rewards Tr: 22.97, Rewards Val: 22.18, Rewards Disc: -0.01, Rewards Eval: -21.12, Total Timesteps: 31541230 episode:74 

Rewards Tr: 22.32, Rewards Val: 21.04, Rewards Disc: 0.02, Rewards Eval: 0.34, Total Timesteps: 32141230 episode:75 

Rewards Tr: 19.95, Rewards Val: 23.91, Rewards Disc: -0.03, Rewards Eval: 37.10, Total Timesteps: 32741230 episode:76 

Rewards Tr: 24.10, Rewards Val: 22.54, Rewards Disc: 0.01, Rewards Eval: -0.94, Total Timesteps: 33341230 episode:77 

Rewards Tr: 25.13, Rewards Val: 24.32, Rewards Disc: 0.01, Rewards Eval: -11.32, Total Timesteps: 33941230 episode:78 

Rewards Tr: 25.73, Rewards Val: 28.59, Rewards Disc: -0.02, Rewards Eval: 9.88, Total Timesteps: 34541230 episode:79 

Rewards Tr: 25.14, Rewards Val: 28.24, Rewards Disc: 0.02, Rewards Eval: 17.33, Total Timesteps: 35141230 episode:80 

Rewards Tr: 28.56, Rewards Val: 28.61, Rewards Disc: 0.03, Rewards Eval: 6.73, Total Timesteps: 35741230 episode:81 

Rewards Tr: 32.85, Rewards Val: 32.87, Rewards Disc: -0.02, Rewards Eval: 27.95, Total Timesteps: 36341230 episode:82 

Rewards Tr: 31.52, Rewards Val: 35.41, Rewards Disc: 0.00, Rewards Eval: 26.24, Total Timesteps: 36941230 episode:83 

Rewards Tr: 33.13, Rewards Val: 37.29, Rewards Disc: -0.02, Rewards Eval: 20.38, Total Timesteps: 37541230 episode:84 

Rewards Tr: 37.54, Rewards Val: 40.78, Rewards Disc: -0.04, Rewards Eval: 50.34, Total Timesteps: 38141230 episode:85 

Rewards Tr: 40.82, Rewards Val: 42.68, Rewards Disc: -0.00, Rewards Eval: 10.01, Total Timesteps: 38741230 episode:86 

Rewards Tr: 45.07, Rewards Val: 39.38, Rewards Disc: 0.09, Rewards Eval: 31.19, Total Timesteps: 39341230 episode:87 

Rewards Tr: 48.18, Rewards Val: 46.17, Rewards Disc: 0.04, Rewards Eval: 63.68, Total Timesteps: 39941230 episode:88 

Rewards Tr: 54.15, Rewards Val: 49.74, Rewards Disc: 0.01, Rewards Eval: 49.94, Total Timesteps: 40541230 episode:89 

Rewards Tr: 54.38, Rewards Val: 59.98, Rewards Disc: 0.02, Rewards Eval: 41.55, Total Timesteps: 41141230 episode:90 

Rewards Tr: 62.38, Rewards Val: 60.18, Rewards Disc: 0.01, Rewards Eval: 30.71, Total Timesteps: 41741230 episode:91 

Rewards Tr: 61.25, Rewards Val: 60.38, Rewards Disc: 0.01, Rewards Eval: 36.38, Total Timesteps: 42341230 episode:92 

Rewards Tr: 62.54, Rewards Val: 66.68, Rewards Disc: -0.01, Rewards Eval: 49.77, Total Timesteps: 42941230 episode:93 

Rewards Tr: 67.46, Rewards Val: 65.63, Rewards Disc: 0.09, Rewards Eval: 54.33, Total Timesteps: 43541230 episode:94 

Rewards Tr: 72.82, Rewards Val: 69.89, Rewards Disc: 0.06, Rewards Eval: 61.25, Total Timesteps: 44141230 episode:95 

Rewards Tr: 73.30, Rewards Val: 73.81, Rewards Disc: -0.01, Rewards Eval: 65.80, Total Timesteps: 44741230 episode:96 

Rewards Tr: 61.63, Rewards Val: 61.34, Rewards Disc: 0.21, Rewards Eval: 44.69, Total Timesteps: 45341230 episode:97 

Rewards Tr: 66.38, Rewards Val: 66.58, Rewards Disc: 0.16, Rewards Eval: 90.41, Total Timesteps: 45941230 episode:98 

Rewards Tr: 64.22, Rewards Val: 65.33, Rewards Disc: 0.20, Rewards Eval: 56.66, Total Timesteps: 46541230 episode:99 

Rewards Tr: 67.34, Rewards Val: 67.03, Rewards Disc: 0.19, Rewards Eval: 59.76, Total Timesteps: 47141230 episode:100 

Rewards Tr: 67.96, Rewards Val: 72.20, Rewards Disc: 0.16, Rewards Eval: 100.19, Total Timesteps: 47741230 episode:101 

Rewards Tr: 70.89, Rewards Val: 73.29, Rewards Disc: 0.17, Rewards Eval: 80.50, Total Timesteps: 48341230 episode:102 

Rewards Tr: 76.84, Rewards Val: 75.14, Rewards Disc: 0.19, Rewards Eval: 48.87, Total Timesteps: 48941230 episode:103 

Rewards Tr: 78.67, Rewards Val: 74.19, Rewards Disc: 0.22, Rewards Eval: 86.07, Total Timesteps: 49541230 episode:104 

Rewards Tr: 85.04, Rewards Val: 85.51, Rewards Disc: 0.17, Rewards Eval: 51.05, Total Timesteps: 50141230 episode:105 

Rewards Tr: 86.44, Rewards Val: 85.33, Rewards Disc: 0.23, Rewards Eval: 88.81, Total Timesteps: 50741230 episode:106 

Rewards Tr: 88.65, Rewards Val: 87.33, Rewards Disc: 0.20, Rewards Eval: 73.51, Total Timesteps: 51341230 episode:107 

Rewards Tr: 93.66, Rewards Val: 95.35, Rewards Disc: 0.20, Rewards Eval: 84.21, Total Timesteps: 51941230 episode:108 

Rewards Tr: 103.45, Rewards Val: 101.72, Rewards Disc: 0.12, Rewards Eval: 131.28, Total Timesteps: 52541230 episode:109 

Rewards Tr: 105.34, Rewards Val: 106.23, Rewards Disc: 0.17, Rewards Eval: 123.23, Total Timesteps: 53141230 episode:110 

Rewards Tr: 110.83, Rewards Val: 114.97, Rewards Disc: 0.09, Rewards Eval: 82.13, Total Timesteps: 53741230 episode:111 

Rewards Tr: 115.19, Rewards Val: 114.14, Rewards Disc: 0.18, Rewards Eval: 115.46, Total Timesteps: 54341230 episode:112 

Rewards Tr: 115.07, Rewards Val: 116.38, Rewards Disc: 0.11, Rewards Eval: 122.35, Total Timesteps: 54941230 episode:113 

Rewards Tr: 114.45, Rewards Val: 116.75, Rewards Disc: 0.17, Rewards Eval: 98.90, Total Timesteps: 55541230 episode:114 

Rewards Tr: 113.95, Rewards Val: 114.38, Rewards Disc: 0.21, Rewards Eval: 124.06, Total Timesteps: 56141230 episode:115 

Rewards Tr: 109.62, Rewards Val: 110.81, Rewards Disc: 0.29, Rewards Eval: 85.10, Total Timesteps: 56741230 episode:116 

Rewards Tr: 106.95, Rewards Val: 109.07, Rewards Disc: 0.27, Rewards Eval: 110.14, Total Timesteps: 57341230 episode:117 

Rewards Tr: 117.37, Rewards Val: 110.61, Rewards Disc: 0.33, Rewards Eval: 110.69, Total Timesteps: 57941230 episode:118 

Rewards Tr: 116.17, Rewards Val: 120.10, Rewards Disc: 0.26, Rewards Eval: 113.73, Total Timesteps: 58541230 episode:119 

Rewards Tr: 129.12, Rewards Val: 115.65, Rewards Disc: 0.32, Rewards Eval: 91.79, Total Timesteps: 59141230 episode:120 

Rewards Tr: 123.00, Rewards Val: 120.23, Rewards Disc: 0.21, Rewards Eval: 148.98, Total Timesteps: 59741230 episode:121 

Rewards Tr: 125.97, Rewards Val: 125.15, Rewards Disc: 0.14, Rewards Eval: 127.89, Total Timesteps: 60341230 episode:122 

Rewards Tr: 118.64, Rewards Val: 114.57, Rewards Disc: 0.28, Rewards Eval: 95.57, Total Timesteps: 60941230 episode:123 

Rewards Tr: 105.51, Rewards Val: 107.52, Rewards Disc: 0.32, Rewards Eval: 132.02, Total Timesteps: 61541230 episode:124 

Rewards Tr: 105.88, Rewards Val: 108.58, Rewards Disc: 0.24, Rewards Eval: 122.40, Total Timesteps: 62141230 episode:125 

Rewards Tr: 106.34, Rewards Val: 111.45, Rewards Disc: 0.19, Rewards Eval: 135.36, Total Timesteps: 62741230 episode:126 

Rewards Tr: 107.19, Rewards Val: 102.54, Rewards Disc: 0.26, Rewards Eval: 140.32, Total Timesteps: 63341230 episode:127 

Rewards Tr: 106.39, Rewards Val: 105.86, Rewards Disc: 0.21, Rewards Eval: 136.09, Total Timesteps: 63941230 episode:128 

Rewards Tr: 108.71, Rewards Val: 102.19, Rewards Disc: 0.17, Rewards Eval: 95.10, Total Timesteps: 64541230 episode:129 

Rewards Tr: 109.89, Rewards Val: 104.60, Rewards Disc: 0.19, Rewards Eval: 95.50, Total Timesteps: 65141230 episode:130 

Rewards Tr: 106.08, Rewards Val: 107.87, Rewards Disc: 0.11, Rewards Eval: 92.68, Total Timesteps: 65741230 episode:131 

Rewards Tr: 104.86, Rewards Val: 103.40, Rewards Disc: 0.10, Rewards Eval: 87.85, Total Timesteps: 66341230 episode:132 

Rewards Tr: 102.79, Rewards Val: 99.82, Rewards Disc: 0.11, Rewards Eval: 126.47, Total Timesteps: 66941230 episode:133 

Rewards Tr: 101.68, Rewards Val: 98.03, Rewards Disc: 0.09, Rewards Eval: 82.98, Total Timesteps: 67541230 episode:134 

Rewards Tr: 97.80, Rewards Val: 103.46, Rewards Disc: -0.03, Rewards Eval: 53.03, Total Timesteps: 68141230 episode:135 

Rewards Tr: 94.64, Rewards Val: 97.99, Rewards Disc: 0.04, Rewards Eval: 62.81, Total Timesteps: 68741230 episode:136 

Rewards Tr: 94.32, Rewards Val: 98.41, Rewards Disc: 0.01, Rewards Eval: 92.36, Total Timesteps: 69341230 episode:137 

Rewards Tr: 92.35, Rewards Val: 92.30, Rewards Disc: 0.04, Rewards Eval: 99.06, Total Timesteps: 69941230 episode:138 

Rewards Tr: 95.69, Rewards Val: 97.50, Rewards Disc: -0.01, Rewards Eval: 77.59, Total Timesteps: 70541230 episode:139 

Rewards Tr: 97.24, Rewards Val: 99.48, Rewards Disc: -0.00, Rewards Eval: 47.31, Total Timesteps: 71141230 episode:140 

Rewards Tr: 99.65, Rewards Val: 100.61, Rewards Disc: -0.01, Rewards Eval: 90.35, Total Timesteps: 71741230 episode:141 

Rewards Tr: 104.20, Rewards Val: 104.42, Rewards Disc: 0.03, Rewards Eval: 101.16, Total Timesteps: 72341230 episode:142 

Rewards Tr: 111.33, Rewards Val: 114.11, Rewards Disc: 0.02, Rewards Eval: 87.21, Total Timesteps: 72941230 episode:143 

Rewards Tr: 119.29, Rewards Val: 117.23, Rewards Disc: 0.03, Rewards Eval: 102.09, Total Timesteps: 73541230 episode:144 

Rewards Tr: 128.06, Rewards Val: 129.51, Rewards Disc: -0.04, Rewards Eval: 120.82, Total Timesteps: 74141230 episode:145 

Rewards Tr: 134.38, Rewards Val: 133.82, Rewards Disc: 0.02, Rewards Eval: 119.44, Total Timesteps: 74741230 episode:146 

Rewards Tr: 139.63, Rewards Val: 137.51, Rewards Disc: 0.03, Rewards Eval: 136.74, Total Timesteps: 75341230 episode:147 

Rewards Tr: 141.95, Rewards Val: 143.56, Rewards Disc: 0.06, Rewards Eval: 154.33, Total Timesteps: 75941230 episode:148 

Rewards Tr: 141.70, Rewards Val: 141.46, Rewards Disc: 0.10, Rewards Eval: 158.09, Total Timesteps: 76541230 episode:149 

Rewards Tr: 152.43, Rewards Val: 148.68, Rewards Disc: 0.11, Rewards Eval: 135.29, Total Timesteps: 77141230 episode:150 

Rewards Tr: 150.67, Rewards Val: 155.21, Rewards Disc: 0.01, Rewards Eval: 147.99, Total Timesteps: 77741230 episode:151 

Rewards Tr: 155.12, Rewards Val: 152.49, Rewards Disc: 0.06, Rewards Eval: 153.80, Total Timesteps: 78341230 episode:152 

Rewards Tr: 157.99, Rewards Val: 155.05, Rewards Disc: 0.04, Rewards Eval: 150.53, Total Timesteps: 78941230 episode:153 

Rewards Tr: 155.88, Rewards Val: 157.24, Rewards Disc: 0.08, Rewards Eval: 154.84, Total Timesteps: 79541230 episode:154 

Rewards Tr: 156.63, Rewards Val: 159.22, Rewards Disc: 0.03, Rewards Eval: 144.65, Total Timesteps: 80141230 episode:155 

Rewards Tr: 159.51, Rewards Val: 162.89, Rewards Disc: 0.02, Rewards Eval: 157.71, Total Timesteps: 80741230 episode:156 

Rewards Tr: 160.22, Rewards Val: 163.37, Rewards Disc: 0.01, Rewards Eval: 139.66, Total Timesteps: 81341230 episode:157 

Rewards Tr: 156.21, Rewards Val: 159.62, Rewards Disc: 0.02, Rewards Eval: 150.45, Total Timesteps: 81941230 episode:158 

Rewards Tr: 162.42, Rewards Val: 159.28, Rewards Disc: 0.06, Rewards Eval: 179.68, Total Timesteps: 82541230 episode:159 

Rewards Tr: 158.65, Rewards Val: 160.43, Rewards Disc: 0.04, Rewards Eval: 180.72, Total Timesteps: 83141230 episode:160 

Rewards Tr: 159.76, Rewards Val: 162.70, Rewards Disc: 0.05, Rewards Eval: 153.62, Total Timesteps: 83741230 episode:161 

Rewards Tr: 165.35, Rewards Val: 161.21, Rewards Disc: 0.06, Rewards Eval: 130.28, Total Timesteps: 84341230 episode:162 

Rewards Tr: 161.17, Rewards Val: 160.78, Rewards Disc: 0.02, Rewards Eval: 166.80, Total Timesteps: 84941230 episode:163 

Rewards Tr: 165.05, Rewards Val: 163.52, Rewards Disc: -0.00, Rewards Eval: 123.11, Total Timesteps: 85541230 episode:164 

Rewards Tr: 163.90, Rewards Val: 165.36, Rewards Disc: 0.03, Rewards Eval: 166.19, Total Timesteps: 86141230 episode:165 

Rewards Tr: 159.46, Rewards Val: 159.98, Rewards Disc: 0.08, Rewards Eval: 143.89, Total Timesteps: 86741230 episode:166 

Rewards Tr: 161.63, Rewards Val: 162.80, Rewards Disc: 0.04, Rewards Eval: 125.61, Total Timesteps: 87341230 episode:167 

Rewards Tr: 159.86, Rewards Val: 160.99, Rewards Disc: 0.03, Rewards Eval: 126.77, Total Timesteps: 87941230 episode:168 

Rewards Tr: 162.23, Rewards Val: 163.38, Rewards Disc: -0.01, Rewards Eval: 152.42, Total Timesteps: 88541230 episode:169 

Rewards Tr: 161.91, Rewards Val: 160.26, Rewards Disc: 0.08, Rewards Eval: 173.52, Total Timesteps: 89141230 episode:170 

Rewards Tr: 158.06, Rewards Val: 161.76, Rewards Disc: 0.04, Rewards Eval: 178.27, Total Timesteps: 89741230 episode:171 

Rewards Tr: 160.60, Rewards Val: 161.10, Rewards Disc: 0.05, Rewards Eval: 146.80, Total Timesteps: 90341230 episode:172 

Rewards Tr: 156.26, Rewards Val: 161.67, Rewards Disc: -0.01, Rewards Eval: 159.68, Total Timesteps: 90941230 episode:173 

Rewards Tr: 155.91, Rewards Val: 152.19, Rewards Disc: 0.11, Rewards Eval: 192.50, Total Timesteps: 91541230 episode:174 

Rewards Tr: 158.67, Rewards Val: 156.10, Rewards Disc: 0.11, Rewards Eval: 134.24, Total Timesteps: 92141230 episode:175 

Rewards Tr: 156.73, Rewards Val: 153.45, Rewards Disc: 0.07, Rewards Eval: 163.43, Total Timesteps: 92741230 episode:176 

Rewards Tr: 150.88, Rewards Val: 157.84, Rewards Disc: 0.03, Rewards Eval: 142.48, Total Timesteps: 93341230 episode:177 

Rewards Tr: 152.53, Rewards Val: 154.00, Rewards Disc: 0.05, Rewards Eval: 162.01, Total Timesteps: 93941230 episode:178 

Rewards Tr: 155.42, Rewards Val: 152.81, Rewards Disc: 0.04, Rewards Eval: 133.56, Total Timesteps: 94541230 episode:179 

Rewards Tr: 156.60, Rewards Val: 154.71, Rewards Disc: 0.02, Rewards Eval: 167.30, Total Timesteps: 95141230 episode:180 

Rewards Tr: 149.40, Rewards Val: 147.94, Rewards Disc: 0.07, Rewards Eval: 157.89, Total Timesteps: 95741230 episode:181 

Rewards Tr: 150.41, Rewards Val: 149.55, Rewards Disc: 0.03, Rewards Eval: 164.14, Total Timesteps: 96341230 episode:182 

Rewards Tr: 153.84, Rewards Val: 154.39, Rewards Disc: 0.05, Rewards Eval: 147.46, Total Timesteps: 96941230 episode:183 

Rewards Tr: 151.98, Rewards Val: 154.24, Rewards Disc: -0.00, Rewards Eval: 148.35, Total Timesteps: 97541230 episode:184 

Rewards Tr: 148.60, Rewards Val: 152.98, Rewards Disc: 0.02, Rewards Eval: 137.04, Total Timesteps: 98141230 episode:185 

Rewards Tr: 149.47, Rewards Val: 150.05, Rewards Disc: 0.07, Rewards Eval: 146.42, Total Timesteps: 98741230 episode:186 

Rewards Tr: 149.47, Rewards Val: 152.73, Rewards Disc: 0.03, Rewards Eval: 160.71, Total Timesteps: 99341230 episode:187 

Rewards Tr: 152.09, Rewards Val: 158.12, Rewards Disc: -0.02, Rewards Eval: 155.20, Total Timesteps: 99941230 episode:188 

Rewards Tr: 154.56, Rewards Val: 154.70, Rewards Disc: 0.03, Rewards Eval: 156.94, Total Timesteps: 100541230 episode:189 

Rewards Tr: 152.39, Rewards Val: 153.60, Rewards Disc: 0.06, Rewards Eval: 153.63, Total Timesteps: 101141230 episode:190 

Rewards Tr: 148.35, Rewards Val: 147.59, Rewards Disc: 0.10, Rewards Eval: 153.78, Total Timesteps: 101741230 episode:191 

Rewards Tr: 150.90, Rewards Val: 146.84, Rewards Disc: 0.14, Rewards Eval: 142.27, Total Timesteps: 102341230 episode:192 

Rewards Tr: 150.13, Rewards Val: 147.79, Rewards Disc: 0.12, Rewards Eval: 154.18, Total Timesteps: 102941230 episode:193 

Rewards Tr: 158.33, Rewards Val: 156.96, Rewards Disc: 0.03, Rewards Eval: 166.92, Total Timesteps: 103541230 episode:194 

Rewards Tr: 155.15, Rewards Val: 153.26, Rewards Disc: 0.06, Rewards Eval: 157.26, Total Timesteps: 104141230 episode:195 

Rewards Tr: 155.63, Rewards Val: 156.23, Rewards Disc: -0.03, Rewards Eval: 131.24, Total Timesteps: 104741230 episode:196 

Rewards Tr: 158.73, Rewards Val: 153.96, Rewards Disc: 0.01, Rewards Eval: 171.14, Total Timesteps: 105341230 episode:197 

Rewards Tr: 158.41, Rewards Val: 153.85, Rewards Disc: 0.05, Rewards Eval: 165.76, Total Timesteps: 105941230 episode:198 

Rewards Tr: 153.67, Rewards Val: 156.77, Rewards Disc: 0.04, Rewards Eval: 150.80, Total Timesteps: 106541230 episode:199 

Rewards Tr: 150.41, Rewards Val: 150.06, Rewards Disc: 0.11, Rewards Eval: 160.57, Total Timesteps: 107141230 episode:200 

Rewards Tr: 154.30, Rewards Val: 151.00, Rewards Disc: 0.11, Rewards Eval: 160.50, Total Timesteps: 107741230 episode:201 

Rewards Tr: 150.10, Rewards Val: 149.52, Rewards Disc: 0.09, Rewards Eval: 134.89, Total Timesteps: 108341230 episode:202 

Rewards Tr: 146.94, Rewards Val: 152.97, Rewards Disc: 0.01, Rewards Eval: 166.88, Total Timesteps: 108941230 episode:203 

Rewards Tr: 155.08, Rewards Val: 151.17, Rewards Disc: 0.07, Rewards Eval: 167.86, Total Timesteps: 109541230 episode:204 

Rewards Tr: 151.40, Rewards Val: 151.52, Rewards Disc: 0.07, Rewards Eval: 143.27, Total Timesteps: 110141230 episode:205 

Rewards Tr: 154.24, Rewards Val: 159.58, Rewards Disc: -0.01, Rewards Eval: 135.25, Total Timesteps: 110741230 episode:206 

Rewards Tr: 161.47, Rewards Val: 158.95, Rewards Disc: -0.01, Rewards Eval: 149.38, Total Timesteps: 111341230 episode:207 

Rewards Tr: 149.30, Rewards Val: 155.12, Rewards Disc: 0.06, Rewards Eval: 152.52, Total Timesteps: 111941230 episode:208 

Rewards Tr: 148.59, Rewards Val: 154.83, Rewards Disc: 0.07, Rewards Eval: 144.61, Total Timesteps: 112541230 episode:209 

Rewards Tr: 148.60, Rewards Val: 148.59, Rewards Disc: 0.12, Rewards Eval: 131.14, Total Timesteps: 113141230 episode:210 

Rewards Tr: 162.13, Rewards Val: 160.79, Rewards Disc: 0.01, Rewards Eval: 153.97, Total Timesteps: 113741230 episode:211 

Rewards Tr: 160.36, Rewards Val: 159.67, Rewards Disc: 0.03, Rewards Eval: 162.65, Total Timesteps: 114341230 episode:212 

Rewards Tr: 159.31, Rewards Val: 160.49, Rewards Disc: -0.05, Rewards Eval: 179.18, Total Timesteps: 114941230 episode:213 

Rewards Tr: 162.26, Rewards Val: 163.28, Rewards Disc: -0.00, Rewards Eval: 133.11, Total Timesteps: 115541230 episode:214 

Rewards Tr: 158.97, Rewards Val: 161.57, Rewards Disc: 0.01, Rewards Eval: 169.79, Total Timesteps: 116141230 episode:215 

Rewards Tr: 157.08, Rewards Val: 158.03, Rewards Disc: 0.05, Rewards Eval: 150.48, Total Timesteps: 116741230 episode:216 

Rewards Tr: 158.46, Rewards Val: 159.24, Rewards Disc: 0.05, Rewards Eval: 164.51, Total Timesteps: 117341230 episode:217 

Rewards Tr: 153.73, Rewards Val: 155.72, Rewards Disc: 0.05, Rewards Eval: 161.98, Total Timesteps: 117941230 episode:218 

Rewards Tr: 154.53, Rewards Val: 154.82, Rewards Disc: 0.08, Rewards Eval: 167.74, Total Timesteps: 118541230 episode:219 

Rewards Tr: 153.90, Rewards Val: 147.95, Rewards Disc: 0.16, Rewards Eval: 156.94, Total Timesteps: 119141230 episode:220 

Rewards Tr: 150.58, Rewards Val: 150.56, Rewards Disc: 0.05, Rewards Eval: 163.39, Total Timesteps: 119741230 episode:221 

Rewards Tr: 160.92, Rewards Val: 157.32, Rewards Disc: 0.03, Rewards Eval: 121.46, Total Timesteps: 120341230 episode:222 

Rewards Tr: 159.95, Rewards Val: 162.16, Rewards Disc: -0.02, Rewards Eval: 161.88, Total Timesteps: 120941230 episode:223 

Rewards Tr: 156.96, Rewards Val: 156.78, Rewards Disc: 0.03, Rewards Eval: 158.76, Total Timesteps: 121541230 episode:224 

Rewards Tr: 149.53, Rewards Val: 151.36, Rewards Disc: 0.04, Rewards Eval: 152.65, Total Timesteps: 122141230 episode:225 

Rewards Tr: 148.58, Rewards Val: 152.45, Rewards Disc: 0.06, Rewards Eval: 155.70, Total Timesteps: 122741230 episode:226 

Rewards Tr: 154.67, Rewards Val: 155.18, Rewards Disc: 0.02, Rewards Eval: 154.92, Total Timesteps: 123341230 episode:227 

Rewards Tr: 156.26, Rewards Val: 152.26, Rewards Disc: 0.05, Rewards Eval: 168.50, Total Timesteps: 123941230 episode:228 

Rewards Tr: 156.94, Rewards Val: 158.52, Rewards Disc: 0.01, Rewards Eval: 153.32, Total Timesteps: 124541230 episode:229 

Rewards Tr: 155.49, Rewards Val: 156.36, Rewards Disc: 0.02, Rewards Eval: 161.78, Total Timesteps: 125141230 episode:230 

Rewards Tr: 157.26, Rewards Val: 160.09, Rewards Disc: -0.04, Rewards Eval: 173.22, Total Timesteps: 125741230 episode:231 

Rewards Tr: 157.25, Rewards Val: 157.55, Rewards Disc: 0.03, Rewards Eval: 159.23, Total Timesteps: 126341230 episode:232 

Rewards Tr: 161.07, Rewards Val: 158.94, Rewards Disc: 0.00, Rewards Eval: 147.79, Total Timesteps: 126941230 episode:233 

Rewards Tr: 159.38, Rewards Val: 158.47, Rewards Disc: 0.01, Rewards Eval: 142.93, Total Timesteps: 127541230 episode:234 

Rewards Tr: 160.68, Rewards Val: 157.62, Rewards Disc: 0.05, Rewards Eval: 150.59, Total Timesteps: 128141230 episode:235 

Rewards Tr: 159.27, Rewards Val: 161.20, Rewards Disc: -0.02, Rewards Eval: 157.63, Total Timesteps: 128741230 episode:236 

Rewards Tr: 161.92, Rewards Val: 159.62, Rewards Disc: 0.03, Rewards Eval: 169.94, Total Timesteps: 129341230 episode:237 

Rewards Tr: 161.85, Rewards Val: 164.04, Rewards Disc: 0.00, Rewards Eval: 155.83, Total Timesteps: 129941230 episode:238 

Rewards Tr: 161.28, Rewards Val: 158.93, Rewards Disc: 0.05, Rewards Eval: 186.90, Total Timesteps: 130541230 episode:239 

Rewards Tr: 161.89, Rewards Val: 160.66, Rewards Disc: 0.06, Rewards Eval: 136.04, Total Timesteps: 131141230 episode:240 

Rewards Tr: 163.97, Rewards Val: 162.81, Rewards Disc: 0.03, Rewards Eval: 137.09, Total Timesteps: 131741230 episode:241 

Rewards Tr: 164.97, Rewards Val: 164.77, Rewards Disc: 0.00, Rewards Eval: 155.38, Total Timesteps: 132341230 episode:242 

Rewards Tr: 165.37, Rewards Val: 168.14, Rewards Disc: 0.01, Rewards Eval: 167.89, Total Timesteps: 132941230 episode:243 

Rewards Tr: 163.34, Rewards Val: 163.87, Rewards Disc: 0.06, Rewards Eval: 121.21, Total Timesteps: 133541230 episode:244 

Rewards Tr: 158.08, Rewards Val: 163.60, Rewards Disc: 0.03, Rewards Eval: 183.23, Total Timesteps: 134141230 episode:245 

Rewards Tr: 167.62, Rewards Val: 169.94, Rewards Disc: 0.02, Rewards Eval: 177.52, Total Timesteps: 134741230 episode:246 

Rewards Tr: 168.86, Rewards Val: 171.11, Rewards Disc: -0.01, Rewards Eval: 170.24, Total Timesteps: 135341230 episode:247 

Rewards Tr: 163.10, Rewards Val: 161.24, Rewards Disc: 0.08, Rewards Eval: 193.14, Total Timesteps: 135941230 episode:248 

Rewards Tr: 163.67, Rewards Val: 166.94, Rewards Disc: 0.02, Rewards Eval: 166.01, Total Timesteps: 136541230 episode:249 

Rewards Tr: 168.90, Rewards Val: 165.40, Rewards Disc: 0.01, Rewards Eval: 160.26, Total Timesteps: 137141230 episode:250 

Rewards Tr: 166.29, Rewards Val: 166.90, Rewards Disc: 0.03, Rewards Eval: 176.90, Total Timesteps: 137741230 episode:251 

Rewards Tr: 168.02, Rewards Val: 167.69, Rewards Disc: 0.02, Rewards Eval: 149.69, Total Timesteps: 138341230 episode:252 

Rewards Tr: 166.06, Rewards Val: 170.65, Rewards Disc: -0.02, Rewards Eval: 183.10, Total Timesteps: 138941230 episode:253 

Rewards Tr: 166.93, Rewards Val: 167.91, Rewards Disc: -0.01, Rewards Eval: 165.44, Total Timesteps: 139541230 episode:254 

Rewards Tr: 167.87, Rewards Val: 168.27, Rewards Disc: 0.01, Rewards Eval: 183.14, Total Timesteps: 140141230 episode:255 

Rewards Tr: 167.29, Rewards Val: 170.14, Rewards Disc: 0.01, Rewards Eval: 192.12, Total Timesteps: 140741230 episode:256 

Rewards Tr: 170.86, Rewards Val: 169.63, Rewards Disc: -0.01, Rewards Eval: 174.75, Total Timesteps: 141341230 episode:257 

Rewards Tr: 167.82, Rewards Val: 167.77, Rewards Disc: 0.03, Rewards Eval: 173.01, Total Timesteps: 141941230 episode:258 

Rewards Tr: 167.33, Rewards Val: 163.22, Rewards Disc: 0.08, Rewards Eval: 183.33, Total Timesteps: 142541230 episode:259 

Rewards Tr: 168.87, Rewards Val: 166.28, Rewards Disc: 0.04, Rewards Eval: 154.86, Total Timesteps: 143141230 episode:260 

Rewards Tr: 162.70, Rewards Val: 163.89, Rewards Disc: 0.08, Rewards Eval: 169.89, Total Timesteps: 143741230 episode:261 

Rewards Tr: 160.59, Rewards Val: 158.29, Rewards Disc: 0.11, Rewards Eval: 160.45, Total Timesteps: 144341230 episode:262 

Rewards Tr: 163.30, Rewards Val: 161.56, Rewards Disc: 0.05, Rewards Eval: 182.96, Total Timesteps: 144941230 episode:263 

Rewards Tr: 164.91, Rewards Val: 165.02, Rewards Disc: 0.03, Rewards Eval: 179.14, Total Timesteps: 145541230 episode:264 

Rewards Tr: 165.20, Rewards Val: 165.80, Rewards Disc: 0.01, Rewards Eval: 170.37, Total Timesteps: 146141230 episode:265 

Rewards Tr: 165.10, Rewards Val: 165.34, Rewards Disc: 0.05, Rewards Eval: 167.93, Total Timesteps: 146741230 episode:266 

Rewards Tr: 161.09, Rewards Val: 166.31, Rewards Disc: -0.01, Rewards Eval: 160.77, Total Timesteps: 147341230 episode:267 

Rewards Tr: 165.99, Rewards Val: 164.27, Rewards Disc: 0.02, Rewards Eval: 145.40, Total Timesteps: 147941230 episode:268 

Rewards Tr: 164.00, Rewards Val: 167.62, Rewards Disc: 0.00, Rewards Eval: 185.62, Total Timesteps: 148541230 episode:269 

Rewards Tr: 167.33, Rewards Val: 167.83, Rewards Disc: 0.01, Rewards Eval: 141.32, Total Timesteps: 149141230 episode:270 

Rewards Tr: 168.16, Rewards Val: 170.07, Rewards Disc: -0.01, Rewards Eval: 167.73, Total Timesteps: 149741230 episode:271 

Rewards Tr: 169.48, Rewards Val: 168.58, Rewards Disc: -0.02, Rewards Eval: 178.71, Total Timesteps: 150341230 episode:272 

Rewards Tr: 167.96, Rewards Val: 163.71, Rewards Disc: 0.03, Rewards Eval: 162.59, Total Timesteps: 150941230 episode:273 

Rewards Tr: 170.65, Rewards Val: 165.15, Rewards Disc: 0.06, Rewards Eval: 144.28, Total Timesteps: 151541230 episode:274 

Rewards Tr: 170.71, Rewards Val: 170.14, Rewards Disc: -0.03, Rewards Eval: 153.07, Total Timesteps: 152141230 episode:275 

Rewards Tr: 166.98, Rewards Val: 167.93, Rewards Disc: 0.03, Rewards Eval: 163.48, Total Timesteps: 152741230 episode:276 

Rewards Tr: 168.52, Rewards Val: 170.24, Rewards Disc: -0.01, Rewards Eval: 159.70, Total Timesteps: 153341230 episode:277 

Rewards Tr: 161.05, Rewards Val: 165.58, Rewards Disc: 0.07, Rewards Eval: 166.17, Total Timesteps: 153941230 episode:278 

Rewards Tr: 159.02, Rewards Val: 160.86, Rewards Disc: 0.11, Rewards Eval: 178.57, Total Timesteps: 154541230 episode:279 

Rewards Tr: 156.59, Rewards Val: 159.04, Rewards Disc: 0.12, Rewards Eval: 160.95, Total Timesteps: 155141230 episode:280 

Rewards Tr: 166.00, Rewards Val: 166.93, Rewards Disc: 0.07, Rewards Eval: 153.95, Total Timesteps: 155741230 episode:281 

Rewards Tr: 156.67, Rewards Val: 161.69, Rewards Disc: 0.07, Rewards Eval: 167.72, Total Timesteps: 156341230 episode:282 

Rewards Tr: 167.50, Rewards Val: 169.14, Rewards Disc: 0.04, Rewards Eval: 189.99, Total Timesteps: 156941230 episode:283 

Rewards Tr: 166.68, Rewards Val: 166.16, Rewards Disc: 0.02, Rewards Eval: 154.74, Total Timesteps: 157541230 episode:284 

Rewards Tr: 161.50, Rewards Val: 165.65, Rewards Disc: 0.06, Rewards Eval: 168.92, Total Timesteps: 158141230 episode:285 

Rewards Tr: 166.62, Rewards Val: 168.20, Rewards Disc: -0.00, Rewards Eval: 174.72, Total Timesteps: 158741230 episode:286 

Rewards Tr: 163.87, Rewards Val: 164.72, Rewards Disc: 0.05, Rewards Eval: 179.84, Total Timesteps: 159341230 episode:287 

Rewards Tr: 157.55, Rewards Val: 158.10, Rewards Disc: 0.12, Rewards Eval: 162.93, Total Timesteps: 159941230 episode:288 

Rewards Tr: 159.18, Rewards Val: 161.50, Rewards Disc: 0.06, Rewards Eval: 190.62, Total Timesteps: 160541230 episode:289 

Rewards Tr: 152.99, Rewards Val: 155.68, Rewards Disc: 0.08, Rewards Eval: 173.90, Total Timesteps: 161141230 episode:290 

Rewards Tr: 157.73, Rewards Val: 158.66, Rewards Disc: 0.05, Rewards Eval: 167.38, Total Timesteps: 161741230 episode:291 

Rewards Tr: 161.65, Rewards Val: 158.85, Rewards Disc: 0.04, Rewards Eval: 166.36, Total Timesteps: 162341230 episode:292 

Rewards Tr: 159.88, Rewards Val: 158.31, Rewards Disc: 0.04, Rewards Eval: 157.99, Total Timesteps: 162941230 episode:293 

Rewards Tr: 160.39, Rewards Val: 162.18, Rewards Disc: -0.01, Rewards Eval: 166.83, Total Timesteps: 163541230 episode:294 

Rewards Tr: 154.42, Rewards Val: 153.71, Rewards Disc: 0.05, Rewards Eval: 150.45, Total Timesteps: 164141230 episode:295 

Rewards Tr: 149.58, Rewards Val: 153.41, Rewards Disc: 0.07, Rewards Eval: 159.58, Total Timesteps: 164741230 episode:296 

Rewards Tr: 155.97, Rewards Val: 155.98, Rewards Disc: 0.04, Rewards Eval: 160.19, Total Timesteps: 165341230 episode:297 

Rewards Tr: 158.10, Rewards Val: 158.50, Rewards Disc: -0.01, Rewards Eval: 127.02, Total Timesteps: 165941230 episode:298 

Rewards Tr: 161.67, Rewards Val: 159.27, Rewards Disc: 0.01, Rewards Eval: 139.81, Total Timesteps: 166541230 episode:299 

Rewards Tr: 164.07, Rewards Val: 161.37, Rewards Disc: 0.01, Rewards Eval: 160.71, Total Timesteps: 167141230 episode:300 

Rewards Tr: 161.43, Rewards Val: 163.09, Rewards Disc: -0.00, Rewards Eval: 172.09, Total Timesteps: 167741230 episode:301 

Rewards Tr: 162.60, Rewards Val: 159.35, Rewards Disc: 0.06, Rewards Eval: 164.09, Total Timesteps: 168341230 episode:302 

Rewards Tr: 160.55, Rewards Val: 160.25, Rewards Disc: 0.06, Rewards Eval: 139.39, Total Timesteps: 168941230 episode:303 

Rewards Tr: 160.82, Rewards Val: 158.88, Rewards Disc: 0.08, Rewards Eval: 174.50, Total Timesteps: 169541230 episode:304 

Rewards Tr: 165.56, Rewards Val: 162.91, Rewards Disc: 0.01, Rewards Eval: 198.69, Total Timesteps: 170141230 episode:305 

Rewards Tr: 168.19, Rewards Val: 167.72, Rewards Disc: -0.01, Rewards Eval: 177.88, Total Timesteps: 170741230 episode:306 

Rewards Tr: 169.13, Rewards Val: 165.89, Rewards Disc: 0.02, Rewards Eval: 171.37, Total Timesteps: 171341230 episode:307 

Rewards Tr: 167.32, Rewards Val: 168.55, Rewards Disc: 0.00, Rewards Eval: 167.75, Total Timesteps: 171941230 episode:308 

Rewards Tr: 167.21, Rewards Val: 167.47, Rewards Disc: 0.03, Rewards Eval: 166.63, Total Timesteps: 172541230 episode:309 

Rewards Tr: 169.67, Rewards Val: 168.94, Rewards Disc: 0.02, Rewards Eval: 163.20, Total Timesteps: 173141230 episode:310 

Rewards Tr: 166.38, Rewards Val: 166.03, Rewards Disc: 0.06, Rewards Eval: 166.39, Total Timesteps: 173741230 episode:311 

Rewards Tr: 167.38, Rewards Val: 167.97, Rewards Disc: 0.03, Rewards Eval: 149.52, Total Timesteps: 174341230 episode:312 

Rewards Tr: 156.26, Rewards Val: 158.23, Rewards Disc: 0.20, Rewards Eval: 174.12, Total Timesteps: 174941230 episode:313 

Rewards Tr: 165.26, Rewards Val: 171.00, Rewards Disc: 0.03, Rewards Eval: 183.94, Total Timesteps: 175541230 episode:314 

Rewards Tr: 169.62, Rewards Val: 166.87, Rewards Disc: 0.05, Rewards Eval: 177.11, Total Timesteps: 176141230 episode:315 

Rewards Tr: 167.09, Rewards Val: 169.96, Rewards Disc: 0.04, Rewards Eval: 187.42, Total Timesteps: 176741230 episode:316 

Rewards Tr: 171.39, Rewards Val: 171.97, Rewards Disc: 0.01, Rewards Eval: 182.79, Total Timesteps: 177341230 episode:317 

Rewards Tr: 167.03, Rewards Val: 174.19, Rewards Disc: -0.04, Rewards Eval: 190.06, Total Timesteps: 177941230 episode:318 

Rewards Tr: 169.98, Rewards Val: 166.03, Rewards Disc: 0.08, Rewards Eval: 171.77, Total Timesteps: 178541230 episode:319 

Rewards Tr: 170.15, Rewards Val: 166.84, Rewards Disc: 0.04, Rewards Eval: 152.99, Total Timesteps: 179141230 episode:320 

Rewards Tr: 168.02, Rewards Val: 171.44, Rewards Disc: 0.01, Rewards Eval: 196.76, Total Timesteps: 179741230 episode:321 

Rewards Tr: 168.66, Rewards Val: 173.39, Rewards Disc: -0.04, Rewards Eval: 159.11, Total Timesteps: 180341230 episode:322 

Rewards Tr: 171.22, Rewards Val: 173.20, Rewards Disc: -0.04, Rewards Eval: 138.80, Total Timesteps: 180941230 episode:323 

Rewards Tr: 172.19, Rewards Val: 168.45, Rewards Disc: 0.04, Rewards Eval: 173.14, Total Timesteps: 181541230 episode:324 

Rewards Tr: 173.67, Rewards Val: 169.30, Rewards Disc: 0.01, Rewards Eval: 181.18, Total Timesteps: 182141230 episode:325 

Rewards Tr: 169.46, Rewards Val: 169.62, Rewards Disc: 0.05, Rewards Eval: 207.50, Total Timesteps: 182741230 episode:326 

Rewards Tr: 172.27, Rewards Val: 168.22, Rewards Disc: 0.05, Rewards Eval: 170.59, Total Timesteps: 183341230 episode:327 

Rewards Tr: 170.85, Rewards Val: 169.94, Rewards Disc: 0.05, Rewards Eval: 181.54, Total Timesteps: 183941230 episode:328 

Rewards Tr: 172.54, Rewards Val: 171.69, Rewards Disc: 0.01, Rewards Eval: 168.35, Total Timesteps: 184541230 episode:329 

Rewards Tr: 169.83, Rewards Val: 170.29, Rewards Disc: 0.07, Rewards Eval: 157.98, Total Timesteps: 185141230 episode:330 

Rewards Tr: 171.44, Rewards Val: 169.99, Rewards Disc: 0.01, Rewards Eval: 147.82, Total Timesteps: 185741230 episode:331 

Rewards Tr: 174.90, Rewards Val: 172.95, Rewards Disc: 0.00, Rewards Eval: 170.52, Total Timesteps: 186341230 episode:332 

Rewards Tr: 173.08, Rewards Val: 172.82, Rewards Disc: 0.01, Rewards Eval: 190.04, Total Timesteps: 186941230 episode:333 

Rewards Tr: 170.25, Rewards Val: 170.08, Rewards Disc: 0.01, Rewards Eval: 155.83, Total Timesteps: 187541230 episode:334 

Rewards Tr: 171.80, Rewards Val: 168.85, Rewards Disc: 0.03, Rewards Eval: 175.46, Total Timesteps: 188141230 episode:335 

Rewards Tr: 171.33, Rewards Val: 171.66, Rewards Disc: -0.01, Rewards Eval: 184.00, Total Timesteps: 188741230 episode:336 

Rewards Tr: 171.22, Rewards Val: 167.89, Rewards Disc: 0.06, Rewards Eval: 191.51, Total Timesteps: 189341230 episode:337 

Rewards Tr: 171.24, Rewards Val: 171.89, Rewards Disc: 0.02, Rewards Eval: 172.27, Total Timesteps: 189941230 episode:338 

Rewards Tr: 172.29, Rewards Val: 169.91, Rewards Disc: 0.04, Rewards Eval: 184.70, Total Timesteps: 190541230 episode:339 

Rewards Tr: 170.90, Rewards Val: 174.54, Rewards Disc: -0.01, Rewards Eval: 169.41, Total Timesteps: 191141230 episode:340 

Rewards Tr: 174.55, Rewards Val: 173.16, Rewards Disc: 0.06, Rewards Eval: 199.44, Total Timesteps: 191741230 episode:341 

Rewards Tr: 171.03, Rewards Val: 174.56, Rewards Disc: -0.01, Rewards Eval: 166.15, Total Timesteps: 192341230 episode:342 

Rewards Tr: 175.14, Rewards Val: 175.80, Rewards Disc: -0.02, Rewards Eval: 164.35, Total Timesteps: 192941230 episode:343 

Rewards Tr: 175.68, Rewards Val: 178.71, Rewards Disc: -0.03, Rewards Eval: 184.07, Total Timesteps: 193541230 episode:344 

Rewards Tr: 172.04, Rewards Val: 178.73, Rewards Disc: -0.05, Rewards Eval: 157.56, Total Timesteps: 194141230 episode:345 

Rewards Tr: 173.31, Rewards Val: 174.77, Rewards Disc: 0.02, Rewards Eval: 174.39, Total Timesteps: 194741230 episode:346 

Rewards Tr: 170.31, Rewards Val: 174.65, Rewards Disc: 0.01, Rewards Eval: 154.35, Total Timesteps: 195341230 episode:347 

Rewards Tr: 176.90, Rewards Val: 179.55, Rewards Disc: -0.06, Rewards Eval: 150.70, Total Timesteps: 195941230 episode:348 

Rewards Tr: 174.81, Rewards Val: 172.29, Rewards Disc: 0.05, Rewards Eval: 199.09, Total Timesteps: 196541230 episode:349 

Rewards Tr: 172.29, Rewards Val: 175.98, Rewards Disc: 0.04, Rewards Eval: 181.24, Total Timesteps: 197141230 episode:350 

Rewards Tr: 174.80, Rewards Val: 172.35, Rewards Disc: 0.03, Rewards Eval: 169.13, Total Timesteps: 197741230 episode:351 

Rewards Tr: 174.56, Rewards Val: 176.21, Rewards Disc: 0.00, Rewards Eval: 183.17, Total Timesteps: 198341230 episode:352 

Rewards Tr: 175.36, Rewards Val: 172.58, Rewards Disc: 0.06, Rewards Eval: 171.92, Total Timesteps: 198941230 episode:353 

Rewards Tr: 168.08, Rewards Val: 172.30, Rewards Disc: 0.04, Rewards Eval: 147.48, Total Timesteps: 199541230 episode:354 

Rewards Tr: 175.19, Rewards Val: 176.02, Rewards Disc: 0.01, Rewards Eval: 151.64, Total Timesteps: 200141230 episode:355 

Rewards Tr: 175.52, Rewards Val: 172.67, Rewards Disc: 0.04, Rewards Eval: 187.48, Total Timesteps: 200741230 episode:356 

Rewards Tr: 174.53, Rewards Val: 176.43, Rewards Disc: -0.01, Rewards Eval: 173.59, Total Timesteps: 201341230 episode:357 

Rewards Tr: 175.21, Rewards Val: 175.06, Rewards Disc: 0.04, Rewards Eval: 173.19, Total Timesteps: 201941230 episode:358 

Rewards Tr: 176.54, Rewards Val: 170.18, Rewards Disc: 0.06, Rewards Eval: 166.34, Total Timesteps: 202541230 episode:359 

Rewards Tr: 172.97, Rewards Val: 174.06, Rewards Disc: 0.03, Rewards Eval: 173.26, Total Timesteps: 203141230 episode:360 

Rewards Tr: 176.34, Rewards Val: 172.66, Rewards Disc: 0.03, Rewards Eval: 164.22, Total Timesteps: 203741230 episode:361 

Rewards Tr: 170.44, Rewards Val: 172.84, Rewards Disc: 0.03, Rewards Eval: 182.21, Total Timesteps: 204341230 episode:362 

Rewards Tr: 167.98, Rewards Val: 164.73, Rewards Disc: 0.13, Rewards Eval: 126.75, Total Timesteps: 204941230 episode:363 

Rewards Tr: 173.13, Rewards Val: 174.55, Rewards Disc: -0.03, Rewards Eval: 181.63, Total Timesteps: 205541230 episode:364 

Rewards Tr: 174.56, Rewards Val: 172.23, Rewards Disc: 0.03, Rewards Eval: 178.02, Total Timesteps: 206141230 episode:365 

Rewards Tr: 174.88, Rewards Val: 168.74, Rewards Disc: 0.06, Rewards Eval: 159.52, Total Timesteps: 206741230 episode:366 

Rewards Tr: 174.79, Rewards Val: 171.20, Rewards Disc: 0.05, Rewards Eval: 191.25, Total Timesteps: 207341230 episode:367 

Rewards Tr: 172.47, Rewards Val: 171.07, Rewards Disc: 0.05, Rewards Eval: 191.21, Total Timesteps: 207941230 episode:368 

Rewards Tr: 164.20, Rewards Val: 163.93, Rewards Disc: 0.11, Rewards Eval: 151.04, Total Timesteps: 208541230 episode:369 

Rewards Tr: 161.71, Rewards Val: 166.61, Rewards Disc: 0.11, Rewards Eval: 197.78, Total Timesteps: 209141230 episode:370 

Rewards Tr: 170.46, Rewards Val: 173.23, Rewards Disc: 0.00, Rewards Eval: 186.72, Total Timesteps: 209741230 episode:371 

Rewards Tr: 171.03, Rewards Val: 172.12, Rewards Disc: 0.04, Rewards Eval: 174.07, Total Timesteps: 210341230 episode:372 

Rewards Tr: 161.80, Rewards Val: 161.28, Rewards Disc: 0.14, Rewards Eval: 195.92, Total Timesteps: 210941230 episode:373 

Rewards Tr: 170.41, Rewards Val: 166.45, Rewards Disc: 0.09, Rewards Eval: 190.04, Total Timesteps: 211541230 episode:374 

Rewards Tr: 162.93, Rewards Val: 163.72, Rewards Disc: 0.10, Rewards Eval: 153.46, Total Timesteps: 212141230 episode:375 

Rewards Tr: 164.65, Rewards Val: 165.36, Rewards Disc: 0.06, Rewards Eval: 174.77, Total Timesteps: 212741230 episode:376 

Rewards Tr: 163.70, Rewards Val: 162.17, Rewards Disc: 0.09, Rewards Eval: 159.63, Total Timesteps: 213341230 episode:377 

Rewards Tr: 156.88, Rewards Val: 156.72, Rewards Disc: 0.16, Rewards Eval: 177.18, Total Timesteps: 213941230 episode:378 

Rewards Tr: 155.36, Rewards Val: 155.50, Rewards Disc: 0.11, Rewards Eval: 150.73, Total Timesteps: 214541230 episode:379 

Rewards Tr: 161.47, Rewards Val: 156.59, Rewards Disc: 0.13, Rewards Eval: 161.87, Total Timesteps: 215141230 episode:380 

Rewards Tr: 162.17, Rewards Val: 156.81, Rewards Disc: 0.12, Rewards Eval: 156.99, Total Timesteps: 215741230 episode:381 

Rewards Tr: 162.00, Rewards Val: 161.10, Rewards Disc: 0.08, Rewards Eval: 172.03, Total Timesteps: 216341230 episode:382 

Rewards Tr: 163.84, Rewards Val: 164.24, Rewards Disc: 0.08, Rewards Eval: 166.60, Total Timesteps: 216941230 episode:383 

Rewards Tr: 159.57, Rewards Val: 164.02, Rewards Disc: 0.07, Rewards Eval: 150.62, Total Timesteps: 217541230 episode:384 

Rewards Tr: 165.39, Rewards Val: 164.52, Rewards Disc: 0.04, Rewards Eval: 184.02, Total Timesteps: 218141230 episode:385 

Rewards Tr: 166.28, Rewards Val: 165.97, Rewards Disc: 0.04, Rewards Eval: 146.12, Total Timesteps: 218741230 episode:386 

Rewards Tr: 163.66, Rewards Val: 160.23, Rewards Disc: 0.10, Rewards Eval: 132.10, Total Timesteps: 219341230 episode:387 

Rewards Tr: 160.55, Rewards Val: 156.95, Rewards Disc: 0.12, Rewards Eval: 159.83, Total Timesteps: 219941230 episode:388 

Rewards Tr: 164.10, Rewards Val: 163.09, Rewards Disc: 0.02, Rewards Eval: 156.88, Total Timesteps: 220541230 episode:389 

Rewards Tr: 162.97, Rewards Val: 162.69, Rewards Disc: 0.03, Rewards Eval: 170.10, Total Timesteps: 221141230 episode:390 

Rewards Tr: 167.29, Rewards Val: 164.67, Rewards Disc: 0.04, Rewards Eval: 164.13, Total Timesteps: 221741230 episode:391 

Rewards Tr: 167.20, Rewards Val: 164.33, Rewards Disc: 0.06, Rewards Eval: 181.16, Total Timesteps: 222341230 episode:392 

Rewards Tr: 162.37, Rewards Val: 160.98, Rewards Disc: 0.07, Rewards Eval: 174.05, Total Timesteps: 222941230 episode:393 

Rewards Tr: 166.04, Rewards Val: 165.49, Rewards Disc: 0.04, Rewards Eval: 176.58, Total Timesteps: 223541230 episode:394 

Rewards Tr: 163.08, Rewards Val: 160.59, Rewards Disc: 0.06, Rewards Eval: 172.27, Total Timesteps: 224141230 episode:395 

Rewards Tr: 163.22, Rewards Val: 163.05, Rewards Disc: 0.07, Rewards Eval: 197.19, Total Timesteps: 224741230 episode:396 

Rewards Tr: 167.10, Rewards Val: 162.57, Rewards Disc: 0.06, Rewards Eval: 178.94, Total Timesteps: 225341230 episode:397 

Rewards Tr: 166.04, Rewards Val: 162.15, Rewards Disc: 0.07, Rewards Eval: 176.42, Total Timesteps: 225941230 episode:398 

Rewards Tr: 165.23, Rewards Val: 166.41, Rewards Disc: 0.06, Rewards Eval: 177.50, Total Timesteps: 226541230 episode:399 

Rewards Tr: 165.13, Rewards Val: 161.49, Rewards Disc: 0.05, Rewards Eval: 175.06, Total Timesteps: 227141230 episode:400 

Rewards Tr: 162.35, Rewards Val: 162.11, Rewards Disc: 0.08, Rewards Eval: 150.44, Total Timesteps: 227741230 episode:401 

Rewards Tr: 160.58, Rewards Val: 162.96, Rewards Disc: 0.05, Rewards Eval: 187.95, Total Timesteps: 228341230 episode:402 

Rewards Tr: 160.97, Rewards Val: 164.83, Rewards Disc: 0.08, Rewards Eval: 177.42, Total Timesteps: 228941230 episode:403 

Rewards Tr: 164.64, Rewards Val: 162.22, Rewards Disc: 0.12, Rewards Eval: 162.08, Total Timesteps: 229541230 episode:404 

Rewards Tr: 165.35, Rewards Val: 166.75, Rewards Disc: 0.03, Rewards Eval: 154.03, Total Timesteps: 230141230 episode:405 

Rewards Tr: 163.58, Rewards Val: 167.30, Rewards Disc: 0.02, Rewards Eval: 179.45, Total Timesteps: 230741230 episode:406 

Rewards Tr: 166.67, Rewards Val: 160.44, Rewards Disc: 0.09, Rewards Eval: 134.47, Total Timesteps: 231341230 episode:407 

Rewards Tr: 165.71, Rewards Val: 165.83, Rewards Disc: 0.06, Rewards Eval: 138.65, Total Timesteps: 231941230 episode:408 

Rewards Tr: 165.16, Rewards Val: 164.09, Rewards Disc: 0.03, Rewards Eval: 150.74, Total Timesteps: 232541230 episode:409 

Rewards Tr: 166.62, Rewards Val: 166.34, Rewards Disc: 0.04, Rewards Eval: 179.86, Total Timesteps: 233141230 episode:410 

Rewards Tr: 168.99, Rewards Val: 166.51, Rewards Disc: 0.03, Rewards Eval: 162.67, Total Timesteps: 233741230 episode:411 

Rewards Tr: 168.85, Rewards Val: 168.96, Rewards Disc: -0.01, Rewards Eval: 189.76, Total Timesteps: 234341230 episode:412 

Rewards Tr: 163.91, Rewards Val: 168.31, Rewards Disc: 0.01, Rewards Eval: 174.85, Total Timesteps: 234941230 episode:413 

Rewards Tr: 167.71, Rewards Val: 167.82, Rewards Disc: -0.01, Rewards Eval: 173.64, Total Timesteps: 235541230 episode:414 

Rewards Tr: 164.68, Rewards Val: 168.00, Rewards Disc: 0.02, Rewards Eval: 198.06, Total Timesteps: 236141230 episode:415 

Rewards Tr: 169.40, Rewards Val: 166.46, Rewards Disc: 0.03, Rewards Eval: 168.41, Total Timesteps: 236741230 episode:416 

Rewards Tr: 165.40, Rewards Val: 166.24, Rewards Disc: 0.01, Rewards Eval: 179.89, Total Timesteps: 237341230 episode:417 

Rewards Tr: 171.37, Rewards Val: 165.57, Rewards Disc: 0.04, Rewards Eval: 167.14, Total Timesteps: 237941230 episode:418 

Rewards Tr: 165.20, Rewards Val: 161.09, Rewards Disc: 0.13, Rewards Eval: 181.41, Total Timesteps: 238541230 episode:419 

Rewards Tr: 164.25, Rewards Val: 165.52, Rewards Disc: 0.04, Rewards Eval: 173.11, Total Timesteps: 239141230 episode:420 

Rewards Tr: 163.31, Rewards Val: 166.30, Rewards Disc: 0.06, Rewards Eval: 180.76, Total Timesteps: 239741230 episode:421 

Rewards Tr: 166.35, Rewards Val: 171.79, Rewards Disc: -0.02, Rewards Eval: 158.76, Total Timesteps: 240341230 episode:422 

Rewards Tr: 171.30, Rewards Val: 170.33, Rewards Disc: 0.02, Rewards Eval: 162.75, Total Timesteps: 240941230 episode:423 

Rewards Tr: 168.73, Rewards Val: 167.05, Rewards Disc: 0.04, Rewards Eval: 159.48, Total Timesteps: 241541230 episode:424 

Rewards Tr: 166.30, Rewards Val: 170.47, Rewards Disc: -0.00, Rewards Eval: 159.36, Total Timesteps: 242141230 episode:425 

Rewards Tr: 171.75, Rewards Val: 172.86, Rewards Disc: -0.03, Rewards Eval: 186.96, Total Timesteps: 242741230 episode:426 

Rewards Tr: 169.15, Rewards Val: 172.76, Rewards Disc: 0.02, Rewards Eval: 167.07, Total Timesteps: 243341230 episode:427 

Rewards Tr: 169.81, Rewards Val: 169.65, Rewards Disc: 0.04, Rewards Eval: 198.05, Total Timesteps: 243941230 episode:428 

Rewards Tr: 166.98, Rewards Val: 174.02, Rewards Disc: -0.04, Rewards Eval: 192.45, Total Timesteps: 244541230 episode:429 

Rewards Tr: 170.78, Rewards Val: 168.65, Rewards Disc: 0.06, Rewards Eval: 168.84, Total Timesteps: 245141230 episode:430 

Rewards Tr: 170.24, Rewards Val: 171.31, Rewards Disc: 0.04, Rewards Eval: 201.73, Total Timesteps: 245741230 episode:431 

Rewards Tr: 173.11, Rewards Val: 170.69, Rewards Disc: 0.04, Rewards Eval: 168.56, Total Timesteps: 246341230 episode:432 

Rewards Tr: 170.75, Rewards Val: 173.61, Rewards Disc: 0.01, Rewards Eval: 189.36, Total Timesteps: 246941230 episode:433 

Rewards Tr: 170.69, Rewards Val: 174.73, Rewards Disc: 0.00, Rewards Eval: 178.20, Total Timesteps: 247541230 episode:434 

Rewards Tr: 172.86, Rewards Val: 175.51, Rewards Disc: -0.02, Rewards Eval: 143.87, Total Timesteps: 248141230 episode:435 

Rewards Tr: 173.60, Rewards Val: 170.80, Rewards Disc: 0.06, Rewards Eval: 173.15, Total Timesteps: 248741230 episode:436 

Rewards Tr: 174.60, Rewards Val: 169.88, Rewards Disc: 0.05, Rewards Eval: 179.95, Total Timesteps: 249341230 episode:437 

Rewards Tr: 174.66, Rewards Val: 174.42, Rewards Disc: -0.01, Rewards Eval: 180.71, Total Timesteps: 249941230 episode:438 

Rewards Tr: 176.59, Rewards Val: 174.47, Rewards Disc: 0.05, Rewards Eval: 174.05, Total Timesteps: 250541230 episode:439 

Rewards Tr: 175.70, Rewards Val: 175.49, Rewards Disc: 0.01, Rewards Eval: 194.37, Total Timesteps: 251141230 episode:440 

Rewards Tr: 178.63, Rewards Val: 175.68, Rewards Disc: -0.01, Rewards Eval: 169.97, Total Timesteps: 251741230 episode:441 

Rewards Tr: 176.42, Rewards Val: 176.11, Rewards Disc: -0.02, Rewards Eval: 172.24, Total Timesteps: 252341230 episode:442 

Rewards Tr: 176.43, Rewards Val: 180.07, Rewards Disc: -0.03, Rewards Eval: 197.43, Total Timesteps: 252941230 episode:443 

Rewards Tr: 175.69, Rewards Val: 178.66, Rewards Disc: 0.00, Rewards Eval: 200.94, Total Timesteps: 253541230 episode:444 

Rewards Tr: 177.14, Rewards Val: 176.42, Rewards Disc: 0.04, Rewards Eval: 201.98, Total Timesteps: 254141230 episode:445 

Rewards Tr: 174.64, Rewards Val: 176.44, Rewards Disc: 0.05, Rewards Eval: 176.32, Total Timesteps: 254741230 episode:446 

Rewards Tr: 176.42, Rewards Val: 170.70, Rewards Disc: 0.05, Rewards Eval: 202.05, Total Timesteps: 255341230 episode:447 

Rewards Tr: 172.41, Rewards Val: 177.22, Rewards Disc: 0.01, Rewards Eval: 204.36, Total Timesteps: 255941230 episode:448 

Rewards Tr: 174.95, Rewards Val: 178.31, Rewards Disc: 0.01, Rewards Eval: 182.38, Total Timesteps: 256541230 episode:449 

Rewards Tr: 178.97, Rewards Val: 174.98, Rewards Disc: 0.10, Rewards Eval: 172.76, Total Timesteps: 257141230 episode:450 

Rewards Tr: 179.91, Rewards Val: 177.00, Rewards Disc: 0.01, Rewards Eval: 185.16, Total Timesteps: 257741230 episode:451 

Rewards Tr: 178.39, Rewards Val: 175.64, Rewards Disc: -0.00, Rewards Eval: 159.02, Total Timesteps: 258341230 episode:452 

Rewards Tr: 177.99, Rewards Val: 176.42, Rewards Disc: 0.05, Rewards Eval: 158.42, Total Timesteps: 258941230 episode:453 

Rewards Tr: 179.59, Rewards Val: 177.38, Rewards Disc: -0.01, Rewards Eval: 174.97, Total Timesteps: 259541230 episode:454 

Rewards Tr: 176.06, Rewards Val: 179.44, Rewards Disc: 0.01, Rewards Eval: 191.82, Total Timesteps: 260141230 episode:455 

Rewards Tr: 176.72, Rewards Val: 178.15, Rewards Disc: -0.02, Rewards Eval: 184.22, Total Timesteps: 260741230 episode:456 

Rewards Tr: 173.82, Rewards Val: 173.07, Rewards Disc: 0.06, Rewards Eval: 168.09, Total Timesteps: 261341230 episode:457 

Rewards Tr: 172.81, Rewards Val: 173.93, Rewards Disc: 0.05, Rewards Eval: 184.44, Total Timesteps: 261941230 episode:458 

Rewards Tr: 172.13, Rewards Val: 173.91, Rewards Disc: 0.04, Rewards Eval: 191.09, Total Timesteps: 262541230 episode:459 

Rewards Tr: 173.01, Rewards Val: 172.34, Rewards Disc: 0.04, Rewards Eval: 172.01, Total Timesteps: 263141230 episode:460 

Rewards Tr: 170.88, Rewards Val: 171.70, Rewards Disc: 0.07, Rewards Eval: 166.17, Total Timesteps: 263741230 episode:461 

Rewards Tr: 171.46, Rewards Val: 174.00, Rewards Disc: 0.03, Rewards Eval: 180.13, Total Timesteps: 264341230 episode:462 

Rewards Tr: 170.74, Rewards Val: 169.51, Rewards Disc: 0.06, Rewards Eval: 176.68, Total Timesteps: 264941230 episode:463 

Rewards Tr: 170.70, Rewards Val: 170.36, Rewards Disc: 0.02, Rewards Eval: 191.73, Total Timesteps: 265541230 episode:464 

Rewards Tr: 175.24, Rewards Val: 175.31, Rewards Disc: -0.02, Rewards Eval: 177.16, Total Timesteps: 266141230 episode:465 

Rewards Tr: 172.95, Rewards Val: 174.10, Rewards Disc: 0.00, Rewards Eval: 173.11, Total Timesteps: 266741230 episode:466 

Rewards Tr: 175.98, Rewards Val: 173.32, Rewards Disc: 0.04, Rewards Eval: 147.59, Total Timesteps: 267341230 episode:467 

Rewards Tr: 174.74, Rewards Val: 173.63, Rewards Disc: 0.00, Rewards Eval: 166.25, Total Timesteps: 267941230 episode:468 

Rewards Tr: 169.20, Rewards Val: 176.17, Rewards Disc: -0.00, Rewards Eval: 200.02, Total Timesteps: 268541230 episode:469 

Rewards Tr: 174.95, Rewards Val: 173.82, Rewards Disc: -0.02, Rewards Eval: 183.24, Total Timesteps: 269141230 episode:470 

Rewards Tr: 175.73, Rewards Val: 176.78, Rewards Disc: 0.01, Rewards Eval: 197.30, Total Timesteps: 269741230 episode:471 

Rewards Tr: 174.74, Rewards Val: 174.43, Rewards Disc: -0.01, Rewards Eval: 183.32, Total Timesteps: 270341230 episode:472 

Rewards Tr: 173.89, Rewards Val: 177.57, Rewards Disc: 0.02, Rewards Eval: 181.45, Total Timesteps: 270941230 episode:473 

Rewards Tr: 178.26, Rewards Val: 173.98, Rewards Disc: 0.03, Rewards Eval: 132.50, Total Timesteps: 271541230 episode:474 

Rewards Tr: 171.96, Rewards Val: 178.76, Rewards Disc: -0.05, Rewards Eval: 190.06, Total Timesteps: 272141230 episode:475 

Rewards Tr: 172.20, Rewards Val: 174.32, Rewards Disc: 0.03, Rewards Eval: 175.78, Total Timesteps: 272741230 episode:476 

Rewards Tr: 168.77, Rewards Val: 168.53, Rewards Disc: 0.09, Rewards Eval: 173.15, Total Timesteps: 273341230 episode:477 

Rewards Tr: 174.38, Rewards Val: 174.27, Rewards Disc: -0.01, Rewards Eval: 147.01, Total Timesteps: 273941230 episode:478 

Rewards Tr: 166.62, Rewards Val: 170.38, Rewards Disc: 0.11, Rewards Eval: 208.06, Total Timesteps: 274541230 episode:479 

Rewards Tr: 168.30, Rewards Val: 170.55, Rewards Disc: 0.04, Rewards Eval: 183.91, Total Timesteps: 275141230 episode:480 

Rewards Tr: 178.28, Rewards Val: 173.74, Rewards Disc: 0.08, Rewards Eval: 156.02, Total Timesteps: 275741230 episode:481 

Rewards Tr: 170.41, Rewards Val: 172.17, Rewards Disc: 0.04, Rewards Eval: 190.33, Total Timesteps: 276341230 episode:482 

Rewards Tr: 171.05, Rewards Val: 172.35, Rewards Disc: 0.07, Rewards Eval: 200.80, Total Timesteps: 276941230 episode:483 

Rewards Tr: 172.00, Rewards Val: 174.29, Rewards Disc: 0.03, Rewards Eval: 176.72, Total Timesteps: 277541230 episode:484 

Rewards Tr: 170.68, Rewards Val: 174.67, Rewards Disc: 0.05, Rewards Eval: 167.60, Total Timesteps: 278141230 episode:485 

Rewards Tr: 172.85, Rewards Val: 173.98, Rewards Disc: 0.02, Rewards Eval: 180.76, Total Timesteps: 278741230 episode:486 

Rewards Tr: 176.41, Rewards Val: 172.31, Rewards Disc: 0.04, Rewards Eval: 187.07, Total Timesteps: 279341230 episode:487 

Rewards Tr: 177.65, Rewards Val: 174.27, Rewards Disc: 0.03, Rewards Eval: 184.62, Total Timesteps: 279941230 episode:488 

Rewards Tr: 174.91, Rewards Val: 172.92, Rewards Disc: 0.03, Rewards Eval: 136.00, Total Timesteps: 280541230 episode:489 

Rewards Tr: 174.06, Rewards Val: 170.59, Rewards Disc: 0.05, Rewards Eval: 182.69, Total Timesteps: 281141230 episode:490 

Rewards Tr: 177.01, Rewards Val: 176.00, Rewards Disc: 0.01, Rewards Eval: 170.21, Total Timesteps: 281741230 episode:491 

Rewards Tr: 174.54, Rewards Val: 176.50, Rewards Disc: -0.02, Rewards Eval: 180.77, Total Timesteps: 282341230 episode:492 

Rewards Tr: 171.84, Rewards Val: 171.09, Rewards Disc: 0.05, Rewards Eval: 164.34, Total Timesteps: 282941230 episode:493 

Rewards Tr: 174.15, Rewards Val: 174.99, Rewards Disc: 0.03, Rewards Eval: 180.47, Total Timesteps: 283541230 episode:494 

Rewards Tr: 176.04, Rewards Val: 174.83, Rewards Disc: 0.03, Rewards Eval: 166.34, Total Timesteps: 284141230 episode:495 

Rewards Tr: 173.46, Rewards Val: 172.97, Rewards Disc: 0.02, Rewards Eval: 157.95, Total Timesteps: 284741230 episode:496 

Rewards Tr: 173.14, Rewards Val: 172.29, Rewards Disc: 0.07, Rewards Eval: 174.30, Total Timesteps: 285341230 episode:497 

Rewards Tr: 173.07, Rewards Val: 173.59, Rewards Disc: -0.02, Rewards Eval: 169.93, Total Timesteps: 285941230 episode:498 

Rewards Tr: 173.82, Rewards Val: 172.64, Rewards Disc: 0.05, Rewards Eval: 200.65, Total Timesteps: 286541230 episode:499 

Elapsed Time: 3725.0 minutes 

