For Seed: 101 

Rewards Tr: -642.32, Rewards Val: -618.26, Rewards Eval: -558.27, Total Timesteps: 70610 episode:0 

Rewards Tr: -488.84, Rewards Val: -510.01, Rewards Eval: -375.71, Total Timesteps: 145250 episode:1 

Rewards Tr: -408.67, Rewards Val: -410.22, Rewards Eval: -349.45, Total Timesteps: 223810 episode:2 

Rewards Tr: -365.88, Rewards Val: -369.57, Rewards Eval: -338.00, Total Timesteps: 304840 episode:3 

Rewards Tr: -334.61, Rewards Val: -313.64, Rewards Eval: -286.18, Total Timesteps: 394780 episode:4 

Rewards Tr: -277.75, Rewards Val: -292.02, Rewards Eval: -231.73, Total Timesteps: 485610 episode:5 

Rewards Tr: -256.19, Rewards Val: -251.39, Rewards Eval: -176.31, Total Timesteps: 581090 episode:6 

Rewards Tr: -228.62, Rewards Val: -221.31, Rewards Eval: -199.05, Total Timesteps: 694010 episode:7 

Rewards Tr: -204.55, Rewards Val: -197.95, Rewards Eval: -120.53, Total Timesteps: 806040 episode:8 

Rewards Tr: -181.99, Rewards Val: -178.67, Rewards Eval: -141.86, Total Timesteps: 918640 episode:9 

Rewards Tr: -157.71, Rewards Val: -166.12, Rewards Eval: -229.72, Total Timesteps: 1047170 episode:10 

Rewards Tr: -145.50, Rewards Val: -140.51, Rewards Eval: -222.81, Total Timesteps: 1164260 episode:11 

Rewards Tr: -130.85, Rewards Val: -121.05, Rewards Eval: -151.40, Total Timesteps: 1291840 episode:12 

Rewards Tr: -121.28, Rewards Val: -126.51, Rewards Eval: -49.01, Total Timesteps: 1433310 episode:13 

Rewards Tr: -118.58, Rewards Val: -111.62, Rewards Eval: -155.60, Total Timesteps: 1570600 episode:14 

Rewards Tr: -99.08, Rewards Val: -104.34, Rewards Eval: -84.30, Total Timesteps: 1716010 episode:15 

Rewards Tr: -96.65, Rewards Val: -97.89, Rewards Eval: -162.65, Total Timesteps: 1872230 episode:16 

Rewards Tr: -95.15, Rewards Val: -93.80, Rewards Eval: -141.77, Total Timesteps: 2000290 episode:17 

Rewards Tr: -77.83, Rewards Val: -82.71, Rewards Eval: -131.45, Total Timesteps: 2151580 episode:18 

Rewards Tr: -83.07, Rewards Val: -81.39, Rewards Eval: -70.56, Total Timesteps: 2272740 episode:19 

Rewards Tr: -78.88, Rewards Val: -81.24, Rewards Eval: -45.90, Total Timesteps: 2407690 episode:20 

Rewards Tr: -71.11, Rewards Val: -71.35, Rewards Eval: -67.54, Total Timesteps: 2562780 episode:21 

Rewards Tr: -70.85, Rewards Val: -68.92, Rewards Eval: -90.33, Total Timesteps: 2740150 episode:22 

Rewards Tr: -68.24, Rewards Val: -65.36, Rewards Eval: -99.60, Total Timesteps: 2900860 episode:23 

Rewards Tr: -64.08, Rewards Val: -63.47, Rewards Eval: -69.08, Total Timesteps: 3080490 episode:24 

Rewards Tr: -57.15, Rewards Val: -57.49, Rewards Eval: -43.16, Total Timesteps: 3241430 episode:25 

Rewards Tr: -56.88, Rewards Val: -59.41, Rewards Eval: -27.20, Total Timesteps: 3408650 episode:26 

Rewards Tr: -54.80, Rewards Val: -52.16, Rewards Eval: -108.73, Total Timesteps: 3592980 episode:27 

Rewards Tr: -54.77, Rewards Val: -53.51, Rewards Eval: -61.52, Total Timesteps: 3772260 episode:28 

Rewards Tr: -46.68, Rewards Val: -49.36, Rewards Eval: -63.65, Total Timesteps: 3957490 episode:29 

Rewards Tr: -44.85, Rewards Val: -44.46, Rewards Eval: -0.38, Total Timesteps: 4134030 episode:30 

Rewards Tr: -40.88, Rewards Val: -38.52, Rewards Eval: -38.13, Total Timesteps: 4349640 episode:31 

Rewards Tr: -40.96, Rewards Val: -40.48, Rewards Eval: -60.52, Total Timesteps: 4545610 episode:32 

Rewards Tr: -40.46, Rewards Val: -38.45, Rewards Eval: -62.38, Total Timesteps: 4747160 episode:33 

Rewards Tr: -37.39, Rewards Val: -29.66, Rewards Eval: -45.80, Total Timesteps: 4939450 episode:34 

Rewards Tr: -30.42, Rewards Val: -27.65, Rewards Eval: -19.72, Total Timesteps: 5136970 episode:35 

Rewards Tr: -21.86, Rewards Val: -23.22, Rewards Eval: -223.13, Total Timesteps: 5374570 episode:36 

Rewards Tr: -27.56, Rewards Val: -24.63, Rewards Eval: -406.67, Total Timesteps: 5628230 episode:37 

Rewards Tr: -20.15, Rewards Val: -20.76, Rewards Eval: -308.21, Total Timesteps: 5929290 episode:38 

Rewards Tr: -20.98, Rewards Val: -15.03, Rewards Eval: -196.77, Total Timesteps: 6226520 episode:39 

Rewards Tr: -14.51, Rewards Val: -18.95, Rewards Eval: -592.82, Total Timesteps: 6536560 episode:40 

Rewards Tr: -21.35, Rewards Val: -17.74, Rewards Eval: -1277.67, Total Timesteps: 6890330 episode:41 

Rewards Tr: -15.56, Rewards Val: -14.86, Rewards Eval: -1411.76, Total Timesteps: 7294840 episode:42 

Rewards Tr: -11.99, Rewards Val: -12.67, Rewards Eval: -761.24, Total Timesteps: 7719480 episode:43 

Rewards Tr: -22.15, Rewards Val: -14.86, Rewards Eval: -1404.95, Total Timesteps: 8223820 episode:44 

Rewards Tr: -13.12, Rewards Val: -33.91, Rewards Eval: -1406.99, Total Timesteps: 8719380 episode:45 

Rewards Tr: -33.98, Rewards Val: -30.17, Rewards Eval: -1003.93, Total Timesteps: 9254570 episode:46 

Rewards Tr: -24.08, Rewards Val: -27.92, Rewards Eval: -1323.29, Total Timesteps: 9808630 episode:47 

Rewards Tr: -28.69, Rewards Val: -10.85, Rewards Eval: -754.57, Total Timesteps: 10354160 episode:48 

Rewards Tr: -22.49, Rewards Val: -13.71, Rewards Eval: -253.66, Total Timesteps: 10940190 episode:49 

Rewards Tr: -12.24, Rewards Val: -22.43, Rewards Eval: -673.53, Total Timesteps: 11510500 episode:50 

Rewards Tr: -3.61, Rewards Val: -7.67, Rewards Eval: -623.84, Total Timesteps: 12082960 episode:51 

Rewards Tr: -5.93, Rewards Val: -5.57, Rewards Eval: -266.08, Total Timesteps: 12674230 episode:52 

Rewards Tr: -6.36, Rewards Val: 7.49, Rewards Eval: -297.19, Total Timesteps: 13264830 episode:53 

Rewards Tr: 2.61, Rewards Val: -6.60, Rewards Eval: -309.45, Total Timesteps: 13860790 episode:54 

Rewards Tr: 2.47, Rewards Val: 2.23, Rewards Eval: -232.46, Total Timesteps: 14457970 episode:55 

Rewards Tr: -0.81, Rewards Val: -1.44, Rewards Eval: -154.51, Total Timesteps: 15057970 episode:56 

Rewards Tr: -4.70, Rewards Val: 2.26, Rewards Eval: -212.61, Total Timesteps: 15657970 episode:57 

Rewards Tr: -4.16, Rewards Val: 4.67, Rewards Eval: -146.17, Total Timesteps: 16257970 episode:58 

Rewards Tr: -0.60, Rewards Val: -2.01, Rewards Eval: -215.69, Total Timesteps: 16857970 episode:59 

Rewards Tr: -2.42, Rewards Val: 0.95, Rewards Eval: -128.56, Total Timesteps: 17457970 episode:60 

Rewards Tr: -4.50, Rewards Val: -6.70, Rewards Eval: -94.86, Total Timesteps: 18057970 episode:61 

Rewards Tr: -1.59, Rewards Val: -0.62, Rewards Eval: -141.46, Total Timesteps: 18657970 episode:62 

Rewards Tr: -1.14, Rewards Val: -3.30, Rewards Eval: -114.73, Total Timesteps: 19257970 episode:63 

Rewards Tr: -8.01, Rewards Val: -4.44, Rewards Eval: -85.43, Total Timesteps: 19857970 episode:64 

Rewards Tr: -5.12, Rewards Val: -3.35, Rewards Eval: -44.51, Total Timesteps: 20457970 episode:65 

Rewards Tr: -2.71, Rewards Val: 2.05, Rewards Eval: -77.16, Total Timesteps: 21057970 episode:66 

Rewards Tr: -5.78, Rewards Val: -2.46, Rewards Eval: -89.24, Total Timesteps: 21657970 episode:67 

Rewards Tr: -6.42, Rewards Val: -7.68, Rewards Eval: -38.45, Total Timesteps: 22257970 episode:68 

Rewards Tr: -6.71, Rewards Val: -4.63, Rewards Eval: -46.33, Total Timesteps: 22857970 episode:69 

Rewards Tr: -1.97, Rewards Val: -3.42, Rewards Eval: -50.68, Total Timesteps: 23457970 episode:70 

Rewards Tr: -1.52, Rewards Val: -1.75, Rewards Eval: -32.42, Total Timesteps: 24057970 episode:71 

Rewards Tr: -0.77, Rewards Val: 2.73, Rewards Eval: -34.71, Total Timesteps: 24657970 episode:72 

Rewards Tr: 3.22, Rewards Val: 0.88, Rewards Eval: -0.57, Total Timesteps: 25257970 episode:73 

Rewards Tr: 5.29, Rewards Val: 5.86, Rewards Eval: -7.79, Total Timesteps: 25857970 episode:74 

Rewards Tr: 5.13, Rewards Val: 11.30, Rewards Eval: 9.45, Total Timesteps: 26457970 episode:75 

Rewards Tr: 13.46, Rewards Val: 11.26, Rewards Eval: -1.68, Total Timesteps: 27057970 episode:76 

Rewards Tr: 13.73, Rewards Val: 10.21, Rewards Eval: 20.63, Total Timesteps: 27657970 episode:77 

Rewards Tr: 18.88, Rewards Val: 17.40, Rewards Eval: -6.92, Total Timesteps: 28257970 episode:78 

Rewards Tr: 22.98, Rewards Val: 22.31, Rewards Eval: 1.14, Total Timesteps: 28857970 episode:79 

Rewards Tr: 20.93, Rewards Val: 22.48, Rewards Eval: 30.68, Total Timesteps: 29457970 episode:80 

Rewards Tr: 29.86, Rewards Val: 26.05, Rewards Eval: 3.06, Total Timesteps: 30057970 episode:81 

Rewards Tr: 28.60, Rewards Val: 24.21, Rewards Eval: 28.61, Total Timesteps: 30657970 episode:82 

Rewards Tr: 28.96, Rewards Val: 28.97, Rewards Eval: 13.63, Total Timesteps: 31257970 episode:83 

Rewards Tr: 33.29, Rewards Val: 33.74, Rewards Eval: 65.52, Total Timesteps: 31857970 episode:84 

Rewards Tr: 30.43, Rewards Val: 31.81, Rewards Eval: 22.11, Total Timesteps: 32457970 episode:85 

Rewards Tr: 34.08, Rewards Val: 34.78, Rewards Eval: 29.37, Total Timesteps: 33057970 episode:86 

Rewards Tr: 30.72, Rewards Val: 36.76, Rewards Eval: -4.99, Total Timesteps: 33657970 episode:87 

Rewards Tr: 35.38, Rewards Val: 33.90, Rewards Eval: 26.34, Total Timesteps: 34257970 episode:88 

Rewards Tr: 40.92, Rewards Val: 36.06, Rewards Eval: 34.29, Total Timesteps: 34857970 episode:89 

Rewards Tr: 41.03, Rewards Val: 37.81, Rewards Eval: 1.68, Total Timesteps: 35457970 episode:90 

Rewards Tr: 40.40, Rewards Val: 36.78, Rewards Eval: 32.37, Total Timesteps: 36057970 episode:91 

Rewards Tr: 42.07, Rewards Val: 39.58, Rewards Eval: 41.39, Total Timesteps: 36657970 episode:92 

Rewards Tr: 45.12, Rewards Val: 47.46, Rewards Eval: 42.83, Total Timesteps: 37257970 episode:93 

Rewards Tr: 46.61, Rewards Val: 48.90, Rewards Eval: 38.17, Total Timesteps: 37857970 episode:94 

Rewards Tr: 51.58, Rewards Val: 54.28, Rewards Eval: 53.66, Total Timesteps: 38457970 episode:95 

Rewards Tr: 60.71, Rewards Val: 56.02, Rewards Eval: 50.06, Total Timesteps: 39057970 episode:96 

Rewards Tr: 61.80, Rewards Val: 62.35, Rewards Eval: 53.63, Total Timesteps: 39657970 episode:97 

Rewards Tr: 71.14, Rewards Val: 67.76, Rewards Eval: 82.62, Total Timesteps: 40257970 episode:98 

Rewards Tr: 75.83, Rewards Val: 74.90, Rewards Eval: 55.20, Total Timesteps: 40857970 episode:99 

Rewards Tr: 79.82, Rewards Val: 83.06, Rewards Eval: 53.48, Total Timesteps: 41457970 episode:100 

Rewards Tr: 85.37, Rewards Val: 82.80, Rewards Eval: 86.87, Total Timesteps: 42057970 episode:101 

Rewards Tr: 89.10, Rewards Val: 87.09, Rewards Eval: 67.06, Total Timesteps: 42657970 episode:102 

Rewards Tr: 91.06, Rewards Val: 94.17, Rewards Eval: 69.97, Total Timesteps: 43257970 episode:103 

Rewards Tr: 99.16, Rewards Val: 98.21, Rewards Eval: 77.70, Total Timesteps: 43857970 episode:104 

Rewards Tr: 97.66, Rewards Val: 101.62, Rewards Eval: 65.31, Total Timesteps: 44457970 episode:105 

Rewards Tr: 101.76, Rewards Val: 109.76, Rewards Eval: 56.94, Total Timesteps: 45057970 episode:106 

Rewards Tr: 110.88, Rewards Val: 111.38, Rewards Eval: 92.58, Total Timesteps: 45657970 episode:107 

Rewards Tr: 110.53, Rewards Val: 111.72, Rewards Eval: 92.73, Total Timesteps: 46257970 episode:108 

Rewards Tr: 114.01, Rewards Val: 114.15, Rewards Eval: 70.47, Total Timesteps: 46857970 episode:109 

Rewards Tr: 116.37, Rewards Val: 118.89, Rewards Eval: 98.21, Total Timesteps: 47457970 episode:110 

Rewards Tr: 123.48, Rewards Val: 119.75, Rewards Eval: 99.10, Total Timesteps: 48057970 episode:111 

Rewards Tr: 125.07, Rewards Val: 128.19, Rewards Eval: 80.55, Total Timesteps: 48657970 episode:112 

Rewards Tr: 127.09, Rewards Val: 131.68, Rewards Eval: 117.91, Total Timesteps: 49257970 episode:113 

Rewards Tr: 129.70, Rewards Val: 132.59, Rewards Eval: 120.13, Total Timesteps: 49857970 episode:114 

Rewards Tr: 132.30, Rewards Val: 134.24, Rewards Eval: 103.65, Total Timesteps: 50457970 episode:115 

Rewards Tr: 137.65, Rewards Val: 134.32, Rewards Eval: 107.98, Total Timesteps: 51057970 episode:116 

Rewards Tr: 141.00, Rewards Val: 135.36, Rewards Eval: 94.71, Total Timesteps: 51657970 episode:117 

Rewards Tr: 140.28, Rewards Val: 136.42, Rewards Eval: 101.81, Total Timesteps: 52257970 episode:118 

Rewards Tr: 143.41, Rewards Val: 145.21, Rewards Eval: 130.46, Total Timesteps: 52857970 episode:119 

Rewards Tr: 145.91, Rewards Val: 145.82, Rewards Eval: 103.65, Total Timesteps: 53457970 episode:120 

Rewards Tr: 147.71, Rewards Val: 147.49, Rewards Eval: 121.37, Total Timesteps: 54057970 episode:121 

Rewards Tr: 148.46, Rewards Val: 149.60, Rewards Eval: 99.60, Total Timesteps: 54657970 episode:122 

Rewards Tr: 146.85, Rewards Val: 150.60, Rewards Eval: 111.20, Total Timesteps: 55257970 episode:123 

Rewards Tr: 150.05, Rewards Val: 155.66, Rewards Eval: 119.82, Total Timesteps: 55857970 episode:124 

Rewards Tr: 148.53, Rewards Val: 150.19, Rewards Eval: 135.34, Total Timesteps: 56457970 episode:125 

Rewards Tr: 151.83, Rewards Val: 151.83, Rewards Eval: 118.42, Total Timesteps: 57057970 episode:126 

Rewards Tr: 157.93, Rewards Val: 153.72, Rewards Eval: 110.09, Total Timesteps: 57657970 episode:127 

Rewards Tr: 155.66, Rewards Val: 155.99, Rewards Eval: 167.14, Total Timesteps: 58257970 episode:128 

Rewards Tr: 155.98, Rewards Val: 153.14, Rewards Eval: 139.38, Total Timesteps: 58857970 episode:129 

Rewards Tr: 155.27, Rewards Val: 158.14, Rewards Eval: 109.27, Total Timesteps: 59457970 episode:130 

Rewards Tr: 158.11, Rewards Val: 159.05, Rewards Eval: 125.04, Total Timesteps: 60057970 episode:131 

Rewards Tr: 156.90, Rewards Val: 153.25, Rewards Eval: 142.45, Total Timesteps: 60657970 episode:132 

Rewards Tr: 156.65, Rewards Val: 157.32, Rewards Eval: 111.98, Total Timesteps: 61257970 episode:133 

Rewards Tr: 155.31, Rewards Val: 156.07, Rewards Eval: 147.00, Total Timesteps: 61857970 episode:134 

Rewards Tr: 156.37, Rewards Val: 155.12, Rewards Eval: 87.31, Total Timesteps: 62457970 episode:135 

Rewards Tr: 158.42, Rewards Val: 157.07, Rewards Eval: 145.11, Total Timesteps: 63057970 episode:136 

Rewards Tr: 154.91, Rewards Val: 158.19, Rewards Eval: 107.64, Total Timesteps: 63657970 episode:137 

Rewards Tr: 157.04, Rewards Val: 154.45, Rewards Eval: 117.92, Total Timesteps: 64257970 episode:138 

Rewards Tr: 156.38, Rewards Val: 159.74, Rewards Eval: 112.20, Total Timesteps: 64857970 episode:139 

Rewards Tr: 159.36, Rewards Val: 160.99, Rewards Eval: 137.60, Total Timesteps: 65457970 episode:140 

Rewards Tr: 162.15, Rewards Val: 157.11, Rewards Eval: 115.46, Total Timesteps: 66057970 episode:141 

Rewards Tr: 155.65, Rewards Val: 158.06, Rewards Eval: 97.52, Total Timesteps: 66657970 episode:142 

Rewards Tr: 158.74, Rewards Val: 164.14, Rewards Eval: 140.61, Total Timesteps: 67257970 episode:143 

Rewards Tr: 158.56, Rewards Val: 156.06, Rewards Eval: 137.60, Total Timesteps: 67857970 episode:144 

Rewards Tr: 156.36, Rewards Val: 157.47, Rewards Eval: 154.89, Total Timesteps: 68457970 episode:145 

Rewards Tr: 157.66, Rewards Val: 156.34, Rewards Eval: 126.03, Total Timesteps: 69057970 episode:146 

Rewards Tr: 160.77, Rewards Val: 160.56, Rewards Eval: 165.60, Total Timesteps: 69657970 episode:147 

Rewards Tr: 160.42, Rewards Val: 159.51, Rewards Eval: 97.08, Total Timesteps: 70257970 episode:148 

Rewards Tr: 157.80, Rewards Val: 157.43, Rewards Eval: 185.57, Total Timesteps: 70857970 episode:149 

Rewards Tr: 159.92, Rewards Val: 156.30, Rewards Eval: 161.56, Total Timesteps: 71457970 episode:150 

Rewards Tr: 155.53, Rewards Val: 152.22, Rewards Eval: 125.28, Total Timesteps: 72057970 episode:151 

Rewards Tr: 154.77, Rewards Val: 156.33, Rewards Eval: 147.53, Total Timesteps: 72657970 episode:152 

Rewards Tr: 155.03, Rewards Val: 159.21, Rewards Eval: 137.35, Total Timesteps: 73257970 episode:153 

Rewards Tr: 159.51, Rewards Val: 159.43, Rewards Eval: 126.39, Total Timesteps: 73857970 episode:154 

Rewards Tr: 165.47, Rewards Val: 158.99, Rewards Eval: 143.12, Total Timesteps: 74457970 episode:155 

Rewards Tr: 156.91, Rewards Val: 157.04, Rewards Eval: 141.96, Total Timesteps: 75057970 episode:156 

Rewards Tr: 157.46, Rewards Val: 158.73, Rewards Eval: 164.65, Total Timesteps: 75657970 episode:157 

Rewards Tr: 155.85, Rewards Val: 155.84, Rewards Eval: 148.36, Total Timesteps: 76257970 episode:158 

Rewards Tr: 157.30, Rewards Val: 159.57, Rewards Eval: 139.75, Total Timesteps: 76857970 episode:159 

Rewards Tr: 154.54, Rewards Val: 154.23, Rewards Eval: 147.73, Total Timesteps: 77457970 episode:160 

Rewards Tr: 153.97, Rewards Val: 152.91, Rewards Eval: 129.96, Total Timesteps: 78057970 episode:161 

Rewards Tr: 158.24, Rewards Val: 154.15, Rewards Eval: 143.36, Total Timesteps: 78657970 episode:162 

Rewards Tr: 149.47, Rewards Val: 153.05, Rewards Eval: 136.26, Total Timesteps: 79257970 episode:163 

Rewards Tr: 153.24, Rewards Val: 151.48, Rewards Eval: 143.66, Total Timesteps: 79857970 episode:164 

Rewards Tr: 156.43, Rewards Val: 154.30, Rewards Eval: 126.84, Total Timesteps: 80457970 episode:165 

Rewards Tr: 153.22, Rewards Val: 153.69, Rewards Eval: 157.54, Total Timesteps: 81057970 episode:166 

Rewards Tr: 151.38, Rewards Val: 154.10, Rewards Eval: 172.84, Total Timesteps: 81657970 episode:167 

Rewards Tr: 155.64, Rewards Val: 153.21, Rewards Eval: 127.94, Total Timesteps: 82257970 episode:168 

Rewards Tr: 153.04, Rewards Val: 152.78, Rewards Eval: 141.60, Total Timesteps: 82857970 episode:169 

Rewards Tr: 154.51, Rewards Val: 155.52, Rewards Eval: 160.24, Total Timesteps: 83457970 episode:170 

Rewards Tr: 154.29, Rewards Val: 155.17, Rewards Eval: 120.55, Total Timesteps: 84057970 episode:171 

Rewards Tr: 150.95, Rewards Val: 152.67, Rewards Eval: 152.46, Total Timesteps: 84657970 episode:172 

Rewards Tr: 148.34, Rewards Val: 148.29, Rewards Eval: 146.15, Total Timesteps: 85257970 episode:173 

Rewards Tr: 149.80, Rewards Val: 151.21, Rewards Eval: 140.33, Total Timesteps: 85857970 episode:174 

Rewards Tr: 147.21, Rewards Val: 145.99, Rewards Eval: 159.38, Total Timesteps: 86457970 episode:175 

Rewards Tr: 146.87, Rewards Val: 147.37, Rewards Eval: 131.22, Total Timesteps: 87057970 episode:176 

Rewards Tr: 149.34, Rewards Val: 149.16, Rewards Eval: 177.81, Total Timesteps: 87657970 episode:177 

Rewards Tr: 148.60, Rewards Val: 149.28, Rewards Eval: 154.54, Total Timesteps: 88257970 episode:178 

Rewards Tr: 153.92, Rewards Val: 151.94, Rewards Eval: 118.41, Total Timesteps: 88857970 episode:179 

Rewards Tr: 146.59, Rewards Val: 143.65, Rewards Eval: 162.39, Total Timesteps: 89457970 episode:180 

Rewards Tr: 153.62, Rewards Val: 154.43, Rewards Eval: 158.32, Total Timesteps: 90057970 episode:181 

Rewards Tr: 151.96, Rewards Val: 149.52, Rewards Eval: 131.32, Total Timesteps: 90657970 episode:182 

Rewards Tr: 151.99, Rewards Val: 151.12, Rewards Eval: 138.47, Total Timesteps: 91257970 episode:183 

Rewards Tr: 156.15, Rewards Val: 150.60, Rewards Eval: 155.26, Total Timesteps: 91857970 episode:184 

Rewards Tr: 153.40, Rewards Val: 158.52, Rewards Eval: 137.92, Total Timesteps: 92457970 episode:185 

Rewards Tr: 146.43, Rewards Val: 150.09, Rewards Eval: 161.56, Total Timesteps: 93057970 episode:186 

Rewards Tr: 151.08, Rewards Val: 149.44, Rewards Eval: 153.98, Total Timesteps: 93657970 episode:187 

Rewards Tr: 157.78, Rewards Val: 154.60, Rewards Eval: 170.79, Total Timesteps: 94257970 episode:188 

Rewards Tr: 149.94, Rewards Val: 151.47, Rewards Eval: 177.99, Total Timesteps: 94857970 episode:189 

Rewards Tr: 151.03, Rewards Val: 147.41, Rewards Eval: 165.26, Total Timesteps: 95457970 episode:190 

Rewards Tr: 147.39, Rewards Val: 152.04, Rewards Eval: 146.87, Total Timesteps: 96057970 episode:191 

Rewards Tr: 147.08, Rewards Val: 147.74, Rewards Eval: 141.41, Total Timesteps: 96657970 episode:192 

Rewards Tr: 155.16, Rewards Val: 157.17, Rewards Eval: 171.19, Total Timesteps: 97257970 episode:193 

Rewards Tr: 151.10, Rewards Val: 153.16, Rewards Eval: 169.91, Total Timesteps: 97857970 episode:194 

Rewards Tr: 144.48, Rewards Val: 146.34, Rewards Eval: 128.57, Total Timesteps: 98457970 episode:195 

Rewards Tr: 152.94, Rewards Val: 148.74, Rewards Eval: 129.96, Total Timesteps: 99057970 episode:196 

Rewards Tr: 154.70, Rewards Val: 155.46, Rewards Eval: 173.81, Total Timesteps: 99657970 episode:197 

Rewards Tr: 148.46, Rewards Val: 149.98, Rewards Eval: 183.02, Total Timesteps: 100257970 episode:198 

Rewards Tr: 148.38, Rewards Val: 156.88, Rewards Eval: 188.92, Total Timesteps: 100857970 episode:199 

Rewards Tr: 147.08, Rewards Val: 145.76, Rewards Eval: 139.51, Total Timesteps: 101457970 episode:200 

Rewards Tr: 152.11, Rewards Val: 153.05, Rewards Eval: 139.50, Total Timesteps: 102057970 episode:201 

Rewards Tr: 153.62, Rewards Val: 149.70, Rewards Eval: 148.10, Total Timesteps: 102657970 episode:202 

Rewards Tr: 146.88, Rewards Val: 146.73, Rewards Eval: 166.63, Total Timesteps: 103257970 episode:203 

Rewards Tr: 143.95, Rewards Val: 147.88, Rewards Eval: 180.90, Total Timesteps: 103857970 episode:204 

Rewards Tr: 149.00, Rewards Val: 144.18, Rewards Eval: 133.76, Total Timesteps: 104449980 episode:205 

Rewards Tr: 144.40, Rewards Val: 138.77, Rewards Eval: 173.23, Total Timesteps: 105049980 episode:206 

Rewards Tr: 149.87, Rewards Val: 144.36, Rewards Eval: 133.19, Total Timesteps: 105649980 episode:207 

Rewards Tr: 143.72, Rewards Val: 138.60, Rewards Eval: 117.11, Total Timesteps: 106241990 episode:208 

Rewards Tr: 158.87, Rewards Val: 155.64, Rewards Eval: 166.71, Total Timesteps: 106841990 episode:209 

Rewards Tr: 147.12, Rewards Val: 144.79, Rewards Eval: 144.79, Total Timesteps: 107441990 episode:210 

Rewards Tr: 140.89, Rewards Val: 144.44, Rewards Eval: 179.11, Total Timesteps: 108041990 episode:211 

Rewards Tr: 144.53, Rewards Val: 143.64, Rewards Eval: 187.71, Total Timesteps: 108633630 episode:212 

Rewards Tr: 147.23, Rewards Val: 146.00, Rewards Eval: 196.38, Total Timesteps: 109225690 episode:213 

Rewards Tr: 146.23, Rewards Val: 156.68, Rewards Eval: 161.79, Total Timesteps: 109817570 episode:214 

Rewards Tr: 160.13, Rewards Val: 157.48, Rewards Eval: 132.66, Total Timesteps: 110417570 episode:215 

Rewards Tr: 146.29, Rewards Val: 144.15, Rewards Eval: 198.81, Total Timesteps: 111017570 episode:216 

Rewards Tr: 155.06, Rewards Val: 161.68, Rewards Eval: 186.83, Total Timesteps: 111617570 episode:217 

Rewards Tr: 149.29, Rewards Val: 149.55, Rewards Eval: 164.34, Total Timesteps: 112217570 episode:218 

Rewards Tr: 126.87, Rewards Val: 128.31, Rewards Eval: 173.94, Total Timesteps: 112806910 episode:219 

Rewards Tr: 131.27, Rewards Val: 134.61, Rewards Eval: 153.69, Total Timesteps: 113398700 episode:220 

Rewards Tr: 131.42, Rewards Val: 128.99, Rewards Eval: 165.72, Total Timesteps: 113998700 episode:221 

Rewards Tr: 138.99, Rewards Val: 138.33, Rewards Eval: 137.31, Total Timesteps: 114590550 episode:222 

Rewards Tr: 125.46, Rewards Val: 127.63, Rewards Eval: 173.16, Total Timesteps: 115190550 episode:223 

Rewards Tr: 139.12, Rewards Val: 138.87, Rewards Eval: 149.92, Total Timesteps: 115790550 episode:224 

Rewards Tr: 145.97, Rewards Val: 143.05, Rewards Eval: 164.59, Total Timesteps: 116390550 episode:225 

Rewards Tr: 143.47, Rewards Val: 142.16, Rewards Eval: 150.05, Total Timesteps: 116990550 episode:226 

Rewards Tr: 144.36, Rewards Val: 142.14, Rewards Eval: 163.16, Total Timesteps: 117590550 episode:227 

Rewards Tr: 153.19, Rewards Val: 148.32, Rewards Eval: 167.29, Total Timesteps: 118190550 episode:228 

Rewards Tr: 152.48, Rewards Val: 151.62, Rewards Eval: 159.44, Total Timesteps: 118790550 episode:229 

Rewards Tr: 143.51, Rewards Val: 147.72, Rewards Eval: 161.22, Total Timesteps: 119390550 episode:230 

Rewards Tr: 143.92, Rewards Val: 142.14, Rewards Eval: 141.39, Total Timesteps: 119990550 episode:231 

Rewards Tr: 143.05, Rewards Val: 142.39, Rewards Eval: 137.34, Total Timesteps: 120590550 episode:232 

Rewards Tr: 139.00, Rewards Val: 136.39, Rewards Eval: 153.27, Total Timesteps: 121190550 episode:233 

Rewards Tr: 134.34, Rewards Val: 136.85, Rewards Eval: 167.21, Total Timesteps: 121790550 episode:234 

Rewards Tr: 124.39, Rewards Val: 127.15, Rewards Eval: 139.45, Total Timesteps: 122390550 episode:235 

Rewards Tr: 123.65, Rewards Val: 124.63, Rewards Eval: 136.37, Total Timesteps: 122990550 episode:236 

Rewards Tr: 128.93, Rewards Val: 128.73, Rewards Eval: 106.94, Total Timesteps: 123590550 episode:237 

Rewards Tr: 129.69, Rewards Val: 124.47, Rewards Eval: 152.31, Total Timesteps: 124190550 episode:238 

Rewards Tr: 128.78, Rewards Val: 133.13, Rewards Eval: 118.87, Total Timesteps: 124790550 episode:239 

Rewards Tr: 133.11, Rewards Val: 128.80, Rewards Eval: 113.60, Total Timesteps: 125390550 episode:240 

Rewards Tr: 134.42, Rewards Val: 130.80, Rewards Eval: 160.78, Total Timesteps: 125990550 episode:241 

Rewards Tr: 134.26, Rewards Val: 130.81, Rewards Eval: 138.65, Total Timesteps: 126590550 episode:242 

Rewards Tr: 129.69, Rewards Val: 131.62, Rewards Eval: 126.48, Total Timesteps: 127190550 episode:243 

Rewards Tr: 129.24, Rewards Val: 133.30, Rewards Eval: 143.82, Total Timesteps: 127790550 episode:244 

Rewards Tr: 136.31, Rewards Val: 134.78, Rewards Eval: 165.13, Total Timesteps: 128390550 episode:245 

Rewards Tr: 137.34, Rewards Val: 131.98, Rewards Eval: 125.37, Total Timesteps: 128990550 episode:246 

Rewards Tr: 134.00, Rewards Val: 132.64, Rewards Eval: 126.62, Total Timesteps: 129590550 episode:247 

Rewards Tr: 131.89, Rewards Val: 140.50, Rewards Eval: 127.91, Total Timesteps: 130190550 episode:248 

Rewards Tr: 137.90, Rewards Val: 138.02, Rewards Eval: 148.55, Total Timesteps: 130790550 episode:249 

Rewards Tr: 136.52, Rewards Val: 139.61, Rewards Eval: 173.40, Total Timesteps: 131390550 episode:250 

Rewards Tr: 134.93, Rewards Val: 130.80, Rewards Eval: 145.99, Total Timesteps: 131990550 episode:251 

Rewards Tr: 131.12, Rewards Val: 140.19, Rewards Eval: 134.53, Total Timesteps: 132590550 episode:252 

Rewards Tr: 137.71, Rewards Val: 139.57, Rewards Eval: 156.05, Total Timesteps: 133190550 episode:253 

Rewards Tr: 138.45, Rewards Val: 137.32, Rewards Eval: 167.37, Total Timesteps: 133790550 episode:254 

Rewards Tr: 141.84, Rewards Val: 140.21, Rewards Eval: 134.39, Total Timesteps: 134390550 episode:255 

Rewards Tr: 135.17, Rewards Val: 139.07, Rewards Eval: 139.67, Total Timesteps: 134990550 episode:256 

Rewards Tr: 138.13, Rewards Val: 141.53, Rewards Eval: 161.40, Total Timesteps: 135590550 episode:257 

Rewards Tr: 132.20, Rewards Val: 133.99, Rewards Eval: 142.24, Total Timesteps: 136190550 episode:258 

Rewards Tr: 138.10, Rewards Val: 136.59, Rewards Eval: 152.22, Total Timesteps: 136790550 episode:259 

Rewards Tr: 136.96, Rewards Val: 139.05, Rewards Eval: 153.65, Total Timesteps: 137390550 episode:260 

Rewards Tr: 132.61, Rewards Val: 132.46, Rewards Eval: 160.20, Total Timesteps: 137990550 episode:261 

Rewards Tr: 139.41, Rewards Val: 137.56, Rewards Eval: 143.72, Total Timesteps: 138590550 episode:262 

Rewards Tr: 142.89, Rewards Val: 143.17, Rewards Eval: 155.44, Total Timesteps: 139190550 episode:263 

Rewards Tr: 137.66, Rewards Val: 140.46, Rewards Eval: 153.12, Total Timesteps: 139790550 episode:264 

Rewards Tr: 144.80, Rewards Val: 145.26, Rewards Eval: 149.74, Total Timesteps: 140390550 episode:265 

Rewards Tr: 136.86, Rewards Val: 138.37, Rewards Eval: 170.05, Total Timesteps: 140990550 episode:266 

Rewards Tr: 143.38, Rewards Val: 144.66, Rewards Eval: 148.01, Total Timesteps: 141590550 episode:267 

Rewards Tr: 148.61, Rewards Val: 146.93, Rewards Eval: 152.97, Total Timesteps: 142190550 episode:268 

Rewards Tr: 138.39, Rewards Val: 138.11, Rewards Eval: 151.14, Total Timesteps: 142790550 episode:269 

Rewards Tr: 143.34, Rewards Val: 142.70, Rewards Eval: 150.22, Total Timesteps: 143390550 episode:270 

Rewards Tr: 142.34, Rewards Val: 144.31, Rewards Eval: 158.66, Total Timesteps: 143990550 episode:271 

Rewards Tr: 153.43, Rewards Val: 154.94, Rewards Eval: 160.61, Total Timesteps: 144590550 episode:272 

Rewards Tr: 155.54, Rewards Val: 157.07, Rewards Eval: 145.38, Total Timesteps: 145190550 episode:273 

Rewards Tr: 160.07, Rewards Val: 159.81, Rewards Eval: 178.32, Total Timesteps: 145790550 episode:274 

Rewards Tr: 159.30, Rewards Val: 157.39, Rewards Eval: 164.01, Total Timesteps: 146390550 episode:275 

Rewards Tr: 158.60, Rewards Val: 159.57, Rewards Eval: 152.17, Total Timesteps: 146990550 episode:276 

Rewards Tr: 162.96, Rewards Val: 161.66, Rewards Eval: 173.21, Total Timesteps: 147590550 episode:277 

Rewards Tr: 164.03, Rewards Val: 163.51, Rewards Eval: 150.66, Total Timesteps: 148190550 episode:278 

Rewards Tr: 163.83, Rewards Val: 165.59, Rewards Eval: 160.41, Total Timesteps: 148790550 episode:279 

Rewards Tr: 165.43, Rewards Val: 161.03, Rewards Eval: 169.95, Total Timesteps: 149390550 episode:280 

Rewards Tr: 167.81, Rewards Val: 166.85, Rewards Eval: 194.02, Total Timesteps: 149990550 episode:281 

Rewards Tr: 166.20, Rewards Val: 169.59, Rewards Eval: 190.23, Total Timesteps: 150590550 episode:282 

Rewards Tr: 168.72, Rewards Val: 165.51, Rewards Eval: 159.04, Total Timesteps: 151190550 episode:283 

Rewards Tr: 168.99, Rewards Val: 168.33, Rewards Eval: 157.06, Total Timesteps: 151790550 episode:284 

Rewards Tr: 167.44, Rewards Val: 170.54, Rewards Eval: 160.97, Total Timesteps: 152390550 episode:285 

Rewards Tr: 174.86, Rewards Val: 172.42, Rewards Eval: 180.68, Total Timesteps: 152990550 episode:286 

Rewards Tr: 173.02, Rewards Val: 169.39, Rewards Eval: 180.20, Total Timesteps: 153590550 episode:287 

Rewards Tr: 174.05, Rewards Val: 172.22, Rewards Eval: 184.53, Total Timesteps: 154190550 episode:288 

Rewards Tr: 172.73, Rewards Val: 171.14, Rewards Eval: 158.54, Total Timesteps: 154790550 episode:289 

Rewards Tr: 175.15, Rewards Val: 175.20, Rewards Eval: 173.12, Total Timesteps: 155390550 episode:290 

Rewards Tr: 167.80, Rewards Val: 164.61, Rewards Eval: 184.08, Total Timesteps: 155990550 episode:291 

Rewards Tr: 168.89, Rewards Val: 169.83, Rewards Eval: 202.22, Total Timesteps: 156590550 episode:292 

Rewards Tr: 164.07, Rewards Val: 166.15, Rewards Eval: 188.59, Total Timesteps: 157190550 episode:293 

Rewards Tr: 169.11, Rewards Val: 167.45, Rewards Eval: 172.59, Total Timesteps: 157790550 episode:294 

Rewards Tr: 170.03, Rewards Val: 170.57, Rewards Eval: 148.75, Total Timesteps: 158390550 episode:295 

Rewards Tr: 172.33, Rewards Val: 171.25, Rewards Eval: 175.69, Total Timesteps: 158990550 episode:296 

Rewards Tr: 168.74, Rewards Val: 169.56, Rewards Eval: 174.30, Total Timesteps: 159590550 episode:297 

Rewards Tr: 168.62, Rewards Val: 171.36, Rewards Eval: 190.08, Total Timesteps: 160190550 episode:298 

Rewards Tr: 174.93, Rewards Val: 172.19, Rewards Eval: 161.06, Total Timesteps: 160790550 episode:299 

Rewards Tr: 170.95, Rewards Val: 173.80, Rewards Eval: 190.74, Total Timesteps: 161390550 episode:300 

Rewards Tr: 165.82, Rewards Val: 162.86, Rewards Eval: 181.33, Total Timesteps: 161990550 episode:301 

Rewards Tr: 172.12, Rewards Val: 173.04, Rewards Eval: 186.22, Total Timesteps: 162590550 episode:302 

Rewards Tr: 174.81, Rewards Val: 177.39, Rewards Eval: 168.64, Total Timesteps: 163190550 episode:303 

Rewards Tr: 170.00, Rewards Val: 172.53, Rewards Eval: 175.51, Total Timesteps: 163790550 episode:304 

Rewards Tr: 175.87, Rewards Val: 178.00, Rewards Eval: 168.64, Total Timesteps: 164390550 episode:305 

Rewards Tr: 173.60, Rewards Val: 174.56, Rewards Eval: 168.17, Total Timesteps: 164990550 episode:306 

Rewards Tr: 175.34, Rewards Val: 177.88, Rewards Eval: 170.07, Total Timesteps: 165590550 episode:307 

Rewards Tr: 166.95, Rewards Val: 169.64, Rewards Eval: 168.50, Total Timesteps: 166182320 episode:308 

Rewards Tr: 166.61, Rewards Val: 168.59, Rewards Eval: 167.41, Total Timesteps: 166773910 episode:309 

Rewards Tr: 170.84, Rewards Val: 172.26, Rewards Eval: 182.52, Total Timesteps: 167373910 episode:310 

Rewards Tr: 163.91, Rewards Val: 163.53, Rewards Eval: 158.93, Total Timesteps: 167957180 episode:311 

Rewards Tr: 164.86, Rewards Val: 168.92, Rewards Eval: 192.96, Total Timesteps: 168557180 episode:312 

Rewards Tr: 173.25, Rewards Val: 171.58, Rewards Eval: 158.63, Total Timesteps: 169157180 episode:313 

Rewards Tr: 172.54, Rewards Val: 172.89, Rewards Eval: 191.00, Total Timesteps: 169757180 episode:314 

Rewards Tr: 172.78, Rewards Val: 171.41, Rewards Eval: 167.84, Total Timesteps: 170357180 episode:315 

Rewards Tr: 176.52, Rewards Val: 174.41, Rewards Eval: 171.27, Total Timesteps: 170940720 episode:316 

Rewards Tr: 173.14, Rewards Val: 173.63, Rewards Eval: 163.87, Total Timesteps: 171540720 episode:317 

Rewards Tr: 176.88, Rewards Val: 177.10, Rewards Eval: 190.41, Total Timesteps: 172140720 episode:318 

Rewards Tr: 173.13, Rewards Val: 173.71, Rewards Eval: 171.06, Total Timesteps: 172740720 episode:319 

Rewards Tr: 177.13, Rewards Val: 177.87, Rewards Eval: 171.30, Total Timesteps: 173340720 episode:320 

Rewards Tr: 175.96, Rewards Val: 175.07, Rewards Eval: 159.89, Total Timesteps: 173940720 episode:321 

Rewards Tr: 172.57, Rewards Val: 169.88, Rewards Eval: 191.86, Total Timesteps: 174523860 episode:322 

Rewards Tr: 176.11, Rewards Val: 176.66, Rewards Eval: 180.16, Total Timesteps: 175123860 episode:323 

Rewards Tr: 174.94, Rewards Val: 177.97, Rewards Eval: 171.11, Total Timesteps: 175723860 episode:324 

Rewards Tr: 175.69, Rewards Val: 174.45, Rewards Eval: 174.73, Total Timesteps: 176323860 episode:325 

Rewards Tr: 175.42, Rewards Val: 178.93, Rewards Eval: 148.62, Total Timesteps: 176923860 episode:326 

Rewards Tr: 172.85, Rewards Val: 170.62, Rewards Eval: 190.74, Total Timesteps: 177523860 episode:327 

Rewards Tr: 174.69, Rewards Val: 169.73, Rewards Eval: 156.71, Total Timesteps: 178115430 episode:328 

Rewards Tr: 174.03, Rewards Val: 171.46, Rewards Eval: 195.35, Total Timesteps: 178707110 episode:329 

Rewards Tr: 172.34, Rewards Val: 173.95, Rewards Eval: 187.07, Total Timesteps: 179307110 episode:330 

Rewards Tr: 150.86, Rewards Val: 153.88, Rewards Eval: 190.57, Total Timesteps: 179856740 episode:331 

Rewards Tr: 176.11, Rewards Val: 174.22, Rewards Eval: 208.23, Total Timesteps: 180448390 episode:332 

Rewards Tr: 164.44, Rewards Val: 161.91, Rewards Eval: 185.58, Total Timesteps: 181039970 episode:333 

Rewards Tr: 171.16, Rewards Val: 174.51, Rewards Eval: 158.44, Total Timesteps: 181631810 episode:334 

Rewards Tr: 178.51, Rewards Val: 181.45, Rewards Eval: 169.08, Total Timesteps: 182231810 episode:335 

Rewards Tr: 172.62, Rewards Val: 172.41, Rewards Eval: 173.13, Total Timesteps: 182831810 episode:336 

Rewards Tr: 172.32, Rewards Val: 176.17, Rewards Eval: 181.71, Total Timesteps: 183431810 episode:337 

Rewards Tr: 181.56, Rewards Val: 177.32, Rewards Eval: 174.74, Total Timesteps: 184031810 episode:338 

Rewards Tr: 162.08, Rewards Val: 166.66, Rewards Eval: 187.82, Total Timesteps: 184623580 episode:339 

Rewards Tr: 176.76, Rewards Val: 178.66, Rewards Eval: 204.98, Total Timesteps: 185223580 episode:340 

Rewards Tr: 174.66, Rewards Val: 172.75, Rewards Eval: 175.90, Total Timesteps: 185823580 episode:341 

Rewards Tr: 178.45, Rewards Val: 178.36, Rewards Eval: 172.05, Total Timesteps: 186423580 episode:342 

Rewards Tr: 171.07, Rewards Val: 172.46, Rewards Eval: 174.69, Total Timesteps: 187023580 episode:343 

Rewards Tr: 172.06, Rewards Val: 177.40, Rewards Eval: 151.98, Total Timesteps: 187623580 episode:344 

Rewards Tr: 173.92, Rewards Val: 174.02, Rewards Eval: 159.90, Total Timesteps: 188223580 episode:345 

Rewards Tr: 175.52, Rewards Val: 174.71, Rewards Eval: 193.43, Total Timesteps: 188823580 episode:346 

Rewards Tr: 181.83, Rewards Val: 178.70, Rewards Eval: 136.93, Total Timesteps: 189423580 episode:347 

Rewards Tr: 177.72, Rewards Val: 177.84, Rewards Eval: 175.89, Total Timesteps: 190023580 episode:348 

Rewards Tr: 180.50, Rewards Val: 177.43, Rewards Eval: 181.91, Total Timesteps: 190623580 episode:349 

Rewards Tr: 176.61, Rewards Val: 173.71, Rewards Eval: 169.49, Total Timesteps: 191223580 episode:350 

Rewards Tr: 171.14, Rewards Val: 170.42, Rewards Eval: 170.85, Total Timesteps: 191815190 episode:351 

Rewards Tr: 171.07, Rewards Val: 175.33, Rewards Eval: 173.14, Total Timesteps: 192415190 episode:352 

Rewards Tr: 175.38, Rewards Val: 176.72, Rewards Eval: 181.91, Total Timesteps: 193015190 episode:353 

Rewards Tr: 170.39, Rewards Val: 173.11, Rewards Eval: 149.03, Total Timesteps: 193615190 episode:354 

Rewards Tr: 183.96, Rewards Val: 181.60, Rewards Eval: 180.23, Total Timesteps: 194215190 episode:355 

Rewards Tr: 178.15, Rewards Val: 177.45, Rewards Eval: 195.62, Total Timesteps: 194815190 episode:356 

Rewards Tr: 170.70, Rewards Val: 176.20, Rewards Eval: 182.80, Total Timesteps: 195415190 episode:357 

Rewards Tr: 167.37, Rewards Val: 173.96, Rewards Eval: 194.86, Total Timesteps: 196006830 episode:358 

Rewards Tr: 171.15, Rewards Val: 166.58, Rewards Eval: 195.25, Total Timesteps: 196589850 episode:359 

Rewards Tr: 175.05, Rewards Val: 175.78, Rewards Eval: 162.98, Total Timesteps: 197189850 episode:360 

Rewards Tr: 179.23, Rewards Val: 180.46, Rewards Eval: 171.72, Total Timesteps: 197789850 episode:361 

Rewards Tr: 174.50, Rewards Val: 178.26, Rewards Eval: 192.01, Total Timesteps: 198389850 episode:362 

Rewards Tr: 167.93, Rewards Val: 172.24, Rewards Eval: 202.23, Total Timesteps: 198972900 episode:363 

Rewards Tr: 162.13, Rewards Val: 166.29, Rewards Eval: 175.90, Total Timesteps: 199547640 episode:364 

Rewards Tr: 167.81, Rewards Val: 169.03, Rewards Eval: 200.05, Total Timesteps: 200139320 episode:365 

Rewards Tr: 171.89, Rewards Val: 169.31, Rewards Eval: 170.76, Total Timesteps: 200739320 episode:366 

Rewards Tr: 167.99, Rewards Val: 166.64, Rewards Eval: 204.62, Total Timesteps: 201330770 episode:367 

Rewards Tr: 168.88, Rewards Val: 168.28, Rewards Eval: 181.90, Total Timesteps: 201913910 episode:368 

Rewards Tr: 170.38, Rewards Val: 173.68, Rewards Eval: 198.03, Total Timesteps: 202505470 episode:369 

Rewards Tr: 167.31, Rewards Val: 166.57, Rewards Eval: 191.59, Total Timesteps: 203105470 episode:370 

Rewards Tr: 172.83, Rewards Val: 173.75, Rewards Eval: 182.81, Total Timesteps: 203705470 episode:371 

Rewards Tr: 176.53, Rewards Val: 176.98, Rewards Eval: 165.81, Total Timesteps: 204305470 episode:372 

Rewards Tr: 168.72, Rewards Val: 173.62, Rewards Eval: 171.46, Total Timesteps: 204888540 episode:373 

Rewards Tr: 178.33, Rewards Val: 178.14, Rewards Eval: 166.48, Total Timesteps: 205488540 episode:374 

Rewards Tr: 173.70, Rewards Val: 173.60, Rewards Eval: 165.09, Total Timesteps: 206080000 episode:375 

Rewards Tr: 171.40, Rewards Val: 167.21, Rewards Eval: 145.94, Total Timesteps: 206663030 episode:376 

Rewards Tr: 174.84, Rewards Val: 174.62, Rewards Eval: 177.75, Total Timesteps: 207263030 episode:377 

Rewards Tr: 171.61, Rewards Val: 173.05, Rewards Eval: 163.66, Total Timesteps: 207846000 episode:378 

Rewards Tr: 179.62, Rewards Val: 173.17, Rewards Eval: 171.14, Total Timesteps: 208446000 episode:379 

Rewards Tr: 172.58, Rewards Val: 176.52, Rewards Eval: 155.91, Total Timesteps: 209046000 episode:380 

Rewards Tr: 177.37, Rewards Val: 177.13, Rewards Eval: 194.08, Total Timesteps: 209646000 episode:381 

Rewards Tr: 169.42, Rewards Val: 170.94, Rewards Eval: 177.31, Total Timesteps: 210229020 episode:382 

Rewards Tr: 172.26, Rewards Val: 171.89, Rewards Eval: 181.91, Total Timesteps: 210820460 episode:383 

Rewards Tr: 175.92, Rewards Val: 173.73, Rewards Eval: 166.64, Total Timesteps: 211420460 episode:384 

Rewards Tr: 169.34, Rewards Val: 170.27, Rewards Eval: 171.12, Total Timesteps: 212020460 episode:385 

Rewards Tr: 177.91, Rewards Val: 176.56, Rewards Eval: 166.01, Total Timesteps: 212620460 episode:386 

Rewards Tr: 178.33, Rewards Val: 177.50, Rewards Eval: 186.80, Total Timesteps: 213220460 episode:387 

Rewards Tr: 176.32, Rewards Val: 176.63, Rewards Eval: 175.62, Total Timesteps: 213820460 episode:388 

Rewards Tr: 182.29, Rewards Val: 178.67, Rewards Eval: 182.01, Total Timesteps: 214420460 episode:389 

Rewards Tr: 175.59, Rewards Val: 179.57, Rewards Eval: 171.26, Total Timesteps: 215020460 episode:390 

Rewards Tr: 173.73, Rewards Val: 177.01, Rewards Eval: 161.30, Total Timesteps: 215603500 episode:391 

Rewards Tr: 173.71, Rewards Val: 174.07, Rewards Eval: 167.37, Total Timesteps: 216203500 episode:392 

Rewards Tr: 180.25, Rewards Val: 178.93, Rewards Eval: 148.38, Total Timesteps: 216803500 episode:393 

Rewards Tr: 167.56, Rewards Val: 168.48, Rewards Eval: 172.46, Total Timesteps: 217369610 episode:394 

Rewards Tr: 184.68, Rewards Val: 182.10, Rewards Eval: 125.56, Total Timesteps: 217969610 episode:395 

Rewards Tr: 161.06, Rewards Val: 162.72, Rewards Eval: 168.18, Total Timesteps: 218544170 episode:396 

Rewards Tr: 181.08, Rewards Val: 182.02, Rewards Eval: 204.04, Total Timesteps: 219144170 episode:397 

Rewards Tr: 175.40, Rewards Val: 177.03, Rewards Eval: 175.91, Total Timesteps: 219744170 episode:398 

Rewards Tr: 174.96, Rewards Val: 173.00, Rewards Eval: 171.06, Total Timesteps: 220344170 episode:399 

Rewards Tr: 172.81, Rewards Val: 169.19, Rewards Eval: 195.73, Total Timesteps: 220935570 episode:400 

Rewards Tr: 173.18, Rewards Val: 178.22, Rewards Eval: 179.13, Total Timesteps: 221535570 episode:401 

Rewards Tr: 168.76, Rewards Val: 168.63, Rewards Eval: 128.69, Total Timesteps: 222126990 episode:402 

Rewards Tr: 179.38, Rewards Val: 177.62, Rewards Eval: 193.94, Total Timesteps: 222726990 episode:403 

Rewards Tr: 176.09, Rewards Val: 176.63, Rewards Eval: 178.51, Total Timesteps: 223326990 episode:404 

Rewards Tr: 171.22, Rewards Val: 172.97, Rewards Eval: 156.71, Total Timesteps: 223926990 episode:405 

Rewards Tr: 168.10, Rewards Val: 168.54, Rewards Eval: 162.32, Total Timesteps: 224501950 episode:406 

Rewards Tr: 178.40, Rewards Val: 179.22, Rewards Eval: 174.30, Total Timesteps: 225101950 episode:407 

Rewards Tr: 167.16, Rewards Val: 174.76, Rewards Eval: 194.61, Total Timesteps: 225701950 episode:408 

Rewards Tr: 172.68, Rewards Val: 171.84, Rewards Eval: 173.59, Total Timesteps: 226301950 episode:409 

Rewards Tr: 177.89, Rewards Val: 175.41, Rewards Eval: 165.00, Total Timesteps: 226901950 episode:410 

Rewards Tr: 181.11, Rewards Val: 182.37, Rewards Eval: 170.44, Total Timesteps: 227501950 episode:411 

Rewards Tr: 178.61, Rewards Val: 178.18, Rewards Eval: 161.63, Total Timesteps: 228099490 episode:412 

Rewards Tr: 178.31, Rewards Val: 177.10, Rewards Eval: 206.33, Total Timesteps: 228699490 episode:413 

Rewards Tr: 174.86, Rewards Val: 173.46, Rewards Eval: 198.19, Total Timesteps: 229273990 episode:414 

Rewards Tr: 176.49, Rewards Val: 176.45, Rewards Eval: 193.58, Total Timesteps: 229865650 episode:415 

Rewards Tr: 173.30, Rewards Val: 176.29, Rewards Eval: 194.79, Total Timesteps: 230465650 episode:416 

Rewards Tr: 179.39, Rewards Val: 183.30, Rewards Eval: 175.25, Total Timesteps: 231065650 episode:417 

Rewards Tr: 178.92, Rewards Val: 180.33, Rewards Eval: 178.68, Total Timesteps: 231665650 episode:418 

Rewards Tr: 178.75, Rewards Val: 180.91, Rewards Eval: 176.30, Total Timesteps: 232265650 episode:419 

Rewards Tr: 182.35, Rewards Val: 180.06, Rewards Eval: 175.83, Total Timesteps: 232865650 episode:420 

Rewards Tr: 175.22, Rewards Val: 174.44, Rewards Eval: 194.83, Total Timesteps: 233465650 episode:421 

Rewards Tr: 166.71, Rewards Val: 168.70, Rewards Eval: 189.76, Total Timesteps: 234057130 episode:422 

Rewards Tr: 183.01, Rewards Val: 180.58, Rewards Eval: 176.87, Total Timesteps: 234657130 episode:423 

Rewards Tr: 176.45, Rewards Val: 176.29, Rewards Eval: 166.87, Total Timesteps: 235257130 episode:424 

Rewards Tr: 180.61, Rewards Val: 184.45, Rewards Eval: 155.87, Total Timesteps: 235857130 episode:425 

Rewards Tr: 169.48, Rewards Val: 171.33, Rewards Eval: 149.43, Total Timesteps: 236431520 episode:426 

Rewards Tr: 180.60, Rewards Val: 178.06, Rewards Eval: 196.75, Total Timesteps: 237023010 episode:427 

Rewards Tr: 180.85, Rewards Val: 182.21, Rewards Eval: 149.39, Total Timesteps: 237623010 episode:428 

Rewards Tr: 177.49, Rewards Val: 178.05, Rewards Eval: 163.25, Total Timesteps: 238223010 episode:429 

Rewards Tr: 171.19, Rewards Val: 174.03, Rewards Eval: 202.60, Total Timesteps: 238797480 episode:430 

Rewards Tr: 163.83, Rewards Val: 164.94, Rewards Eval: 162.68, Total Timesteps: 239380430 episode:431 

Rewards Tr: 182.97, Rewards Val: 181.05, Rewards Eval: 188.62, Total Timesteps: 239980430 episode:432 

Rewards Tr: 174.46, Rewards Val: 173.54, Rewards Eval: 158.87, Total Timesteps: 240580430 episode:433 

Rewards Tr: 175.36, Rewards Val: 175.99, Rewards Eval: 159.40, Total Timesteps: 241180430 episode:434 

Rewards Tr: 164.64, Rewards Val: 166.98, Rewards Eval: 137.59, Total Timesteps: 241772090 episode:435 

Rewards Tr: 173.00, Rewards Val: 177.39, Rewards Eval: 170.07, Total Timesteps: 242372090 episode:436 

Rewards Tr: 175.98, Rewards Val: 178.75, Rewards Eval: 185.01, Total Timesteps: 242972090 episode:437 

Rewards Tr: 174.79, Rewards Val: 173.43, Rewards Eval: 168.63, Total Timesteps: 243572090 episode:438 

Rewards Tr: 169.86, Rewards Val: 165.40, Rewards Eval: 159.01, Total Timesteps: 244172090 episode:439 

Rewards Tr: 176.67, Rewards Val: 174.95, Rewards Eval: 182.39, Total Timesteps: 244772090 episode:440 

Rewards Tr: 171.94, Rewards Val: 170.46, Rewards Eval: 179.24, Total Timesteps: 245355110 episode:441 

Rewards Tr: 174.63, Rewards Val: 174.41, Rewards Eval: 175.10, Total Timesteps: 245955110 episode:442 

Rewards Tr: 182.10, Rewards Val: 175.00, Rewards Eval: 183.81, Total Timesteps: 246555110 episode:443 

Rewards Tr: 173.53, Rewards Val: 174.99, Rewards Eval: 183.91, Total Timesteps: 247155110 episode:444 

Rewards Tr: 179.49, Rewards Val: 176.93, Rewards Eval: 206.04, Total Timesteps: 247746670 episode:445 

Rewards Tr: 175.29, Rewards Val: 173.70, Rewards Eval: 168.95, Total Timesteps: 248338120 episode:446 

Rewards Tr: 176.17, Rewards Val: 173.61, Rewards Eval: 200.39, Total Timesteps: 248938120 episode:447 

Rewards Tr: 178.37, Rewards Val: 173.51, Rewards Eval: 198.08, Total Timesteps: 249538120 episode:448 

Rewards Tr: 172.35, Rewards Val: 176.25, Rewards Eval: 183.99, Total Timesteps: 250138120 episode:449 

Rewards Tr: 183.48, Rewards Val: 184.23, Rewards Eval: 138.82, Total Timesteps: 250738120 episode:450 

Rewards Tr: 173.81, Rewards Val: 173.44, Rewards Eval: 161.45, Total Timesteps: 251338120 episode:451 

Rewards Tr: 161.47, Rewards Val: 170.90, Rewards Eval: 192.31, Total Timesteps: 251938120 episode:452 

Rewards Tr: 175.47, Rewards Val: 172.51, Rewards Eval: 194.69, Total Timesteps: 252538120 episode:453 

Rewards Tr: 179.27, Rewards Val: 178.75, Rewards Eval: 157.15, Total Timesteps: 253138120 episode:454 

Rewards Tr: 173.05, Rewards Val: 172.59, Rewards Eval: 175.33, Total Timesteps: 253738120 episode:455 

Rewards Tr: 177.22, Rewards Val: 175.83, Rewards Eval: 171.48, Total Timesteps: 254338120 episode:456 

Rewards Tr: 175.26, Rewards Val: 169.25, Rewards Eval: 159.72, Total Timesteps: 254938120 episode:457 

Rewards Tr: 181.28, Rewards Val: 181.44, Rewards Eval: 188.03, Total Timesteps: 255538120 episode:458 

Rewards Tr: 172.38, Rewards Val: 174.31, Rewards Eval: 195.34, Total Timesteps: 256138120 episode:459 

Rewards Tr: 173.47, Rewards Val: 175.58, Rewards Eval: 167.71, Total Timesteps: 256721430 episode:460 

Rewards Tr: 183.49, Rewards Val: 180.88, Rewards Eval: 165.52, Total Timesteps: 257321430 episode:461 

Rewards Tr: 180.17, Rewards Val: 179.78, Rewards Eval: 171.55, Total Timesteps: 257921430 episode:462 

Rewards Tr: 175.21, Rewards Val: 173.17, Rewards Eval: 175.31, Total Timesteps: 258521430 episode:463 

Rewards Tr: 171.83, Rewards Val: 162.69, Rewards Eval: 155.19, Total Timesteps: 259121430 episode:464 

Rewards Tr: 174.91, Rewards Val: 177.17, Rewards Eval: 195.84, Total Timesteps: 259721430 episode:465 

Rewards Tr: 174.81, Rewards Val: 175.39, Rewards Eval: 198.10, Total Timesteps: 260321430 episode:466 

Rewards Tr: 172.89, Rewards Val: 174.45, Rewards Eval: 196.56, Total Timesteps: 260904400 episode:467 

Rewards Tr: 173.77, Rewards Val: 171.50, Rewards Eval: 222.70, Total Timesteps: 261504400 episode:468 

Rewards Tr: 177.92, Rewards Val: 174.02, Rewards Eval: 159.65, Total Timesteps: 262104400 episode:469 

Rewards Tr: 171.75, Rewards Val: 171.79, Rewards Eval: 209.35, Total Timesteps: 262704400 episode:470 

Rewards Tr: 174.43, Rewards Val: 178.63, Rewards Eval: 185.31, Total Timesteps: 263287680 episode:471 

Rewards Tr: 175.54, Rewards Val: 178.07, Rewards Eval: 156.65, Total Timesteps: 263887680 episode:472 

Rewards Tr: 183.83, Rewards Val: 185.64, Rewards Eval: 175.33, Total Timesteps: 264487680 episode:473 

Rewards Tr: 183.33, Rewards Val: 184.28, Rewards Eval: 164.05, Total Timesteps: 265087680 episode:474 

Rewards Tr: 179.04, Rewards Val: 183.25, Rewards Eval: 162.43, Total Timesteps: 265687680 episode:475 

Rewards Tr: 170.25, Rewards Val: 171.60, Rewards Eval: 162.10, Total Timesteps: 266287680 episode:476 

Rewards Tr: 182.13, Rewards Val: 182.61, Rewards Eval: 170.89, Total Timesteps: 266887680 episode:477 

Rewards Tr: 177.90, Rewards Val: 181.25, Rewards Eval: 156.09, Total Timesteps: 267487680 episode:478 

Rewards Tr: 178.08, Rewards Val: 171.60, Rewards Eval: 185.05, Total Timesteps: 268087680 episode:479 

Rewards Tr: 166.31, Rewards Val: 169.31, Rewards Eval: 215.99, Total Timesteps: 268687680 episode:480 

Rewards Tr: 180.33, Rewards Val: 182.05, Rewards Eval: 192.45, Total Timesteps: 269287680 episode:481 

Rewards Tr: 177.03, Rewards Val: 178.16, Rewards Eval: 190.19, Total Timesteps: 269887680 episode:482 

Rewards Tr: 180.90, Rewards Val: 178.93, Rewards Eval: 187.81, Total Timesteps: 270487680 episode:483 

Rewards Tr: 176.08, Rewards Val: 179.03, Rewards Eval: 166.52, Total Timesteps: 271087680 episode:484 

Rewards Tr: 176.01, Rewards Val: 177.40, Rewards Eval: 185.40, Total Timesteps: 271679080 episode:485 

Rewards Tr: 173.63, Rewards Val: 172.58, Rewards Eval: 178.31, Total Timesteps: 272279080 episode:486 

Rewards Tr: 177.60, Rewards Val: 178.04, Rewards Eval: 165.96, Total Timesteps: 272879080 episode:487 

Rewards Tr: 174.36, Rewards Val: 179.57, Rewards Eval: 182.74, Total Timesteps: 273479080 episode:488 

Rewards Tr: 177.02, Rewards Val: 177.93, Rewards Eval: 174.50, Total Timesteps: 274079080 episode:489 

Rewards Tr: 175.17, Rewards Val: 176.04, Rewards Eval: 146.08, Total Timesteps: 274661870 episode:490 

Rewards Tr: 175.53, Rewards Val: 176.71, Rewards Eval: 174.63, Total Timesteps: 275261870 episode:491 

Rewards Tr: 178.17, Rewards Val: 177.96, Rewards Eval: 186.78, Total Timesteps: 275861870 episode:492 

Rewards Tr: 170.60, Rewards Val: 175.63, Rewards Eval: 201.69, Total Timesteps: 276461870 episode:493 

Rewards Tr: 181.05, Rewards Val: 176.26, Rewards Eval: 148.68, Total Timesteps: 277053300 episode:494 

Rewards Tr: 177.94, Rewards Val: 175.52, Rewards Eval: 182.71, Total Timesteps: 277644840 episode:495 

Rewards Tr: 177.16, Rewards Val: 176.87, Rewards Eval: 191.75, Total Timesteps: 278244840 episode:496 

Rewards Tr: 179.90, Rewards Val: 181.99, Rewards Eval: 171.17, Total Timesteps: 278844840 episode:497 

Rewards Tr: 178.12, Rewards Val: 176.74, Rewards Eval: 179.66, Total Timesteps: 279444840 episode:498 

Rewards Tr: 174.61, Rewards Val: 173.64, Rewards Eval: 187.23, Total Timesteps: 280036430 episode:499 

Elapsed Time: 4102.0 minutes 

