For Seed: 102 

Rewards Tr: -830.99, Rewards Disc: 0.44, Rewards Eval: -643.34, Total Timesteps: 43630 episode:0 

Rewards Tr: -564.37, Rewards Disc: -0.32, Rewards Eval: -502.06, Total Timesteps: 85450 episode:1 

Rewards Tr: -425.91, Rewards Disc: -0.16, Rewards Eval: -404.00, Total Timesteps: 129970 episode:2 

Rewards Tr: -382.75, Rewards Disc: 0.16, Rewards Eval: -558.36, Total Timesteps: 174570 episode:3 

Rewards Tr: -338.23, Rewards Disc: -0.24, Rewards Eval: -439.47, Total Timesteps: 220290 episode:4 

Rewards Tr: -308.93, Rewards Disc: 0.18, Rewards Eval: -292.08, Total Timesteps: 274860 episode:5 

Rewards Tr: -268.29, Rewards Disc: -0.04, Rewards Eval: -320.46, Total Timesteps: 329360 episode:6 

Rewards Tr: -235.24, Rewards Disc: -0.11, Rewards Eval: -210.42, Total Timesteps: 386660 episode:7 

Rewards Tr: -200.81, Rewards Disc: -0.12, Rewards Eval: -175.27, Total Timesteps: 451470 episode:8 

Rewards Tr: -177.35, Rewards Disc: 0.00, Rewards Eval: -113.39, Total Timesteps: 509770 episode:9 

Rewards Tr: -165.15, Rewards Disc: 0.02, Rewards Eval: -34.69, Total Timesteps: 576400 episode:10 

Rewards Tr: -133.39, Rewards Disc: -0.13, Rewards Eval: -178.70, Total Timesteps: 648840 episode:11 

Rewards Tr: -128.86, Rewards Disc: 0.05, Rewards Eval: -201.44, Total Timesteps: 713740 episode:12 

Rewards Tr: -117.58, Rewards Disc: 0.01, Rewards Eval: -106.95, Total Timesteps: 797800 episode:13 

Rewards Tr: -101.26, Rewards Disc: -0.03, Rewards Eval: -110.07, Total Timesteps: 880930 episode:14 

Rewards Tr: -99.93, Rewards Disc: 0.13, Rewards Eval: -56.28, Total Timesteps: 979140 episode:15 

Rewards Tr: -86.84, Rewards Disc: -0.03, Rewards Eval: -69.84, Total Timesteps: 1049510 episode:16 

Rewards Tr: -82.27, Rewards Disc: 0.05, Rewards Eval: -58.71, Total Timesteps: 1138840 episode:17 

Rewards Tr: -70.21, Rewards Disc: -0.05, Rewards Eval: -47.56, Total Timesteps: 1223310 episode:18 

Rewards Tr: -67.28, Rewards Disc: -0.02, Rewards Eval: -76.78, Total Timesteps: 1302410 episode:19 

Rewards Tr: -61.52, Rewards Disc: -0.01, Rewards Eval: -71.67, Total Timesteps: 1398430 episode:20 

Rewards Tr: -60.46, Rewards Disc: 0.08, Rewards Eval: -56.81, Total Timesteps: 1501050 episode:21 

Rewards Tr: -50.45, Rewards Disc: -0.07, Rewards Eval: -44.45, Total Timesteps: 1617220 episode:22 

Rewards Tr: -44.60, Rewards Disc: -0.07, Rewards Eval: -24.20, Total Timesteps: 1698160 episode:23 

Rewards Tr: -42.09, Rewards Disc: -0.04, Rewards Eval: -62.46, Total Timesteps: 1819820 episode:24 

Rewards Tr: -44.23, Rewards Disc: 0.01, Rewards Eval: -64.13, Total Timesteps: 1908850 episode:25 

Rewards Tr: -38.06, Rewards Disc: 0.05, Rewards Eval: 7.70, Total Timesteps: 2008010 episode:26 

Rewards Tr: -39.02, Rewards Disc: 0.06, Rewards Eval: 1.32, Total Timesteps: 2141280 episode:27 

Rewards Tr: -29.38, Rewards Disc: -0.01, Rewards Eval: -118.54, Total Timesteps: 2246920 episode:28 

Rewards Tr: -23.06, Rewards Disc: -0.07, Rewards Eval: -140.81, Total Timesteps: 2373680 episode:29 

Rewards Tr: -25.31, Rewards Disc: 0.01, Rewards Eval: -90.24, Total Timesteps: 2500750 episode:30 

Rewards Tr: -21.10, Rewards Disc: -0.01, Rewards Eval: -199.60, Total Timesteps: 2609370 episode:31 

Rewards Tr: -18.46, Rewards Disc: -0.03, Rewards Eval: -222.48, Total Timesteps: 2751550 episode:32 

Rewards Tr: -11.30, Rewards Disc: -0.07, Rewards Eval: -89.16, Total Timesteps: 2912830 episode:33 

Rewards Tr: -15.74, Rewards Disc: 0.03, Rewards Eval: -287.48, Total Timesteps: 3054230 episode:34 

Rewards Tr: -6.04, Rewards Disc: -0.05, Rewards Eval: -491.27, Total Timesteps: 3186250 episode:35 

Rewards Tr: -17.07, Rewards Disc: 0.07, Rewards Eval: -418.39, Total Timesteps: 3390630 episode:36 

Rewards Tr: -10.59, Rewards Disc: -0.02, Rewards Eval: -302.72, Total Timesteps: 3595900 episode:37 

Rewards Tr: -11.69, Rewards Disc: 0.07, Rewards Eval: -701.23, Total Timesteps: 3847100 episode:38 

Rewards Tr: -15.03, Rewards Disc: 0.07, Rewards Eval: -411.34, Total Timesteps: 4087970 episode:39 

Rewards Tr: -6.16, Rewards Disc: -0.06, Rewards Eval: -1225.59, Total Timesteps: 4344320 episode:40 

Rewards Tr: -12.49, Rewards Disc: 0.06, Rewards Eval: -886.53, Total Timesteps: 4622310 episode:41 

Rewards Tr: -14.80, Rewards Disc: 0.03, Rewards Eval: -1431.57, Total Timesteps: 4909370 episode:42 

Rewards Tr: -7.51, Rewards Disc: -0.05, Rewards Eval: -1613.51, Total Timesteps: 5208010 episode:43 

Rewards Tr: -8.95, Rewards Disc: 0.05, Rewards Eval: -1238.10, Total Timesteps: 5499280 episode:44 

Rewards Tr: -13.75, Rewards Disc: 0.03, Rewards Eval: -839.15, Total Timesteps: 5789680 episode:45 

Rewards Tr: -7.88, Rewards Disc: -0.02, Rewards Eval: -783.99, Total Timesteps: 6076440 episode:46 

Rewards Tr: -7.33, Rewards Disc: 0.01, Rewards Eval: -789.31, Total Timesteps: 6367270 episode:47 

Rewards Tr: -3.39, Rewards Disc: -0.00, Rewards Eval: -150.67, Total Timesteps: 6667270 episode:48 

Rewards Tr: -1.36, Rewards Disc: -0.03, Rewards Eval: -545.38, Total Timesteps: 6967270 episode:49 

Rewards Tr: -6.72, Rewards Disc: 0.03, Rewards Eval: -324.43, Total Timesteps: 7267270 episode:50 

Rewards Tr: -1.11, Rewards Disc: -0.00, Rewards Eval: -193.82, Total Timesteps: 7566360 episode:51 

Rewards Tr: 0.29, Rewards Disc: -0.04, Rewards Eval: -185.81, Total Timesteps: 7866360 episode:52 

Rewards Tr: -6.39, Rewards Disc: 0.02, Rewards Eval: -114.66, Total Timesteps: 8166360 episode:53 

Rewards Tr: -6.36, Rewards Disc: 0.01, Rewards Eval: -155.72, Total Timesteps: 8466360 episode:54 

Rewards Tr: -2.89, Rewards Disc: -0.04, Rewards Eval: -141.38, Total Timesteps: 8766360 episode:55 

Rewards Tr: -1.46, Rewards Disc: -0.06, Rewards Eval: -63.50, Total Timesteps: 9066360 episode:56 

Rewards Tr: -4.31, Rewards Disc: 0.02, Rewards Eval: -55.84, Total Timesteps: 9366360 episode:57 

Rewards Tr: -4.23, Rewards Disc: 0.06, Rewards Eval: -109.40, Total Timesteps: 9666360 episode:58 

Rewards Tr: -1.33, Rewards Disc: -0.01, Rewards Eval: -86.05, Total Timesteps: 9966360 episode:59 

Rewards Tr: -2.00, Rewards Disc: 0.03, Rewards Eval: -71.66, Total Timesteps: 10266360 episode:60 

Rewards Tr: -0.04, Rewards Disc: 0.04, Rewards Eval: -63.32, Total Timesteps: 10566360 episode:61 

Rewards Tr: -1.95, Rewards Disc: 0.02, Rewards Eval: -26.88, Total Timesteps: 10866360 episode:62 

Rewards Tr: 3.05, Rewards Disc: -0.02, Rewards Eval: -40.09, Total Timesteps: 11166360 episode:63 

Rewards Tr: 0.56, Rewards Disc: -0.00, Rewards Eval: -33.47, Total Timesteps: 11466360 episode:64 

Rewards Tr: 4.83, Rewards Disc: 0.01, Rewards Eval: -1.77, Total Timesteps: 11766360 episode:65 

Rewards Tr: 4.51, Rewards Disc: 0.00, Rewards Eval: -8.23, Total Timesteps: 12066360 episode:66 

Rewards Tr: 6.15, Rewards Disc: 0.01, Rewards Eval: -9.99, Total Timesteps: 12366360 episode:67 

Rewards Tr: 12.43, Rewards Disc: -0.01, Rewards Eval: -3.96, Total Timesteps: 12666360 episode:68 

Rewards Tr: 12.06, Rewards Disc: -0.01, Rewards Eval: -17.98, Total Timesteps: 12966360 episode:69 

Rewards Tr: 10.96, Rewards Disc: 0.01, Rewards Eval: 6.27, Total Timesteps: 13266360 episode:70 

Rewards Tr: 14.75, Rewards Disc: 0.02, Rewards Eval: 37.70, Total Timesteps: 13566360 episode:71 

Rewards Tr: 16.72, Rewards Disc: -0.02, Rewards Eval: 13.03, Total Timesteps: 13866360 episode:72 

Rewards Tr: 18.01, Rewards Disc: 0.00, Rewards Eval: 6.19, Total Timesteps: 14166360 episode:73 

Rewards Tr: 17.79, Rewards Disc: 0.05, Rewards Eval: 12.12, Total Timesteps: 14466360 episode:74 

Rewards Tr: 19.50, Rewards Disc: 0.04, Rewards Eval: 55.43, Total Timesteps: 14766360 episode:75 

Rewards Tr: 24.27, Rewards Disc: -0.01, Rewards Eval: -1.33, Total Timesteps: 15066360 episode:76 

Rewards Tr: 26.06, Rewards Disc: -0.01, Rewards Eval: -2.10, Total Timesteps: 15366360 episode:77 

Rewards Tr: 31.54, Rewards Disc: 0.00, Rewards Eval: 31.00, Total Timesteps: 15666360 episode:78 

Rewards Tr: 29.77, Rewards Disc: 0.01, Rewards Eval: 18.03, Total Timesteps: 15966360 episode:79 

Rewards Tr: 33.63, Rewards Disc: 0.01, Rewards Eval: 34.98, Total Timesteps: 16266360 episode:80 

Rewards Tr: 31.92, Rewards Disc: 0.04, Rewards Eval: 27.79, Total Timesteps: 16566360 episode:81 

Rewards Tr: 38.94, Rewards Disc: 0.01, Rewards Eval: -15.25, Total Timesteps: 16866360 episode:82 

Rewards Tr: 40.51, Rewards Disc: -0.04, Rewards Eval: 40.71, Total Timesteps: 17166360 episode:83 

Rewards Tr: 40.67, Rewards Disc: -0.02, Rewards Eval: 41.73, Total Timesteps: 17466360 episode:84 

Rewards Tr: 45.80, Rewards Disc: -0.03, Rewards Eval: 44.03, Total Timesteps: 17766360 episode:85 

Rewards Tr: 40.01, Rewards Disc: 0.06, Rewards Eval: 32.45, Total Timesteps: 18066360 episode:86 

Rewards Tr: 46.97, Rewards Disc: -0.02, Rewards Eval: 34.10, Total Timesteps: 18366360 episode:87 

Rewards Tr: 51.08, Rewards Disc: 0.00, Rewards Eval: 58.78, Total Timesteps: 18666360 episode:88 

Rewards Tr: 52.84, Rewards Disc: 0.02, Rewards Eval: 53.83, Total Timesteps: 18966360 episode:89 

Rewards Tr: 61.59, Rewards Disc: -0.06, Rewards Eval: 29.43, Total Timesteps: 19266360 episode:90 

Rewards Tr: 58.59, Rewards Disc: 0.00, Rewards Eval: 59.69, Total Timesteps: 19566360 episode:91 

Rewards Tr: 63.13, Rewards Disc: -0.02, Rewards Eval: 62.22, Total Timesteps: 19866360 episode:92 

Rewards Tr: 69.69, Rewards Disc: 0.03, Rewards Eval: 56.43, Total Timesteps: 20166360 episode:93 

Rewards Tr: 71.78, Rewards Disc: 0.06, Rewards Eval: 63.24, Total Timesteps: 20466360 episode:94 

Rewards Tr: 76.63, Rewards Disc: -0.01, Rewards Eval: 51.66, Total Timesteps: 20766360 episode:95 

Rewards Tr: 63.49, Rewards Disc: 0.18, Rewards Eval: 48.58, Total Timesteps: 21066360 episode:96 

Rewards Tr: 64.30, Rewards Disc: 0.20, Rewards Eval: 51.46, Total Timesteps: 21366360 episode:97 

Rewards Tr: 66.31, Rewards Disc: 0.23, Rewards Eval: 67.69, Total Timesteps: 21666360 episode:98 

Rewards Tr: 68.97, Rewards Disc: 0.25, Rewards Eval: 94.93, Total Timesteps: 21966360 episode:99 

Rewards Tr: 69.64, Rewards Disc: 0.20, Rewards Eval: 68.54, Total Timesteps: 22266360 episode:100 

Rewards Tr: 76.00, Rewards Disc: 0.19, Rewards Eval: 35.26, Total Timesteps: 22566360 episode:101 

Rewards Tr: 76.07, Rewards Disc: 0.20, Rewards Eval: 93.56, Total Timesteps: 22866360 episode:102 

Rewards Tr: 82.83, Rewards Disc: 0.19, Rewards Eval: 65.84, Total Timesteps: 23166360 episode:103 

Rewards Tr: 85.61, Rewards Disc: 0.18, Rewards Eval: 71.20, Total Timesteps: 23466360 episode:104 

Rewards Tr: 89.79, Rewards Disc: 0.14, Rewards Eval: 60.16, Total Timesteps: 23766360 episode:105 

Rewards Tr: 91.93, Rewards Disc: 0.16, Rewards Eval: 69.40, Total Timesteps: 24066360 episode:106 

Rewards Tr: 79.14, Rewards Disc: 0.32, Rewards Eval: 105.32, Total Timesteps: 24366360 episode:107 

Rewards Tr: 93.89, Rewards Disc: 0.22, Rewards Eval: 116.25, Total Timesteps: 24666360 episode:108 

Rewards Tr: 98.60, Rewards Disc: 0.16, Rewards Eval: 129.03, Total Timesteps: 24966360 episode:109 

Rewards Tr: 99.50, Rewards Disc: 0.23, Rewards Eval: 85.02, Total Timesteps: 25266360 episode:110 

Rewards Tr: 87.03, Rewards Disc: 0.33, Rewards Eval: 99.90, Total Timesteps: 25566360 episode:111 

Rewards Tr: 95.54, Rewards Disc: 0.24, Rewards Eval: 58.87, Total Timesteps: 25866360 episode:112 

Rewards Tr: 92.09, Rewards Disc: 0.31, Rewards Eval: 74.16, Total Timesteps: 26166360 episode:113 

Rewards Tr: 86.32, Rewards Disc: 0.36, Rewards Eval: 97.30, Total Timesteps: 26466360 episode:114 

Rewards Tr: 98.82, Rewards Disc: 0.24, Rewards Eval: 110.54, Total Timesteps: 26766360 episode:115 

Rewards Tr: 95.63, Rewards Disc: 0.23, Rewards Eval: 112.94, Total Timesteps: 27066360 episode:116 

Rewards Tr: 96.06, Rewards Disc: 0.26, Rewards Eval: 100.85, Total Timesteps: 27366360 episode:117 

Rewards Tr: 107.41, Rewards Disc: 0.12, Rewards Eval: 89.90, Total Timesteps: 27666360 episode:118 

Rewards Tr: 107.55, Rewards Disc: 0.08, Rewards Eval: 95.89, Total Timesteps: 27966360 episode:119 

Rewards Tr: 95.48, Rewards Disc: 0.16, Rewards Eval: 84.36, Total Timesteps: 28266360 episode:120 

Rewards Tr: 88.95, Rewards Disc: 0.24, Rewards Eval: 109.90, Total Timesteps: 28566360 episode:121 

Rewards Tr: 90.98, Rewards Disc: 0.19, Rewards Eval: 63.78, Total Timesteps: 28866360 episode:122 

Rewards Tr: 87.48, Rewards Disc: 0.15, Rewards Eval: 86.26, Total Timesteps: 29166360 episode:123 

Rewards Tr: 87.17, Rewards Disc: 0.15, Rewards Eval: 82.92, Total Timesteps: 29466360 episode:124 

Rewards Tr: 86.01, Rewards Disc: 0.15, Rewards Eval: 73.65, Total Timesteps: 29766360 episode:125 

Rewards Tr: 83.08, Rewards Disc: 0.13, Rewards Eval: 60.32, Total Timesteps: 30066360 episode:126 

Rewards Tr: 85.80, Rewards Disc: 0.10, Rewards Eval: 53.33, Total Timesteps: 30366360 episode:127 

Rewards Tr: 86.28, Rewards Disc: 0.06, Rewards Eval: 58.37, Total Timesteps: 30666360 episode:128 

Rewards Tr: 88.67, Rewards Disc: 0.01, Rewards Eval: 79.36, Total Timesteps: 30966360 episode:129 

Rewards Tr: 80.01, Rewards Disc: 0.11, Rewards Eval: 66.67, Total Timesteps: 31266360 episode:130 

Rewards Tr: 83.05, Rewards Disc: 0.09, Rewards Eval: 51.64, Total Timesteps: 31566360 episode:131 

Rewards Tr: 83.24, Rewards Disc: 0.06, Rewards Eval: 44.02, Total Timesteps: 31866360 episode:132 

Rewards Tr: 89.69, Rewards Disc: 0.03, Rewards Eval: 84.89, Total Timesteps: 32166360 episode:133 

Rewards Tr: 88.03, Rewards Disc: 0.08, Rewards Eval: 74.15, Total Timesteps: 32466360 episode:134 

Rewards Tr: 92.25, Rewards Disc: -0.00, Rewards Eval: 61.56, Total Timesteps: 32766360 episode:135 

Rewards Tr: 86.92, Rewards Disc: 0.07, Rewards Eval: 124.22, Total Timesteps: 33066360 episode:136 

Rewards Tr: 91.78, Rewards Disc: -0.00, Rewards Eval: 57.18, Total Timesteps: 33366360 episode:137 

Rewards Tr: 89.32, Rewards Disc: 0.07, Rewards Eval: 97.93, Total Timesteps: 33666360 episode:138 

Rewards Tr: 98.16, Rewards Disc: -0.03, Rewards Eval: 80.43, Total Timesteps: 33966360 episode:139 

Rewards Tr: 100.64, Rewards Disc: -0.01, Rewards Eval: 109.48, Total Timesteps: 34266360 episode:140 

Rewards Tr: 100.80, Rewards Disc: 0.00, Rewards Eval: 97.32, Total Timesteps: 34566360 episode:141 

Rewards Tr: 104.32, Rewards Disc: 0.05, Rewards Eval: 109.10, Total Timesteps: 34866360 episode:142 

Rewards Tr: 106.34, Rewards Disc: 0.01, Rewards Eval: 91.83, Total Timesteps: 35166360 episode:143 

Rewards Tr: 104.72, Rewards Disc: 0.10, Rewards Eval: 112.19, Total Timesteps: 35466360 episode:144 

Rewards Tr: 108.08, Rewards Disc: 0.08, Rewards Eval: 129.11, Total Timesteps: 35766360 episode:145 

Rewards Tr: 114.79, Rewards Disc: 0.08, Rewards Eval: 116.57, Total Timesteps: 36066360 episode:146 

Rewards Tr: 114.73, Rewards Disc: 0.08, Rewards Eval: 105.75, Total Timesteps: 36366360 episode:147 

Rewards Tr: 119.62, Rewards Disc: 0.04, Rewards Eval: 129.71, Total Timesteps: 36666360 episode:148 

Rewards Tr: 116.75, Rewards Disc: 0.04, Rewards Eval: 142.13, Total Timesteps: 36966360 episode:149 

Rewards Tr: 114.62, Rewards Disc: 0.12, Rewards Eval: 142.62, Total Timesteps: 37266360 episode:150 

Rewards Tr: 120.28, Rewards Disc: 0.01, Rewards Eval: 136.28, Total Timesteps: 37566360 episode:151 

Rewards Tr: 125.29, Rewards Disc: 0.02, Rewards Eval: 119.63, Total Timesteps: 37866360 episode:152 

Rewards Tr: 123.52, Rewards Disc: 0.01, Rewards Eval: 132.27, Total Timesteps: 38166360 episode:153 

Rewards Tr: 122.18, Rewards Disc: 0.08, Rewards Eval: 110.61, Total Timesteps: 38466360 episode:154 

Rewards Tr: 125.48, Rewards Disc: 0.06, Rewards Eval: 148.73, Total Timesteps: 38766360 episode:155 

Rewards Tr: 125.24, Rewards Disc: 0.04, Rewards Eval: 105.33, Total Timesteps: 39066360 episode:156 

Rewards Tr: 125.75, Rewards Disc: 0.04, Rewards Eval: 112.36, Total Timesteps: 39366360 episode:157 

Rewards Tr: 122.17, Rewards Disc: 0.08, Rewards Eval: 130.43, Total Timesteps: 39666360 episode:158 

Rewards Tr: 127.62, Rewards Disc: 0.03, Rewards Eval: 116.66, Total Timesteps: 39966360 episode:159 

Rewards Tr: 125.59, Rewards Disc: 0.01, Rewards Eval: 104.96, Total Timesteps: 40266360 episode:160 

Rewards Tr: 124.64, Rewards Disc: 0.05, Rewards Eval: 138.52, Total Timesteps: 40566360 episode:161 

Rewards Tr: 120.38, Rewards Disc: 0.11, Rewards Eval: 94.28, Total Timesteps: 40866360 episode:162 

Rewards Tr: 121.98, Rewards Disc: 0.06, Rewards Eval: 129.47, Total Timesteps: 41166360 episode:163 

Rewards Tr: 125.44, Rewards Disc: 0.06, Rewards Eval: 153.04, Total Timesteps: 41466360 episode:164 

Rewards Tr: 130.68, Rewards Disc: 0.02, Rewards Eval: 138.65, Total Timesteps: 41766360 episode:165 

Rewards Tr: 129.05, Rewards Disc: 0.04, Rewards Eval: 134.78, Total Timesteps: 42066360 episode:166 

Rewards Tr: 129.86, Rewards Disc: 0.04, Rewards Eval: 127.05, Total Timesteps: 42366360 episode:167 

Rewards Tr: 131.60, Rewards Disc: -0.00, Rewards Eval: 118.12, Total Timesteps: 42666360 episode:168 

Rewards Tr: 132.33, Rewards Disc: 0.02, Rewards Eval: 100.39, Total Timesteps: 42966360 episode:169 

Rewards Tr: 133.48, Rewards Disc: 0.01, Rewards Eval: 131.01, Total Timesteps: 43266360 episode:170 

Rewards Tr: 135.08, Rewards Disc: -0.02, Rewards Eval: 139.36, Total Timesteps: 43566360 episode:171 

Rewards Tr: 134.68, Rewards Disc: 0.00, Rewards Eval: 143.40, Total Timesteps: 43866360 episode:172 

Rewards Tr: 142.98, Rewards Disc: -0.06, Rewards Eval: 154.08, Total Timesteps: 44166360 episode:173 

Rewards Tr: 140.60, Rewards Disc: -0.00, Rewards Eval: 134.77, Total Timesteps: 44466360 episode:174 

Rewards Tr: 141.42, Rewards Disc: 0.02, Rewards Eval: 136.89, Total Timesteps: 44766360 episode:175 

Rewards Tr: 147.44, Rewards Disc: -0.01, Rewards Eval: 110.04, Total Timesteps: 45066360 episode:176 

Rewards Tr: 148.81, Rewards Disc: -0.02, Rewards Eval: 116.61, Total Timesteps: 45366360 episode:177 

Rewards Tr: 150.86, Rewards Disc: -0.01, Rewards Eval: 144.96, Total Timesteps: 45666360 episode:178 

Rewards Tr: 151.66, Rewards Disc: -0.01, Rewards Eval: 178.90, Total Timesteps: 45966360 episode:179 

Rewards Tr: 154.27, Rewards Disc: -0.01, Rewards Eval: 148.39, Total Timesteps: 46266360 episode:180 

Rewards Tr: 156.31, Rewards Disc: -0.05, Rewards Eval: 140.98, Total Timesteps: 46566360 episode:181 

Rewards Tr: 156.06, Rewards Disc: 0.02, Rewards Eval: 181.82, Total Timesteps: 46866360 episode:182 

Rewards Tr: 158.22, Rewards Disc: -0.04, Rewards Eval: 148.50, Total Timesteps: 47166360 episode:183 

Rewards Tr: 159.88, Rewards Disc: -0.02, Rewards Eval: 176.87, Total Timesteps: 47466360 episode:184 

Rewards Tr: 155.34, Rewards Disc: 0.07, Rewards Eval: 160.75, Total Timesteps: 47766360 episode:185 

Rewards Tr: 157.21, Rewards Disc: 0.07, Rewards Eval: 155.75, Total Timesteps: 48066360 episode:186 

Rewards Tr: 161.04, Rewards Disc: -0.00, Rewards Eval: 165.10, Total Timesteps: 48366360 episode:187 

Rewards Tr: 162.56, Rewards Disc: 0.03, Rewards Eval: 156.58, Total Timesteps: 48666360 episode:188 

Rewards Tr: 161.24, Rewards Disc: 0.05, Rewards Eval: 141.05, Total Timesteps: 48966360 episode:189 

Rewards Tr: 158.50, Rewards Disc: 0.05, Rewards Eval: 166.94, Total Timesteps: 49266360 episode:190 

Rewards Tr: 164.32, Rewards Disc: 0.02, Rewards Eval: 168.74, Total Timesteps: 49566360 episode:191 

Rewards Tr: 162.19, Rewards Disc: 0.03, Rewards Eval: 137.76, Total Timesteps: 49866360 episode:192 

Rewards Tr: 157.94, Rewards Disc: 0.10, Rewards Eval: 185.04, Total Timesteps: 50166360 episode:193 

Rewards Tr: 160.01, Rewards Disc: 0.06, Rewards Eval: 136.03, Total Timesteps: 50466360 episode:194 

Rewards Tr: 168.04, Rewards Disc: 0.01, Rewards Eval: 157.20, Total Timesteps: 50766360 episode:195 

Rewards Tr: 162.15, Rewards Disc: 0.06, Rewards Eval: 165.63, Total Timesteps: 51066360 episode:196 

Rewards Tr: 160.94, Rewards Disc: 0.07, Rewards Eval: 171.51, Total Timesteps: 51366360 episode:197 

Rewards Tr: 159.69, Rewards Disc: 0.07, Rewards Eval: 153.10, Total Timesteps: 51666360 episode:198 

Rewards Tr: 164.79, Rewards Disc: 0.02, Rewards Eval: 189.15, Total Timesteps: 51966360 episode:199 

Rewards Tr: 165.14, Rewards Disc: 0.05, Rewards Eval: 154.47, Total Timesteps: 52266360 episode:200 

Rewards Tr: 165.86, Rewards Disc: 0.03, Rewards Eval: 180.42, Total Timesteps: 52566360 episode:201 

Rewards Tr: 168.73, Rewards Disc: -0.01, Rewards Eval: 158.44, Total Timesteps: 52866360 episode:202 

Rewards Tr: 171.25, Rewards Disc: -0.02, Rewards Eval: 178.94, Total Timesteps: 53166360 episode:203 

Rewards Tr: 171.90, Rewards Disc: -0.07, Rewards Eval: 203.24, Total Timesteps: 53466360 episode:204 

Rewards Tr: 170.43, Rewards Disc: 0.00, Rewards Eval: 186.63, Total Timesteps: 53766360 episode:205 

Rewards Tr: 168.03, Rewards Disc: -0.01, Rewards Eval: 201.99, Total Timesteps: 54066360 episode:206 

Rewards Tr: 169.25, Rewards Disc: 0.01, Rewards Eval: 119.71, Total Timesteps: 54366360 episode:207 

Rewards Tr: 169.79, Rewards Disc: 0.03, Rewards Eval: 173.57, Total Timesteps: 54666360 episode:208 

Rewards Tr: 171.04, Rewards Disc: 0.00, Rewards Eval: 166.25, Total Timesteps: 54966360 episode:209 

Rewards Tr: 170.10, Rewards Disc: 0.04, Rewards Eval: 167.80, Total Timesteps: 55266360 episode:210 

Rewards Tr: 172.35, Rewards Disc: -0.01, Rewards Eval: 139.20, Total Timesteps: 55566360 episode:211 

Rewards Tr: 172.42, Rewards Disc: -0.01, Rewards Eval: 185.19, Total Timesteps: 55866360 episode:212 

Rewards Tr: 172.63, Rewards Disc: -0.00, Rewards Eval: 183.06, Total Timesteps: 56166360 episode:213 

Rewards Tr: 175.71, Rewards Disc: -0.01, Rewards Eval: 162.26, Total Timesteps: 56466360 episode:214 

Rewards Tr: 173.96, Rewards Disc: 0.01, Rewards Eval: 196.38, Total Timesteps: 56766360 episode:215 

Rewards Tr: 174.83, Rewards Disc: 0.00, Rewards Eval: 189.15, Total Timesteps: 57066360 episode:216 

Rewards Tr: 177.67, Rewards Disc: -0.03, Rewards Eval: 170.63, Total Timesteps: 57366360 episode:217 

Rewards Tr: 176.59, Rewards Disc: -0.00, Rewards Eval: 154.07, Total Timesteps: 57666360 episode:218 

Rewards Tr: 174.55, Rewards Disc: -0.00, Rewards Eval: 171.36, Total Timesteps: 57966360 episode:219 

Rewards Tr: 178.67, Rewards Disc: -0.01, Rewards Eval: 158.79, Total Timesteps: 58266360 episode:220 

Rewards Tr: 179.97, Rewards Disc: -0.07, Rewards Eval: 168.88, Total Timesteps: 58566360 episode:221 

Rewards Tr: 177.86, Rewards Disc: -0.00, Rewards Eval: 169.89, Total Timesteps: 58866360 episode:222 

Rewards Tr: 178.62, Rewards Disc: 0.02, Rewards Eval: 158.89, Total Timesteps: 59166360 episode:223 

Rewards Tr: 180.60, Rewards Disc: -0.05, Rewards Eval: 173.83, Total Timesteps: 59466360 episode:224 

Rewards Tr: 181.13, Rewards Disc: -0.03, Rewards Eval: 175.10, Total Timesteps: 59766360 episode:225 

Rewards Tr: 180.14, Rewards Disc: -0.09, Rewards Eval: 183.77, Total Timesteps: 60066360 episode:226 

Rewards Tr: 176.35, Rewards Disc: -0.00, Rewards Eval: 151.00, Total Timesteps: 60366360 episode:227 

Rewards Tr: 180.93, Rewards Disc: -0.04, Rewards Eval: 189.56, Total Timesteps: 60666360 episode:228 

Rewards Tr: 182.96, Rewards Disc: -0.06, Rewards Eval: 181.20, Total Timesteps: 60966360 episode:229 

Rewards Tr: 182.20, Rewards Disc: -0.05, Rewards Eval: 146.49, Total Timesteps: 61266360 episode:230 

Rewards Tr: 178.74, Rewards Disc: -0.03, Rewards Eval: 168.47, Total Timesteps: 61566360 episode:231 

Rewards Tr: 177.78, Rewards Disc: -0.01, Rewards Eval: 132.64, Total Timesteps: 61866360 episode:232 

Rewards Tr: 175.14, Rewards Disc: 0.00, Rewards Eval: 179.42, Total Timesteps: 62166360 episode:233 

Rewards Tr: 182.39, Rewards Disc: -0.08, Rewards Eval: 157.05, Total Timesteps: 62466360 episode:234 

Rewards Tr: 178.86, Rewards Disc: -0.02, Rewards Eval: 148.17, Total Timesteps: 62766360 episode:235 

Rewards Tr: 179.75, Rewards Disc: 0.02, Rewards Eval: 168.07, Total Timesteps: 63066360 episode:236 

Rewards Tr: 180.76, Rewards Disc: -0.01, Rewards Eval: 143.50, Total Timesteps: 63366360 episode:237 

Rewards Tr: 175.96, Rewards Disc: 0.04, Rewards Eval: 189.79, Total Timesteps: 63666360 episode:238 

Rewards Tr: 175.15, Rewards Disc: 0.00, Rewards Eval: 208.42, Total Timesteps: 63966360 episode:239 

Rewards Tr: 180.79, Rewards Disc: -0.06, Rewards Eval: 194.81, Total Timesteps: 64266360 episode:240 

Rewards Tr: 172.03, Rewards Disc: 0.09, Rewards Eval: 163.73, Total Timesteps: 64566360 episode:241 

Rewards Tr: 172.66, Rewards Disc: 0.08, Rewards Eval: 143.75, Total Timesteps: 64866360 episode:242 

Rewards Tr: 169.62, Rewards Disc: 0.08, Rewards Eval: 168.10, Total Timesteps: 65166360 episode:243 

Rewards Tr: 163.67, Rewards Disc: 0.15, Rewards Eval: 166.40, Total Timesteps: 65466360 episode:244 

Rewards Tr: 164.65, Rewards Disc: 0.13, Rewards Eval: 138.89, Total Timesteps: 65766360 episode:245 

Rewards Tr: 161.65, Rewards Disc: 0.16, Rewards Eval: 168.91, Total Timesteps: 66066360 episode:246 

Rewards Tr: 158.60, Rewards Disc: 0.19, Rewards Eval: 176.68, Total Timesteps: 66366360 episode:247 

Rewards Tr: 145.44, Rewards Disc: 0.34, Rewards Eval: 128.04, Total Timesteps: 66666360 episode:248 

Rewards Tr: 143.47, Rewards Disc: 0.33, Rewards Eval: 165.03, Total Timesteps: 66966360 episode:249 

Rewards Tr: 155.41, Rewards Disc: 0.18, Rewards Eval: 176.84, Total Timesteps: 67266360 episode:250 

Rewards Tr: 145.58, Rewards Disc: 0.23, Rewards Eval: 163.63, Total Timesteps: 67566360 episode:251 

Rewards Tr: 145.27, Rewards Disc: 0.23, Rewards Eval: 143.45, Total Timesteps: 67866360 episode:252 

Rewards Tr: 153.18, Rewards Disc: 0.11, Rewards Eval: 129.84, Total Timesteps: 68166360 episode:253 

Rewards Tr: 152.46, Rewards Disc: 0.12, Rewards Eval: 136.02, Total Timesteps: 68466360 episode:254 

Rewards Tr: 151.42, Rewards Disc: 0.11, Rewards Eval: 155.48, Total Timesteps: 68766360 episode:255 

Rewards Tr: 147.96, Rewards Disc: 0.14, Rewards Eval: 144.35, Total Timesteps: 69066360 episode:256 

Rewards Tr: 150.02, Rewards Disc: 0.07, Rewards Eval: 158.19, Total Timesteps: 69366360 episode:257 

Rewards Tr: 144.06, Rewards Disc: 0.11, Rewards Eval: 150.20, Total Timesteps: 69666360 episode:258 

Rewards Tr: 147.97, Rewards Disc: 0.10, Rewards Eval: 168.72, Total Timesteps: 69966360 episode:259 

Rewards Tr: 145.82, Rewards Disc: 0.13, Rewards Eval: 151.65, Total Timesteps: 70266360 episode:260 

Rewards Tr: 142.67, Rewards Disc: 0.17, Rewards Eval: 178.83, Total Timesteps: 70566360 episode:261 

Rewards Tr: 142.87, Rewards Disc: 0.18, Rewards Eval: 180.41, Total Timesteps: 70866360 episode:262 

Rewards Tr: 143.36, Rewards Disc: 0.19, Rewards Eval: 153.26, Total Timesteps: 71166360 episode:263 

Rewards Tr: 140.35, Rewards Disc: 0.27, Rewards Eval: 148.72, Total Timesteps: 71466360 episode:264 

Rewards Tr: 143.47, Rewards Disc: 0.24, Rewards Eval: 128.95, Total Timesteps: 71766360 episode:265 

Rewards Tr: 143.18, Rewards Disc: 0.22, Rewards Eval: 185.25, Total Timesteps: 72066360 episode:266 

Rewards Tr: 148.63, Rewards Disc: 0.21, Rewards Eval: 175.52, Total Timesteps: 72366360 episode:267 

Rewards Tr: 156.08, Rewards Disc: 0.11, Rewards Eval: 122.39, Total Timesteps: 72666360 episode:268 

Rewards Tr: 150.66, Rewards Disc: 0.16, Rewards Eval: 157.72, Total Timesteps: 72966360 episode:269 

Rewards Tr: 152.85, Rewards Disc: 0.15, Rewards Eval: 158.61, Total Timesteps: 73266360 episode:270 

Rewards Tr: 151.46, Rewards Disc: 0.13, Rewards Eval: 180.02, Total Timesteps: 73566360 episode:271 

Rewards Tr: 156.67, Rewards Disc: 0.05, Rewards Eval: 152.03, Total Timesteps: 73866360 episode:272 

Rewards Tr: 161.56, Rewards Disc: 0.07, Rewards Eval: 174.64, Total Timesteps: 74166360 episode:273 

Rewards Tr: 161.15, Rewards Disc: 0.01, Rewards Eval: 177.07, Total Timesteps: 74466360 episode:274 

Rewards Tr: 165.47, Rewards Disc: 0.02, Rewards Eval: 153.74, Total Timesteps: 74766360 episode:275 

Rewards Tr: 164.39, Rewards Disc: 0.03, Rewards Eval: 180.98, Total Timesteps: 75066360 episode:276 

Rewards Tr: 165.15, Rewards Disc: 0.03, Rewards Eval: 168.26, Total Timesteps: 75366360 episode:277 

Rewards Tr: 165.35, Rewards Disc: 0.04, Rewards Eval: 179.10, Total Timesteps: 75666360 episode:278 

Rewards Tr: 165.81, Rewards Disc: 0.06, Rewards Eval: 168.36, Total Timesteps: 75966360 episode:279 

Rewards Tr: 168.49, Rewards Disc: 0.03, Rewards Eval: 179.12, Total Timesteps: 76266360 episode:280 

Rewards Tr: 156.64, Rewards Disc: 0.16, Rewards Eval: 135.99, Total Timesteps: 76566360 episode:281 

Rewards Tr: 162.05, Rewards Disc: 0.07, Rewards Eval: 171.15, Total Timesteps: 76866360 episode:282 

Rewards Tr: 158.04, Rewards Disc: 0.12, Rewards Eval: 190.67, Total Timesteps: 77166360 episode:283 

Rewards Tr: 155.74, Rewards Disc: 0.16, Rewards Eval: 150.09, Total Timesteps: 77466360 episode:284 

Rewards Tr: 156.99, Rewards Disc: 0.13, Rewards Eval: 143.20, Total Timesteps: 77766360 episode:285 

Rewards Tr: 163.65, Rewards Disc: 0.07, Rewards Eval: 181.40, Total Timesteps: 78066360 episode:286 

Rewards Tr: 157.63, Rewards Disc: 0.13, Rewards Eval: 164.34, Total Timesteps: 78366360 episode:287 

Rewards Tr: 155.49, Rewards Disc: 0.15, Rewards Eval: 176.42, Total Timesteps: 78666360 episode:288 

Rewards Tr: 158.55, Rewards Disc: 0.13, Rewards Eval: 158.54, Total Timesteps: 78966360 episode:289 

Rewards Tr: 159.04, Rewards Disc: 0.12, Rewards Eval: 185.43, Total Timesteps: 79266360 episode:290 

Rewards Tr: 158.71, Rewards Disc: 0.12, Rewards Eval: 182.02, Total Timesteps: 79566360 episode:291 

Rewards Tr: 154.39, Rewards Disc: 0.19, Rewards Eval: 160.03, Total Timesteps: 79866360 episode:292 

Rewards Tr: 154.00, Rewards Disc: 0.18, Rewards Eval: 163.82, Total Timesteps: 80166360 episode:293 

Rewards Tr: 165.07, Rewards Disc: 0.05, Rewards Eval: 148.30, Total Timesteps: 80466360 episode:294 

Rewards Tr: 166.45, Rewards Disc: 0.04, Rewards Eval: 163.49, Total Timesteps: 80766360 episode:295 

Rewards Tr: 166.68, Rewards Disc: 0.04, Rewards Eval: 196.40, Total Timesteps: 81066360 episode:296 

Rewards Tr: 163.61, Rewards Disc: 0.08, Rewards Eval: 176.70, Total Timesteps: 81366360 episode:297 

Rewards Tr: 160.11, Rewards Disc: 0.10, Rewards Eval: 186.86, Total Timesteps: 81666360 episode:298 

Rewards Tr: 163.91, Rewards Disc: 0.05, Rewards Eval: 179.86, Total Timesteps: 81966360 episode:299 

Rewards Tr: 165.04, Rewards Disc: 0.03, Rewards Eval: 162.12, Total Timesteps: 82266360 episode:300 

Rewards Tr: 159.48, Rewards Disc: 0.10, Rewards Eval: 208.69, Total Timesteps: 82566360 episode:301 

Rewards Tr: 159.39, Rewards Disc: 0.10, Rewards Eval: 154.47, Total Timesteps: 82866360 episode:302 

Rewards Tr: 159.26, Rewards Disc: 0.12, Rewards Eval: 148.81, Total Timesteps: 83166360 episode:303 

Rewards Tr: 159.27, Rewards Disc: 0.10, Rewards Eval: 180.45, Total Timesteps: 83466360 episode:304 

Rewards Tr: 157.27, Rewards Disc: 0.09, Rewards Eval: 176.40, Total Timesteps: 83766360 episode:305 

Rewards Tr: 156.82, Rewards Disc: 0.11, Rewards Eval: 163.80, Total Timesteps: 84066360 episode:306 

Rewards Tr: 153.52, Rewards Disc: 0.10, Rewards Eval: 171.00, Total Timesteps: 84366360 episode:307 

Rewards Tr: 155.84, Rewards Disc: 0.11, Rewards Eval: 180.56, Total Timesteps: 84666360 episode:308 

Rewards Tr: 159.10, Rewards Disc: 0.09, Rewards Eval: 167.61, Total Timesteps: 84966360 episode:309 

Rewards Tr: 161.99, Rewards Disc: 0.06, Rewards Eval: 175.86, Total Timesteps: 85266360 episode:310 

Rewards Tr: 155.83, Rewards Disc: 0.13, Rewards Eval: 159.08, Total Timesteps: 85566360 episode:311 

Rewards Tr: 157.29, Rewards Disc: 0.08, Rewards Eval: 156.40, Total Timesteps: 85866360 episode:312 

Rewards Tr: 159.50, Rewards Disc: 0.06, Rewards Eval: 178.44, Total Timesteps: 86166360 episode:313 

Rewards Tr: 151.45, Rewards Disc: 0.18, Rewards Eval: 142.80, Total Timesteps: 86466360 episode:314 

Rewards Tr: 159.02, Rewards Disc: 0.08, Rewards Eval: 164.96, Total Timesteps: 86766360 episode:315 

Rewards Tr: 161.76, Rewards Disc: 0.07, Rewards Eval: 148.57, Total Timesteps: 87066360 episode:316 

Rewards Tr: 163.93, Rewards Disc: 0.05, Rewards Eval: 183.97, Total Timesteps: 87366360 episode:317 

Rewards Tr: 165.76, Rewards Disc: 0.03, Rewards Eval: 161.49, Total Timesteps: 87666360 episode:318 

Rewards Tr: 163.43, Rewards Disc: 0.05, Rewards Eval: 166.05, Total Timesteps: 87966360 episode:319 

Rewards Tr: 163.16, Rewards Disc: 0.05, Rewards Eval: 175.59, Total Timesteps: 88266360 episode:320 

Rewards Tr: 159.73, Rewards Disc: 0.09, Rewards Eval: 167.68, Total Timesteps: 88566360 episode:321 

Rewards Tr: 160.71, Rewards Disc: 0.10, Rewards Eval: 188.48, Total Timesteps: 88866360 episode:322 

Rewards Tr: 164.86, Rewards Disc: 0.04, Rewards Eval: 151.86, Total Timesteps: 89166360 episode:323 

Rewards Tr: 163.14, Rewards Disc: 0.04, Rewards Eval: 174.46, Total Timesteps: 89466360 episode:324 

Rewards Tr: 164.37, Rewards Disc: 0.06, Rewards Eval: 169.69, Total Timesteps: 89766360 episode:325 

Rewards Tr: 163.93, Rewards Disc: 0.02, Rewards Eval: 184.37, Total Timesteps: 90066360 episode:326 

Rewards Tr: 161.85, Rewards Disc: 0.07, Rewards Eval: 168.03, Total Timesteps: 90366360 episode:327 

Rewards Tr: 163.61, Rewards Disc: 0.04, Rewards Eval: 193.67, Total Timesteps: 90666360 episode:328 

Rewards Tr: 157.08, Rewards Disc: 0.11, Rewards Eval: 156.24, Total Timesteps: 90966360 episode:329 

Rewards Tr: 163.94, Rewards Disc: 0.07, Rewards Eval: 149.01, Total Timesteps: 91266360 episode:330 

Rewards Tr: 164.45, Rewards Disc: 0.07, Rewards Eval: 197.97, Total Timesteps: 91566360 episode:331 

Rewards Tr: 163.37, Rewards Disc: 0.08, Rewards Eval: 189.33, Total Timesteps: 91866360 episode:332 

Rewards Tr: 164.36, Rewards Disc: 0.07, Rewards Eval: 169.52, Total Timesteps: 92166360 episode:333 

Rewards Tr: 161.53, Rewards Disc: 0.08, Rewards Eval: 130.95, Total Timesteps: 92466360 episode:334 

Rewards Tr: 166.18, Rewards Disc: 0.01, Rewards Eval: 177.63, Total Timesteps: 92766360 episode:335 

Rewards Tr: 161.82, Rewards Disc: 0.08, Rewards Eval: 180.35, Total Timesteps: 93066360 episode:336 

Rewards Tr: 162.75, Rewards Disc: 0.06, Rewards Eval: 161.61, Total Timesteps: 93366360 episode:337 

Rewards Tr: 163.24, Rewards Disc: 0.10, Rewards Eval: 149.55, Total Timesteps: 93666360 episode:338 

Rewards Tr: 163.47, Rewards Disc: 0.06, Rewards Eval: 164.44, Total Timesteps: 93966360 episode:339 

Rewards Tr: 164.74, Rewards Disc: 0.03, Rewards Eval: 156.89, Total Timesteps: 94266360 episode:340 

Rewards Tr: 163.93, Rewards Disc: 0.06, Rewards Eval: 142.99, Total Timesteps: 94566360 episode:341 

Rewards Tr: 164.57, Rewards Disc: 0.04, Rewards Eval: 177.11, Total Timesteps: 94866360 episode:342 

Rewards Tr: 161.46, Rewards Disc: 0.13, Rewards Eval: 200.93, Total Timesteps: 95166360 episode:343 

Rewards Tr: 169.45, Rewards Disc: 0.00, Rewards Eval: 170.74, Total Timesteps: 95466360 episode:344 

Rewards Tr: 167.07, Rewards Disc: 0.01, Rewards Eval: 173.00, Total Timesteps: 95766360 episode:345 

Rewards Tr: 163.29, Rewards Disc: 0.10, Rewards Eval: 189.69, Total Timesteps: 96066360 episode:346 

Rewards Tr: 166.43, Rewards Disc: 0.02, Rewards Eval: 178.65, Total Timesteps: 96366360 episode:347 

Rewards Tr: 165.11, Rewards Disc: 0.05, Rewards Eval: 177.88, Total Timesteps: 96666360 episode:348 

Rewards Tr: 164.15, Rewards Disc: 0.07, Rewards Eval: 180.78, Total Timesteps: 96966360 episode:349 

Rewards Tr: 162.45, Rewards Disc: 0.07, Rewards Eval: 174.45, Total Timesteps: 97266360 episode:350 

Rewards Tr: 163.86, Rewards Disc: 0.08, Rewards Eval: 180.23, Total Timesteps: 97566360 episode:351 

Rewards Tr: 157.03, Rewards Disc: 0.12, Rewards Eval: 163.92, Total Timesteps: 97866360 episode:352 

Rewards Tr: 161.26, Rewards Disc: 0.12, Rewards Eval: 171.66, Total Timesteps: 98166360 episode:353 

Rewards Tr: 159.62, Rewards Disc: 0.12, Rewards Eval: 152.97, Total Timesteps: 98466360 episode:354 

Rewards Tr: 164.75, Rewards Disc: 0.06, Rewards Eval: 189.21, Total Timesteps: 98766360 episode:355 

Rewards Tr: 161.25, Rewards Disc: 0.07, Rewards Eval: 178.34, Total Timesteps: 99066360 episode:356 

Rewards Tr: 163.63, Rewards Disc: 0.06, Rewards Eval: 170.56, Total Timesteps: 99366360 episode:357 

Rewards Tr: 159.71, Rewards Disc: 0.14, Rewards Eval: 162.67, Total Timesteps: 99666360 episode:358 

Rewards Tr: 161.71, Rewards Disc: 0.11, Rewards Eval: 171.51, Total Timesteps: 99966360 episode:359 

Rewards Tr: 164.03, Rewards Disc: 0.05, Rewards Eval: 181.67, Total Timesteps: 100266360 episode:360 

Rewards Tr: 163.44, Rewards Disc: 0.05, Rewards Eval: 176.35, Total Timesteps: 100566360 episode:361 

Rewards Tr: 161.76, Rewards Disc: 0.13, Rewards Eval: 148.76, Total Timesteps: 100866360 episode:362 

Rewards Tr: 160.50, Rewards Disc: 0.10, Rewards Eval: 185.19, Total Timesteps: 101166360 episode:363 

Rewards Tr: 157.69, Rewards Disc: 0.15, Rewards Eval: 171.40, Total Timesteps: 101466360 episode:364 

Rewards Tr: 166.73, Rewards Disc: 0.05, Rewards Eval: 151.63, Total Timesteps: 101766360 episode:365 

Rewards Tr: 166.61, Rewards Disc: 0.05, Rewards Eval: 156.62, Total Timesteps: 102066360 episode:366 

Rewards Tr: 169.35, Rewards Disc: 0.02, Rewards Eval: 171.11, Total Timesteps: 102366360 episode:367 

Rewards Tr: 165.89, Rewards Disc: 0.09, Rewards Eval: 174.15, Total Timesteps: 102666360 episode:368 

Rewards Tr: 167.81, Rewards Disc: 0.04, Rewards Eval: 173.04, Total Timesteps: 102966360 episode:369 

Rewards Tr: 159.58, Rewards Disc: 0.13, Rewards Eval: 194.36, Total Timesteps: 103266360 episode:370 

Rewards Tr: 163.52, Rewards Disc: 0.08, Rewards Eval: 177.17, Total Timesteps: 103566360 episode:371 

Rewards Tr: 168.40, Rewards Disc: 0.01, Rewards Eval: 165.09, Total Timesteps: 103866360 episode:372 

Rewards Tr: 165.20, Rewards Disc: 0.06, Rewards Eval: 191.61, Total Timesteps: 104166360 episode:373 

Rewards Tr: 168.78, Rewards Disc: 0.04, Rewards Eval: 187.14, Total Timesteps: 104466360 episode:374 

Rewards Tr: 167.81, Rewards Disc: 0.09, Rewards Eval: 153.52, Total Timesteps: 104766360 episode:375 

Rewards Tr: 172.43, Rewards Disc: 0.02, Rewards Eval: 176.61, Total Timesteps: 105066360 episode:376 

Rewards Tr: 170.23, Rewards Disc: 0.05, Rewards Eval: 158.80, Total Timesteps: 105366360 episode:377 

Rewards Tr: 167.24, Rewards Disc: 0.09, Rewards Eval: 165.32, Total Timesteps: 105666360 episode:378 

Rewards Tr: 166.44, Rewards Disc: 0.11, Rewards Eval: 175.79, Total Timesteps: 105966360 episode:379 

Rewards Tr: 166.90, Rewards Disc: 0.10, Rewards Eval: 168.18, Total Timesteps: 106266360 episode:380 

Rewards Tr: 165.79, Rewards Disc: 0.10, Rewards Eval: 163.86, Total Timesteps: 106566360 episode:381 

Rewards Tr: 167.97, Rewards Disc: 0.10, Rewards Eval: 187.11, Total Timesteps: 106866360 episode:382 

Rewards Tr: 166.55, Rewards Disc: 0.13, Rewards Eval: 184.79, Total Timesteps: 107166360 episode:383 

Rewards Tr: 165.05, Rewards Disc: 0.14, Rewards Eval: 184.64, Total Timesteps: 107466360 episode:384 

Rewards Tr: 166.71, Rewards Disc: 0.12, Rewards Eval: 167.16, Total Timesteps: 107766360 episode:385 

Rewards Tr: 168.70, Rewards Disc: 0.12, Rewards Eval: 192.02, Total Timesteps: 108066360 episode:386 

Rewards Tr: 165.07, Rewards Disc: 0.10, Rewards Eval: 199.95, Total Timesteps: 108366360 episode:387 

Rewards Tr: 167.83, Rewards Disc: 0.10, Rewards Eval: 171.72, Total Timesteps: 108666360 episode:388 

Rewards Tr: 165.33, Rewards Disc: 0.13, Rewards Eval: 198.99, Total Timesteps: 108966360 episode:389 

Rewards Tr: 167.82, Rewards Disc: 0.13, Rewards Eval: 185.33, Total Timesteps: 109266360 episode:390 

Rewards Tr: 167.65, Rewards Disc: 0.11, Rewards Eval: 188.92, Total Timesteps: 109566360 episode:391 

Rewards Tr: 168.97, Rewards Disc: 0.09, Rewards Eval: 196.18, Total Timesteps: 109866360 episode:392 

Rewards Tr: 169.75, Rewards Disc: 0.07, Rewards Eval: 154.34, Total Timesteps: 110166360 episode:393 

Rewards Tr: 164.81, Rewards Disc: 0.10, Rewards Eval: 185.33, Total Timesteps: 110466360 episode:394 

Rewards Tr: 167.04, Rewards Disc: 0.09, Rewards Eval: 162.16, Total Timesteps: 110766360 episode:395 

Rewards Tr: 167.28, Rewards Disc: 0.09, Rewards Eval: 157.84, Total Timesteps: 111066360 episode:396 

Rewards Tr: 165.73, Rewards Disc: 0.10, Rewards Eval: 197.50, Total Timesteps: 111366360 episode:397 

Rewards Tr: 164.18, Rewards Disc: 0.07, Rewards Eval: 182.58, Total Timesteps: 111666360 episode:398 

Rewards Tr: 168.01, Rewards Disc: 0.04, Rewards Eval: 188.67, Total Timesteps: 111966360 episode:399 

Rewards Tr: 164.84, Rewards Disc: 0.03, Rewards Eval: 176.68, Total Timesteps: 112266360 episode:400 

Rewards Tr: 168.59, Rewards Disc: 0.02, Rewards Eval: 179.04, Total Timesteps: 112566360 episode:401 

Rewards Tr: 167.84, Rewards Disc: 0.02, Rewards Eval: 169.31, Total Timesteps: 112866360 episode:402 

Rewards Tr: 167.19, Rewards Disc: 0.03, Rewards Eval: 179.15, Total Timesteps: 113166360 episode:403 

Rewards Tr: 169.49, Rewards Disc: 0.01, Rewards Eval: 200.28, Total Timesteps: 113466360 episode:404 

Rewards Tr: 165.06, Rewards Disc: 0.06, Rewards Eval: 175.33, Total Timesteps: 113766360 episode:405 

Rewards Tr: 167.70, Rewards Disc: 0.05, Rewards Eval: 168.22, Total Timesteps: 114066360 episode:406 

Rewards Tr: 170.97, Rewards Disc: 0.04, Rewards Eval: 179.74, Total Timesteps: 114366360 episode:407 

Rewards Tr: 174.28, Rewards Disc: 0.01, Rewards Eval: 144.65, Total Timesteps: 114666360 episode:408 

Rewards Tr: 170.53, Rewards Disc: 0.07, Rewards Eval: 170.80, Total Timesteps: 114966360 episode:409 

Rewards Tr: 171.61, Rewards Disc: 0.04, Rewards Eval: 151.78, Total Timesteps: 115266360 episode:410 

Rewards Tr: 174.92, Rewards Disc: 0.04, Rewards Eval: 152.51, Total Timesteps: 115566360 episode:411 

Rewards Tr: 176.86, Rewards Disc: 0.02, Rewards Eval: 165.12, Total Timesteps: 115866360 episode:412 

Rewards Tr: 171.65, Rewards Disc: 0.08, Rewards Eval: 179.67, Total Timesteps: 116166360 episode:413 

Rewards Tr: 169.53, Rewards Disc: 0.06, Rewards Eval: 180.49, Total Timesteps: 116466360 episode:414 

Rewards Tr: 170.88, Rewards Disc: 0.10, Rewards Eval: 171.40, Total Timesteps: 116766360 episode:415 

Rewards Tr: 169.62, Rewards Disc: 0.08, Rewards Eval: 170.14, Total Timesteps: 117066360 episode:416 

Rewards Tr: 168.04, Rewards Disc: 0.07, Rewards Eval: 176.71, Total Timesteps: 117366360 episode:417 

Rewards Tr: 167.32, Rewards Disc: 0.10, Rewards Eval: 151.46, Total Timesteps: 117666360 episode:418 

Rewards Tr: 174.39, Rewards Disc: 0.02, Rewards Eval: 175.96, Total Timesteps: 117966360 episode:419 

Rewards Tr: 173.29, Rewards Disc: 0.07, Rewards Eval: 180.61, Total Timesteps: 118266360 episode:420 

Rewards Tr: 166.84, Rewards Disc: 0.09, Rewards Eval: 185.25, Total Timesteps: 118566360 episode:421 

Rewards Tr: 171.86, Rewards Disc: 0.06, Rewards Eval: 174.20, Total Timesteps: 118866360 episode:422 

Rewards Tr: 167.65, Rewards Disc: 0.08, Rewards Eval: 163.54, Total Timesteps: 119166360 episode:423 

Rewards Tr: 168.84, Rewards Disc: 0.08, Rewards Eval: 194.24, Total Timesteps: 119466360 episode:424 

Rewards Tr: 172.48, Rewards Disc: 0.05, Rewards Eval: 177.12, Total Timesteps: 119766360 episode:425 

Rewards Tr: 169.49, Rewards Disc: 0.06, Rewards Eval: 138.98, Total Timesteps: 120066360 episode:426 

Rewards Tr: 168.67, Rewards Disc: 0.06, Rewards Eval: 170.43, Total Timesteps: 120366360 episode:427 

Rewards Tr: 169.66, Rewards Disc: 0.06, Rewards Eval: 141.87, Total Timesteps: 120666360 episode:428 

Rewards Tr: 171.54, Rewards Disc: 0.02, Rewards Eval: 152.88, Total Timesteps: 120966360 episode:429 

Rewards Tr: 168.10, Rewards Disc: 0.06, Rewards Eval: 196.59, Total Timesteps: 121266360 episode:430 

Rewards Tr: 169.47, Rewards Disc: 0.02, Rewards Eval: 156.76, Total Timesteps: 121566360 episode:431 

Rewards Tr: 166.66, Rewards Disc: 0.05, Rewards Eval: 169.14, Total Timesteps: 121866360 episode:432 

Rewards Tr: 169.49, Rewards Disc: 0.04, Rewards Eval: 154.03, Total Timesteps: 122166360 episode:433 

Rewards Tr: 170.06, Rewards Disc: 0.01, Rewards Eval: 195.25, Total Timesteps: 122466360 episode:434 

Rewards Tr: 166.46, Rewards Disc: 0.08, Rewards Eval: 183.34, Total Timesteps: 122766360 episode:435 

Rewards Tr: 169.60, Rewards Disc: 0.07, Rewards Eval: 184.02, Total Timesteps: 123066360 episode:436 

Rewards Tr: 169.67, Rewards Disc: 0.09, Rewards Eval: 168.33, Total Timesteps: 123366360 episode:437 

Rewards Tr: 170.43, Rewards Disc: 0.04, Rewards Eval: 189.25, Total Timesteps: 123666360 episode:438 

Rewards Tr: 171.39, Rewards Disc: 0.04, Rewards Eval: 174.33, Total Timesteps: 123966360 episode:439 

Rewards Tr: 172.86, Rewards Disc: 0.04, Rewards Eval: 186.62, Total Timesteps: 124266360 episode:440 

Rewards Tr: 174.87, Rewards Disc: 0.02, Rewards Eval: 195.25, Total Timesteps: 124566360 episode:441 

Rewards Tr: 169.57, Rewards Disc: 0.08, Rewards Eval: 196.46, Total Timesteps: 124866360 episode:442 

Rewards Tr: 171.73, Rewards Disc: 0.07, Rewards Eval: 169.63, Total Timesteps: 125166360 episode:443 

Rewards Tr: 174.91, Rewards Disc: 0.02, Rewards Eval: 154.19, Total Timesteps: 125466360 episode:444 

Rewards Tr: 169.91, Rewards Disc: 0.06, Rewards Eval: 195.21, Total Timesteps: 125766360 episode:445 

Rewards Tr: 172.39, Rewards Disc: 0.08, Rewards Eval: 188.43, Total Timesteps: 126066360 episode:446 

Rewards Tr: 169.41, Rewards Disc: 0.08, Rewards Eval: 176.39, Total Timesteps: 126366360 episode:447 

Rewards Tr: 175.05, Rewards Disc: 0.04, Rewards Eval: 186.89, Total Timesteps: 126666360 episode:448 

Rewards Tr: 170.18, Rewards Disc: 0.10, Rewards Eval: 164.21, Total Timesteps: 126966360 episode:449 

Rewards Tr: 173.85, Rewards Disc: 0.06, Rewards Eval: 174.54, Total Timesteps: 127266360 episode:450 

Rewards Tr: 171.97, Rewards Disc: 0.11, Rewards Eval: 170.25, Total Timesteps: 127566360 episode:451 

Rewards Tr: 169.36, Rewards Disc: 0.08, Rewards Eval: 205.67, Total Timesteps: 127866360 episode:452 

Rewards Tr: 173.30, Rewards Disc: 0.07, Rewards Eval: 189.60, Total Timesteps: 128166360 episode:453 

Rewards Tr: 172.36, Rewards Disc: 0.07, Rewards Eval: 165.68, Total Timesteps: 128466360 episode:454 

Rewards Tr: 176.17, Rewards Disc: 0.05, Rewards Eval: 200.48, Total Timesteps: 128766360 episode:455 

Rewards Tr: 177.43, Rewards Disc: 0.02, Rewards Eval: 169.24, Total Timesteps: 129066360 episode:456 

Rewards Tr: 173.13, Rewards Disc: 0.06, Rewards Eval: 210.18, Total Timesteps: 129366360 episode:457 

Rewards Tr: 170.35, Rewards Disc: 0.10, Rewards Eval: 163.87, Total Timesteps: 129666360 episode:458 

Rewards Tr: 166.42, Rewards Disc: 0.11, Rewards Eval: 157.99, Total Timesteps: 129966360 episode:459 

Rewards Tr: 175.48, Rewards Disc: 0.01, Rewards Eval: 189.31, Total Timesteps: 130266360 episode:460 

Rewards Tr: 174.22, Rewards Disc: 0.01, Rewards Eval: 165.68, Total Timesteps: 130566360 episode:461 

Rewards Tr: 173.85, Rewards Disc: 0.04, Rewards Eval: 202.56, Total Timesteps: 130866360 episode:462 

Rewards Tr: 175.30, Rewards Disc: -0.00, Rewards Eval: 173.56, Total Timesteps: 131166360 episode:463 

Rewards Tr: 170.76, Rewards Disc: 0.07, Rewards Eval: 179.85, Total Timesteps: 131466360 episode:464 

Rewards Tr: 169.93, Rewards Disc: 0.03, Rewards Eval: 173.36, Total Timesteps: 131766360 episode:465 

Rewards Tr: 171.67, Rewards Disc: 0.01, Rewards Eval: 181.41, Total Timesteps: 132066360 episode:466 

Rewards Tr: 170.22, Rewards Disc: 0.02, Rewards Eval: 168.71, Total Timesteps: 132366360 episode:467 

Rewards Tr: 169.08, Rewards Disc: 0.01, Rewards Eval: 174.74, Total Timesteps: 132666360 episode:468 

Rewards Tr: 171.83, Rewards Disc: -0.00, Rewards Eval: 182.99, Total Timesteps: 132966360 episode:469 

Rewards Tr: 172.04, Rewards Disc: 0.01, Rewards Eval: 187.26, Total Timesteps: 133266360 episode:470 

Rewards Tr: 170.56, Rewards Disc: 0.03, Rewards Eval: 192.80, Total Timesteps: 133566360 episode:471 

Rewards Tr: 168.70, Rewards Disc: 0.05, Rewards Eval: 178.89, Total Timesteps: 133866360 episode:472 

Rewards Tr: 173.75, Rewards Disc: -0.01, Rewards Eval: 167.64, Total Timesteps: 134166360 episode:473 

Rewards Tr: 170.72, Rewards Disc: 0.02, Rewards Eval: 162.64, Total Timesteps: 134466360 episode:474 

Rewards Tr: 172.29, Rewards Disc: 0.05, Rewards Eval: 167.01, Total Timesteps: 134766360 episode:475 

Rewards Tr: 176.18, Rewards Disc: -0.02, Rewards Eval: 163.79, Total Timesteps: 135066360 episode:476 

Rewards Tr: 174.82, Rewards Disc: 0.01, Rewards Eval: 194.57, Total Timesteps: 135366360 episode:477 

Rewards Tr: 173.78, Rewards Disc: 0.03, Rewards Eval: 159.41, Total Timesteps: 135666360 episode:478 

Rewards Tr: 174.66, Rewards Disc: -0.00, Rewards Eval: 176.58, Total Timesteps: 135966360 episode:479 

Rewards Tr: 175.56, Rewards Disc: -0.01, Rewards Eval: 181.01, Total Timesteps: 136266360 episode:480 

Rewards Tr: 174.51, Rewards Disc: 0.04, Rewards Eval: 193.71, Total Timesteps: 136566360 episode:481 

Rewards Tr: 171.99, Rewards Disc: 0.08, Rewards Eval: 194.42, Total Timesteps: 136866360 episode:482 

Rewards Tr: 174.18, Rewards Disc: 0.05, Rewards Eval: 183.29, Total Timesteps: 137166360 episode:483 

Rewards Tr: 173.40, Rewards Disc: 0.06, Rewards Eval: 203.53, Total Timesteps: 137466360 episode:484 

Rewards Tr: 173.74, Rewards Disc: 0.05, Rewards Eval: 177.38, Total Timesteps: 137766360 episode:485 

Rewards Tr: 175.98, Rewards Disc: 0.03, Rewards Eval: 174.62, Total Timesteps: 138066360 episode:486 

Rewards Tr: 174.18, Rewards Disc: 0.08, Rewards Eval: 174.78, Total Timesteps: 138366360 episode:487 

Rewards Tr: 176.02, Rewards Disc: 0.05, Rewards Eval: 142.02, Total Timesteps: 138666360 episode:488 

Rewards Tr: 173.33, Rewards Disc: 0.07, Rewards Eval: 198.02, Total Timesteps: 138966360 episode:489 

Rewards Tr: 175.92, Rewards Disc: 0.00, Rewards Eval: 184.17, Total Timesteps: 139266360 episode:490 

Rewards Tr: 174.80, Rewards Disc: 0.02, Rewards Eval: 182.11, Total Timesteps: 139566360 episode:491 

Rewards Tr: 174.82, Rewards Disc: 0.06, Rewards Eval: 178.08, Total Timesteps: 139866360 episode:492 

Rewards Tr: 171.65, Rewards Disc: 0.06, Rewards Eval: 174.40, Total Timesteps: 140166360 episode:493 

Rewards Tr: 174.10, Rewards Disc: 0.06, Rewards Eval: 164.17, Total Timesteps: 140466360 episode:494 

Rewards Tr: 175.75, Rewards Disc: 0.04, Rewards Eval: 168.63, Total Timesteps: 140766360 episode:495 

Rewards Tr: 179.50, Rewards Disc: -0.02, Rewards Eval: 193.92, Total Timesteps: 141066360 episode:496 

Rewards Tr: 172.71, Rewards Disc: 0.06, Rewards Eval: 177.40, Total Timesteps: 141366360 episode:497 

Rewards Tr: 171.91, Rewards Disc: 0.05, Rewards Eval: 171.93, Total Timesteps: 141666360 episode:498 

Rewards Tr: 178.34, Rewards Disc: 0.04, Rewards Eval: 192.28, Total Timesteps: 141966360 episode:499 

Elapsed Time: 2620.1 minutes 

