For Seed: 1 

Rewards Tr: -536.83, Rewards Disc: 0.02, Rewards Eval: -440.44, Total Timesteps: 30990 episode:0 

Rewards Tr: -467.94, Rewards Disc: 0.21, Rewards Eval: -379.27, Total Timesteps: 62310 episode:1 

Rewards Tr: -395.86, Rewards Disc: -0.09, Rewards Eval: -421.96, Total Timesteps: 94900 episode:2 

Rewards Tr: -316.94, Rewards Disc: -0.29, Rewards Eval: -385.46, Total Timesteps: 134410 episode:3 

Rewards Tr: -303.61, Rewards Disc: 0.24, Rewards Eval: -305.99, Total Timesteps: 180120 episode:4 

Rewards Tr: -262.29, Rewards Disc: -0.00, Rewards Eval: -228.14, Total Timesteps: 238390 episode:5 

Rewards Tr: -230.97, Rewards Disc: 0.10, Rewards Eval: -280.23, Total Timesteps: 288110 episode:6 

Rewards Tr: -206.16, Rewards Disc: 0.13, Rewards Eval: -216.87, Total Timesteps: 343190 episode:7 

Rewards Tr: -163.72, Rewards Disc: -0.04, Rewards Eval: -286.48, Total Timesteps: 409380 episode:8 

Rewards Tr: -150.59, Rewards Disc: -0.01, Rewards Eval: -155.06, Total Timesteps: 471890 episode:9 

Rewards Tr: -138.20, Rewards Disc: 0.17, Rewards Eval: -270.48, Total Timesteps: 532040 episode:10 

Rewards Tr: -95.12, Rewards Disc: -0.14, Rewards Eval: -106.99, Total Timesteps: 602310 episode:11 

Rewards Tr: -105.46, Rewards Disc: 0.09, Rewards Eval: -145.65, Total Timesteps: 669790 episode:12 

Rewards Tr: -81.21, Rewards Disc: -0.08, Rewards Eval: -67.68, Total Timesteps: 731420 episode:13 

Rewards Tr: -79.10, Rewards Disc: -0.00, Rewards Eval: -62.60, Total Timesteps: 789230 episode:14 

Rewards Tr: -69.35, Rewards Disc: -0.04, Rewards Eval: -31.34, Total Timesteps: 861020 episode:15 

Rewards Tr: -56.46, Rewards Disc: -0.06, Rewards Eval: -58.48, Total Timesteps: 925520 episode:16 

Rewards Tr: -51.10, Rewards Disc: -0.11, Rewards Eval: -64.94, Total Timesteps: 984850 episode:17 

Rewards Tr: -56.86, Rewards Disc: 0.09, Rewards Eval: -95.02, Total Timesteps: 1059600 episode:18 

Rewards Tr: -43.93, Rewards Disc: 0.04, Rewards Eval: -37.76, Total Timesteps: 1136440 episode:19 

Rewards Tr: -46.82, Rewards Disc: 0.01, Rewards Eval: -95.30, Total Timesteps: 1215140 episode:20 

Rewards Tr: -40.18, Rewards Disc: -0.06, Rewards Eval: -15.64, Total Timesteps: 1300420 episode:21 

Rewards Tr: -31.78, Rewards Disc: 0.04, Rewards Eval: -89.51, Total Timesteps: 1383670 episode:22 

Rewards Tr: -33.61, Rewards Disc: 0.05, Rewards Eval: -63.75, Total Timesteps: 1463050 episode:23 

Rewards Tr: -22.26, Rewards Disc: -0.04, Rewards Eval: -99.73, Total Timesteps: 1559620 episode:24 

Rewards Tr: -27.53, Rewards Disc: -0.01, Rewards Eval: -129.81, Total Timesteps: 1657920 episode:25 

Rewards Tr: -14.59, Rewards Disc: -0.11, Rewards Eval: -358.70, Total Timesteps: 1793210 episode:26 

Rewards Tr: -14.79, Rewards Disc: 0.01, Rewards Eval: -346.76, Total Timesteps: 1886920 episode:27 

Rewards Tr: -18.97, Rewards Disc: 0.07, Rewards Eval: -302.14, Total Timesteps: 2014930 episode:28 

Rewards Tr: -7.51, Rewards Disc: -0.01, Rewards Eval: -481.05, Total Timesteps: 2157570 episode:29 

Rewards Tr: -9.75, Rewards Disc: -0.05, Rewards Eval: -943.75, Total Timesteps: 2291990 episode:30 

Rewards Tr: -3.43, Rewards Disc: -0.05, Rewards Eval: -1633.35, Total Timesteps: 2443300 episode:31 

Rewards Tr: -11.72, Rewards Disc: -0.01, Rewards Eval: -2678.91, Total Timesteps: 2613790 episode:32 

Rewards Tr: -6.13, Rewards Disc: -0.10, Rewards Eval: -680.52, Total Timesteps: 2791590 episode:33 

Rewards Tr: -2.99, Rewards Disc: -0.08, Rewards Eval: -1508.09, Total Timesteps: 2958450 episode:34 

Rewards Tr: -5.51, Rewards Disc: -0.15, Rewards Eval: -2263.46, Total Timesteps: 3143330 episode:35 

Rewards Tr: -20.65, Rewards Disc: 0.09, Rewards Eval: -1154.69, Total Timesteps: 3342140 episode:36 

Rewards Tr: -11.22, Rewards Disc: -0.02, Rewards Eval: -654.56, Total Timesteps: 3542140 episode:37 

Rewards Tr: -13.05, Rewards Disc: 0.11, Rewards Eval: -1391.53, Total Timesteps: 3740220 episode:38 

Rewards Tr: 2.49, Rewards Disc: -0.01, Rewards Eval: -777.58, Total Timesteps: 3940070 episode:39 

Rewards Tr: -3.41, Rewards Disc: -0.01, Rewards Eval: -705.87, Total Timesteps: 4140070 episode:40 

Rewards Tr: -5.16, Rewards Disc: 0.06, Rewards Eval: -460.55, Total Timesteps: 4340070 episode:41 

Rewards Tr: -6.23, Rewards Disc: -0.01, Rewards Eval: -374.18, Total Timesteps: 4534410 episode:42 

Rewards Tr: 7.66, Rewards Disc: -0.11, Rewards Eval: -318.28, Total Timesteps: 4734410 episode:43 

Rewards Tr: -0.87, Rewards Disc: 0.01, Rewards Eval: -202.03, Total Timesteps: 4934410 episode:44 

Rewards Tr: 5.44, Rewards Disc: -0.11, Rewards Eval: -146.09, Total Timesteps: 5134410 episode:45 

Rewards Tr: -6.77, Rewards Disc: 0.06, Rewards Eval: -134.58, Total Timesteps: 5334410 episode:46 

Rewards Tr: 0.93, Rewards Disc: 0.05, Rewards Eval: -98.49, Total Timesteps: 5534410 episode:47 

Rewards Tr: 4.10, Rewards Disc: 0.01, Rewards Eval: -118.74, Total Timesteps: 5734410 episode:48 

Rewards Tr: 0.71, Rewards Disc: -0.03, Rewards Eval: -90.67, Total Timesteps: 5934410 episode:49 

Rewards Tr: -2.50, Rewards Disc: 0.00, Rewards Eval: -86.26, Total Timesteps: 6134410 episode:50 

Rewards Tr: 6.93, Rewards Disc: -0.02, Rewards Eval: -46.41, Total Timesteps: 6334410 episode:51 

Rewards Tr: 3.22, Rewards Disc: 0.07, Rewards Eval: -80.68, Total Timesteps: 6534410 episode:52 

Rewards Tr: -0.03, Rewards Disc: 0.02, Rewards Eval: -75.75, Total Timesteps: 6734410 episode:53 

Rewards Tr: 2.23, Rewards Disc: -0.02, Rewards Eval: -60.04, Total Timesteps: 6934410 episode:54 

Rewards Tr: 2.80, Rewards Disc: -0.01, Rewards Eval: -24.37, Total Timesteps: 7134410 episode:55 

Rewards Tr: 4.99, Rewards Disc: 0.07, Rewards Eval: -51.19, Total Timesteps: 7334410 episode:56 

Rewards Tr: 9.84, Rewards Disc: -0.05, Rewards Eval: -38.74, Total Timesteps: 7534410 episode:57 

Rewards Tr: 7.47, Rewards Disc: -0.01, Rewards Eval: -20.76, Total Timesteps: 7734410 episode:58 

Rewards Tr: 9.02, Rewards Disc: -0.02, Rewards Eval: -28.75, Total Timesteps: 7934410 episode:59 

Rewards Tr: 6.26, Rewards Disc: 0.07, Rewards Eval: -9.28, Total Timesteps: 8134410 episode:60 

Rewards Tr: 14.71, Rewards Disc: -0.05, Rewards Eval: -6.01, Total Timesteps: 8334410 episode:61 

Rewards Tr: 13.62, Rewards Disc: 0.05, Rewards Eval: -9.94, Total Timesteps: 8534410 episode:62 

Rewards Tr: 17.98, Rewards Disc: -0.02, Rewards Eval: -2.58, Total Timesteps: 8734410 episode:63 

Rewards Tr: 14.04, Rewards Disc: 0.02, Rewards Eval: -22.77, Total Timesteps: 8934410 episode:64 

Rewards Tr: 24.05, Rewards Disc: -0.04, Rewards Eval: 30.85, Total Timesteps: 9134410 episode:65 

Rewards Tr: 21.56, Rewards Disc: -0.00, Rewards Eval: 39.69, Total Timesteps: 9334410 episode:66 

Rewards Tr: 29.39, Rewards Disc: -0.06, Rewards Eval: -1.04, Total Timesteps: 9534410 episode:67 

Rewards Tr: 26.66, Rewards Disc: 0.03, Rewards Eval: -7.45, Total Timesteps: 9734410 episode:68 

Rewards Tr: 25.02, Rewards Disc: 0.03, Rewards Eval: 3.01, Total Timesteps: 9934410 episode:69 

Rewards Tr: 30.85, Rewards Disc: -0.02, Rewards Eval: 27.22, Total Timesteps: 10134410 episode:70 

Rewards Tr: 33.67, Rewards Disc: -0.01, Rewards Eval: 31.77, Total Timesteps: 10334410 episode:71 

Rewards Tr: 30.57, Rewards Disc: 0.01, Rewards Eval: 41.09, Total Timesteps: 10534410 episode:72 

Rewards Tr: 37.31, Rewards Disc: 0.00, Rewards Eval: 23.64, Total Timesteps: 10734410 episode:73 

Rewards Tr: 35.08, Rewards Disc: 0.04, Rewards Eval: 17.74, Total Timesteps: 10934410 episode:74 

Rewards Tr: 36.25, Rewards Disc: 0.00, Rewards Eval: 24.56, Total Timesteps: 11134410 episode:75 

Rewards Tr: 41.82, Rewards Disc: -0.06, Rewards Eval: 26.40, Total Timesteps: 11334410 episode:76 

Rewards Tr: 42.16, Rewards Disc: -0.02, Rewards Eval: 35.06, Total Timesteps: 11534410 episode:77 

Rewards Tr: 45.99, Rewards Disc: 0.01, Rewards Eval: 38.58, Total Timesteps: 11734410 episode:78 

Rewards Tr: 47.00, Rewards Disc: 0.03, Rewards Eval: 26.68, Total Timesteps: 11934410 episode:79 

Rewards Tr: 52.96, Rewards Disc: -0.08, Rewards Eval: 41.80, Total Timesteps: 12134410 episode:80 

Rewards Tr: 57.34, Rewards Disc: -0.06, Rewards Eval: 48.83, Total Timesteps: 12334410 episode:81 

Rewards Tr: 48.34, Rewards Disc: 0.08, Rewards Eval: 77.24, Total Timesteps: 12534410 episode:82 

Rewards Tr: 55.25, Rewards Disc: 0.03, Rewards Eval: 33.70, Total Timesteps: 12734410 episode:83 

Rewards Tr: 64.03, Rewards Disc: -0.00, Rewards Eval: 39.36, Total Timesteps: 12934410 episode:84 

Rewards Tr: 64.96, Rewards Disc: 0.00, Rewards Eval: 34.83, Total Timesteps: 13134410 episode:85 

Rewards Tr: 66.82, Rewards Disc: 0.03, Rewards Eval: 55.76, Total Timesteps: 13334410 episode:86 

Rewards Tr: 69.25, Rewards Disc: 0.07, Rewards Eval: 64.97, Total Timesteps: 13534410 episode:87 

Rewards Tr: 79.79, Rewards Disc: -0.03, Rewards Eval: 63.52, Total Timesteps: 13734410 episode:88 

Rewards Tr: 84.36, Rewards Disc: -0.01, Rewards Eval: 65.82, Total Timesteps: 13934410 episode:89 

Rewards Tr: 89.43, Rewards Disc: 0.01, Rewards Eval: 80.44, Total Timesteps: 14134410 episode:90 

Rewards Tr: 92.42, Rewards Disc: -0.01, Rewards Eval: 89.13, Total Timesteps: 14334410 episode:91 

Rewards Tr: 98.62, Rewards Disc: -0.00, Rewards Eval: 70.01, Total Timesteps: 14534410 episode:92 

Rewards Tr: 101.58, Rewards Disc: 0.00, Rewards Eval: 99.73, Total Timesteps: 14734410 episode:93 

Rewards Tr: 81.63, Rewards Disc: 0.26, Rewards Eval: 83.67, Total Timesteps: 14934410 episode:94 

Rewards Tr: 87.89, Rewards Disc: 0.20, Rewards Eval: 88.05, Total Timesteps: 15134410 episode:95 

Rewards Tr: 92.89, Rewards Disc: 0.19, Rewards Eval: 98.90, Total Timesteps: 15334410 episode:96 

Rewards Tr: 98.48, Rewards Disc: 0.18, Rewards Eval: 94.59, Total Timesteps: 15534410 episode:97 

Rewards Tr: 96.24, Rewards Disc: 0.29, Rewards Eval: 76.78, Total Timesteps: 15734410 episode:98 

Rewards Tr: 102.67, Rewards Disc: 0.22, Rewards Eval: 89.59, Total Timesteps: 15934410 episode:99 

Rewards Tr: 107.32, Rewards Disc: 0.18, Rewards Eval: 92.30, Total Timesteps: 16134410 episode:100 

Rewards Tr: 105.29, Rewards Disc: 0.24, Rewards Eval: 105.92, Total Timesteps: 16334410 episode:101 

Rewards Tr: 113.60, Rewards Disc: 0.20, Rewards Eval: 107.32, Total Timesteps: 16534410 episode:102 

Rewards Tr: 111.78, Rewards Disc: 0.22, Rewards Eval: 120.64, Total Timesteps: 16734410 episode:103 

Rewards Tr: 116.07, Rewards Disc: 0.12, Rewards Eval: 110.00, Total Timesteps: 16934410 episode:104 

Rewards Tr: 106.85, Rewards Disc: 0.28, Rewards Eval: 121.27, Total Timesteps: 17134410 episode:105 

Rewards Tr: 105.53, Rewards Disc: 0.30, Rewards Eval: 100.73, Total Timesteps: 17334410 episode:106 

Rewards Tr: 90.68, Rewards Disc: 0.48, Rewards Eval: 127.35, Total Timesteps: 17534410 episode:107 

Rewards Tr: 85.67, Rewards Disc: 0.52, Rewards Eval: 98.66, Total Timesteps: 17734410 episode:108 

Rewards Tr: 79.81, Rewards Disc: 0.66, Rewards Eval: 109.18, Total Timesteps: 17934410 episode:109 

Rewards Tr: 75.13, Rewards Disc: 0.64, Rewards Eval: 104.03, Total Timesteps: 18134410 episode:110 

Rewards Tr: 92.22, Rewards Disc: 0.43, Rewards Eval: 109.25, Total Timesteps: 18334410 episode:111 

Rewards Tr: 85.53, Rewards Disc: 0.41, Rewards Eval: 119.53, Total Timesteps: 18534410 episode:112 

Rewards Tr: 81.16, Rewards Disc: 0.43, Rewards Eval: 89.97, Total Timesteps: 18734410 episode:113 

Rewards Tr: 96.05, Rewards Disc: 0.27, Rewards Eval: 83.47, Total Timesteps: 18934410 episode:114 

Rewards Tr: 86.22, Rewards Disc: 0.29, Rewards Eval: 92.30, Total Timesteps: 19134410 episode:115 

Rewards Tr: 100.47, Rewards Disc: 0.03, Rewards Eval: 35.09, Total Timesteps: 19334410 episode:116 

Rewards Tr: 91.28, Rewards Disc: -0.03, Rewards Eval: 27.28, Total Timesteps: 19534410 episode:117 

Rewards Tr: 85.61, Rewards Disc: -0.10, Rewards Eval: 32.25, Total Timesteps: 19734410 episode:118 

Rewards Tr: 97.47, Rewards Disc: -0.44, Rewards Eval: -38.75, Total Timesteps: 19934410 episode:119 

Rewards Tr: 84.70, Rewards Disc: -0.50, Rewards Eval: -55.34, Total Timesteps: 20134410 episode:120 

Rewards Tr: 78.06, Rewards Disc: -0.75, Rewards Eval: -91.08, Total Timesteps: 20334410 episode:121 

Rewards Tr: 71.10, Rewards Disc: -0.87, Rewards Eval: -140.27, Total Timesteps: 20534410 episode:122 

Rewards Tr: 61.95, Rewards Disc: -0.92, Rewards Eval: -64.55, Total Timesteps: 20734410 episode:123 

Rewards Tr: 66.22, Rewards Disc: -1.01, Rewards Eval: -96.67, Total Timesteps: 20934410 episode:124 

Rewards Tr: 63.52, Rewards Disc: -0.95, Rewards Eval: -74.82, Total Timesteps: 21134410 episode:125 

Rewards Tr: 72.77, Rewards Disc: -0.93, Rewards Eval: -53.06, Total Timesteps: 21334410 episode:126 

Rewards Tr: 69.01, Rewards Disc: -0.62, Rewards Eval: -31.77, Total Timesteps: 21534410 episode:127 

Rewards Tr: 60.57, Rewards Disc: -0.30, Rewards Eval: 47.54, Total Timesteps: 21734410 episode:128 

Rewards Tr: 45.70, Rewards Disc: 0.10, Rewards Eval: 53.11, Total Timesteps: 21934410 episode:129 

Rewards Tr: 60.33, Rewards Disc: 0.18, Rewards Eval: 46.32, Total Timesteps: 22134410 episode:130 

Rewards Tr: 83.61, Rewards Disc: 0.10, Rewards Eval: 84.63, Total Timesteps: 22334410 episode:131 

Rewards Tr: 87.70, Rewards Disc: 0.19, Rewards Eval: 82.99, Total Timesteps: 22534410 episode:132 

Rewards Tr: 112.91, Rewards Disc: 0.08, Rewards Eval: 96.97, Total Timesteps: 22734410 episode:133 

Rewards Tr: 124.85, Rewards Disc: 0.06, Rewards Eval: 112.62, Total Timesteps: 22934410 episode:134 

Rewards Tr: 136.51, Rewards Disc: 0.02, Rewards Eval: 119.85, Total Timesteps: 23134410 episode:135 

Rewards Tr: 134.05, Rewards Disc: 0.14, Rewards Eval: 135.44, Total Timesteps: 23334410 episode:136 

Rewards Tr: 144.52, Rewards Disc: 0.05, Rewards Eval: 145.67, Total Timesteps: 23534410 episode:137 

Rewards Tr: 151.20, Rewards Disc: 0.01, Rewards Eval: 113.90, Total Timesteps: 23734410 episode:138 

Rewards Tr: 146.88, Rewards Disc: 0.08, Rewards Eval: 195.12, Total Timesteps: 23934410 episode:139 

Rewards Tr: 146.47, Rewards Disc: 0.15, Rewards Eval: 121.44, Total Timesteps: 24134410 episode:140 

Rewards Tr: 152.18, Rewards Disc: 0.05, Rewards Eval: 127.72, Total Timesteps: 24334410 episode:141 

Rewards Tr: 146.65, Rewards Disc: 0.15, Rewards Eval: 160.00, Total Timesteps: 24534410 episode:142 

Rewards Tr: 144.72, Rewards Disc: 0.13, Rewards Eval: 121.18, Total Timesteps: 24734410 episode:143 

Rewards Tr: 146.77, Rewards Disc: 0.16, Rewards Eval: 135.93, Total Timesteps: 24934410 episode:144 

Rewards Tr: 147.99, Rewards Disc: 0.10, Rewards Eval: 128.50, Total Timesteps: 25134410 episode:145 

Rewards Tr: 149.49, Rewards Disc: 0.08, Rewards Eval: 156.19, Total Timesteps: 25334410 episode:146 

Rewards Tr: 148.87, Rewards Disc: 0.14, Rewards Eval: 153.31, Total Timesteps: 25534410 episode:147 

Rewards Tr: 153.88, Rewards Disc: 0.05, Rewards Eval: 186.50, Total Timesteps: 25734410 episode:148 

Rewards Tr: 153.07, Rewards Disc: 0.09, Rewards Eval: 176.32, Total Timesteps: 25934410 episode:149 

Rewards Tr: 148.45, Rewards Disc: 0.16, Rewards Eval: 136.80, Total Timesteps: 26134410 episode:150 

Rewards Tr: 154.09, Rewards Disc: 0.09, Rewards Eval: 121.65, Total Timesteps: 26334410 episode:151 

Rewards Tr: 152.40, Rewards Disc: 0.09, Rewards Eval: 129.71, Total Timesteps: 26534410 episode:152 

Rewards Tr: 161.43, Rewards Disc: 0.04, Rewards Eval: 170.63, Total Timesteps: 26734410 episode:153 

Rewards Tr: 154.75, Rewards Disc: 0.05, Rewards Eval: 113.55, Total Timesteps: 26934410 episode:154 

Rewards Tr: 154.95, Rewards Disc: 0.04, Rewards Eval: 165.41, Total Timesteps: 27134410 episode:155 

Rewards Tr: 159.40, Rewards Disc: -0.03, Rewards Eval: 144.39, Total Timesteps: 27334410 episode:156 

Rewards Tr: 157.67, Rewards Disc: 0.04, Rewards Eval: 156.20, Total Timesteps: 27534410 episode:157 

Rewards Tr: 158.51, Rewards Disc: 0.02, Rewards Eval: 138.92, Total Timesteps: 27734410 episode:158 

Rewards Tr: 153.49, Rewards Disc: 0.07, Rewards Eval: 159.13, Total Timesteps: 27934410 episode:159 

Rewards Tr: 155.28, Rewards Disc: 0.05, Rewards Eval: 179.42, Total Timesteps: 28134410 episode:160 

Rewards Tr: 156.94, Rewards Disc: 0.03, Rewards Eval: 124.30, Total Timesteps: 28334410 episode:161 

Rewards Tr: 157.17, Rewards Disc: 0.04, Rewards Eval: 148.10, Total Timesteps: 28534410 episode:162 

Rewards Tr: 160.08, Rewards Disc: 0.02, Rewards Eval: 155.52, Total Timesteps: 28734410 episode:163 

Rewards Tr: 163.14, Rewards Disc: -0.08, Rewards Eval: 190.32, Total Timesteps: 28934410 episode:164 

Rewards Tr: 157.24, Rewards Disc: 0.04, Rewards Eval: 139.93, Total Timesteps: 29134410 episode:165 

Rewards Tr: 157.27, Rewards Disc: 0.05, Rewards Eval: 174.61, Total Timesteps: 29334410 episode:166 

Rewards Tr: 159.40, Rewards Disc: 0.02, Rewards Eval: 183.09, Total Timesteps: 29534410 episode:167 

Rewards Tr: 162.32, Rewards Disc: 0.06, Rewards Eval: 148.81, Total Timesteps: 29734410 episode:168 

Rewards Tr: 160.94, Rewards Disc: 0.02, Rewards Eval: 127.74, Total Timesteps: 29934410 episode:169 

Rewards Tr: 159.74, Rewards Disc: 0.05, Rewards Eval: 179.12, Total Timesteps: 30134410 episode:170 

Rewards Tr: 161.03, Rewards Disc: 0.04, Rewards Eval: 130.82, Total Timesteps: 30334410 episode:171 

Rewards Tr: 159.86, Rewards Disc: 0.08, Rewards Eval: 153.21, Total Timesteps: 30534410 episode:172 

Rewards Tr: 157.92, Rewards Disc: 0.07, Rewards Eval: 183.00, Total Timesteps: 30734410 episode:173 

Rewards Tr: 162.72, Rewards Disc: 0.05, Rewards Eval: 145.91, Total Timesteps: 30934410 episode:174 

Rewards Tr: 161.56, Rewards Disc: 0.07, Rewards Eval: 153.48, Total Timesteps: 31134410 episode:175 

Rewards Tr: 168.94, Rewards Disc: 0.03, Rewards Eval: 132.44, Total Timesteps: 31334410 episode:176 

Rewards Tr: 157.24, Rewards Disc: 0.12, Rewards Eval: 140.19, Total Timesteps: 31534410 episode:177 

Rewards Tr: 158.92, Rewards Disc: 0.07, Rewards Eval: 137.50, Total Timesteps: 31734410 episode:178 

Rewards Tr: 165.30, Rewards Disc: 0.03, Rewards Eval: 147.68, Total Timesteps: 31934410 episode:179 

Rewards Tr: 163.43, Rewards Disc: 0.06, Rewards Eval: 158.24, Total Timesteps: 32134410 episode:180 

Rewards Tr: 168.90, Rewards Disc: -0.03, Rewards Eval: 173.68, Total Timesteps: 32334410 episode:181 

Rewards Tr: 167.80, Rewards Disc: -0.02, Rewards Eval: 156.15, Total Timesteps: 32534410 episode:182 

Rewards Tr: 167.32, Rewards Disc: -0.01, Rewards Eval: 179.73, Total Timesteps: 32734410 episode:183 

Rewards Tr: 165.05, Rewards Disc: 0.05, Rewards Eval: 128.45, Total Timesteps: 32934410 episode:184 

Rewards Tr: 166.80, Rewards Disc: 0.01, Rewards Eval: 162.69, Total Timesteps: 33134410 episode:185 

Rewards Tr: 168.75, Rewards Disc: 0.01, Rewards Eval: 141.15, Total Timesteps: 33334410 episode:186 

Rewards Tr: 157.68, Rewards Disc: 0.09, Rewards Eval: 141.41, Total Timesteps: 33534410 episode:187 

Rewards Tr: 166.88, Rewards Disc: -0.01, Rewards Eval: 159.37, Total Timesteps: 33734410 episode:188 

Rewards Tr: 162.88, Rewards Disc: 0.03, Rewards Eval: 137.13, Total Timesteps: 33934410 episode:189 

Rewards Tr: 170.07, Rewards Disc: 0.01, Rewards Eval: 183.40, Total Timesteps: 34134410 episode:190 

Rewards Tr: 168.05, Rewards Disc: 0.00, Rewards Eval: 143.22, Total Timesteps: 34334410 episode:191 

Rewards Tr: 165.18, Rewards Disc: 0.06, Rewards Eval: 151.25, Total Timesteps: 34534410 episode:192 

Rewards Tr: 166.54, Rewards Disc: 0.03, Rewards Eval: 135.39, Total Timesteps: 34734410 episode:193 

Rewards Tr: 164.78, Rewards Disc: 0.03, Rewards Eval: 175.56, Total Timesteps: 34934410 episode:194 

Rewards Tr: 167.73, Rewards Disc: 0.01, Rewards Eval: 151.73, Total Timesteps: 35134410 episode:195 

Rewards Tr: 167.62, Rewards Disc: 0.00, Rewards Eval: 165.34, Total Timesteps: 35334410 episode:196 

Rewards Tr: 170.69, Rewards Disc: 0.01, Rewards Eval: 163.25, Total Timesteps: 35534410 episode:197 

Rewards Tr: 167.03, Rewards Disc: 0.06, Rewards Eval: 189.16, Total Timesteps: 35734410 episode:198 

Rewards Tr: 161.89, Rewards Disc: 0.08, Rewards Eval: 136.58, Total Timesteps: 35934410 episode:199 

Elapsed Time: 1113.6 minutes 

