For Seed: 1 

Rewards Tr: -1365.82, Rewards Eval: -984.70, Total Timesteps: 33280 episode:0 

Rewards Tr: -905.77, Rewards Eval: -611.97, Total Timesteps: 64570 episode:1 

Rewards Tr: -650.15, Rewards Eval: -625.11, Total Timesteps: 96580 episode:2 

Rewards Tr: -602.56, Rewards Eval: -400.30, Total Timesteps: 132090 episode:3 

Rewards Tr: -519.34, Rewards Eval: -502.36, Total Timesteps: 170360 episode:4 

Rewards Tr: -472.15, Rewards Eval: -348.32, Total Timesteps: 213760 episode:5 

Rewards Tr: -417.42, Rewards Eval: -348.18, Total Timesteps: 259090 episode:6 

Rewards Tr: -394.44, Rewards Eval: -325.01, Total Timesteps: 309170 episode:7 

Rewards Tr: -384.46, Rewards Eval: -308.76, Total Timesteps: 379970 episode:8 

Rewards Tr: -374.30, Rewards Eval: -735.20, Total Timesteps: 467240 episode:9 

Rewards Tr: -320.06, Rewards Eval: -256.42, Total Timesteps: 560830 episode:10 

Rewards Tr: -248.87, Rewards Eval: -436.93, Total Timesteps: 645860 episode:11 

Rewards Tr: -244.72, Rewards Eval: -171.78, Total Timesteps: 754080 episode:12 

Rewards Tr: -179.65, Rewards Eval: -145.47, Total Timesteps: 856540 episode:13 

Rewards Tr: -144.08, Rewards Eval: -123.26, Total Timesteps: 953650 episode:14 

Rewards Tr: -119.66, Rewards Eval: -115.64, Total Timesteps: 1068260 episode:15 

Rewards Tr: -104.17, Rewards Eval: -84.33, Total Timesteps: 1182260 episode:16 

Rewards Tr: -73.91, Rewards Eval: -40.66, Total Timesteps: 1287270 episode:17 

Rewards Tr: -77.67, Rewards Eval: -31.38, Total Timesteps: 1381310 episode:18 

Rewards Tr: -57.48, Rewards Eval: -9.50, Total Timesteps: 1494650 episode:19 

Rewards Tr: -50.56, Rewards Eval: -39.06, Total Timesteps: 1608840 episode:20 

Rewards Tr: -51.48, Rewards Eval: -7.93, Total Timesteps: 1741660 episode:21 

Rewards Tr: -38.76, Rewards Eval: 3.72, Total Timesteps: 1853010 episode:22 

Rewards Tr: -28.67, Rewards Eval: -19.45, Total Timesteps: 1965890 episode:23 

Rewards Tr: -22.20, Rewards Eval: -35.56, Total Timesteps: 2084970 episode:24 

Rewards Tr: -18.31, Rewards Eval: -36.35, Total Timesteps: 2199370 episode:25 

Rewards Tr: -20.98, Rewards Eval: -20.24, Total Timesteps: 2356960 episode:26 

Rewards Tr: -18.28, Rewards Eval: -6.01, Total Timesteps: 2517880 episode:27 

Rewards Tr: -8.92, Rewards Eval: 11.29, Total Timesteps: 2686130 episode:28 

Rewards Tr: -7.95, Rewards Eval: -26.04, Total Timesteps: 2824470 episode:29 

Rewards Tr: -2.00, Rewards Eval: -20.11, Total Timesteps: 3001150 episode:30 

Rewards Tr: -11.70, Rewards Eval: -14.62, Total Timesteps: 3191520 episode:31 

Rewards Tr: -2.29, Rewards Eval: -5.27, Total Timesteps: 3374140 episode:32 

Rewards Tr: -2.80, Rewards Eval: -1.15, Total Timesteps: 3568990 episode:33 

Rewards Tr: -8.22, Rewards Eval: 19.20, Total Timesteps: 3765090 episode:34 

Rewards Tr: -10.08, Rewards Eval: -11.87, Total Timesteps: 3965090 episode:35 

Rewards Tr: -17.56, Rewards Eval: 0.84, Total Timesteps: 4165090 episode:36 

Rewards Tr: -21.79, Rewards Eval: 12.24, Total Timesteps: 4365090 episode:37 

Rewards Tr: -20.18, Rewards Eval: -24.46, Total Timesteps: 4565090 episode:38 

Rewards Tr: -17.32, Rewards Eval: 7.94, Total Timesteps: 4765090 episode:39 

Rewards Tr: -14.91, Rewards Eval: -23.19, Total Timesteps: 4965090 episode:40 

Rewards Tr: -11.25, Rewards Eval: -6.86, Total Timesteps: 5165090 episode:41 

Rewards Tr: -13.56, Rewards Eval: -36.79, Total Timesteps: 5365090 episode:42 

Rewards Tr: -16.34, Rewards Eval: -17.51, Total Timesteps: 5565090 episode:43 

Rewards Tr: -8.47, Rewards Eval: -71.30, Total Timesteps: 5765090 episode:44 

Rewards Tr: -8.39, Rewards Eval: -16.51, Total Timesteps: 5965090 episode:45 

Rewards Tr: 4.50, Rewards Eval: -34.46, Total Timesteps: 6165090 episode:46 

Rewards Tr: -0.20, Rewards Eval: -11.17, Total Timesteps: 6365090 episode:47 

Rewards Tr: 4.51, Rewards Eval: -25.96, Total Timesteps: 6565090 episode:48 

Rewards Tr: 3.74, Rewards Eval: 26.56, Total Timesteps: 6765090 episode:49 

Rewards Tr: 5.06, Rewards Eval: 26.58, Total Timesteps: 6965090 episode:50 

Rewards Tr: 8.04, Rewards Eval: -25.79, Total Timesteps: 7165090 episode:51 

Rewards Tr: 7.58, Rewards Eval: 22.82, Total Timesteps: 7365090 episode:52 

Rewards Tr: 13.21, Rewards Eval: 4.44, Total Timesteps: 7565090 episode:53 

Rewards Tr: 8.86, Rewards Eval: 5.00, Total Timesteps: 7765090 episode:54 

Rewards Tr: 11.60, Rewards Eval: -3.38, Total Timesteps: 7965090 episode:55 

Rewards Tr: 17.01, Rewards Eval: 15.23, Total Timesteps: 8165090 episode:56 

Rewards Tr: 13.38, Rewards Eval: 32.42, Total Timesteps: 8365090 episode:57 

Rewards Tr: 13.00, Rewards Eval: -27.70, Total Timesteps: 8565090 episode:58 

Rewards Tr: 19.72, Rewards Eval: 30.85, Total Timesteps: 8765090 episode:59 

Rewards Tr: 12.86, Rewards Eval: 21.83, Total Timesteps: 8965090 episode:60 

Rewards Tr: 16.57, Rewards Eval: 24.78, Total Timesteps: 9165090 episode:61 

Rewards Tr: 27.72, Rewards Eval: 53.30, Total Timesteps: 9365090 episode:62 

Rewards Tr: 29.05, Rewards Eval: 28.02, Total Timesteps: 9565090 episode:63 

Rewards Tr: 27.60, Rewards Eval: 28.17, Total Timesteps: 9765090 episode:64 

Rewards Tr: 31.54, Rewards Eval: -5.85, Total Timesteps: 9965090 episode:65 

Rewards Tr: 29.94, Rewards Eval: 37.97, Total Timesteps: 10165090 episode:66 

Rewards Tr: 28.49, Rewards Eval: 6.80, Total Timesteps: 10365090 episode:67 

Rewards Tr: 34.79, Rewards Eval: 45.56, Total Timesteps: 10565090 episode:68 

Rewards Tr: 31.07, Rewards Eval: 24.24, Total Timesteps: 10765090 episode:69 

Rewards Tr: 34.25, Rewards Eval: 19.56, Total Timesteps: 10965090 episode:70 

Rewards Tr: 36.61, Rewards Eval: 34.91, Total Timesteps: 11165090 episode:71 

Rewards Tr: 36.93, Rewards Eval: 61.18, Total Timesteps: 11365090 episode:72 

Rewards Tr: 46.50, Rewards Eval: 56.63, Total Timesteps: 11565090 episode:73 

Rewards Tr: 46.73, Rewards Eval: 64.31, Total Timesteps: 11765090 episode:74 

Rewards Tr: 46.01, Rewards Eval: 58.02, Total Timesteps: 11965090 episode:75 

Rewards Tr: 49.20, Rewards Eval: 54.24, Total Timesteps: 12165090 episode:76 

Rewards Tr: 44.34, Rewards Eval: 30.89, Total Timesteps: 12365090 episode:77 

Rewards Tr: 52.33, Rewards Eval: 75.27, Total Timesteps: 12565090 episode:78 

Rewards Tr: 58.12, Rewards Eval: 79.21, Total Timesteps: 12765090 episode:79 

Rewards Tr: 56.36, Rewards Eval: 52.76, Total Timesteps: 12965090 episode:80 

Rewards Tr: 59.25, Rewards Eval: 83.40, Total Timesteps: 13165090 episode:81 

Rewards Tr: 59.32, Rewards Eval: 39.72, Total Timesteps: 13365090 episode:82 

Rewards Tr: 63.54, Rewards Eval: 89.68, Total Timesteps: 13565090 episode:83 

Rewards Tr: 64.99, Rewards Eval: 33.19, Total Timesteps: 13765090 episode:84 

Rewards Tr: 65.63, Rewards Eval: 97.06, Total Timesteps: 13965090 episode:85 

Rewards Tr: 66.68, Rewards Eval: 63.66, Total Timesteps: 14165090 episode:86 

Rewards Tr: 62.62, Rewards Eval: 66.31, Total Timesteps: 14365090 episode:87 

Rewards Tr: 68.84, Rewards Eval: 52.83, Total Timesteps: 14565090 episode:88 

Rewards Tr: 71.92, Rewards Eval: 75.95, Total Timesteps: 14765090 episode:89 

Rewards Tr: 76.09, Rewards Eval: 71.24, Total Timesteps: 14965090 episode:90 

Rewards Tr: 73.82, Rewards Eval: 89.65, Total Timesteps: 15165090 episode:91 

Rewards Tr: 78.79, Rewards Eval: 115.13, Total Timesteps: 15365090 episode:92 

Rewards Tr: 78.61, Rewards Eval: 85.28, Total Timesteps: 15565090 episode:93 

Rewards Tr: 78.05, Rewards Eval: 85.90, Total Timesteps: 15765090 episode:94 

Rewards Tr: 83.81, Rewards Eval: 86.09, Total Timesteps: 15965090 episode:95 

Rewards Tr: 83.03, Rewards Eval: 78.68, Total Timesteps: 16165090 episode:96 

Rewards Tr: 84.98, Rewards Eval: 89.52, Total Timesteps: 16365090 episode:97 

Rewards Tr: 80.53, Rewards Eval: 85.82, Total Timesteps: 16565090 episode:98 

Rewards Tr: 96.91, Rewards Eval: 85.28, Total Timesteps: 16765090 episode:99 

Rewards Tr: 88.78, Rewards Eval: 80.64, Total Timesteps: 16965090 episode:100 

Rewards Tr: 95.76, Rewards Eval: 104.86, Total Timesteps: 17165090 episode:101 

Rewards Tr: 92.95, Rewards Eval: 96.50, Total Timesteps: 17365090 episode:102 

Rewards Tr: 96.94, Rewards Eval: 111.78, Total Timesteps: 17565090 episode:103 

Rewards Tr: 101.30, Rewards Eval: 101.55, Total Timesteps: 17765090 episode:104 

Rewards Tr: 103.87, Rewards Eval: 77.94, Total Timesteps: 17965090 episode:105 

Rewards Tr: 113.32, Rewards Eval: 97.14, Total Timesteps: 18165090 episode:106 

Rewards Tr: 114.25, Rewards Eval: 126.24, Total Timesteps: 18365090 episode:107 

Rewards Tr: 117.63, Rewards Eval: 93.98, Total Timesteps: 18565090 episode:108 

Rewards Tr: 117.14, Rewards Eval: 144.48, Total Timesteps: 18765090 episode:109 

Rewards Tr: 125.70, Rewards Eval: 131.46, Total Timesteps: 18965090 episode:110 

Rewards Tr: 126.53, Rewards Eval: 131.06, Total Timesteps: 19165090 episode:111 

Rewards Tr: 128.79, Rewards Eval: 135.81, Total Timesteps: 19365090 episode:112 

Rewards Tr: 135.08, Rewards Eval: 165.41, Total Timesteps: 19565090 episode:113 

Rewards Tr: 136.61, Rewards Eval: 148.96, Total Timesteps: 19765090 episode:114 

Rewards Tr: 140.57, Rewards Eval: 105.05, Total Timesteps: 19965090 episode:115 

Rewards Tr: 135.53, Rewards Eval: 142.90, Total Timesteps: 20165090 episode:116 

Rewards Tr: 143.87, Rewards Eval: 171.56, Total Timesteps: 20365090 episode:117 

Rewards Tr: 143.75, Rewards Eval: 164.23, Total Timesteps: 20565090 episode:118 

Rewards Tr: 144.75, Rewards Eval: 164.19, Total Timesteps: 20765090 episode:119 

Rewards Tr: 149.46, Rewards Eval: 154.01, Total Timesteps: 20965090 episode:120 

Rewards Tr: 145.41, Rewards Eval: 139.27, Total Timesteps: 21165090 episode:121 

Rewards Tr: 151.56, Rewards Eval: 159.46, Total Timesteps: 21365090 episode:122 

Rewards Tr: 150.15, Rewards Eval: 194.73, Total Timesteps: 21565090 episode:123 

Rewards Tr: 151.92, Rewards Eval: 160.67, Total Timesteps: 21765090 episode:124 

Rewards Tr: 155.43, Rewards Eval: 184.71, Total Timesteps: 21965090 episode:125 

Rewards Tr: 158.48, Rewards Eval: 149.54, Total Timesteps: 22165090 episode:126 

Rewards Tr: 154.89, Rewards Eval: 195.20, Total Timesteps: 22365090 episode:127 

Rewards Tr: 158.84, Rewards Eval: 144.67, Total Timesteps: 22565090 episode:128 

Rewards Tr: 161.70, Rewards Eval: 167.87, Total Timesteps: 22765090 episode:129 

Rewards Tr: 161.18, Rewards Eval: 133.43, Total Timesteps: 22965090 episode:130 

Rewards Tr: 164.69, Rewards Eval: 141.72, Total Timesteps: 23165090 episode:131 

Rewards Tr: 167.83, Rewards Eval: 156.71, Total Timesteps: 23365090 episode:132 

Rewards Tr: 158.16, Rewards Eval: 181.95, Total Timesteps: 23565090 episode:133 

Rewards Tr: 170.85, Rewards Eval: 155.48, Total Timesteps: 23765090 episode:134 

Rewards Tr: 173.76, Rewards Eval: 157.47, Total Timesteps: 23965090 episode:135 

Rewards Tr: 170.51, Rewards Eval: 161.07, Total Timesteps: 24165090 episode:136 

Rewards Tr: 167.90, Rewards Eval: 200.56, Total Timesteps: 24365090 episode:137 

Rewards Tr: 165.28, Rewards Eval: 152.30, Total Timesteps: 24565090 episode:138 

Rewards Tr: 167.86, Rewards Eval: 155.46, Total Timesteps: 24765090 episode:139 

Rewards Tr: 173.76, Rewards Eval: 190.78, Total Timesteps: 24965090 episode:140 

Rewards Tr: 173.76, Rewards Eval: 170.98, Total Timesteps: 25165090 episode:141 

Rewards Tr: 173.22, Rewards Eval: 179.54, Total Timesteps: 25365090 episode:142 

Rewards Tr: 166.80, Rewards Eval: 183.53, Total Timesteps: 25565090 episode:143 

Rewards Tr: 166.05, Rewards Eval: 168.15, Total Timesteps: 25765090 episode:144 

Rewards Tr: 172.40, Rewards Eval: 158.51, Total Timesteps: 25965090 episode:145 

Rewards Tr: 166.53, Rewards Eval: 147.02, Total Timesteps: 26165090 episode:146 

Rewards Tr: 174.58, Rewards Eval: 152.58, Total Timesteps: 26365090 episode:147 

Rewards Tr: 170.17, Rewards Eval: 152.32, Total Timesteps: 26565090 episode:148 

Rewards Tr: 169.78, Rewards Eval: 155.62, Total Timesteps: 26765090 episode:149 

Rewards Tr: 176.92, Rewards Eval: 185.70, Total Timesteps: 26965090 episode:150 

Rewards Tr: 171.63, Rewards Eval: 168.13, Total Timesteps: 27165090 episode:151 

Rewards Tr: 173.83, Rewards Eval: 193.29, Total Timesteps: 27365090 episode:152 

Rewards Tr: 174.17, Rewards Eval: 152.22, Total Timesteps: 27565090 episode:153 

Rewards Tr: 177.56, Rewards Eval: 177.35, Total Timesteps: 27765090 episode:154 

Rewards Tr: 169.50, Rewards Eval: 188.74, Total Timesteps: 27965090 episode:155 

Rewards Tr: 176.69, Rewards Eval: 171.57, Total Timesteps: 28165090 episode:156 

Rewards Tr: 176.42, Rewards Eval: 181.50, Total Timesteps: 28365090 episode:157 

Rewards Tr: 175.60, Rewards Eval: 179.20, Total Timesteps: 28565090 episode:158 

Rewards Tr: 173.48, Rewards Eval: 188.22, Total Timesteps: 28765090 episode:159 

Rewards Tr: 175.42, Rewards Eval: 175.25, Total Timesteps: 28965090 episode:160 

Rewards Tr: 175.41, Rewards Eval: 173.74, Total Timesteps: 29165090 episode:161 

Rewards Tr: 178.23, Rewards Eval: 171.70, Total Timesteps: 29365090 episode:162 

Rewards Tr: 175.44, Rewards Eval: 150.22, Total Timesteps: 29565090 episode:163 

Rewards Tr: 176.35, Rewards Eval: 185.51, Total Timesteps: 29765090 episode:164 

Rewards Tr: 178.88, Rewards Eval: 181.52, Total Timesteps: 29965090 episode:165 

Rewards Tr: 174.93, Rewards Eval: 154.57, Total Timesteps: 30165090 episode:166 

Rewards Tr: 179.92, Rewards Eval: 190.60, Total Timesteps: 30365090 episode:167 

Rewards Tr: 178.01, Rewards Eval: 181.89, Total Timesteps: 30565090 episode:168 

Rewards Tr: 180.87, Rewards Eval: 172.60, Total Timesteps: 30765090 episode:169 

Rewards Tr: 178.97, Rewards Eval: 197.96, Total Timesteps: 30965090 episode:170 

Rewards Tr: 175.30, Rewards Eval: 168.13, Total Timesteps: 31165090 episode:171 

Rewards Tr: 178.95, Rewards Eval: 139.75, Total Timesteps: 31365090 episode:172 

Rewards Tr: 178.67, Rewards Eval: 211.35, Total Timesteps: 31565090 episode:173 

Rewards Tr: 180.81, Rewards Eval: 177.46, Total Timesteps: 31765090 episode:174 

Rewards Tr: 175.87, Rewards Eval: 201.01, Total Timesteps: 31965090 episode:175 

Rewards Tr: 177.01, Rewards Eval: 155.26, Total Timesteps: 32165090 episode:176 

Rewards Tr: 180.70, Rewards Eval: 168.94, Total Timesteps: 32365090 episode:177 

Rewards Tr: 184.11, Rewards Eval: 151.66, Total Timesteps: 32565090 episode:178 

Rewards Tr: 174.67, Rewards Eval: 167.17, Total Timesteps: 32765090 episode:179 

Rewards Tr: 175.94, Rewards Eval: 185.63, Total Timesteps: 32965090 episode:180 

Rewards Tr: 181.23, Rewards Eval: 185.41, Total Timesteps: 33165090 episode:181 

Rewards Tr: 178.18, Rewards Eval: 206.79, Total Timesteps: 33365090 episode:182 

Rewards Tr: 181.10, Rewards Eval: 155.21, Total Timesteps: 33565090 episode:183 

Rewards Tr: 179.08, Rewards Eval: 173.13, Total Timesteps: 33765090 episode:184 

Rewards Tr: 178.94, Rewards Eval: 212.07, Total Timesteps: 33965090 episode:185 

Rewards Tr: 181.81, Rewards Eval: 176.86, Total Timesteps: 34165090 episode:186 

Rewards Tr: 179.64, Rewards Eval: 170.68, Total Timesteps: 34365090 episode:187 

Rewards Tr: 181.09, Rewards Eval: 177.66, Total Timesteps: 34565090 episode:188 

Rewards Tr: 181.53, Rewards Eval: 174.66, Total Timesteps: 34765090 episode:189 

Rewards Tr: 178.48, Rewards Eval: 192.51, Total Timesteps: 34965090 episode:190 

Rewards Tr: 180.71, Rewards Eval: 166.18, Total Timesteps: 35165090 episode:191 

Rewards Tr: 186.45, Rewards Eval: 186.90, Total Timesteps: 35365090 episode:192 

Rewards Tr: 182.18, Rewards Eval: 181.25, Total Timesteps: 35565090 episode:193 

Rewards Tr: 183.93, Rewards Eval: 191.44, Total Timesteps: 35765090 episode:194 

Rewards Tr: 178.84, Rewards Eval: 183.57, Total Timesteps: 35965090 episode:195 

Rewards Tr: 178.36, Rewards Eval: 178.97, Total Timesteps: 36165090 episode:196 

Rewards Tr: 180.44, Rewards Eval: 180.83, Total Timesteps: 36365090 episode:197 

Rewards Tr: 180.44, Rewards Eval: 191.30, Total Timesteps: 36565090 episode:198 

Rewards Tr: 178.10, Rewards Eval: 160.30, Total Timesteps: 36765090 episode:199 

Elapsed Time: 333.7 minutes 

