For Seed: 1 

Rewards Tr: -1006.65, Rewards Eval: -730.37, Total Timesteps: 21920 episode:0 

Rewards Tr: -769.47, Rewards Eval: -765.52, Total Timesteps: 47260 episode:1 

Rewards Tr: -564.45, Rewards Eval: -444.29, Total Timesteps: 72300 episode:2 

Rewards Tr: -467.33, Rewards Eval: -286.60, Total Timesteps: 97240 episode:3 

Rewards Tr: -390.86, Rewards Eval: -337.85, Total Timesteps: 123110 episode:4 

Rewards Tr: -334.90, Rewards Eval: -225.29, Total Timesteps: 151850 episode:5 

Rewards Tr: -290.46, Rewards Eval: -180.45, Total Timesteps: 181530 episode:6 

Rewards Tr: -252.18, Rewards Eval: -217.71, Total Timesteps: 213280 episode:7 

Rewards Tr: -199.42, Rewards Eval: -203.98, Total Timesteps: 251140 episode:8 

Rewards Tr: -188.90, Rewards Eval: -140.28, Total Timesteps: 284500 episode:9 

Rewards Tr: -155.21, Rewards Eval: -176.48, Total Timesteps: 332080 episode:10 

Rewards Tr: -142.18, Rewards Eval: -109.42, Total Timesteps: 369180 episode:11 

Rewards Tr: -143.10, Rewards Eval: -111.98, Total Timesteps: 410320 episode:12 

Rewards Tr: -118.17, Rewards Eval: -93.19, Total Timesteps: 450290 episode:13 

Rewards Tr: -105.27, Rewards Eval: -75.35, Total Timesteps: 489380 episode:14 

Rewards Tr: -105.32, Rewards Eval: -110.47, Total Timesteps: 530710 episode:15 

Rewards Tr: -96.58, Rewards Eval: -62.03, Total Timesteps: 567250 episode:16 

Rewards Tr: -89.97, Rewards Eval: -95.59, Total Timesteps: 617410 episode:17 

Rewards Tr: -82.91, Rewards Eval: -71.06, Total Timesteps: 664730 episode:18 

Rewards Tr: -73.88, Rewards Eval: -97.90, Total Timesteps: 708110 episode:19 

Rewards Tr: -83.73, Rewards Eval: -83.85, Total Timesteps: 761430 episode:20 

Rewards Tr: -75.80, Rewards Eval: -78.67, Total Timesteps: 826900 episode:21 

Rewards Tr: -75.34, Rewards Eval: -96.32, Total Timesteps: 890060 episode:22 

Rewards Tr: -70.10, Rewards Eval: -45.30, Total Timesteps: 958650 episode:23 

Rewards Tr: -73.79, Rewards Eval: -37.02, Total Timesteps: 1016630 episode:24 

Rewards Tr: -63.38, Rewards Eval: -65.50, Total Timesteps: 1069720 episode:25 

Rewards Tr: -63.19, Rewards Eval: -28.98, Total Timesteps: 1106850 episode:26 

Rewards Tr: -65.91, Rewards Eval: -30.09, Total Timesteps: 1155120 episode:27 

Rewards Tr: -59.01, Rewards Eval: -63.92, Total Timesteps: 1208770 episode:28 

Rewards Tr: -56.77, Rewards Eval: -39.15, Total Timesteps: 1258020 episode:29 

Rewards Tr: -52.37, Rewards Eval: -64.31, Total Timesteps: 1299100 episode:30 

Rewards Tr: -52.61, Rewards Eval: -58.46, Total Timesteps: 1344990 episode:31 

Rewards Tr: -49.58, Rewards Eval: -62.84, Total Timesteps: 1409380 episode:32 

Rewards Tr: -53.43, Rewards Eval: -92.03, Total Timesteps: 1457470 episode:33 

Rewards Tr: -50.60, Rewards Eval: -50.58, Total Timesteps: 1514210 episode:34 

Rewards Tr: -44.19, Rewards Eval: -61.86, Total Timesteps: 1574320 episode:35 

Rewards Tr: -46.85, Rewards Eval: -34.46, Total Timesteps: 1637830 episode:36 

Rewards Tr: -46.59, Rewards Eval: -44.28, Total Timesteps: 1709100 episode:37 

Rewards Tr: -39.34, Rewards Eval: -12.97, Total Timesteps: 1784100 episode:38 

Rewards Tr: -47.22, Rewards Eval: -31.84, Total Timesteps: 1870820 episode:39 

Rewards Tr: -43.12, Rewards Eval: -35.72, Total Timesteps: 1942120 episode:40 

Rewards Tr: -50.61, Rewards Eval: -38.31, Total Timesteps: 2032960 episode:41 

Rewards Tr: -36.08, Rewards Eval: -28.16, Total Timesteps: 2100980 episode:42 

Rewards Tr: -67.48, Rewards Eval: -12.85, Total Timesteps: 2203740 episode:43 

Rewards Tr: -88.96, Rewards Eval: -39.51, Total Timesteps: 2303740 episode:44 

Rewards Tr: -68.21, Rewards Eval: -36.86, Total Timesteps: 2412490 episode:45 

Rewards Tr: -94.89, Rewards Eval: -33.59, Total Timesteps: 2533640 episode:46 

Rewards Tr: -113.71, Rewards Eval: -499.29, Total Timesteps: 2673100 episode:47 

Rewards Tr: -122.55, Rewards Eval: -55.34, Total Timesteps: 2810730 episode:48 

Rewards Tr: -131.48, Rewards Eval: -525.61, Total Timesteps: 2959380 episode:49 

Rewards Tr: -88.79, Rewards Eval: -29.72, Total Timesteps: 3072260 episode:50 

Rewards Tr: -147.66, Rewards Eval: -573.51, Total Timesteps: 3219080 episode:51 

Rewards Tr: -165.41, Rewards Eval: -40.62, Total Timesteps: 3373980 episode:52 

Rewards Tr: -166.93, Rewards Eval: -5.36, Total Timesteps: 3540700 episode:53 

Rewards Tr: -170.15, Rewards Eval: -30.94, Total Timesteps: 3682900 episode:54 

Rewards Tr: -208.70, Rewards Eval: -382.51, Total Timesteps: 3846090 episode:55 

Rewards Tr: -181.31, Rewards Eval: -817.47, Total Timesteps: 3987680 episode:56 

Rewards Tr: -191.39, Rewards Eval: -11.12, Total Timesteps: 4154750 episode:57 

Rewards Tr: -209.53, Rewards Eval: 12.83, Total Timesteps: 4315940 episode:58 

Rewards Tr: -204.10, Rewards Eval: -487.60, Total Timesteps: 4468950 episode:59 

Rewards Tr: -201.96, Rewards Eval: -230.81, Total Timesteps: 4643470 episode:60 

Rewards Tr: -167.45, Rewards Eval: -255.25, Total Timesteps: 4801860 episode:61 

Rewards Tr: -148.84, Rewards Eval: -72.01, Total Timesteps: 4946080 episode:62 

Rewards Tr: -184.02, Rewards Eval: -319.53, Total Timesteps: 5113450 episode:63 

Rewards Tr: -165.09, Rewards Eval: -428.87, Total Timesteps: 5284150 episode:64 

Rewards Tr: -147.14, Rewards Eval: -21.94, Total Timesteps: 5447440 episode:65 

Rewards Tr: -50.84, Rewards Eval: -15.18, Total Timesteps: 5586630 episode:66 

Rewards Tr: -69.38, Rewards Eval: -10.54, Total Timesteps: 5739650 episode:67 

Rewards Tr: -71.64, Rewards Eval: -5.45, Total Timesteps: 5883950 episode:68 

Rewards Tr: -93.25, Rewards Eval: 20.51, Total Timesteps: 6018210 episode:69 

Rewards Tr: -20.56, Rewards Eval: -15.53, Total Timesteps: 6149880 episode:70 

Rewards Tr: -25.38, Rewards Eval: -6.70, Total Timesteps: 6297460 episode:71 

Rewards Tr: -19.26, Rewards Eval: 10.01, Total Timesteps: 6414840 episode:72 

Rewards Tr: -4.55, Rewards Eval: 13.03, Total Timesteps: 6536880 episode:73 

Rewards Tr: -0.47, Rewards Eval: 8.31, Total Timesteps: 6634530 episode:74 

Rewards Tr: 0.28, Rewards Eval: -18.21, Total Timesteps: 6718530 episode:75 

Rewards Tr: 3.79, Rewards Eval: -18.97, Total Timesteps: 6812080 episode:76 

Rewards Tr: 4.36, Rewards Eval: -5.12, Total Timesteps: 6953980 episode:77 

Rewards Tr: 5.81, Rewards Eval: -4.05, Total Timesteps: 7068210 episode:78 

Rewards Tr: 6.83, Rewards Eval: 7.09, Total Timesteps: 7210710 episode:79 

Rewards Tr: 7.85, Rewards Eval: 2.42, Total Timesteps: 7320520 episode:80 

Rewards Tr: 12.09, Rewards Eval: 24.35, Total Timesteps: 7458640 episode:81 

Rewards Tr: 9.97, Rewards Eval: 24.00, Total Timesteps: 7581310 episode:82 

Rewards Tr: 8.89, Rewards Eval: 18.98, Total Timesteps: 7722390 episode:83 

Rewards Tr: 13.01, Rewards Eval: 12.67, Total Timesteps: 7851200 episode:84 

Rewards Tr: 7.40, Rewards Eval: 23.21, Total Timesteps: 8000060 episode:85 

Rewards Tr: 7.19, Rewards Eval: 20.02, Total Timesteps: 8169470 episode:86 

Rewards Tr: 7.97, Rewards Eval: 37.47, Total Timesteps: 8330260 episode:87 

Rewards Tr: 9.97, Rewards Eval: 9.62, Total Timesteps: 8489160 episode:88 

Rewards Tr: 16.22, Rewards Eval: 30.44, Total Timesteps: 8657690 episode:89 

Rewards Tr: 5.82, Rewards Eval: 24.29, Total Timesteps: 8844850 episode:90 

Rewards Tr: 10.95, Rewards Eval: -10.13, Total Timesteps: 9037900 episode:91 

Rewards Tr: 12.77, Rewards Eval: 11.95, Total Timesteps: 9217270 episode:92 

Rewards Tr: 6.96, Rewards Eval: -15.38, Total Timesteps: 9403580 episode:93 

Rewards Tr: 4.82, Rewards Eval: -5.24, Total Timesteps: 9603580 episode:94 

Rewards Tr: 4.24, Rewards Eval: -20.48, Total Timesteps: 9796630 episode:95 

Rewards Tr: 0.67, Rewards Eval: -39.37, Total Timesteps: 9996630 episode:96 

Rewards Tr: -7.94, Rewards Eval: 13.79, Total Timesteps: 10196630 episode:97 

Rewards Tr: -1.82, Rewards Eval: -8.28, Total Timesteps: 10396630 episode:98 

Rewards Tr: -5.89, Rewards Eval: 13.08, Total Timesteps: 10596630 episode:99 

Rewards Tr: -2.26, Rewards Eval: -24.81, Total Timesteps: 10796630 episode:100 

Rewards Tr: -7.92, Rewards Eval: -30.04, Total Timesteps: 10996630 episode:101 

Rewards Tr: -9.31, Rewards Eval: 12.63, Total Timesteps: 11196630 episode:102 

Rewards Tr: -16.26, Rewards Eval: 33.93, Total Timesteps: 11396630 episode:103 

Rewards Tr: -16.63, Rewards Eval: -15.89, Total Timesteps: 11596630 episode:104 

Rewards Tr: -20.28, Rewards Eval: 12.31, Total Timesteps: 11796630 episode:105 

Rewards Tr: -11.55, Rewards Eval: -16.40, Total Timesteps: 11996630 episode:106 

Rewards Tr: -15.63, Rewards Eval: -6.33, Total Timesteps: 12196630 episode:107 

Rewards Tr: -21.57, Rewards Eval: -3.01, Total Timesteps: 12396630 episode:108 

Rewards Tr: -16.90, Rewards Eval: -1.22, Total Timesteps: 12596630 episode:109 

Rewards Tr: -17.27, Rewards Eval: 23.06, Total Timesteps: 12796630 episode:110 

Rewards Tr: -20.55, Rewards Eval: -19.08, Total Timesteps: 12996630 episode:111 

Rewards Tr: -21.67, Rewards Eval: -29.76, Total Timesteps: 13196630 episode:112 

Rewards Tr: -21.54, Rewards Eval: -62.59, Total Timesteps: 13396630 episode:113 

Rewards Tr: -24.97, Rewards Eval: -0.03, Total Timesteps: 13596630 episode:114 

Rewards Tr: -22.94, Rewards Eval: -18.50, Total Timesteps: 13796630 episode:115 

Rewards Tr: -24.22, Rewards Eval: -44.60, Total Timesteps: 13996630 episode:116 

Rewards Tr: -28.82, Rewards Eval: -26.92, Total Timesteps: 14196630 episode:117 

Rewards Tr: -23.70, Rewards Eval: 9.92, Total Timesteps: 14396630 episode:118 

Rewards Tr: -20.87, Rewards Eval: 8.02, Total Timesteps: 14596630 episode:119 

Rewards Tr: -19.83, Rewards Eval: -26.72, Total Timesteps: 14796630 episode:120 

Rewards Tr: -21.51, Rewards Eval: -10.33, Total Timesteps: 14996630 episode:121 

Rewards Tr: -32.34, Rewards Eval: -13.42, Total Timesteps: 15196630 episode:122 

Rewards Tr: -28.92, Rewards Eval: 20.39, Total Timesteps: 15396630 episode:123 

Rewards Tr: -26.90, Rewards Eval: -40.53, Total Timesteps: 15596630 episode:124 

Rewards Tr: -31.50, Rewards Eval: -46.47, Total Timesteps: 15796630 episode:125 

Rewards Tr: -23.13, Rewards Eval: -50.29, Total Timesteps: 15996630 episode:126 

Rewards Tr: -22.21, Rewards Eval: -6.78, Total Timesteps: 16196630 episode:127 

Rewards Tr: -30.15, Rewards Eval: -15.26, Total Timesteps: 16396630 episode:128 

Rewards Tr: -26.39, Rewards Eval: -6.22, Total Timesteps: 16596630 episode:129 

Rewards Tr: -19.40, Rewards Eval: -25.16, Total Timesteps: 16796630 episode:130 

Rewards Tr: -22.47, Rewards Eval: -4.59, Total Timesteps: 16996630 episode:131 

Rewards Tr: -15.26, Rewards Eval: -4.16, Total Timesteps: 17196630 episode:132 

Rewards Tr: -20.66, Rewards Eval: -21.13, Total Timesteps: 17396630 episode:133 

Rewards Tr: -19.04, Rewards Eval: -14.60, Total Timesteps: 17596630 episode:134 

Rewards Tr: -14.50, Rewards Eval: 15.27, Total Timesteps: 17796630 episode:135 

Rewards Tr: -14.27, Rewards Eval: -41.38, Total Timesteps: 17996630 episode:136 

Rewards Tr: -15.58, Rewards Eval: -40.62, Total Timesteps: 18196630 episode:137 

Rewards Tr: -17.64, Rewards Eval: 4.97, Total Timesteps: 18396630 episode:138 

Rewards Tr: -16.27, Rewards Eval: -4.69, Total Timesteps: 18596630 episode:139 

Rewards Tr: -16.19, Rewards Eval: -32.35, Total Timesteps: 18796630 episode:140 

Rewards Tr: -14.44, Rewards Eval: -18.58, Total Timesteps: 18996630 episode:141 

Rewards Tr: -10.72, Rewards Eval: -15.20, Total Timesteps: 19196630 episode:142 

Rewards Tr: -12.11, Rewards Eval: 40.86, Total Timesteps: 19396630 episode:143 

Rewards Tr: -7.66, Rewards Eval: -7.89, Total Timesteps: 19596630 episode:144 

Rewards Tr: -11.48, Rewards Eval: -3.32, Total Timesteps: 19796630 episode:145 

Rewards Tr: -6.81, Rewards Eval: -29.97, Total Timesteps: 19996630 episode:146 

Rewards Tr: -12.09, Rewards Eval: -26.83, Total Timesteps: 20196630 episode:147 

Rewards Tr: -1.74, Rewards Eval: -43.03, Total Timesteps: 20396630 episode:148 

Rewards Tr: -2.68, Rewards Eval: 13.76, Total Timesteps: 20596630 episode:149 

Rewards Tr: 1.05, Rewards Eval: -12.75, Total Timesteps: 20796630 episode:150 

Rewards Tr: -2.05, Rewards Eval: -11.07, Total Timesteps: 20996630 episode:151 

Rewards Tr: 5.09, Rewards Eval: -13.63, Total Timesteps: 21196630 episode:152 

Rewards Tr: 5.27, Rewards Eval: -7.81, Total Timesteps: 21396630 episode:153 

Rewards Tr: 9.56, Rewards Eval: 10.40, Total Timesteps: 21596630 episode:154 

Rewards Tr: 13.76, Rewards Eval: 45.53, Total Timesteps: 21796630 episode:155 

Rewards Tr: 17.00, Rewards Eval: 25.90, Total Timesteps: 21996630 episode:156 

Rewards Tr: 16.72, Rewards Eval: 12.63, Total Timesteps: 22196630 episode:157 

Rewards Tr: 17.95, Rewards Eval: -6.43, Total Timesteps: 22396630 episode:158 

Rewards Tr: 26.14, Rewards Eval: 77.09, Total Timesteps: 22596630 episode:159 

Rewards Tr: 25.93, Rewards Eval: 31.27, Total Timesteps: 22796630 episode:160 

Rewards Tr: 34.59, Rewards Eval: 26.03, Total Timesteps: 22996630 episode:161 

Rewards Tr: 37.80, Rewards Eval: 12.13, Total Timesteps: 23196630 episode:162 

Rewards Tr: 38.77, Rewards Eval: 42.20, Total Timesteps: 23396630 episode:163 

Rewards Tr: 42.16, Rewards Eval: 75.76, Total Timesteps: 23596630 episode:164 

Rewards Tr: 43.44, Rewards Eval: 57.66, Total Timesteps: 23796630 episode:165 

Rewards Tr: 54.84, Rewards Eval: 68.09, Total Timesteps: 23996630 episode:166 

Rewards Tr: 58.87, Rewards Eval: 67.26, Total Timesteps: 24196630 episode:167 

Rewards Tr: 64.39, Rewards Eval: 58.59, Total Timesteps: 24396630 episode:168 

Rewards Tr: 60.76, Rewards Eval: 89.68, Total Timesteps: 24596630 episode:169 

Rewards Tr: 62.53, Rewards Eval: 97.02, Total Timesteps: 24796630 episode:170 

Rewards Tr: 71.87, Rewards Eval: 58.65, Total Timesteps: 24996630 episode:171 

Rewards Tr: 77.56, Rewards Eval: 91.22, Total Timesteps: 25196630 episode:172 

Rewards Tr: 76.26, Rewards Eval: 88.47, Total Timesteps: 25396630 episode:173 

Rewards Tr: 76.86, Rewards Eval: 66.69, Total Timesteps: 25596630 episode:174 

Rewards Tr: 75.74, Rewards Eval: 86.64, Total Timesteps: 25796630 episode:175 

Rewards Tr: 82.10, Rewards Eval: 84.31, Total Timesteps: 25996630 episode:176 

Rewards Tr: 81.37, Rewards Eval: 88.93, Total Timesteps: 26196630 episode:177 

Rewards Tr: 87.31, Rewards Eval: 111.34, Total Timesteps: 26396630 episode:178 

Rewards Tr: 91.55, Rewards Eval: 108.55, Total Timesteps: 26596630 episode:179 

Rewards Tr: 90.17, Rewards Eval: 113.19, Total Timesteps: 26796630 episode:180 

Rewards Tr: 94.50, Rewards Eval: 95.25, Total Timesteps: 26996630 episode:181 

Rewards Tr: 99.07, Rewards Eval: 70.97, Total Timesteps: 27196630 episode:182 

Rewards Tr: 97.72, Rewards Eval: 124.47, Total Timesteps: 27396630 episode:183 

Rewards Tr: 98.05, Rewards Eval: 83.47, Total Timesteps: 27596630 episode:184 

Rewards Tr: 106.76, Rewards Eval: 128.09, Total Timesteps: 27796630 episode:185 

Rewards Tr: 100.76, Rewards Eval: 94.85, Total Timesteps: 27996630 episode:186 

Rewards Tr: 107.83, Rewards Eval: 111.66, Total Timesteps: 28196630 episode:187 

Rewards Tr: 108.69, Rewards Eval: 121.15, Total Timesteps: 28396630 episode:188 

Rewards Tr: 110.41, Rewards Eval: 104.17, Total Timesteps: 28596630 episode:189 

Rewards Tr: 107.73, Rewards Eval: 121.63, Total Timesteps: 28796630 episode:190 

Rewards Tr: 111.50, Rewards Eval: 112.95, Total Timesteps: 28996630 episode:191 

Rewards Tr: 112.12, Rewards Eval: 150.94, Total Timesteps: 29196630 episode:192 

Rewards Tr: 113.61, Rewards Eval: 110.37, Total Timesteps: 29396630 episode:193 

Rewards Tr: 116.39, Rewards Eval: 115.58, Total Timesteps: 29596630 episode:194 

Rewards Tr: 115.50, Rewards Eval: 100.53, Total Timesteps: 29796630 episode:195 

Rewards Tr: 110.14, Rewards Eval: 87.27, Total Timesteps: 29996630 episode:196 

Rewards Tr: 109.26, Rewards Eval: 139.11, Total Timesteps: 30196630 episode:197 

Rewards Tr: 114.16, Rewards Eval: 119.40, Total Timesteps: 30396630 episode:198 

Rewards Tr: 115.02, Rewards Eval: 128.69, Total Timesteps: 30596630 episode:199 

Elapsed Time: 397.7 minutes 

