For Seed: 103 

Rewards Tr: -750.59, Rewards Disc: 0.39, Rewards Eval: -662.91, Total Timesteps: 40990 episode:0 

Rewards Tr: -564.72, Rewards Disc: -0.27, Rewards Eval: -492.52, Total Timesteps: 85640 episode:1 

Rewards Tr: -445.85, Rewards Disc: -0.11, Rewards Eval: -500.05, Total Timesteps: 126980 episode:2 

Rewards Tr: -400.77, Rewards Disc: 0.18, Rewards Eval: -271.84, Total Timesteps: 169700 episode:3 

Rewards Tr: -364.27, Rewards Disc: 0.21, Rewards Eval: -517.25, Total Timesteps: 221660 episode:4 

Rewards Tr: -317.09, Rewards Disc: 0.17, Rewards Eval: -277.05, Total Timesteps: 274320 episode:5 

Rewards Tr: -267.57, Rewards Disc: -0.12, Rewards Eval: -342.14, Total Timesteps: 332810 episode:6 

Rewards Tr: -226.10, Rewards Disc: -0.13, Rewards Eval: -173.80, Total Timesteps: 391030 episode:7 

Rewards Tr: -206.88, Rewards Disc: 0.03, Rewards Eval: -197.21, Total Timesteps: 456160 episode:8 

Rewards Tr: -184.74, Rewards Disc: -0.01, Rewards Eval: -183.57, Total Timesteps: 521310 episode:9 

Rewards Tr: -156.10, Rewards Disc: -0.13, Rewards Eval: -199.08, Total Timesteps: 584730 episode:10 

Rewards Tr: -145.35, Rewards Disc: -0.21, Rewards Eval: -129.56, Total Timesteps: 662740 episode:11 

Rewards Tr: -138.00, Rewards Disc: 0.02, Rewards Eval: -144.53, Total Timesteps: 733850 episode:12 

Rewards Tr: -124.78, Rewards Disc: 0.05, Rewards Eval: -162.72, Total Timesteps: 809650 episode:13 

Rewards Tr: -104.96, Rewards Disc: -0.01, Rewards Eval: -62.34, Total Timesteps: 886100 episode:14 

Rewards Tr: -100.67, Rewards Disc: -0.02, Rewards Eval: -150.42, Total Timesteps: 964200 episode:15 

Rewards Tr: -91.94, Rewards Disc: -0.07, Rewards Eval: -86.89, Total Timesteps: 1039570 episode:16 

Rewards Tr: -84.90, Rewards Disc: -0.05, Rewards Eval: -111.24, Total Timesteps: 1122700 episode:17 

Rewards Tr: -87.16, Rewards Disc: 0.09, Rewards Eval: -63.95, Total Timesteps: 1202680 episode:18 

Rewards Tr: -70.49, Rewards Disc: -0.01, Rewards Eval: -74.56, Total Timesteps: 1297220 episode:19 

Rewards Tr: -76.26, Rewards Disc: 0.00, Rewards Eval: -23.90, Total Timesteps: 1383550 episode:20 

Rewards Tr: -66.26, Rewards Disc: 0.01, Rewards Eval: -19.21, Total Timesteps: 1472640 episode:21 

Rewards Tr: -59.50, Rewards Disc: -0.03, Rewards Eval: -29.49, Total Timesteps: 1559320 episode:22 

Rewards Tr: -57.61, Rewards Disc: 0.00, Rewards Eval: -92.00, Total Timesteps: 1643140 episode:23 

Rewards Tr: -48.02, Rewards Disc: -0.05, Rewards Eval: -34.00, Total Timesteps: 1732110 episode:24 

Rewards Tr: -44.68, Rewards Disc: -0.03, Rewards Eval: -135.59, Total Timesteps: 1826990 episode:25 

Rewards Tr: -43.86, Rewards Disc: -0.00, Rewards Eval: -92.03, Total Timesteps: 1926450 episode:26 

Rewards Tr: -34.40, Rewards Disc: -0.02, Rewards Eval: -54.65, Total Timesteps: 2011930 episode:27 

Rewards Tr: -33.70, Rewards Disc: 0.02, Rewards Eval: -58.27, Total Timesteps: 2118120 episode:28 

Rewards Tr: -25.47, Rewards Disc: -0.05, Rewards Eval: -78.60, Total Timesteps: 2244370 episode:29 

Rewards Tr: -25.33, Rewards Disc: 0.01, Rewards Eval: -45.14, Total Timesteps: 2374500 episode:30 

Rewards Tr: -22.86, Rewards Disc: -0.01, Rewards Eval: -111.73, Total Timesteps: 2495560 episode:31 

Rewards Tr: -17.40, Rewards Disc: 0.01, Rewards Eval: -238.19, Total Timesteps: 2631740 episode:32 

Rewards Tr: -21.29, Rewards Disc: 0.00, Rewards Eval: -245.09, Total Timesteps: 2803260 episode:33 

Rewards Tr: -12.82, Rewards Disc: 0.05, Rewards Eval: -394.59, Total Timesteps: 2999510 episode:34 

Rewards Tr: -19.14, Rewards Disc: 0.03, Rewards Eval: -507.45, Total Timesteps: 3230770 episode:35 

Rewards Tr: -19.33, Rewards Disc: 0.02, Rewards Eval: -846.25, Total Timesteps: 3514370 episode:36 

Rewards Tr: -19.80, Rewards Disc: -0.05, Rewards Eval: -401.89, Total Timesteps: 3795590 episode:37 

Rewards Tr: -30.67, Rewards Disc: 0.07, Rewards Eval: -1390.41, Total Timesteps: 4088010 episode:38 

Rewards Tr: -28.98, Rewards Disc: 0.03, Rewards Eval: -1497.13, Total Timesteps: 4377690 episode:39 

Rewards Tr: -26.62, Rewards Disc: -0.04, Rewards Eval: -820.28, Total Timesteps: 4661940 episode:40 

Rewards Tr: -31.29, Rewards Disc: -0.02, Rewards Eval: -1626.62, Total Timesteps: 4961940 episode:41 

Rewards Tr: -45.15, Rewards Disc: 0.14, Rewards Eval: -1044.02, Total Timesteps: 5261940 episode:42 

Rewards Tr: -42.18, Rewards Disc: 0.11, Rewards Eval: -672.03, Total Timesteps: 5561940 episode:43 

Rewards Tr: -22.95, Rewards Disc: 0.08, Rewards Eval: -494.27, Total Timesteps: 5861940 episode:44 

Rewards Tr: -23.23, Rewards Disc: -0.01, Rewards Eval: -520.54, Total Timesteps: 6161940 episode:45 

Rewards Tr: -14.74, Rewards Disc: -0.09, Rewards Eval: -273.89, Total Timesteps: 6458930 episode:46 

Rewards Tr: -14.27, Rewards Disc: -0.05, Rewards Eval: -289.60, Total Timesteps: 6758930 episode:47 

Rewards Tr: -9.50, Rewards Disc: 0.00, Rewards Eval: -182.10, Total Timesteps: 7058930 episode:48 

Rewards Tr: -10.92, Rewards Disc: 0.01, Rewards Eval: -207.85, Total Timesteps: 7358930 episode:49 

Rewards Tr: -7.96, Rewards Disc: -0.04, Rewards Eval: -144.91, Total Timesteps: 7658930 episode:50 

Rewards Tr: -14.33, Rewards Disc: 0.10, Rewards Eval: -63.50, Total Timesteps: 7958930 episode:51 

Rewards Tr: -3.54, Rewards Disc: -0.01, Rewards Eval: -50.45, Total Timesteps: 8258930 episode:52 

Rewards Tr: -6.96, Rewards Disc: -0.00, Rewards Eval: -131.88, Total Timesteps: 8558930 episode:53 

Rewards Tr: -4.69, Rewards Disc: 0.06, Rewards Eval: -68.07, Total Timesteps: 8858930 episode:54 

Rewards Tr: -2.95, Rewards Disc: 0.03, Rewards Eval: -43.18, Total Timesteps: 9158930 episode:55 

Rewards Tr: -5.22, Rewards Disc: 0.06, Rewards Eval: -55.53, Total Timesteps: 9458930 episode:56 

Rewards Tr: -1.74, Rewards Disc: -0.02, Rewards Eval: -23.42, Total Timesteps: 9758930 episode:57 

Rewards Tr: 3.07, Rewards Disc: -0.03, Rewards Eval: -45.86, Total Timesteps: 10058930 episode:58 

Rewards Tr: -3.79, Rewards Disc: 0.09, Rewards Eval: -79.31, Total Timesteps: 10358930 episode:59 

Rewards Tr: 7.16, Rewards Disc: -0.06, Rewards Eval: -37.57, Total Timesteps: 10658930 episode:60 

Rewards Tr: 8.74, Rewards Disc: -0.03, Rewards Eval: -25.66, Total Timesteps: 10958930 episode:61 

Rewards Tr: 7.37, Rewards Disc: -0.00, Rewards Eval: -14.47, Total Timesteps: 11258930 episode:62 

Rewards Tr: 7.52, Rewards Disc: 0.05, Rewards Eval: -26.35, Total Timesteps: 11558930 episode:63 

Rewards Tr: 8.91, Rewards Disc: 0.01, Rewards Eval: -14.31, Total Timesteps: 11858930 episode:64 

Rewards Tr: 14.64, Rewards Disc: -0.01, Rewards Eval: -30.26, Total Timesteps: 12158930 episode:65 

Rewards Tr: 16.80, Rewards Disc: 0.00, Rewards Eval: -14.59, Total Timesteps: 12458930 episode:66 

Rewards Tr: 21.97, Rewards Disc: -0.02, Rewards Eval: -7.04, Total Timesteps: 12758930 episode:67 

Rewards Tr: 18.05, Rewards Disc: 0.02, Rewards Eval: -24.71, Total Timesteps: 13058930 episode:68 

Rewards Tr: 19.41, Rewards Disc: -0.01, Rewards Eval: 33.11, Total Timesteps: 13358930 episode:69 

Rewards Tr: 25.58, Rewards Disc: 0.03, Rewards Eval: -5.60, Total Timesteps: 13658930 episode:70 

Rewards Tr: 31.75, Rewards Disc: -0.06, Rewards Eval: 47.20, Total Timesteps: 13958930 episode:71 

Rewards Tr: 27.13, Rewards Disc: 0.01, Rewards Eval: 33.40, Total Timesteps: 14258930 episode:72 

Rewards Tr: 30.90, Rewards Disc: -0.04, Rewards Eval: 6.55, Total Timesteps: 14558930 episode:73 

Rewards Tr: 30.70, Rewards Disc: 0.00, Rewards Eval: 38.91, Total Timesteps: 14858930 episode:74 

Rewards Tr: 30.84, Rewards Disc: 0.04, Rewards Eval: 29.21, Total Timesteps: 15158930 episode:75 

Rewards Tr: 33.76, Rewards Disc: 0.01, Rewards Eval: 37.67, Total Timesteps: 15458930 episode:76 

Rewards Tr: 34.18, Rewards Disc: 0.02, Rewards Eval: 35.21, Total Timesteps: 15758930 episode:77 

Rewards Tr: 39.59, Rewards Disc: -0.02, Rewards Eval: 16.46, Total Timesteps: 16058930 episode:78 

Rewards Tr: 39.96, Rewards Disc: 0.05, Rewards Eval: 28.99, Total Timesteps: 16358930 episode:79 

Rewards Tr: 46.59, Rewards Disc: 0.03, Rewards Eval: 36.78, Total Timesteps: 16658930 episode:80 

Rewards Tr: 53.19, Rewards Disc: -0.03, Rewards Eval: 30.11, Total Timesteps: 16958930 episode:81 

Rewards Tr: 50.94, Rewards Disc: 0.03, Rewards Eval: 24.18, Total Timesteps: 17258930 episode:82 

Rewards Tr: 54.44, Rewards Disc: 0.04, Rewards Eval: 41.76, Total Timesteps: 17558930 episode:83 

Rewards Tr: 61.28, Rewards Disc: 0.01, Rewards Eval: 42.42, Total Timesteps: 17858930 episode:84 

Rewards Tr: 63.89, Rewards Disc: -0.00, Rewards Eval: 47.06, Total Timesteps: 18158930 episode:85 

Rewards Tr: 67.90, Rewards Disc: 0.03, Rewards Eval: 65.80, Total Timesteps: 18458930 episode:86 

Rewards Tr: 54.66, Rewards Disc: 0.19, Rewards Eval: 22.35, Total Timesteps: 18758930 episode:87 

Rewards Tr: 54.30, Rewards Disc: 0.24, Rewards Eval: 20.73, Total Timesteps: 19058930 episode:88 

Rewards Tr: 50.24, Rewards Disc: 0.32, Rewards Eval: 86.13, Total Timesteps: 19358930 episode:89 

Rewards Tr: 57.12, Rewards Disc: 0.23, Rewards Eval: 65.24, Total Timesteps: 19658930 episode:90 

Rewards Tr: 59.64, Rewards Disc: 0.28, Rewards Eval: 50.17, Total Timesteps: 19958930 episode:91 

Rewards Tr: 59.15, Rewards Disc: 0.29, Rewards Eval: 71.35, Total Timesteps: 20258930 episode:92 

Rewards Tr: 68.90, Rewards Disc: 0.20, Rewards Eval: 68.41, Total Timesteps: 20558930 episode:93 

Rewards Tr: 72.61, Rewards Disc: 0.21, Rewards Eval: 55.06, Total Timesteps: 20858930 episode:94 

Rewards Tr: 71.74, Rewards Disc: 0.29, Rewards Eval: 38.49, Total Timesteps: 21158930 episode:95 

Rewards Tr: 74.64, Rewards Disc: 0.27, Rewards Eval: 78.36, Total Timesteps: 21458930 episode:96 

Rewards Tr: 81.11, Rewards Disc: 0.26, Rewards Eval: 80.41, Total Timesteps: 21758930 episode:97 

Rewards Tr: 79.04, Rewards Disc: 0.34, Rewards Eval: 98.70, Total Timesteps: 22058930 episode:98 

Rewards Tr: 86.30, Rewards Disc: 0.29, Rewards Eval: 51.91, Total Timesteps: 22358930 episode:99 

Rewards Tr: 84.01, Rewards Disc: 0.37, Rewards Eval: 78.04, Total Timesteps: 22658930 episode:100 

Rewards Tr: 89.29, Rewards Disc: 0.27, Rewards Eval: 92.79, Total Timesteps: 22958930 episode:101 

Rewards Tr: 96.11, Rewards Disc: 0.25, Rewards Eval: 103.10, Total Timesteps: 23258930 episode:102 

Rewards Tr: 99.28, Rewards Disc: 0.26, Rewards Eval: 102.21, Total Timesteps: 23558930 episode:103 

Rewards Tr: 96.10, Rewards Disc: 0.29, Rewards Eval: 115.57, Total Timesteps: 23858930 episode:104 

Rewards Tr: 97.91, Rewards Disc: 0.35, Rewards Eval: 142.76, Total Timesteps: 24158930 episode:105 

Rewards Tr: 97.96, Rewards Disc: 0.38, Rewards Eval: 104.69, Total Timesteps: 24458930 episode:106 

Rewards Tr: 100.82, Rewards Disc: 0.35, Rewards Eval: 133.86, Total Timesteps: 24758930 episode:107 

Rewards Tr: 98.48, Rewards Disc: 0.37, Rewards Eval: 82.86, Total Timesteps: 25058930 episode:108 

Rewards Tr: 96.73, Rewards Disc: 0.43, Rewards Eval: 120.51, Total Timesteps: 25358930 episode:109 

Rewards Tr: 89.97, Rewards Disc: 0.47, Rewards Eval: 158.19, Total Timesteps: 25658930 episode:110 

Rewards Tr: 97.34, Rewards Disc: 0.43, Rewards Eval: 83.58, Total Timesteps: 25958930 episode:111 

Rewards Tr: 85.43, Rewards Disc: 0.48, Rewards Eval: 109.05, Total Timesteps: 26258930 episode:112 

Rewards Tr: 109.98, Rewards Disc: 0.21, Rewards Eval: 98.37, Total Timesteps: 26558930 episode:113 

Rewards Tr: 92.45, Rewards Disc: 0.36, Rewards Eval: 68.48, Total Timesteps: 26858930 episode:114 

Rewards Tr: 79.97, Rewards Disc: 0.41, Rewards Eval: 85.03, Total Timesteps: 27158930 episode:115 

Rewards Tr: 76.16, Rewards Disc: 0.35, Rewards Eval: 45.21, Total Timesteps: 27458930 episode:116 

Rewards Tr: 73.04, Rewards Disc: 0.31, Rewards Eval: 82.13, Total Timesteps: 27758930 episode:117 

Rewards Tr: 79.28, Rewards Disc: 0.18, Rewards Eval: 25.79, Total Timesteps: 28058930 episode:118 

Rewards Tr: 75.41, Rewards Disc: 0.09, Rewards Eval: 58.48, Total Timesteps: 28358930 episode:119 

Rewards Tr: 81.11, Rewards Disc: -0.06, Rewards Eval: 14.49, Total Timesteps: 28658930 episode:120 

Rewards Tr: 81.43, Rewards Disc: -0.17, Rewards Eval: -11.02, Total Timesteps: 28958930 episode:121 

Rewards Tr: 73.99, Rewards Disc: -0.18, Rewards Eval: -3.42, Total Timesteps: 29258930 episode:122 

Rewards Tr: 63.77, Rewards Disc: -0.16, Rewards Eval: -24.33, Total Timesteps: 29558930 episode:123 

Rewards Tr: 63.29, Rewards Disc: -0.29, Rewards Eval: 35.85, Total Timesteps: 29858930 episode:124 

Rewards Tr: 42.94, Rewards Disc: -0.04, Rewards Eval: 13.49, Total Timesteps: 30158930 episode:125 

Rewards Tr: 44.20, Rewards Disc: -0.02, Rewards Eval: -3.30, Total Timesteps: 30458930 episode:126 

Rewards Tr: 46.77, Rewards Disc: 0.01, Rewards Eval: 26.31, Total Timesteps: 30758930 episode:127 

Rewards Tr: 52.19, Rewards Disc: 0.08, Rewards Eval: 22.98, Total Timesteps: 31058930 episode:128 

Rewards Tr: 60.63, Rewards Disc: 0.02, Rewards Eval: 48.96, Total Timesteps: 31358930 episode:129 

Rewards Tr: 62.00, Rewards Disc: 0.10, Rewards Eval: 70.99, Total Timesteps: 31658930 episode:130 

Rewards Tr: 70.12, Rewards Disc: 0.07, Rewards Eval: 57.66, Total Timesteps: 31958930 episode:131 

Rewards Tr: 78.24, Rewards Disc: 0.10, Rewards Eval: 89.23, Total Timesteps: 32258930 episode:132 

Rewards Tr: 90.19, Rewards Disc: 0.07, Rewards Eval: 90.49, Total Timesteps: 32558930 episode:133 

Rewards Tr: 96.84, Rewards Disc: 0.07, Rewards Eval: 107.15, Total Timesteps: 32858930 episode:134 

Rewards Tr: 109.03, Rewards Disc: 0.08, Rewards Eval: 109.49, Total Timesteps: 33158930 episode:135 

Rewards Tr: 114.56, Rewards Disc: 0.06, Rewards Eval: 151.89, Total Timesteps: 33458930 episode:136 

Rewards Tr: 121.90, Rewards Disc: 0.14, Rewards Eval: 126.38, Total Timesteps: 33758930 episode:137 

Rewards Tr: 129.39, Rewards Disc: 0.11, Rewards Eval: 159.56, Total Timesteps: 34058930 episode:138 

Rewards Tr: 138.57, Rewards Disc: 0.12, Rewards Eval: 103.70, Total Timesteps: 34358930 episode:139 

Rewards Tr: 139.42, Rewards Disc: 0.14, Rewards Eval: 111.39, Total Timesteps: 34658930 episode:140 

Rewards Tr: 137.68, Rewards Disc: 0.18, Rewards Eval: 135.58, Total Timesteps: 34958930 episode:141 

Rewards Tr: 138.45, Rewards Disc: 0.20, Rewards Eval: 166.74, Total Timesteps: 35258930 episode:142 

Rewards Tr: 135.74, Rewards Disc: 0.26, Rewards Eval: 139.50, Total Timesteps: 35558930 episode:143 

Rewards Tr: 133.06, Rewards Disc: 0.29, Rewards Eval: 170.20, Total Timesteps: 35858930 episode:144 

Rewards Tr: 136.19, Rewards Disc: 0.25, Rewards Eval: 144.22, Total Timesteps: 36158930 episode:145 

Rewards Tr: 134.38, Rewards Disc: 0.29, Rewards Eval: 125.28, Total Timesteps: 36458930 episode:146 

Rewards Tr: 133.56, Rewards Disc: 0.26, Rewards Eval: 112.38, Total Timesteps: 36758930 episode:147 

Rewards Tr: 137.66, Rewards Disc: 0.27, Rewards Eval: 101.92, Total Timesteps: 37058930 episode:148 

Rewards Tr: 134.85, Rewards Disc: 0.25, Rewards Eval: 131.75, Total Timesteps: 37358930 episode:149 

Rewards Tr: 138.60, Rewards Disc: 0.24, Rewards Eval: 143.14, Total Timesteps: 37658930 episode:150 

Rewards Tr: 135.45, Rewards Disc: 0.26, Rewards Eval: 187.85, Total Timesteps: 37958930 episode:151 

Rewards Tr: 137.76, Rewards Disc: 0.19, Rewards Eval: 159.37, Total Timesteps: 38258930 episode:152 

Rewards Tr: 129.82, Rewards Disc: 0.28, Rewards Eval: 139.14, Total Timesteps: 38558930 episode:153 

Rewards Tr: 136.77, Rewards Disc: 0.15, Rewards Eval: 130.34, Total Timesteps: 38858930 episode:154 

Rewards Tr: 129.35, Rewards Disc: 0.21, Rewards Eval: 105.73, Total Timesteps: 39158930 episode:155 

Rewards Tr: 127.91, Rewards Disc: 0.17, Rewards Eval: 144.16, Total Timesteps: 39458930 episode:156 

Rewards Tr: 133.47, Rewards Disc: 0.04, Rewards Eval: 115.44, Total Timesteps: 39758930 episode:157 

Rewards Tr: 132.99, Rewards Disc: -0.02, Rewards Eval: 110.96, Total Timesteps: 40058930 episode:158 

Rewards Tr: 127.08, Rewards Disc: 0.04, Rewards Eval: 137.40, Total Timesteps: 40358930 episode:159 

Rewards Tr: 126.05, Rewards Disc: 0.01, Rewards Eval: 116.19, Total Timesteps: 40658930 episode:160 

Rewards Tr: 124.19, Rewards Disc: -0.01, Rewards Eval: 124.61, Total Timesteps: 40958930 episode:161 

Rewards Tr: 123.90, Rewards Disc: 0.01, Rewards Eval: 130.62, Total Timesteps: 41258930 episode:162 

Rewards Tr: 125.42, Rewards Disc: 0.02, Rewards Eval: 133.19, Total Timesteps: 41558930 episode:163 

Rewards Tr: 130.80, Rewards Disc: -0.02, Rewards Eval: 114.87, Total Timesteps: 41858930 episode:164 

Rewards Tr: 132.42, Rewards Disc: 0.04, Rewards Eval: 136.18, Total Timesteps: 42158930 episode:165 

Rewards Tr: 136.43, Rewards Disc: -0.00, Rewards Eval: 120.98, Total Timesteps: 42458930 episode:166 

Rewards Tr: 139.84, Rewards Disc: 0.04, Rewards Eval: 143.58, Total Timesteps: 42758930 episode:167 

Rewards Tr: 138.94, Rewards Disc: 0.06, Rewards Eval: 137.96, Total Timesteps: 43058930 episode:168 

Rewards Tr: 145.09, Rewards Disc: 0.00, Rewards Eval: 149.93, Total Timesteps: 43358930 episode:169 

Rewards Tr: 146.72, Rewards Disc: 0.00, Rewards Eval: 163.47, Total Timesteps: 43658930 episode:170 

Rewards Tr: 145.42, Rewards Disc: 0.04, Rewards Eval: 151.62, Total Timesteps: 43958930 episode:171 

Rewards Tr: 150.03, Rewards Disc: 0.06, Rewards Eval: 146.39, Total Timesteps: 44258930 episode:172 

Rewards Tr: 151.93, Rewards Disc: 0.10, Rewards Eval: 155.65, Total Timesteps: 44558930 episode:173 

Rewards Tr: 152.74, Rewards Disc: 0.08, Rewards Eval: 159.59, Total Timesteps: 44858930 episode:174 

Rewards Tr: 150.84, Rewards Disc: 0.10, Rewards Eval: 137.50, Total Timesteps: 45158930 episode:175 

Rewards Tr: 150.34, Rewards Disc: 0.08, Rewards Eval: 136.87, Total Timesteps: 45458930 episode:176 

Rewards Tr: 152.99, Rewards Disc: 0.11, Rewards Eval: 140.18, Total Timesteps: 45758930 episode:177 

Rewards Tr: 149.95, Rewards Disc: 0.14, Rewards Eval: 137.49, Total Timesteps: 46058930 episode:178 

Rewards Tr: 150.38, Rewards Disc: 0.08, Rewards Eval: 111.84, Total Timesteps: 46358930 episode:179 

Rewards Tr: 150.86, Rewards Disc: 0.10, Rewards Eval: 152.68, Total Timesteps: 46658930 episode:180 

Rewards Tr: 150.80, Rewards Disc: 0.09, Rewards Eval: 149.04, Total Timesteps: 46958930 episode:181 

Rewards Tr: 148.44, Rewards Disc: 0.13, Rewards Eval: 156.56, Total Timesteps: 47258930 episode:182 

Rewards Tr: 153.25, Rewards Disc: 0.03, Rewards Eval: 161.39, Total Timesteps: 47558930 episode:183 

Rewards Tr: 152.79, Rewards Disc: 0.04, Rewards Eval: 166.62, Total Timesteps: 47858930 episode:184 

Rewards Tr: 147.72, Rewards Disc: 0.14, Rewards Eval: 177.41, Total Timesteps: 48158930 episode:185 

Rewards Tr: 153.96, Rewards Disc: 0.04, Rewards Eval: 139.93, Total Timesteps: 48458930 episode:186 

Rewards Tr: 151.43, Rewards Disc: 0.07, Rewards Eval: 162.70, Total Timesteps: 48758930 episode:187 

Rewards Tr: 152.36, Rewards Disc: 0.05, Rewards Eval: 128.73, Total Timesteps: 49058930 episode:188 

Rewards Tr: 153.81, Rewards Disc: 0.03, Rewards Eval: 147.45, Total Timesteps: 49358930 episode:189 

Rewards Tr: 153.01, Rewards Disc: 0.06, Rewards Eval: 151.88, Total Timesteps: 49658930 episode:190 

Rewards Tr: 153.01, Rewards Disc: 0.03, Rewards Eval: 135.07, Total Timesteps: 49958930 episode:191 

Rewards Tr: 158.43, Rewards Disc: -0.04, Rewards Eval: 154.34, Total Timesteps: 50258930 episode:192 

Rewards Tr: 153.12, Rewards Disc: -0.03, Rewards Eval: 154.75, Total Timesteps: 50558930 episode:193 

Rewards Tr: 149.85, Rewards Disc: 0.05, Rewards Eval: 156.15, Total Timesteps: 50858930 episode:194 

Rewards Tr: 153.91, Rewards Disc: 0.01, Rewards Eval: 171.29, Total Timesteps: 51158930 episode:195 

Rewards Tr: 154.83, Rewards Disc: 0.01, Rewards Eval: 139.65, Total Timesteps: 51458930 episode:196 

Rewards Tr: 153.20, Rewards Disc: 0.02, Rewards Eval: 160.94, Total Timesteps: 51758930 episode:197 

Rewards Tr: 149.23, Rewards Disc: 0.06, Rewards Eval: 160.13, Total Timesteps: 52058930 episode:198 

Rewards Tr: 151.18, Rewards Disc: 0.10, Rewards Eval: 161.79, Total Timesteps: 52358930 episode:199 

Rewards Tr: 153.52, Rewards Disc: 0.06, Rewards Eval: 164.00, Total Timesteps: 52658930 episode:200 

Rewards Tr: 154.21, Rewards Disc: 0.03, Rewards Eval: 146.77, Total Timesteps: 52958930 episode:201 

Rewards Tr: 153.10, Rewards Disc: 0.04, Rewards Eval: 163.18, Total Timesteps: 53258930 episode:202 

Rewards Tr: 158.90, Rewards Disc: -0.02, Rewards Eval: 155.73, Total Timesteps: 53558930 episode:203 

Rewards Tr: 151.18, Rewards Disc: 0.09, Rewards Eval: 142.71, Total Timesteps: 53858930 episode:204 

Rewards Tr: 156.27, Rewards Disc: 0.02, Rewards Eval: 155.83, Total Timesteps: 54158930 episode:205 

Rewards Tr: 155.68, Rewards Disc: 0.03, Rewards Eval: 165.77, Total Timesteps: 54458930 episode:206 

Rewards Tr: 157.10, Rewards Disc: 0.04, Rewards Eval: 140.04, Total Timesteps: 54758930 episode:207 

Rewards Tr: 159.77, Rewards Disc: 0.01, Rewards Eval: 169.36, Total Timesteps: 55058930 episode:208 

Rewards Tr: 158.17, Rewards Disc: -0.01, Rewards Eval: 161.63, Total Timesteps: 55358930 episode:209 

Rewards Tr: 154.41, Rewards Disc: 0.03, Rewards Eval: 152.36, Total Timesteps: 55658930 episode:210 

Rewards Tr: 158.71, Rewards Disc: 0.03, Rewards Eval: 145.44, Total Timesteps: 55958930 episode:211 

Rewards Tr: 159.75, Rewards Disc: 0.03, Rewards Eval: 149.98, Total Timesteps: 56258930 episode:212 

Rewards Tr: 156.62, Rewards Disc: 0.06, Rewards Eval: 134.50, Total Timesteps: 56558930 episode:213 

Rewards Tr: 160.46, Rewards Disc: 0.03, Rewards Eval: 123.94, Total Timesteps: 56858930 episode:214 

Rewards Tr: 159.87, Rewards Disc: 0.03, Rewards Eval: 165.87, Total Timesteps: 57158930 episode:215 

Rewards Tr: 155.48, Rewards Disc: 0.03, Rewards Eval: 163.60, Total Timesteps: 57458930 episode:216 

Rewards Tr: 151.61, Rewards Disc: 0.11, Rewards Eval: 138.29, Total Timesteps: 57758930 episode:217 

Rewards Tr: 153.78, Rewards Disc: 0.07, Rewards Eval: 155.03, Total Timesteps: 58058930 episode:218 

Rewards Tr: 157.20, Rewards Disc: 0.04, Rewards Eval: 154.22, Total Timesteps: 58358930 episode:219 

Rewards Tr: 158.56, Rewards Disc: 0.05, Rewards Eval: 169.54, Total Timesteps: 58658930 episode:220 

Rewards Tr: 155.71, Rewards Disc: 0.08, Rewards Eval: 149.09, Total Timesteps: 58958930 episode:221 

Rewards Tr: 160.28, Rewards Disc: 0.00, Rewards Eval: 190.00, Total Timesteps: 59258930 episode:222 

Rewards Tr: 161.10, Rewards Disc: 0.04, Rewards Eval: 140.65, Total Timesteps: 59558930 episode:223 

Rewards Tr: 156.53, Rewards Disc: 0.09, Rewards Eval: 162.40, Total Timesteps: 59858930 episode:224 

Rewards Tr: 155.93, Rewards Disc: 0.07, Rewards Eval: 172.69, Total Timesteps: 60158930 episode:225 

Rewards Tr: 159.61, Rewards Disc: 0.04, Rewards Eval: 158.95, Total Timesteps: 60458930 episode:226 

Rewards Tr: 158.03, Rewards Disc: 0.06, Rewards Eval: 174.27, Total Timesteps: 60758930 episode:227 

Rewards Tr: 157.63, Rewards Disc: 0.03, Rewards Eval: 178.20, Total Timesteps: 61058930 episode:228 

Rewards Tr: 157.57, Rewards Disc: 0.04, Rewards Eval: 159.80, Total Timesteps: 61358930 episode:229 

Rewards Tr: 157.86, Rewards Disc: 0.02, Rewards Eval: 156.60, Total Timesteps: 61658930 episode:230 

Rewards Tr: 154.62, Rewards Disc: 0.08, Rewards Eval: 163.75, Total Timesteps: 61958930 episode:231 

Rewards Tr: 160.19, Rewards Disc: 0.03, Rewards Eval: 169.61, Total Timesteps: 62258930 episode:232 

Rewards Tr: 158.65, Rewards Disc: -0.00, Rewards Eval: 169.35, Total Timesteps: 62558930 episode:233 

Rewards Tr: 160.25, Rewards Disc: -0.01, Rewards Eval: 119.94, Total Timesteps: 62858930 episode:234 

Rewards Tr: 157.30, Rewards Disc: 0.06, Rewards Eval: 160.73, Total Timesteps: 63158930 episode:235 

Rewards Tr: 155.70, Rewards Disc: 0.07, Rewards Eval: 156.85, Total Timesteps: 63458930 episode:236 

Rewards Tr: 153.68, Rewards Disc: 0.12, Rewards Eval: 179.79, Total Timesteps: 63758930 episode:237 

Rewards Tr: 160.48, Rewards Disc: 0.04, Rewards Eval: 182.55, Total Timesteps: 64058930 episode:238 

Rewards Tr: 158.80, Rewards Disc: 0.03, Rewards Eval: 159.97, Total Timesteps: 64358930 episode:239 

Rewards Tr: 153.73, Rewards Disc: 0.14, Rewards Eval: 175.80, Total Timesteps: 64658930 episode:240 

Rewards Tr: 157.36, Rewards Disc: 0.09, Rewards Eval: 150.60, Total Timesteps: 64958930 episode:241 

Rewards Tr: 159.36, Rewards Disc: 0.07, Rewards Eval: 152.12, Total Timesteps: 65258930 episode:242 

Rewards Tr: 159.82, Rewards Disc: 0.06, Rewards Eval: 165.73, Total Timesteps: 65558930 episode:243 

Rewards Tr: 160.85, Rewards Disc: 0.05, Rewards Eval: 185.45, Total Timesteps: 65858930 episode:244 

Rewards Tr: 157.44, Rewards Disc: 0.09, Rewards Eval: 183.01, Total Timesteps: 66158930 episode:245 

Rewards Tr: 156.98, Rewards Disc: 0.11, Rewards Eval: 177.24, Total Timesteps: 66458930 episode:246 

Rewards Tr: 156.14, Rewards Disc: 0.10, Rewards Eval: 164.04, Total Timesteps: 66758930 episode:247 

Rewards Tr: 155.46, Rewards Disc: 0.13, Rewards Eval: 177.89, Total Timesteps: 67058930 episode:248 

Rewards Tr: 156.13, Rewards Disc: 0.09, Rewards Eval: 155.31, Total Timesteps: 67358930 episode:249 

Rewards Tr: 159.06, Rewards Disc: 0.04, Rewards Eval: 186.28, Total Timesteps: 67658930 episode:250 

Rewards Tr: 159.76, Rewards Disc: 0.06, Rewards Eval: 163.17, Total Timesteps: 67958930 episode:251 

Rewards Tr: 161.21, Rewards Disc: 0.02, Rewards Eval: 148.61, Total Timesteps: 68258930 episode:252 

Rewards Tr: 161.33, Rewards Disc: 0.01, Rewards Eval: 136.27, Total Timesteps: 68558930 episode:253 

Rewards Tr: 158.40, Rewards Disc: 0.04, Rewards Eval: 160.60, Total Timesteps: 68858930 episode:254 

Rewards Tr: 162.03, Rewards Disc: 0.02, Rewards Eval: 144.79, Total Timesteps: 69158930 episode:255 

Rewards Tr: 156.71, Rewards Disc: 0.06, Rewards Eval: 144.90, Total Timesteps: 69458930 episode:256 

Rewards Tr: 156.73, Rewards Disc: 0.08, Rewards Eval: 165.22, Total Timesteps: 69758930 episode:257 

Rewards Tr: 156.38, Rewards Disc: 0.05, Rewards Eval: 174.71, Total Timesteps: 70058930 episode:258 

Rewards Tr: 161.59, Rewards Disc: 0.04, Rewards Eval: 159.33, Total Timesteps: 70358930 episode:259 

Rewards Tr: 157.23, Rewards Disc: 0.09, Rewards Eval: 162.03, Total Timesteps: 70658930 episode:260 

Rewards Tr: 156.11, Rewards Disc: 0.09, Rewards Eval: 169.37, Total Timesteps: 70958930 episode:261 

Rewards Tr: 153.97, Rewards Disc: 0.14, Rewards Eval: 179.11, Total Timesteps: 71258930 episode:262 

Rewards Tr: 152.25, Rewards Disc: 0.13, Rewards Eval: 147.60, Total Timesteps: 71558930 episode:263 

Rewards Tr: 155.30, Rewards Disc: 0.11, Rewards Eval: 172.70, Total Timesteps: 71858930 episode:264 

Rewards Tr: 152.85, Rewards Disc: 0.11, Rewards Eval: 163.82, Total Timesteps: 72158930 episode:265 

Rewards Tr: 150.15, Rewards Disc: 0.12, Rewards Eval: 192.63, Total Timesteps: 72458930 episode:266 

Rewards Tr: 149.58, Rewards Disc: 0.14, Rewards Eval: 173.28, Total Timesteps: 72758930 episode:267 

Rewards Tr: 150.75, Rewards Disc: 0.14, Rewards Eval: 158.03, Total Timesteps: 73058930 episode:268 

Rewards Tr: 151.41, Rewards Disc: 0.12, Rewards Eval: 145.98, Total Timesteps: 73358930 episode:269 

Rewards Tr: 157.81, Rewards Disc: 0.04, Rewards Eval: 170.78, Total Timesteps: 73658930 episode:270 

Rewards Tr: 160.16, Rewards Disc: 0.02, Rewards Eval: 148.90, Total Timesteps: 73958930 episode:271 

Rewards Tr: 159.40, Rewards Disc: 0.01, Rewards Eval: 134.31, Total Timesteps: 74258930 episode:272 

Rewards Tr: 159.31, Rewards Disc: 0.02, Rewards Eval: 159.44, Total Timesteps: 74558930 episode:273 

Rewards Tr: 157.88, Rewards Disc: 0.03, Rewards Eval: 160.40, Total Timesteps: 74858930 episode:274 

Rewards Tr: 159.10, Rewards Disc: 0.03, Rewards Eval: 148.69, Total Timesteps: 75158930 episode:275 

Rewards Tr: 156.48, Rewards Disc: 0.05, Rewards Eval: 167.50, Total Timesteps: 75458930 episode:276 

Rewards Tr: 162.29, Rewards Disc: 0.00, Rewards Eval: 166.42, Total Timesteps: 75758930 episode:277 

Rewards Tr: 158.55, Rewards Disc: 0.07, Rewards Eval: 174.77, Total Timesteps: 76058930 episode:278 

Rewards Tr: 158.10, Rewards Disc: 0.06, Rewards Eval: 133.46, Total Timesteps: 76358930 episode:279 

Rewards Tr: 159.80, Rewards Disc: 0.07, Rewards Eval: 186.23, Total Timesteps: 76658930 episode:280 

Rewards Tr: 159.83, Rewards Disc: 0.06, Rewards Eval: 186.39, Total Timesteps: 76958930 episode:281 

Rewards Tr: 159.88, Rewards Disc: 0.06, Rewards Eval: 155.55, Total Timesteps: 77258930 episode:282 

Rewards Tr: 160.12, Rewards Disc: 0.05, Rewards Eval: 160.99, Total Timesteps: 77558930 episode:283 

Rewards Tr: 160.37, Rewards Disc: 0.06, Rewards Eval: 161.38, Total Timesteps: 77858930 episode:284 

Rewards Tr: 158.39, Rewards Disc: 0.12, Rewards Eval: 172.78, Total Timesteps: 78158930 episode:285 

Rewards Tr: 159.75, Rewards Disc: 0.05, Rewards Eval: 183.28, Total Timesteps: 78458930 episode:286 

Rewards Tr: 159.86, Rewards Disc: 0.05, Rewards Eval: 172.67, Total Timesteps: 78758930 episode:287 

Rewards Tr: 162.34, Rewards Disc: 0.03, Rewards Eval: 161.35, Total Timesteps: 79058930 episode:288 

Rewards Tr: 159.29, Rewards Disc: 0.06, Rewards Eval: 173.43, Total Timesteps: 79358930 episode:289 

Rewards Tr: 161.29, Rewards Disc: 0.04, Rewards Eval: 155.30, Total Timesteps: 79658930 episode:290 

Rewards Tr: 162.35, Rewards Disc: 0.04, Rewards Eval: 159.53, Total Timesteps: 79958930 episode:291 

Rewards Tr: 159.80, Rewards Disc: 0.09, Rewards Eval: 198.59, Total Timesteps: 80258930 episode:292 

Rewards Tr: 161.50, Rewards Disc: 0.12, Rewards Eval: 181.72, Total Timesteps: 80558930 episode:293 

Rewards Tr: 161.51, Rewards Disc: 0.09, Rewards Eval: 183.33, Total Timesteps: 80858930 episode:294 

Rewards Tr: 164.04, Rewards Disc: 0.05, Rewards Eval: 204.26, Total Timesteps: 81158930 episode:295 

Rewards Tr: 163.12, Rewards Disc: 0.07, Rewards Eval: 173.65, Total Timesteps: 81458930 episode:296 

Rewards Tr: 162.65, Rewards Disc: 0.03, Rewards Eval: 158.81, Total Timesteps: 81758930 episode:297 

Rewards Tr: 162.57, Rewards Disc: 0.04, Rewards Eval: 174.43, Total Timesteps: 82058930 episode:298 

Rewards Tr: 156.66, Rewards Disc: 0.15, Rewards Eval: 180.46, Total Timesteps: 82358930 episode:299 

Rewards Tr: 159.77, Rewards Disc: 0.09, Rewards Eval: 171.80, Total Timesteps: 82658930 episode:300 

Rewards Tr: 160.34, Rewards Disc: 0.06, Rewards Eval: 150.53, Total Timesteps: 82958930 episode:301 

Rewards Tr: 158.73, Rewards Disc: 0.10, Rewards Eval: 166.07, Total Timesteps: 83258930 episode:302 

Rewards Tr: 161.17, Rewards Disc: 0.06, Rewards Eval: 162.88, Total Timesteps: 83558930 episode:303 

Rewards Tr: 159.05, Rewards Disc: 0.07, Rewards Eval: 150.50, Total Timesteps: 83858930 episode:304 

Rewards Tr: 166.22, Rewards Disc: 0.01, Rewards Eval: 164.03, Total Timesteps: 84158930 episode:305 

Rewards Tr: 162.83, Rewards Disc: 0.04, Rewards Eval: 171.93, Total Timesteps: 84458930 episode:306 

Rewards Tr: 158.41, Rewards Disc: 0.08, Rewards Eval: 144.69, Total Timesteps: 84758930 episode:307 

Rewards Tr: 154.72, Rewards Disc: 0.12, Rewards Eval: 142.91, Total Timesteps: 85058930 episode:308 

Rewards Tr: 161.28, Rewards Disc: 0.07, Rewards Eval: 159.92, Total Timesteps: 85358930 episode:309 

Rewards Tr: 166.87, Rewards Disc: -0.01, Rewards Eval: 167.49, Total Timesteps: 85658930 episode:310 

Rewards Tr: 157.91, Rewards Disc: 0.13, Rewards Eval: 161.66, Total Timesteps: 85958930 episode:311 

Rewards Tr: 161.63, Rewards Disc: 0.06, Rewards Eval: 170.14, Total Timesteps: 86258930 episode:312 

Rewards Tr: 164.68, Rewards Disc: 0.04, Rewards Eval: 162.90, Total Timesteps: 86558930 episode:313 

Rewards Tr: 168.26, Rewards Disc: 0.03, Rewards Eval: 168.50, Total Timesteps: 86858930 episode:314 

Rewards Tr: 163.18, Rewards Disc: 0.09, Rewards Eval: 164.88, Total Timesteps: 87158930 episode:315 

Rewards Tr: 157.36, Rewards Disc: 0.12, Rewards Eval: 177.42, Total Timesteps: 87458930 episode:316 

Rewards Tr: 164.51, Rewards Disc: 0.06, Rewards Eval: 167.63, Total Timesteps: 87758930 episode:317 

Rewards Tr: 165.69, Rewards Disc: 0.05, Rewards Eval: 149.71, Total Timesteps: 88058930 episode:318 

Rewards Tr: 163.54, Rewards Disc: 0.06, Rewards Eval: 189.19, Total Timesteps: 88358930 episode:319 

Rewards Tr: 163.80, Rewards Disc: 0.07, Rewards Eval: 187.18, Total Timesteps: 88658930 episode:320 

Rewards Tr: 161.42, Rewards Disc: 0.11, Rewards Eval: 179.16, Total Timesteps: 88958930 episode:321 

Rewards Tr: 163.37, Rewards Disc: 0.08, Rewards Eval: 147.27, Total Timesteps: 89258930 episode:322 

Rewards Tr: 167.26, Rewards Disc: 0.01, Rewards Eval: 151.56, Total Timesteps: 89558930 episode:323 

Rewards Tr: 169.32, Rewards Disc: -0.00, Rewards Eval: 162.67, Total Timesteps: 89858930 episode:324 

Rewards Tr: 164.98, Rewards Disc: 0.05, Rewards Eval: 167.30, Total Timesteps: 90158930 episode:325 

Rewards Tr: 168.74, Rewards Disc: 0.03, Rewards Eval: 186.72, Total Timesteps: 90458930 episode:326 

Rewards Tr: 162.72, Rewards Disc: 0.07, Rewards Eval: 158.27, Total Timesteps: 90758930 episode:327 

Rewards Tr: 160.49, Rewards Disc: 0.09, Rewards Eval: 162.78, Total Timesteps: 91058930 episode:328 

Rewards Tr: 164.37, Rewards Disc: 0.10, Rewards Eval: 174.68, Total Timesteps: 91358930 episode:329 

Rewards Tr: 163.07, Rewards Disc: 0.08, Rewards Eval: 167.63, Total Timesteps: 91658930 episode:330 

Rewards Tr: 163.59, Rewards Disc: 0.04, Rewards Eval: 178.27, Total Timesteps: 91958930 episode:331 

Rewards Tr: 164.08, Rewards Disc: 0.07, Rewards Eval: 178.60, Total Timesteps: 92258930 episode:332 

Rewards Tr: 166.60, Rewards Disc: 0.04, Rewards Eval: 186.84, Total Timesteps: 92558930 episode:333 

Rewards Tr: 168.83, Rewards Disc: 0.01, Rewards Eval: 170.23, Total Timesteps: 92858930 episode:334 

Rewards Tr: 166.87, Rewards Disc: 0.04, Rewards Eval: 163.83, Total Timesteps: 93158930 episode:335 

Rewards Tr: 168.81, Rewards Disc: 0.01, Rewards Eval: 182.28, Total Timesteps: 93458930 episode:336 

Rewards Tr: 165.11, Rewards Disc: 0.08, Rewards Eval: 147.73, Total Timesteps: 93758930 episode:337 

Rewards Tr: 169.46, Rewards Disc: 0.04, Rewards Eval: 189.24, Total Timesteps: 94058930 episode:338 

Rewards Tr: 169.35, Rewards Disc: 0.04, Rewards Eval: 168.72, Total Timesteps: 94358930 episode:339 

Rewards Tr: 163.29, Rewards Disc: 0.10, Rewards Eval: 183.84, Total Timesteps: 94658930 episode:340 

Rewards Tr: 162.13, Rewards Disc: 0.11, Rewards Eval: 149.75, Total Timesteps: 94958930 episode:341 

Rewards Tr: 163.02, Rewards Disc: 0.12, Rewards Eval: 188.46, Total Timesteps: 95258930 episode:342 

Rewards Tr: 158.89, Rewards Disc: 0.14, Rewards Eval: 189.41, Total Timesteps: 95558930 episode:343 

Rewards Tr: 163.39, Rewards Disc: 0.12, Rewards Eval: 168.14, Total Timesteps: 95858930 episode:344 

Rewards Tr: 159.92, Rewards Disc: 0.12, Rewards Eval: 155.40, Total Timesteps: 96158930 episode:345 

Rewards Tr: 164.50, Rewards Disc: 0.10, Rewards Eval: 190.71, Total Timesteps: 96458930 episode:346 

Rewards Tr: 167.51, Rewards Disc: 0.07, Rewards Eval: 171.06, Total Timesteps: 96758930 episode:347 

Rewards Tr: 160.99, Rewards Disc: 0.10, Rewards Eval: 177.58, Total Timesteps: 97058930 episode:348 

Rewards Tr: 161.17, Rewards Disc: 0.08, Rewards Eval: 156.52, Total Timesteps: 97358930 episode:349 

Rewards Tr: 159.72, Rewards Disc: 0.11, Rewards Eval: 168.50, Total Timesteps: 97658930 episode:350 

Rewards Tr: 162.27, Rewards Disc: 0.05, Rewards Eval: 129.80, Total Timesteps: 97958930 episode:351 

Rewards Tr: 163.14, Rewards Disc: 0.03, Rewards Eval: 179.82, Total Timesteps: 98258930 episode:352 

Rewards Tr: 162.49, Rewards Disc: 0.04, Rewards Eval: 167.21, Total Timesteps: 98558930 episode:353 

Rewards Tr: 163.81, Rewards Disc: 0.05, Rewards Eval: 159.37, Total Timesteps: 98858930 episode:354 

Rewards Tr: 168.00, Rewards Disc: 0.02, Rewards Eval: 184.91, Total Timesteps: 99158930 episode:355 

Rewards Tr: 164.55, Rewards Disc: 0.01, Rewards Eval: 184.28, Total Timesteps: 99458930 episode:356 

Rewards Tr: 163.94, Rewards Disc: 0.02, Rewards Eval: 137.86, Total Timesteps: 99758930 episode:357 

Rewards Tr: 164.58, Rewards Disc: 0.03, Rewards Eval: 176.57, Total Timesteps: 100058930 episode:358 

Rewards Tr: 163.73, Rewards Disc: 0.07, Rewards Eval: 177.11, Total Timesteps: 100358930 episode:359 

Rewards Tr: 169.32, Rewards Disc: 0.02, Rewards Eval: 163.81, Total Timesteps: 100658930 episode:360 

Rewards Tr: 169.26, Rewards Disc: 0.05, Rewards Eval: 160.11, Total Timesteps: 100958930 episode:361 

Rewards Tr: 166.90, Rewards Disc: 0.08, Rewards Eval: 172.36, Total Timesteps: 101258930 episode:362 

Rewards Tr: 165.76, Rewards Disc: 0.11, Rewards Eval: 201.28, Total Timesteps: 101558930 episode:363 

Rewards Tr: 161.15, Rewards Disc: 0.11, Rewards Eval: 180.67, Total Timesteps: 101858930 episode:364 

Rewards Tr: 161.68, Rewards Disc: 0.12, Rewards Eval: 164.09, Total Timesteps: 102158930 episode:365 

Rewards Tr: 167.48, Rewards Disc: 0.06, Rewards Eval: 163.67, Total Timesteps: 102458930 episode:366 

Rewards Tr: 172.55, Rewards Disc: -0.00, Rewards Eval: 160.86, Total Timesteps: 102758930 episode:367 

Rewards Tr: 174.14, Rewards Disc: 0.00, Rewards Eval: 184.27, Total Timesteps: 103058930 episode:368 

Rewards Tr: 168.36, Rewards Disc: 0.05, Rewards Eval: 172.24, Total Timesteps: 103358930 episode:369 

Rewards Tr: 170.21, Rewards Disc: 0.08, Rewards Eval: 183.30, Total Timesteps: 103658930 episode:370 

Rewards Tr: 165.92, Rewards Disc: 0.09, Rewards Eval: 168.50, Total Timesteps: 103958930 episode:371 

Rewards Tr: 163.84, Rewards Disc: 0.12, Rewards Eval: 158.28, Total Timesteps: 104258930 episode:372 

Rewards Tr: 162.89, Rewards Disc: 0.10, Rewards Eval: 200.10, Total Timesteps: 104558930 episode:373 

Rewards Tr: 165.22, Rewards Disc: 0.08, Rewards Eval: 190.67, Total Timesteps: 104858930 episode:374 

Rewards Tr: 174.98, Rewards Disc: -0.02, Rewards Eval: 179.15, Total Timesteps: 105158930 episode:375 

Rewards Tr: 173.29, Rewards Disc: 0.06, Rewards Eval: 210.84, Total Timesteps: 105458930 episode:376 

Rewards Tr: 173.19, Rewards Disc: 0.02, Rewards Eval: 168.32, Total Timesteps: 105758930 episode:377 

Rewards Tr: 168.82, Rewards Disc: 0.07, Rewards Eval: 202.32, Total Timesteps: 106058930 episode:378 

Rewards Tr: 172.94, Rewards Disc: 0.06, Rewards Eval: 181.38, Total Timesteps: 106358930 episode:379 

Rewards Tr: 170.31, Rewards Disc: 0.05, Rewards Eval: 171.84, Total Timesteps: 106658930 episode:380 

Rewards Tr: 164.40, Rewards Disc: 0.14, Rewards Eval: 194.58, Total Timesteps: 106958930 episode:381 

Rewards Tr: 172.01, Rewards Disc: 0.03, Rewards Eval: 179.81, Total Timesteps: 107258930 episode:382 

Rewards Tr: 166.56, Rewards Disc: 0.12, Rewards Eval: 181.33, Total Timesteps: 107558930 episode:383 

Rewards Tr: 165.77, Rewards Disc: 0.09, Rewards Eval: 167.88, Total Timesteps: 107858930 episode:384 

Rewards Tr: 163.01, Rewards Disc: 0.11, Rewards Eval: 171.64, Total Timesteps: 108158930 episode:385 

Rewards Tr: 163.95, Rewards Disc: 0.09, Rewards Eval: 172.87, Total Timesteps: 108458930 episode:386 

Rewards Tr: 160.80, Rewards Disc: 0.15, Rewards Eval: 182.36, Total Timesteps: 108758930 episode:387 

Rewards Tr: 163.51, Rewards Disc: 0.11, Rewards Eval: 172.44, Total Timesteps: 109058930 episode:388 

Rewards Tr: 165.73, Rewards Disc: 0.08, Rewards Eval: 172.39, Total Timesteps: 109358930 episode:389 

Rewards Tr: 163.59, Rewards Disc: 0.11, Rewards Eval: 166.91, Total Timesteps: 109658930 episode:390 

Rewards Tr: 165.83, Rewards Disc: 0.10, Rewards Eval: 141.59, Total Timesteps: 109958930 episode:391 

Rewards Tr: 167.26, Rewards Disc: 0.05, Rewards Eval: 173.16, Total Timesteps: 110258930 episode:392 

Rewards Tr: 168.50, Rewards Disc: 0.02, Rewards Eval: 170.48, Total Timesteps: 110558930 episode:393 

Rewards Tr: 163.19, Rewards Disc: 0.09, Rewards Eval: 164.38, Total Timesteps: 110858930 episode:394 

Rewards Tr: 168.29, Rewards Disc: 0.00, Rewards Eval: 170.34, Total Timesteps: 111158930 episode:395 

Rewards Tr: 170.43, Rewards Disc: -0.02, Rewards Eval: 159.36, Total Timesteps: 111458930 episode:396 

Rewards Tr: 166.03, Rewards Disc: 0.07, Rewards Eval: 183.18, Total Timesteps: 111758930 episode:397 

Rewards Tr: 166.70, Rewards Disc: 0.07, Rewards Eval: 180.64, Total Timesteps: 112058930 episode:398 

Rewards Tr: 165.99, Rewards Disc: 0.08, Rewards Eval: 167.99, Total Timesteps: 112358930 episode:399 

Rewards Tr: 170.77, Rewards Disc: 0.03, Rewards Eval: 185.33, Total Timesteps: 112658930 episode:400 

Rewards Tr: 171.61, Rewards Disc: 0.05, Rewards Eval: 151.03, Total Timesteps: 112958930 episode:401 

Rewards Tr: 164.33, Rewards Disc: 0.11, Rewards Eval: 177.74, Total Timesteps: 113258930 episode:402 

Rewards Tr: 163.55, Rewards Disc: 0.14, Rewards Eval: 190.15, Total Timesteps: 113558930 episode:403 

Rewards Tr: 161.23, Rewards Disc: 0.14, Rewards Eval: 202.06, Total Timesteps: 113858930 episode:404 

Rewards Tr: 165.90, Rewards Disc: 0.10, Rewards Eval: 165.54, Total Timesteps: 114158930 episode:405 

Rewards Tr: 167.26, Rewards Disc: 0.08, Rewards Eval: 173.47, Total Timesteps: 114458930 episode:406 

Rewards Tr: 169.32, Rewards Disc: 0.06, Rewards Eval: 206.65, Total Timesteps: 114758930 episode:407 

Rewards Tr: 163.29, Rewards Disc: 0.11, Rewards Eval: 152.38, Total Timesteps: 115058930 episode:408 

Rewards Tr: 165.65, Rewards Disc: 0.10, Rewards Eval: 158.87, Total Timesteps: 115358930 episode:409 

Rewards Tr: 166.49, Rewards Disc: 0.07, Rewards Eval: 185.60, Total Timesteps: 115658930 episode:410 

Rewards Tr: 161.21, Rewards Disc: 0.17, Rewards Eval: 188.11, Total Timesteps: 115958930 episode:411 

Rewards Tr: 161.86, Rewards Disc: 0.15, Rewards Eval: 212.98, Total Timesteps: 116258930 episode:412 

Rewards Tr: 167.27, Rewards Disc: 0.04, Rewards Eval: 161.39, Total Timesteps: 116558930 episode:413 

Rewards Tr: 164.28, Rewards Disc: 0.14, Rewards Eval: 168.89, Total Timesteps: 116858930 episode:414 

Rewards Tr: 167.36, Rewards Disc: 0.05, Rewards Eval: 178.21, Total Timesteps: 117158930 episode:415 

Rewards Tr: 165.78, Rewards Disc: 0.07, Rewards Eval: 182.20, Total Timesteps: 117458930 episode:416 

Rewards Tr: 166.69, Rewards Disc: 0.04, Rewards Eval: 170.70, Total Timesteps: 117758930 episode:417 

Rewards Tr: 163.34, Rewards Disc: 0.04, Rewards Eval: 173.39, Total Timesteps: 118058930 episode:418 

Rewards Tr: 162.85, Rewards Disc: 0.09, Rewards Eval: 175.93, Total Timesteps: 118358930 episode:419 

Rewards Tr: 165.84, Rewards Disc: 0.04, Rewards Eval: 180.04, Total Timesteps: 118658930 episode:420 

Rewards Tr: 166.31, Rewards Disc: 0.02, Rewards Eval: 140.63, Total Timesteps: 118958930 episode:421 

Rewards Tr: 165.85, Rewards Disc: 0.02, Rewards Eval: 174.93, Total Timesteps: 119258930 episode:422 

Rewards Tr: 166.72, Rewards Disc: 0.03, Rewards Eval: 172.23, Total Timesteps: 119558930 episode:423 

Rewards Tr: 164.25, Rewards Disc: 0.03, Rewards Eval: 186.28, Total Timesteps: 119858930 episode:424 

Rewards Tr: 172.46, Rewards Disc: -0.02, Rewards Eval: 186.57, Total Timesteps: 120158930 episode:425 

Rewards Tr: 172.89, Rewards Disc: 0.01, Rewards Eval: 185.95, Total Timesteps: 120458930 episode:426 

Rewards Tr: 171.09, Rewards Disc: 0.03, Rewards Eval: 166.36, Total Timesteps: 120758930 episode:427 

Rewards Tr: 173.65, Rewards Disc: -0.01, Rewards Eval: 149.34, Total Timesteps: 121058930 episode:428 

Rewards Tr: 173.08, Rewards Disc: 0.05, Rewards Eval: 163.23, Total Timesteps: 121358930 episode:429 

Rewards Tr: 168.51, Rewards Disc: 0.08, Rewards Eval: 150.55, Total Timesteps: 121658930 episode:430 

Rewards Tr: 169.05, Rewards Disc: 0.05, Rewards Eval: 175.01, Total Timesteps: 121958930 episode:431 

Rewards Tr: 175.90, Rewards Disc: 0.05, Rewards Eval: 156.96, Total Timesteps: 122258930 episode:432 

Rewards Tr: 179.17, Rewards Disc: 0.00, Rewards Eval: 188.99, Total Timesteps: 122558930 episode:433 

Rewards Tr: 176.40, Rewards Disc: 0.02, Rewards Eval: 185.16, Total Timesteps: 122858930 episode:434 

Rewards Tr: 170.10, Rewards Disc: 0.12, Rewards Eval: 193.43, Total Timesteps: 123158930 episode:435 

Rewards Tr: 167.91, Rewards Disc: 0.13, Rewards Eval: 189.97, Total Timesteps: 123458930 episode:436 

Rewards Tr: 172.94, Rewards Disc: 0.06, Rewards Eval: 189.05, Total Timesteps: 123758930 episode:437 

Rewards Tr: 177.88, Rewards Disc: 0.05, Rewards Eval: 163.21, Total Timesteps: 124058930 episode:438 

Rewards Tr: 177.67, Rewards Disc: 0.06, Rewards Eval: 195.97, Total Timesteps: 124358930 episode:439 

Rewards Tr: 172.44, Rewards Disc: 0.08, Rewards Eval: 157.73, Total Timesteps: 124658930 episode:440 

Rewards Tr: 168.16, Rewards Disc: 0.10, Rewards Eval: 202.01, Total Timesteps: 124958930 episode:441 

Rewards Tr: 168.06, Rewards Disc: 0.15, Rewards Eval: 176.95, Total Timesteps: 125258930 episode:442 

Rewards Tr: 168.40, Rewards Disc: 0.12, Rewards Eval: 178.56, Total Timesteps: 125558930 episode:443 

Rewards Tr: 170.45, Rewards Disc: 0.09, Rewards Eval: 158.42, Total Timesteps: 125858930 episode:444 

Rewards Tr: 176.98, Rewards Disc: 0.04, Rewards Eval: 176.74, Total Timesteps: 126158930 episode:445 

Rewards Tr: 174.60, Rewards Disc: 0.05, Rewards Eval: 171.51, Total Timesteps: 126458930 episode:446 

Rewards Tr: 175.03, Rewards Disc: 0.03, Rewards Eval: 179.42, Total Timesteps: 126758930 episode:447 

Rewards Tr: 178.61, Rewards Disc: -0.00, Rewards Eval: 154.10, Total Timesteps: 127058930 episode:448 

Rewards Tr: 175.30, Rewards Disc: 0.03, Rewards Eval: 152.68, Total Timesteps: 127358930 episode:449 

Rewards Tr: 176.13, Rewards Disc: 0.02, Rewards Eval: 176.81, Total Timesteps: 127658930 episode:450 

Rewards Tr: 174.21, Rewards Disc: 0.03, Rewards Eval: 172.42, Total Timesteps: 127958930 episode:451 

Rewards Tr: 173.54, Rewards Disc: 0.05, Rewards Eval: 161.40, Total Timesteps: 128258930 episode:452 

Rewards Tr: 174.25, Rewards Disc: 0.03, Rewards Eval: 150.78, Total Timesteps: 128558930 episode:453 

Rewards Tr: 176.05, Rewards Disc: 0.04, Rewards Eval: 165.69, Total Timesteps: 128858930 episode:454 

Rewards Tr: 173.76, Rewards Disc: 0.02, Rewards Eval: 137.46, Total Timesteps: 129158930 episode:455 

Rewards Tr: 174.40, Rewards Disc: 0.00, Rewards Eval: 172.06, Total Timesteps: 129458930 episode:456 

Rewards Tr: 175.92, Rewards Disc: 0.02, Rewards Eval: 176.13, Total Timesteps: 129758930 episode:457 

Rewards Tr: 173.88, Rewards Disc: 0.05, Rewards Eval: 173.46, Total Timesteps: 130058930 episode:458 

Rewards Tr: 173.93, Rewards Disc: 0.04, Rewards Eval: 184.29, Total Timesteps: 130358930 episode:459 

Rewards Tr: 177.17, Rewards Disc: -0.00, Rewards Eval: 184.81, Total Timesteps: 130658930 episode:460 

Rewards Tr: 175.25, Rewards Disc: 0.06, Rewards Eval: 168.35, Total Timesteps: 130958930 episode:461 

Rewards Tr: 173.94, Rewards Disc: 0.04, Rewards Eval: 190.93, Total Timesteps: 131258930 episode:462 

Rewards Tr: 174.06, Rewards Disc: 0.05, Rewards Eval: 189.38, Total Timesteps: 131558930 episode:463 

Rewards Tr: 176.41, Rewards Disc: 0.05, Rewards Eval: 181.56, Total Timesteps: 131858930 episode:464 

Rewards Tr: 174.09, Rewards Disc: 0.08, Rewards Eval: 210.12, Total Timesteps: 132158930 episode:465 

Rewards Tr: 175.98, Rewards Disc: 0.07, Rewards Eval: 193.58, Total Timesteps: 132458930 episode:466 

Rewards Tr: 175.15, Rewards Disc: 0.06, Rewards Eval: 189.29, Total Timesteps: 132758930 episode:467 

Rewards Tr: 178.87, Rewards Disc: 0.03, Rewards Eval: 188.86, Total Timesteps: 133058930 episode:468 

Rewards Tr: 177.74, Rewards Disc: 0.08, Rewards Eval: 199.27, Total Timesteps: 133358930 episode:469 

Rewards Tr: 171.86, Rewards Disc: 0.11, Rewards Eval: 150.43, Total Timesteps: 133658930 episode:470 

Rewards Tr: 171.71, Rewards Disc: 0.11, Rewards Eval: 190.81, Total Timesteps: 133958930 episode:471 

Rewards Tr: 177.89, Rewards Disc: 0.05, Rewards Eval: 179.43, Total Timesteps: 134258930 episode:472 

Rewards Tr: 174.98, Rewards Disc: 0.11, Rewards Eval: 173.45, Total Timesteps: 134558930 episode:473 

Rewards Tr: 171.02, Rewards Disc: 0.12, Rewards Eval: 182.07, Total Timesteps: 134858930 episode:474 

Rewards Tr: 175.28, Rewards Disc: 0.08, Rewards Eval: 179.65, Total Timesteps: 135158930 episode:475 

Rewards Tr: 177.88, Rewards Disc: 0.06, Rewards Eval: 179.73, Total Timesteps: 135458930 episode:476 

Rewards Tr: 174.22, Rewards Disc: 0.10, Rewards Eval: 189.08, Total Timesteps: 135758930 episode:477 

Rewards Tr: 181.56, Rewards Disc: 0.01, Rewards Eval: 201.22, Total Timesteps: 136058930 episode:478 

Rewards Tr: 180.60, Rewards Disc: 0.00, Rewards Eval: 183.28, Total Timesteps: 136358930 episode:479 

Rewards Tr: 178.48, Rewards Disc: 0.04, Rewards Eval: 168.20, Total Timesteps: 136658930 episode:480 

Rewards Tr: 181.25, Rewards Disc: 0.01, Rewards Eval: 165.90, Total Timesteps: 136958930 episode:481 

Rewards Tr: 175.01, Rewards Disc: 0.08, Rewards Eval: 185.94, Total Timesteps: 137258930 episode:482 

Rewards Tr: 174.07, Rewards Disc: 0.08, Rewards Eval: 177.49, Total Timesteps: 137558930 episode:483 

Rewards Tr: 175.53, Rewards Disc: 0.08, Rewards Eval: 180.11, Total Timesteps: 137858930 episode:484 

Rewards Tr: 175.28, Rewards Disc: 0.08, Rewards Eval: 177.61, Total Timesteps: 138158930 episode:485 

Rewards Tr: 177.09, Rewards Disc: 0.06, Rewards Eval: 201.91, Total Timesteps: 138458930 episode:486 

Rewards Tr: 176.67, Rewards Disc: 0.09, Rewards Eval: 191.58, Total Timesteps: 138758930 episode:487 

Rewards Tr: 179.86, Rewards Disc: 0.00, Rewards Eval: 179.40, Total Timesteps: 139058930 episode:488 

Rewards Tr: 174.52, Rewards Disc: 0.08, Rewards Eval: 172.59, Total Timesteps: 139358930 episode:489 

Rewards Tr: 178.24, Rewards Disc: 0.04, Rewards Eval: 197.37, Total Timesteps: 139658930 episode:490 

Rewards Tr: 171.63, Rewards Disc: 0.10, Rewards Eval: 176.85, Total Timesteps: 139958930 episode:491 

Rewards Tr: 174.93, Rewards Disc: 0.05, Rewards Eval: 198.52, Total Timesteps: 140258930 episode:492 

Rewards Tr: 173.22, Rewards Disc: 0.06, Rewards Eval: 178.12, Total Timesteps: 140558930 episode:493 

Rewards Tr: 176.66, Rewards Disc: 0.02, Rewards Eval: 190.17, Total Timesteps: 140858930 episode:494 

Rewards Tr: 173.29, Rewards Disc: 0.09, Rewards Eval: 184.79, Total Timesteps: 141158930 episode:495 

Rewards Tr: 170.56, Rewards Disc: 0.11, Rewards Eval: 195.76, Total Timesteps: 141458930 episode:496 

Rewards Tr: 168.90, Rewards Disc: 0.13, Rewards Eval: 156.75, Total Timesteps: 141758930 episode:497 

Rewards Tr: 168.52, Rewards Disc: 0.13, Rewards Eval: 181.02, Total Timesteps: 142058930 episode:498 

Rewards Tr: 160.84, Rewards Disc: 0.20, Rewards Eval: 155.07, Total Timesteps: 142358930 episode:499 

Elapsed Time: 2587.3 minutes 

