
The following have been reloaded with a version change:
  1) mpfr/3.1.6 => mpfr/4.0.1

For Seed: 101 

Rewards Tr: -650.87, Rewards Eval: -554.70, Total Timesteps: 36280 episode:0 

Rewards Tr: -511.38, Rewards Eval: -457.35, Total Timesteps: 71570 episode:1 

Rewards Tr: -422.93, Rewards Eval: -544.59, Total Timesteps: 110450 episode:2 

Rewards Tr: -380.09, Rewards Eval: -265.85, Total Timesteps: 152950 episode:3 

Rewards Tr: -356.16, Rewards Eval: -417.27, Total Timesteps: 195540 episode:4 

Rewards Tr: -304.38, Rewards Eval: -304.64, Total Timesteps: 239250 episode:5 

Rewards Tr: -290.23, Rewards Eval: -197.09, Total Timesteps: 284070 episode:6 

Rewards Tr: -256.62, Rewards Eval: -194.82, Total Timesteps: 338820 episode:7 

Rewards Tr: -207.04, Rewards Eval: -179.83, Total Timesteps: 402100 episode:8 

Rewards Tr: -188.61, Rewards Eval: -139.99, Total Timesteps: 453570 episode:9 

Rewards Tr: -164.76, Rewards Eval: -209.83, Total Timesteps: 505030 episode:10 

Rewards Tr: -166.46, Rewards Eval: -125.82, Total Timesteps: 561390 episode:11 

Rewards Tr: -136.74, Rewards Eval: -125.35, Total Timesteps: 619280 episode:12 

Rewards Tr: -122.78, Rewards Eval: -59.39, Total Timesteps: 684740 episode:13 

Rewards Tr: -125.85, Rewards Eval: -77.02, Total Timesteps: 750410 episode:14 

Rewards Tr: -110.94, Rewards Eval: -48.61, Total Timesteps: 819930 episode:15 

Rewards Tr: -101.39, Rewards Eval: -95.34, Total Timesteps: 887790 episode:16 

Rewards Tr: -91.55, Rewards Eval: -86.73, Total Timesteps: 950010 episode:17 

Rewards Tr: -81.94, Rewards Eval: -119.25, Total Timesteps: 1032610 episode:18 

Rewards Tr: -82.14, Rewards Eval: -90.90, Total Timesteps: 1098010 episode:19 

Rewards Tr: -84.21, Rewards Eval: -153.22, Total Timesteps: 1173940 episode:20 

Rewards Tr: -76.01, Rewards Eval: -51.82, Total Timesteps: 1271880 episode:21 

Rewards Tr: -67.02, Rewards Eval: -79.64, Total Timesteps: 1334930 episode:22 

Rewards Tr: -66.12, Rewards Eval: -88.21, Total Timesteps: 1418000 episode:23 

Rewards Tr: -65.48, Rewards Eval: -42.91, Total Timesteps: 1490570 episode:24 

Rewards Tr: -57.28, Rewards Eval: -53.67, Total Timesteps: 1595160 episode:25 

Rewards Tr: -57.00, Rewards Eval: -45.44, Total Timesteps: 1669620 episode:26 

Rewards Tr: -56.94, Rewards Eval: -54.45, Total Timesteps: 1764280 episode:27 

Rewards Tr: -51.15, Rewards Eval: -64.36, Total Timesteps: 1848490 episode:28 

Rewards Tr: -45.95, Rewards Eval: -61.21, Total Timesteps: 1931600 episode:29 

Rewards Tr: -41.47, Rewards Eval: -1.33, Total Timesteps: 2037250 episode:30 

Rewards Tr: -39.71, Rewards Eval: -46.53, Total Timesteps: 2147500 episode:31 

Rewards Tr: -34.03, Rewards Eval: -75.88, Total Timesteps: 2245560 episode:32 

Rewards Tr: -29.55, Rewards Eval: -30.15, Total Timesteps: 2376410 episode:33 

Rewards Tr: -26.97, Rewards Eval: -3.16, Total Timesteps: 2474420 episode:34 

Rewards Tr: -25.56, Rewards Eval: -53.94, Total Timesteps: 2618640 episode:35 

Rewards Tr: -18.86, Rewards Eval: 1.28, Total Timesteps: 2741200 episode:36 

Rewards Tr: -24.16, Rewards Eval: -43.82, Total Timesteps: 2907970 episode:37 

Rewards Tr: -22.94, Rewards Eval: -21.39, Total Timesteps: 3046860 episode:38 

Rewards Tr: -18.98, Rewards Eval: -36.53, Total Timesteps: 3238380 episode:39 

Rewards Tr: -19.11, Rewards Eval: -1.47, Total Timesteps: 3455930 episode:40 

Rewards Tr: -20.93, Rewards Eval: 14.47, Total Timesteps: 3683750 episode:41 

Rewards Tr: -22.90, Rewards Eval: -22.59, Total Timesteps: 3940790 episode:42 

Rewards Tr: -24.28, Rewards Eval: -28.01, Total Timesteps: 4200920 episode:43 

Rewards Tr: -15.25, Rewards Eval: -48.01, Total Timesteps: 4463890 episode:44 

Rewards Tr: -13.74, Rewards Eval: 11.03, Total Timesteps: 4725670 episode:45 

Rewards Tr: -23.07, Rewards Eval: -6.79, Total Timesteps: 5003200 episode:46 

Rewards Tr: -13.93, Rewards Eval: 15.46, Total Timesteps: 5278740 episode:47 

Rewards Tr: -4.66, Rewards Eval: 4.76, Total Timesteps: 5551240 episode:48 

Rewards Tr: -3.19, Rewards Eval: -19.85, Total Timesteps: 5830920 episode:49 

Rewards Tr: -1.46, Rewards Eval: -32.51, Total Timesteps: 6108440 episode:50 

Rewards Tr: 0.53, Rewards Eval: -2.49, Total Timesteps: 6400640 episode:51 

Rewards Tr: -1.23, Rewards Eval: -7.65, Total Timesteps: 6689970 episode:52 

Rewards Tr: -0.02, Rewards Eval: 29.03, Total Timesteps: 6989970 episode:53 

Rewards Tr: -4.46, Rewards Eval: -32.56, Total Timesteps: 7289970 episode:54 

Rewards Tr: 0.92, Rewards Eval: -13.55, Total Timesteps: 7584550 episode:55 

Rewards Tr: -3.99, Rewards Eval: -32.57, Total Timesteps: 7884550 episode:56 

Rewards Tr: -2.75, Rewards Eval: 11.30, Total Timesteps: 8184550 episode:57 

Rewards Tr: 0.59, Rewards Eval: 25.01, Total Timesteps: 8484550 episode:58 

Rewards Tr: -2.26, Rewards Eval: -5.81, Total Timesteps: 8784550 episode:59 

Rewards Tr: -4.79, Rewards Eval: -37.20, Total Timesteps: 9084550 episode:60 

Rewards Tr: 4.04, Rewards Eval: 10.86, Total Timesteps: 9384550 episode:61 

Rewards Tr: -0.47, Rewards Eval: -3.21, Total Timesteps: 9684550 episode:62 

Rewards Tr: -1.71, Rewards Eval: -9.93, Total Timesteps: 9984550 episode:63 

Rewards Tr: -0.87, Rewards Eval: 9.01, Total Timesteps: 10284550 episode:64 

Rewards Tr: -7.77, Rewards Eval: 22.44, Total Timesteps: 10584550 episode:65 

Rewards Tr: 0.36, Rewards Eval: -15.13, Total Timesteps: 10884550 episode:66 

Rewards Tr: -3.68, Rewards Eval: 28.63, Total Timesteps: 11184550 episode:67 

Rewards Tr: -1.62, Rewards Eval: 47.68, Total Timesteps: 11484550 episode:68 

Rewards Tr: 2.07, Rewards Eval: -10.80, Total Timesteps: 11784550 episode:69 

Rewards Tr: 5.28, Rewards Eval: -20.60, Total Timesteps: 12084550 episode:70 

Rewards Tr: 8.13, Rewards Eval: 11.92, Total Timesteps: 12384550 episode:71 

Rewards Tr: 5.15, Rewards Eval: 22.04, Total Timesteps: 12684550 episode:72 

Rewards Tr: 8.73, Rewards Eval: 18.87, Total Timesteps: 12984550 episode:73 

Rewards Tr: 9.51, Rewards Eval: 43.24, Total Timesteps: 13284550 episode:74 

Rewards Tr: 11.57, Rewards Eval: 4.69, Total Timesteps: 13584550 episode:75 

Rewards Tr: 15.69, Rewards Eval: 44.10, Total Timesteps: 13884550 episode:76 

Rewards Tr: 18.93, Rewards Eval: -11.27, Total Timesteps: 14184550 episode:77 

Rewards Tr: 23.16, Rewards Eval: 2.22, Total Timesteps: 14484550 episode:78 

Rewards Tr: 19.16, Rewards Eval: 30.45, Total Timesteps: 14784550 episode:79 

Rewards Tr: 24.07, Rewards Eval: 30.43, Total Timesteps: 15084550 episode:80 

Rewards Tr: 24.63, Rewards Eval: 18.73, Total Timesteps: 15384550 episode:81 

Rewards Tr: 24.51, Rewards Eval: -5.00, Total Timesteps: 15684550 episode:82 

Rewards Tr: 29.24, Rewards Eval: 19.03, Total Timesteps: 15984550 episode:83 

Rewards Tr: 26.76, Rewards Eval: 27.85, Total Timesteps: 16284550 episode:84 

Rewards Tr: 31.27, Rewards Eval: 32.60, Total Timesteps: 16584550 episode:85 

Rewards Tr: 32.73, Rewards Eval: 35.55, Total Timesteps: 16884550 episode:86 

Rewards Tr: 34.56, Rewards Eval: 17.02, Total Timesteps: 17184550 episode:87 

Rewards Tr: 36.17, Rewards Eval: 36.16, Total Timesteps: 17484550 episode:88 

Rewards Tr: 37.97, Rewards Eval: 49.34, Total Timesteps: 17784550 episode:89 

Rewards Tr: 39.99, Rewards Eval: 18.39, Total Timesteps: 18084550 episode:90 

Rewards Tr: 44.40, Rewards Eval: 62.95, Total Timesteps: 18384550 episode:91 

Rewards Tr: 43.17, Rewards Eval: 62.94, Total Timesteps: 18684550 episode:92 

Rewards Tr: 50.55, Rewards Eval: 41.61, Total Timesteps: 18984550 episode:93 

Rewards Tr: 49.83, Rewards Eval: 64.10, Total Timesteps: 19284550 episode:94 

Rewards Tr: 56.58, Rewards Eval: 55.44, Total Timesteps: 19584550 episode:95 

Rewards Tr: 59.84, Rewards Eval: 90.63, Total Timesteps: 19884550 episode:96 

Rewards Tr: 66.57, Rewards Eval: 58.58, Total Timesteps: 20184550 episode:97 

Rewards Tr: 64.99, Rewards Eval: 64.11, Total Timesteps: 20484550 episode:98 

Rewards Tr: 70.39, Rewards Eval: 41.46, Total Timesteps: 20784550 episode:99 

Rewards Tr: 71.71, Rewards Eval: 81.19, Total Timesteps: 21084550 episode:100 

Rewards Tr: 75.32, Rewards Eval: 74.26, Total Timesteps: 21384550 episode:101 

Rewards Tr: 78.51, Rewards Eval: 130.51, Total Timesteps: 21684550 episode:102 

Rewards Tr: 81.32, Rewards Eval: 76.55, Total Timesteps: 21984550 episode:103 

Rewards Tr: 87.56, Rewards Eval: 83.36, Total Timesteps: 22284550 episode:104 

Rewards Tr: 89.49, Rewards Eval: 77.80, Total Timesteps: 22584550 episode:105 

Rewards Tr: 95.39, Rewards Eval: 93.62, Total Timesteps: 22884550 episode:106 

Rewards Tr: 101.19, Rewards Eval: 105.67, Total Timesteps: 23184550 episode:107 

Rewards Tr: 102.99, Rewards Eval: 113.76, Total Timesteps: 23484550 episode:108 

Rewards Tr: 107.96, Rewards Eval: 117.41, Total Timesteps: 23784550 episode:109 

Rewards Tr: 112.50, Rewards Eval: 121.09, Total Timesteps: 24084550 episode:110 

Rewards Tr: 117.57, Rewards Eval: 118.92, Total Timesteps: 24384550 episode:111 

Rewards Tr: 127.01, Rewards Eval: 92.83, Total Timesteps: 24684550 episode:112 

Rewards Tr: 121.18, Rewards Eval: 141.52, Total Timesteps: 24984550 episode:113 

Rewards Tr: 130.72, Rewards Eval: 132.04, Total Timesteps: 25284550 episode:114 

Rewards Tr: 131.33, Rewards Eval: 156.89, Total Timesteps: 25584550 episode:115 

Rewards Tr: 137.45, Rewards Eval: 153.00, Total Timesteps: 25884550 episode:116 

Rewards Tr: 136.38, Rewards Eval: 143.32, Total Timesteps: 26184550 episode:117 

Rewards Tr: 141.28, Rewards Eval: 112.15, Total Timesteps: 26484550 episode:118 

Rewards Tr: 141.70, Rewards Eval: 164.74, Total Timesteps: 26784550 episode:119 

Rewards Tr: 146.34, Rewards Eval: 138.48, Total Timesteps: 27084550 episode:120 

Rewards Tr: 148.48, Rewards Eval: 130.98, Total Timesteps: 27384550 episode:121 

Rewards Tr: 148.60, Rewards Eval: 159.98, Total Timesteps: 27684550 episode:122 

Rewards Tr: 152.28, Rewards Eval: 171.87, Total Timesteps: 27984550 episode:123 

Rewards Tr: 148.81, Rewards Eval: 176.41, Total Timesteps: 28284550 episode:124 

Rewards Tr: 150.28, Rewards Eval: 154.51, Total Timesteps: 28584550 episode:125 

Rewards Tr: 152.11, Rewards Eval: 153.09, Total Timesteps: 28884550 episode:126 

Rewards Tr: 156.39, Rewards Eval: 173.31, Total Timesteps: 29184550 episode:127 

Rewards Tr: 151.53, Rewards Eval: 148.39, Total Timesteps: 29484550 episode:128 

Rewards Tr: 158.55, Rewards Eval: 147.55, Total Timesteps: 29784550 episode:129 

Rewards Tr: 155.20, Rewards Eval: 140.86, Total Timesteps: 30084550 episode:130 

Rewards Tr: 158.86, Rewards Eval: 124.09, Total Timesteps: 30384550 episode:131 

Rewards Tr: 161.06, Rewards Eval: 145.04, Total Timesteps: 30684550 episode:132 

Rewards Tr: 161.96, Rewards Eval: 152.82, Total Timesteps: 30984550 episode:133 

Rewards Tr: 162.56, Rewards Eval: 164.43, Total Timesteps: 31284550 episode:134 

Rewards Tr: 161.37, Rewards Eval: 166.40, Total Timesteps: 31584550 episode:135 

Rewards Tr: 163.65, Rewards Eval: 167.64, Total Timesteps: 31884550 episode:136 

Rewards Tr: 162.39, Rewards Eval: 171.00, Total Timesteps: 32184550 episode:137 

Rewards Tr: 163.46, Rewards Eval: 130.76, Total Timesteps: 32484550 episode:138 

Rewards Tr: 165.32, Rewards Eval: 162.01, Total Timesteps: 32784550 episode:139 

Rewards Tr: 168.48, Rewards Eval: 170.56, Total Timesteps: 33084550 episode:140 

Rewards Tr: 165.33, Rewards Eval: 175.60, Total Timesteps: 33384550 episode:141 

Rewards Tr: 162.95, Rewards Eval: 182.76, Total Timesteps: 33684550 episode:142 

Rewards Tr: 163.48, Rewards Eval: 159.26, Total Timesteps: 33984550 episode:143 

Rewards Tr: 163.81, Rewards Eval: 163.31, Total Timesteps: 34284550 episode:144 

Rewards Tr: 164.75, Rewards Eval: 177.35, Total Timesteps: 34584550 episode:145 

Rewards Tr: 166.32, Rewards Eval: 151.98, Total Timesteps: 34884550 episode:146 

Rewards Tr: 163.68, Rewards Eval: 142.05, Total Timesteps: 35184550 episode:147 

Rewards Tr: 164.98, Rewards Eval: 198.55, Total Timesteps: 35484550 episode:148 

Rewards Tr: 167.60, Rewards Eval: 155.43, Total Timesteps: 35784550 episode:149 

Rewards Tr: 163.06, Rewards Eval: 140.08, Total Timesteps: 36084550 episode:150 

Rewards Tr: 169.87, Rewards Eval: 170.23, Total Timesteps: 36384550 episode:151 

Rewards Tr: 168.86, Rewards Eval: 181.19, Total Timesteps: 36684550 episode:152 

Rewards Tr: 168.67, Rewards Eval: 174.69, Total Timesteps: 36984550 episode:153 

Rewards Tr: 167.84, Rewards Eval: 186.63, Total Timesteps: 37284550 episode:154 

Rewards Tr: 169.90, Rewards Eval: 186.48, Total Timesteps: 37584550 episode:155 

Rewards Tr: 168.68, Rewards Eval: 172.82, Total Timesteps: 37884550 episode:156 

Rewards Tr: 167.84, Rewards Eval: 155.79, Total Timesteps: 38184550 episode:157 

Rewards Tr: 168.07, Rewards Eval: 156.14, Total Timesteps: 38484550 episode:158 

Rewards Tr: 168.62, Rewards Eval: 141.49, Total Timesteps: 38784550 episode:159 

Rewards Tr: 169.08, Rewards Eval: 149.57, Total Timesteps: 39084550 episode:160 

Rewards Tr: 170.22, Rewards Eval: 156.46, Total Timesteps: 39384550 episode:161 

Rewards Tr: 169.18, Rewards Eval: 170.99, Total Timesteps: 39684550 episode:162 

Rewards Tr: 167.38, Rewards Eval: 180.37, Total Timesteps: 39984550 episode:163 

Rewards Tr: 171.99, Rewards Eval: 172.93, Total Timesteps: 40284550 episode:164 

Rewards Tr: 171.91, Rewards Eval: 215.46, Total Timesteps: 40584550 episode:165 

Rewards Tr: 169.19, Rewards Eval: 158.57, Total Timesteps: 40884550 episode:166 

Rewards Tr: 169.76, Rewards Eval: 183.47, Total Timesteps: 41184550 episode:167 

Rewards Tr: 168.87, Rewards Eval: 178.21, Total Timesteps: 41484550 episode:168 

Rewards Tr: 172.78, Rewards Eval: 167.44, Total Timesteps: 41784550 episode:169 

Rewards Tr: 168.60, Rewards Eval: 181.32, Total Timesteps: 42084550 episode:170 

Rewards Tr: 170.59, Rewards Eval: 173.51, Total Timesteps: 42384550 episode:171 

Rewards Tr: 170.86, Rewards Eval: 176.63, Total Timesteps: 42684550 episode:172 

Rewards Tr: 171.77, Rewards Eval: 181.76, Total Timesteps: 42984550 episode:173 

Rewards Tr: 170.63, Rewards Eval: 167.19, Total Timesteps: 43284550 episode:174 

Rewards Tr: 169.24, Rewards Eval: 191.45, Total Timesteps: 43584550 episode:175 

Rewards Tr: 171.30, Rewards Eval: 196.35, Total Timesteps: 43884550 episode:176 

Rewards Tr: 174.02, Rewards Eval: 132.23, Total Timesteps: 44184550 episode:177 

Rewards Tr: 171.37, Rewards Eval: 174.80, Total Timesteps: 44484550 episode:178 

Rewards Tr: 169.14, Rewards Eval: 189.68, Total Timesteps: 44784550 episode:179 

Rewards Tr: 171.09, Rewards Eval: 181.01, Total Timesteps: 45084550 episode:180 

Rewards Tr: 172.71, Rewards Eval: 179.27, Total Timesteps: 45384550 episode:181 

Rewards Tr: 173.23, Rewards Eval: 181.88, Total Timesteps: 45684550 episode:182 

Rewards Tr: 174.22, Rewards Eval: 152.34, Total Timesteps: 45984550 episode:183 

Rewards Tr: 173.82, Rewards Eval: 159.29, Total Timesteps: 46284550 episode:184 

Rewards Tr: 173.24, Rewards Eval: 153.53, Total Timesteps: 46584550 episode:185 

Rewards Tr: 176.17, Rewards Eval: 183.36, Total Timesteps: 46884550 episode:186 

Rewards Tr: 177.89, Rewards Eval: 207.45, Total Timesteps: 47184550 episode:187 

Rewards Tr: 176.30, Rewards Eval: 181.06, Total Timesteps: 47484550 episode:188 

Rewards Tr: 172.30, Rewards Eval: 160.29, Total Timesteps: 47784550 episode:189 

Rewards Tr: 175.85, Rewards Eval: 184.59, Total Timesteps: 48084550 episode:190 

Rewards Tr: 174.44, Rewards Eval: 218.64, Total Timesteps: 48384550 episode:191 

Rewards Tr: 172.02, Rewards Eval: 184.11, Total Timesteps: 48684550 episode:192 

Rewards Tr: 176.75, Rewards Eval: 176.47, Total Timesteps: 48984550 episode:193 

Rewards Tr: 175.46, Rewards Eval: 150.39, Total Timesteps: 49284550 episode:194 

Rewards Tr: 176.40, Rewards Eval: 181.26, Total Timesteps: 49584550 episode:195 

Rewards Tr: 170.80, Rewards Eval: 174.34, Total Timesteps: 49884550 episode:196 

Rewards Tr: 176.71, Rewards Eval: 188.36, Total Timesteps: 50184550 episode:197 

Rewards Tr: 175.54, Rewards Eval: 191.02, Total Timesteps: 50484550 episode:198 

Rewards Tr: 177.52, Rewards Eval: 159.33, Total Timesteps: 50784550 episode:199 

Rewards Tr: 175.52, Rewards Eval: 174.34, Total Timesteps: 51084550 episode:200 

Rewards Tr: 176.50, Rewards Eval: 181.50, Total Timesteps: 51384550 episode:201 

Rewards Tr: 175.52, Rewards Eval: 191.58, Total Timesteps: 51684550 episode:202 

Rewards Tr: 173.05, Rewards Eval: 175.92, Total Timesteps: 51984550 episode:203 

Rewards Tr: 171.92, Rewards Eval: 186.91, Total Timesteps: 52284550 episode:204 

Rewards Tr: 176.53, Rewards Eval: 162.31, Total Timesteps: 52584550 episode:205 

Rewards Tr: 173.29, Rewards Eval: 187.59, Total Timesteps: 52884550 episode:206 

Rewards Tr: 179.22, Rewards Eval: 175.01, Total Timesteps: 53184550 episode:207 

Rewards Tr: 177.54, Rewards Eval: 176.62, Total Timesteps: 53484550 episode:208 

Rewards Tr: 177.82, Rewards Eval: 166.07, Total Timesteps: 53784550 episode:209 

Rewards Tr: 176.56, Rewards Eval: 165.58, Total Timesteps: 54084550 episode:210 

Rewards Tr: 178.22, Rewards Eval: 162.67, Total Timesteps: 54384550 episode:211 

Rewards Tr: 172.51, Rewards Eval: 177.16, Total Timesteps: 54684550 episode:212 

Rewards Tr: 178.57, Rewards Eval: 162.26, Total Timesteps: 54984550 episode:213 

Rewards Tr: 180.12, Rewards Eval: 171.31, Total Timesteps: 55284550 episode:214 

Rewards Tr: 178.14, Rewards Eval: 196.53, Total Timesteps: 55584550 episode:215 

Rewards Tr: 175.65, Rewards Eval: 181.29, Total Timesteps: 55884550 episode:216 

Rewards Tr: 176.59, Rewards Eval: 129.97, Total Timesteps: 56184550 episode:217 

Rewards Tr: 176.05, Rewards Eval: 167.48, Total Timesteps: 56484550 episode:218 

Rewards Tr: 176.72, Rewards Eval: 158.48, Total Timesteps: 56784550 episode:219 

Rewards Tr: 175.62, Rewards Eval: 172.70, Total Timesteps: 57084550 episode:220 

Rewards Tr: 179.14, Rewards Eval: 181.82, Total Timesteps: 57384550 episode:221 

Rewards Tr: 178.54, Rewards Eval: 185.18, Total Timesteps: 57684550 episode:222 

Rewards Tr: 179.04, Rewards Eval: 187.03, Total Timesteps: 57984550 episode:223 

Rewards Tr: 178.93, Rewards Eval: 182.75, Total Timesteps: 58284550 episode:224 

Rewards Tr: 178.41, Rewards Eval: 181.99, Total Timesteps: 58584550 episode:225 

Rewards Tr: 181.32, Rewards Eval: 169.72, Total Timesteps: 58884550 episode:226 

Rewards Tr: 177.85, Rewards Eval: 192.99, Total Timesteps: 59184550 episode:227 

Rewards Tr: 176.32, Rewards Eval: 174.11, Total Timesteps: 59484550 episode:228 

Rewards Tr: 181.53, Rewards Eval: 176.06, Total Timesteps: 59784550 episode:229 

Rewards Tr: 181.30, Rewards Eval: 181.79, Total Timesteps: 60084550 episode:230 

Rewards Tr: 175.32, Rewards Eval: 151.22, Total Timesteps: 60384550 episode:231 

Rewards Tr: 175.84, Rewards Eval: 167.21, Total Timesteps: 60684550 episode:232 

Rewards Tr: 177.19, Rewards Eval: 159.18, Total Timesteps: 60984550 episode:233 

Rewards Tr: 178.09, Rewards Eval: 181.16, Total Timesteps: 61284550 episode:234 

Rewards Tr: 182.09, Rewards Eval: 169.53, Total Timesteps: 61584550 episode:235 

Rewards Tr: 180.37, Rewards Eval: 194.59, Total Timesteps: 61884550 episode:236 

Rewards Tr: 176.62, Rewards Eval: 166.30, Total Timesteps: 62184550 episode:237 

Rewards Tr: 179.51, Rewards Eval: 181.51, Total Timesteps: 62484550 episode:238 

Rewards Tr: 183.12, Rewards Eval: 195.20, Total Timesteps: 62784550 episode:239 

Rewards Tr: 183.96, Rewards Eval: 162.05, Total Timesteps: 63084550 episode:240 

Rewards Tr: 180.57, Rewards Eval: 160.79, Total Timesteps: 63384550 episode:241 

Rewards Tr: 178.95, Rewards Eval: 177.77, Total Timesteps: 63684550 episode:242 

Rewards Tr: 180.22, Rewards Eval: 195.23, Total Timesteps: 63984550 episode:243 

Rewards Tr: 177.41, Rewards Eval: 173.61, Total Timesteps: 64284550 episode:244 

Rewards Tr: 177.02, Rewards Eval: 175.50, Total Timesteps: 64584550 episode:245 

Rewards Tr: 180.78, Rewards Eval: 198.19, Total Timesteps: 64884550 episode:246 

Rewards Tr: 178.39, Rewards Eval: 193.13, Total Timesteps: 65184550 episode:247 

Rewards Tr: 178.66, Rewards Eval: 179.19, Total Timesteps: 65484550 episode:248 

Rewards Tr: 177.54, Rewards Eval: 191.09, Total Timesteps: 65784550 episode:249 

Rewards Tr: 182.52, Rewards Eval: 168.50, Total Timesteps: 66084550 episode:250 

Rewards Tr: 178.72, Rewards Eval: 177.00, Total Timesteps: 66384550 episode:251 

Rewards Tr: 179.71, Rewards Eval: 196.49, Total Timesteps: 66684550 episode:252 

Rewards Tr: 179.65, Rewards Eval: 167.85, Total Timesteps: 66984550 episode:253 

Rewards Tr: 183.76, Rewards Eval: 176.37, Total Timesteps: 67284550 episode:254 

Rewards Tr: 180.11, Rewards Eval: 193.12, Total Timesteps: 67584550 episode:255 

Rewards Tr: 181.31, Rewards Eval: 198.30, Total Timesteps: 67884550 episode:256 

Rewards Tr: 182.20, Rewards Eval: 160.40, Total Timesteps: 68184550 episode:257 

Rewards Tr: 177.10, Rewards Eval: 179.08, Total Timesteps: 68484550 episode:258 

Rewards Tr: 179.16, Rewards Eval: 192.87, Total Timesteps: 68784550 episode:259 

Rewards Tr: 178.74, Rewards Eval: 191.27, Total Timesteps: 69084550 episode:260 

Rewards Tr: 178.65, Rewards Eval: 180.91, Total Timesteps: 69384550 episode:261 

Rewards Tr: 181.04, Rewards Eval: 193.04, Total Timesteps: 69684550 episode:262 

Rewards Tr: 181.83, Rewards Eval: 165.94, Total Timesteps: 69984550 episode:263 

Rewards Tr: 180.57, Rewards Eval: 184.14, Total Timesteps: 70284550 episode:264 

Rewards Tr: 180.51, Rewards Eval: 192.95, Total Timesteps: 70584550 episode:265 

Rewards Tr: 180.38, Rewards Eval: 174.85, Total Timesteps: 70884550 episode:266 

Rewards Tr: 180.85, Rewards Eval: 176.83, Total Timesteps: 71184550 episode:267 

Rewards Tr: 178.46, Rewards Eval: 180.64, Total Timesteps: 71484550 episode:268 

Rewards Tr: 179.16, Rewards Eval: 165.81, Total Timesteps: 71784550 episode:269 

Rewards Tr: 180.83, Rewards Eval: 164.25, Total Timesteps: 72084550 episode:270 

Rewards Tr: 178.94, Rewards Eval: 166.30, Total Timesteps: 72384550 episode:271 

Rewards Tr: 181.97, Rewards Eval: 173.06, Total Timesteps: 72684550 episode:272 

Rewards Tr: 184.84, Rewards Eval: 190.86, Total Timesteps: 72984550 episode:273 

Rewards Tr: 182.45, Rewards Eval: 188.36, Total Timesteps: 73284550 episode:274 

Rewards Tr: 183.25, Rewards Eval: 166.69, Total Timesteps: 73584550 episode:275 

Rewards Tr: 180.52, Rewards Eval: 194.68, Total Timesteps: 73884550 episode:276 

Rewards Tr: 179.89, Rewards Eval: 196.13, Total Timesteps: 74184550 episode:277 

Rewards Tr: 179.35, Rewards Eval: 215.79, Total Timesteps: 74484550 episode:278 

Rewards Tr: 182.20, Rewards Eval: 162.72, Total Timesteps: 74784550 episode:279 

Rewards Tr: 182.43, Rewards Eval: 200.31, Total Timesteps: 75084550 episode:280 

Rewards Tr: 177.75, Rewards Eval: 205.27, Total Timesteps: 75384550 episode:281 

Rewards Tr: 177.29, Rewards Eval: 199.61, Total Timesteps: 75684550 episode:282 

Rewards Tr: 179.89, Rewards Eval: 173.15, Total Timesteps: 75984550 episode:283 

Rewards Tr: 182.89, Rewards Eval: 153.84, Total Timesteps: 76284550 episode:284 

Rewards Tr: 181.52, Rewards Eval: 179.67, Total Timesteps: 76584550 episode:285 

Rewards Tr: 185.84, Rewards Eval: 200.67, Total Timesteps: 76884550 episode:286 

Rewards Tr: 183.71, Rewards Eval: 191.51, Total Timesteps: 77184550 episode:287 

Rewards Tr: 183.17, Rewards Eval: 170.12, Total Timesteps: 77484550 episode:288 

Rewards Tr: 178.79, Rewards Eval: 195.71, Total Timesteps: 77784550 episode:289 

Rewards Tr: 177.93, Rewards Eval: 143.44, Total Timesteps: 78084550 episode:290 

Rewards Tr: 176.55, Rewards Eval: 179.89, Total Timesteps: 78384550 episode:291 

Rewards Tr: 182.30, Rewards Eval: 170.03, Total Timesteps: 78684550 episode:292 

Rewards Tr: 182.08, Rewards Eval: 201.34, Total Timesteps: 78984550 episode:293 

Rewards Tr: 184.32, Rewards Eval: 186.72, Total Timesteps: 79284550 episode:294 

Rewards Tr: 179.51, Rewards Eval: 162.03, Total Timesteps: 79584550 episode:295 

Rewards Tr: 180.97, Rewards Eval: 188.38, Total Timesteps: 79884550 episode:296 

Rewards Tr: 179.27, Rewards Eval: 181.44, Total Timesteps: 80184550 episode:297 

Rewards Tr: 181.77, Rewards Eval: 175.09, Total Timesteps: 80484550 episode:298 

Rewards Tr: 183.72, Rewards Eval: 181.34, Total Timesteps: 80784550 episode:299 

Rewards Tr: 183.21, Rewards Eval: 209.25, Total Timesteps: 81084550 episode:300 

Rewards Tr: 183.91, Rewards Eval: 180.41, Total Timesteps: 81384550 episode:301 

Rewards Tr: 181.50, Rewards Eval: 182.51, Total Timesteps: 81684550 episode:302 

Rewards Tr: 184.46, Rewards Eval: 160.73, Total Timesteps: 81984550 episode:303 

Rewards Tr: 181.86, Rewards Eval: 167.32, Total Timesteps: 82284550 episode:304 

Rewards Tr: 183.25, Rewards Eval: 189.40, Total Timesteps: 82584550 episode:305 

Rewards Tr: 182.08, Rewards Eval: 167.65, Total Timesteps: 82884550 episode:306 

Rewards Tr: 182.95, Rewards Eval: 191.10, Total Timesteps: 83184550 episode:307 

Rewards Tr: 178.06, Rewards Eval: 167.26, Total Timesteps: 83484550 episode:308 

Rewards Tr: 179.05, Rewards Eval: 190.48, Total Timesteps: 83784550 episode:309 

Rewards Tr: 181.50, Rewards Eval: 176.40, Total Timesteps: 84084550 episode:310 

Rewards Tr: 181.50, Rewards Eval: 166.15, Total Timesteps: 84384550 episode:311 

Rewards Tr: 183.19, Rewards Eval: 173.80, Total Timesteps: 84684550 episode:312 

Rewards Tr: 183.86, Rewards Eval: 200.44, Total Timesteps: 84984550 episode:313 

Rewards Tr: 186.22, Rewards Eval: 175.43, Total Timesteps: 85284550 episode:314 

Rewards Tr: 180.67, Rewards Eval: 176.33, Total Timesteps: 85584550 episode:315 

Rewards Tr: 183.31, Rewards Eval: 181.94, Total Timesteps: 85884550 episode:316 

Rewards Tr: 182.06, Rewards Eval: 182.43, Total Timesteps: 86184550 episode:317 

Rewards Tr: 182.91, Rewards Eval: 169.01, Total Timesteps: 86484550 episode:318 

Rewards Tr: 184.20, Rewards Eval: 190.52, Total Timesteps: 86784550 episode:319 

Rewards Tr: 186.46, Rewards Eval: 176.28, Total Timesteps: 87084550 episode:320 

Rewards Tr: 182.77, Rewards Eval: 192.00, Total Timesteps: 87384550 episode:321 

Rewards Tr: 182.49, Rewards Eval: 194.36, Total Timesteps: 87684550 episode:322 

Rewards Tr: 185.91, Rewards Eval: 142.94, Total Timesteps: 87984550 episode:323 

Rewards Tr: 184.09, Rewards Eval: 181.25, Total Timesteps: 88284550 episode:324 

Rewards Tr: 183.10, Rewards Eval: 201.40, Total Timesteps: 88584550 episode:325 

Rewards Tr: 180.96, Rewards Eval: 194.47, Total Timesteps: 88884550 episode:326 

Rewards Tr: 183.02, Rewards Eval: 212.95, Total Timesteps: 89184550 episode:327 

Rewards Tr: 185.78, Rewards Eval: 188.45, Total Timesteps: 89484550 episode:328 

Rewards Tr: 179.44, Rewards Eval: 194.38, Total Timesteps: 89784550 episode:329 

Rewards Tr: 184.29, Rewards Eval: 194.99, Total Timesteps: 90084550 episode:330 

Rewards Tr: 183.34, Rewards Eval: 164.99, Total Timesteps: 90384550 episode:331 

Rewards Tr: 186.23, Rewards Eval: 167.89, Total Timesteps: 90684550 episode:332 

Rewards Tr: 187.62, Rewards Eval: 167.75, Total Timesteps: 90984550 episode:333 

Rewards Tr: 182.36, Rewards Eval: 165.74, Total Timesteps: 91284550 episode:334 

Rewards Tr: 183.04, Rewards Eval: 192.73, Total Timesteps: 91584550 episode:335 

Rewards Tr: 182.34, Rewards Eval: 175.47, Total Timesteps: 91884550 episode:336 

Rewards Tr: 185.44, Rewards Eval: 161.11, Total Timesteps: 92184550 episode:337 

Rewards Tr: 184.03, Rewards Eval: 190.22, Total Timesteps: 92484550 episode:338 

Rewards Tr: 185.70, Rewards Eval: 199.35, Total Timesteps: 92784550 episode:339 

Rewards Tr: 184.31, Rewards Eval: 152.11, Total Timesteps: 93084550 episode:340 

Rewards Tr: 186.17, Rewards Eval: 186.52, Total Timesteps: 93384550 episode:341 

Rewards Tr: 182.01, Rewards Eval: 194.76, Total Timesteps: 93684550 episode:342 

Rewards Tr: 185.73, Rewards Eval: 180.69, Total Timesteps: 93984550 episode:343 

Rewards Tr: 185.31, Rewards Eval: 146.99, Total Timesteps: 94284550 episode:344 

Rewards Tr: 188.16, Rewards Eval: 179.98, Total Timesteps: 94584550 episode:345 

Rewards Tr: 182.64, Rewards Eval: 198.86, Total Timesteps: 94884550 episode:346 

Rewards Tr: 184.30, Rewards Eval: 190.50, Total Timesteps: 95184550 episode:347 

Rewards Tr: 181.45, Rewards Eval: 169.15, Total Timesteps: 95484550 episode:348 

Rewards Tr: 183.60, Rewards Eval: 190.80, Total Timesteps: 95784550 episode:349 

Rewards Tr: 184.94, Rewards Eval: 174.74, Total Timesteps: 96084550 episode:350 

Rewards Tr: 185.65, Rewards Eval: 192.76, Total Timesteps: 96384550 episode:351 

Rewards Tr: 186.36, Rewards Eval: 189.04, Total Timesteps: 96684550 episode:352 

Rewards Tr: 186.08, Rewards Eval: 169.19, Total Timesteps: 96984550 episode:353 

Rewards Tr: 184.52, Rewards Eval: 164.82, Total Timesteps: 97284550 episode:354 

Rewards Tr: 186.79, Rewards Eval: 202.29, Total Timesteps: 97584550 episode:355 

Rewards Tr: 182.16, Rewards Eval: 199.42, Total Timesteps: 97884550 episode:356 

Rewards Tr: 182.26, Rewards Eval: 179.18, Total Timesteps: 98184550 episode:357 

Rewards Tr: 184.10, Rewards Eval: 186.62, Total Timesteps: 98484550 episode:358 

Rewards Tr: 182.22, Rewards Eval: 198.51, Total Timesteps: 98784550 episode:359 

Rewards Tr: 185.80, Rewards Eval: 178.92, Total Timesteps: 99084550 episode:360 

Rewards Tr: 184.30, Rewards Eval: 176.91, Total Timesteps: 99384550 episode:361 

Rewards Tr: 185.48, Rewards Eval: 172.79, Total Timesteps: 99684550 episode:362 

Rewards Tr: 183.67, Rewards Eval: 179.44, Total Timesteps: 99984550 episode:363 

Rewards Tr: 186.50, Rewards Eval: 165.54, Total Timesteps: 100284550 episode:364 

Rewards Tr: 183.96, Rewards Eval: 184.93, Total Timesteps: 100584550 episode:365 

Rewards Tr: 183.98, Rewards Eval: 173.55, Total Timesteps: 100884550 episode:366 

Rewards Tr: 184.90, Rewards Eval: 203.97, Total Timesteps: 101184550 episode:367 

Rewards Tr: 187.28, Rewards Eval: 177.72, Total Timesteps: 101484550 episode:368 

Rewards Tr: 185.15, Rewards Eval: 188.26, Total Timesteps: 101784550 episode:369 

Rewards Tr: 185.43, Rewards Eval: 187.69, Total Timesteps: 102084550 episode:370 

Rewards Tr: 184.05, Rewards Eval: 185.17, Total Timesteps: 102384550 episode:371 

Rewards Tr: 183.75, Rewards Eval: 187.98, Total Timesteps: 102684550 episode:372 

Rewards Tr: 185.12, Rewards Eval: 194.86, Total Timesteps: 102984550 episode:373 

Rewards Tr: 185.87, Rewards Eval: 181.45, Total Timesteps: 103284550 episode:374 

Rewards Tr: 186.94, Rewards Eval: 185.93, Total Timesteps: 103584550 episode:375 

Rewards Tr: 188.09, Rewards Eval: 177.56, Total Timesteps: 103884550 episode:376 

Rewards Tr: 184.63, Rewards Eval: 172.40, Total Timesteps: 104184550 episode:377 

Rewards Tr: 186.71, Rewards Eval: 184.39, Total Timesteps: 104484550 episode:378 

Rewards Tr: 188.33, Rewards Eval: 195.68, Total Timesteps: 104784550 episode:379 

Rewards Tr: 184.96, Rewards Eval: 200.36, Total Timesteps: 105084550 episode:380 

Rewards Tr: 185.47, Rewards Eval: 224.74, Total Timesteps: 105384550 episode:381 

Rewards Tr: 184.66, Rewards Eval: 196.92, Total Timesteps: 105684550 episode:382 

Rewards Tr: 187.58, Rewards Eval: 164.41, Total Timesteps: 105984550 episode:383 

Rewards Tr: 184.42, Rewards Eval: 181.17, Total Timesteps: 106284550 episode:384 

Rewards Tr: 184.82, Rewards Eval: 192.43, Total Timesteps: 106584550 episode:385 

Rewards Tr: 185.23, Rewards Eval: 204.08, Total Timesteps: 106884550 episode:386 

Rewards Tr: 183.74, Rewards Eval: 184.81, Total Timesteps: 107184550 episode:387 

Rewards Tr: 182.58, Rewards Eval: 185.33, Total Timesteps: 107484550 episode:388 

Rewards Tr: 184.03, Rewards Eval: 178.99, Total Timesteps: 107784550 episode:389 

Rewards Tr: 184.63, Rewards Eval: 219.53, Total Timesteps: 108084550 episode:390 

Rewards Tr: 184.49, Rewards Eval: 173.27, Total Timesteps: 108384550 episode:391 

Rewards Tr: 184.84, Rewards Eval: 196.12, Total Timesteps: 108684550 episode:392 

Rewards Tr: 185.19, Rewards Eval: 185.74, Total Timesteps: 108984550 episode:393 

Rewards Tr: 182.71, Rewards Eval: 195.29, Total Timesteps: 109284550 episode:394 

Rewards Tr: 185.51, Rewards Eval: 187.95, Total Timesteps: 109584550 episode:395 

Rewards Tr: 182.58, Rewards Eval: 181.30, Total Timesteps: 109884550 episode:396 

Rewards Tr: 186.30, Rewards Eval: 179.48, Total Timesteps: 110184550 episode:397 

Rewards Tr: 186.83, Rewards Eval: 181.65, Total Timesteps: 110484550 episode:398 

Rewards Tr: 186.93, Rewards Eval: 187.40, Total Timesteps: 110784550 episode:399 

Rewards Tr: 184.41, Rewards Eval: 183.92, Total Timesteps: 111084550 episode:400 

Rewards Tr: 182.62, Rewards Eval: 209.65, Total Timesteps: 111384550 episode:401 

Rewards Tr: 187.06, Rewards Eval: 190.31, Total Timesteps: 111684550 episode:402 

Rewards Tr: 185.79, Rewards Eval: 192.76, Total Timesteps: 111984550 episode:403 

Rewards Tr: 185.91, Rewards Eval: 166.20, Total Timesteps: 112284550 episode:404 

Rewards Tr: 187.19, Rewards Eval: 208.65, Total Timesteps: 112584550 episode:405 

Rewards Tr: 184.33, Rewards Eval: 180.67, Total Timesteps: 112884550 episode:406 

Rewards Tr: 182.08, Rewards Eval: 189.61, Total Timesteps: 113184550 episode:407 

Rewards Tr: 187.31, Rewards Eval: 164.15, Total Timesteps: 113484550 episode:408 

Rewards Tr: 184.97, Rewards Eval: 182.33, Total Timesteps: 113784550 episode:409 

Rewards Tr: 186.05, Rewards Eval: 183.61, Total Timesteps: 114084550 episode:410 

Rewards Tr: 183.41, Rewards Eval: 178.28, Total Timesteps: 114384550 episode:411 

Rewards Tr: 187.26, Rewards Eval: 178.69, Total Timesteps: 114684550 episode:412 

Rewards Tr: 182.06, Rewards Eval: 185.73, Total Timesteps: 114984550 episode:413 

Rewards Tr: 185.52, Rewards Eval: 185.12, Total Timesteps: 115284550 episode:414 

Rewards Tr: 183.15, Rewards Eval: 185.21, Total Timesteps: 115584550 episode:415 

Rewards Tr: 189.03, Rewards Eval: 162.09, Total Timesteps: 115884550 episode:416 

Rewards Tr: 187.52, Rewards Eval: 194.20, Total Timesteps: 116184550 episode:417 

Rewards Tr: 184.64, Rewards Eval: 171.84, Total Timesteps: 116484550 episode:418 

Rewards Tr: 185.46, Rewards Eval: 191.88, Total Timesteps: 116784550 episode:419 

Rewards Tr: 184.01, Rewards Eval: 190.99, Total Timesteps: 117084550 episode:420 

Rewards Tr: 182.35, Rewards Eval: 174.33, Total Timesteps: 117384550 episode:421 

Rewards Tr: 184.07, Rewards Eval: 156.45, Total Timesteps: 117684550 episode:422 

Rewards Tr: 185.85, Rewards Eval: 205.49, Total Timesteps: 117984550 episode:423 

Rewards Tr: 183.81, Rewards Eval: 198.78, Total Timesteps: 118284550 episode:424 

Rewards Tr: 183.91, Rewards Eval: 173.69, Total Timesteps: 118584550 episode:425 

Rewards Tr: 183.85, Rewards Eval: 187.67, Total Timesteps: 118884550 episode:426 

Rewards Tr: 182.04, Rewards Eval: 185.79, Total Timesteps: 119184550 episode:427 

Rewards Tr: 184.20, Rewards Eval: 201.51, Total Timesteps: 119484550 episode:428 

Rewards Tr: 187.92, Rewards Eval: 183.47, Total Timesteps: 119784550 episode:429 

Rewards Tr: 184.66, Rewards Eval: 174.51, Total Timesteps: 120084550 episode:430 

Rewards Tr: 186.76, Rewards Eval: 207.63, Total Timesteps: 120384550 episode:431 

Rewards Tr: 184.89, Rewards Eval: 187.59, Total Timesteps: 120684550 episode:432 

Rewards Tr: 187.63, Rewards Eval: 170.70, Total Timesteps: 120984550 episode:433 

Rewards Tr: 184.79, Rewards Eval: 208.49, Total Timesteps: 121284550 episode:434 

Rewards Tr: 185.90, Rewards Eval: 183.29, Total Timesteps: 121584550 episode:435 

Rewards Tr: 186.75, Rewards Eval: 183.29, Total Timesteps: 121884550 episode:436 

Rewards Tr: 184.98, Rewards Eval: 205.38, Total Timesteps: 122184550 episode:437 

Rewards Tr: 189.62, Rewards Eval: 189.88, Total Timesteps: 122484550 episode:438 

Rewards Tr: 184.97, Rewards Eval: 183.25, Total Timesteps: 122784550 episode:439 

Rewards Tr: 188.49, Rewards Eval: 196.17, Total Timesteps: 123084550 episode:440 

Rewards Tr: 185.73, Rewards Eval: 177.28, Total Timesteps: 123384550 episode:441 

Rewards Tr: 187.82, Rewards Eval: 154.86, Total Timesteps: 123684550 episode:442 

Rewards Tr: 188.48, Rewards Eval: 181.22, Total Timesteps: 123984550 episode:443 

Rewards Tr: 185.78, Rewards Eval: 189.11, Total Timesteps: 124284550 episode:444 

Rewards Tr: 187.36, Rewards Eval: 177.71, Total Timesteps: 124584550 episode:445 

Rewards Tr: 190.03, Rewards Eval: 215.52, Total Timesteps: 124884550 episode:446 

Rewards Tr: 187.89, Rewards Eval: 194.20, Total Timesteps: 125184550 episode:447 

Rewards Tr: 189.06, Rewards Eval: 190.77, Total Timesteps: 125484550 episode:448 

Rewards Tr: 189.37, Rewards Eval: 215.57, Total Timesteps: 125784550 episode:449 

Rewards Tr: 185.88, Rewards Eval: 193.05, Total Timesteps: 126084550 episode:450 

Rewards Tr: 185.01, Rewards Eval: 199.23, Total Timesteps: 126384550 episode:451 

Rewards Tr: 182.65, Rewards Eval: 198.46, Total Timesteps: 126684550 episode:452 

Rewards Tr: 189.63, Rewards Eval: 187.60, Total Timesteps: 126984550 episode:453 

Rewards Tr: 190.84, Rewards Eval: 200.37, Total Timesteps: 127284550 episode:454 

Rewards Tr: 186.84, Rewards Eval: 177.22, Total Timesteps: 127584550 episode:455 

Rewards Tr: 184.92, Rewards Eval: 203.22, Total Timesteps: 127884550 episode:456 

Rewards Tr: 188.42, Rewards Eval: 183.99, Total Timesteps: 128184550 episode:457 

Rewards Tr: 184.73, Rewards Eval: 190.25, Total Timesteps: 128484550 episode:458 

Rewards Tr: 188.66, Rewards Eval: 154.76, Total Timesteps: 128784550 episode:459 

Rewards Tr: 187.54, Rewards Eval: 200.40, Total Timesteps: 129084550 episode:460 

Rewards Tr: 188.86, Rewards Eval: 186.58, Total Timesteps: 129384550 episode:461 

Rewards Tr: 190.76, Rewards Eval: 184.80, Total Timesteps: 129684550 episode:462 

Rewards Tr: 186.18, Rewards Eval: 191.86, Total Timesteps: 129984550 episode:463 

Rewards Tr: 188.42, Rewards Eval: 184.81, Total Timesteps: 130284550 episode:464 

Rewards Tr: 189.24, Rewards Eval: 188.48, Total Timesteps: 130584550 episode:465 

Rewards Tr: 190.17, Rewards Eval: 181.25, Total Timesteps: 130884550 episode:466 

Rewards Tr: 187.51, Rewards Eval: 170.56, Total Timesteps: 131184550 episode:467 

Rewards Tr: 188.50, Rewards Eval: 194.53, Total Timesteps: 131484550 episode:468 

Rewards Tr: 186.39, Rewards Eval: 183.67, Total Timesteps: 131784550 episode:469 

Rewards Tr: 183.30, Rewards Eval: 202.42, Total Timesteps: 132084550 episode:470 

Rewards Tr: 188.63, Rewards Eval: 183.14, Total Timesteps: 132384550 episode:471 

Rewards Tr: 185.58, Rewards Eval: 178.24, Total Timesteps: 132684550 episode:472 

Rewards Tr: 185.32, Rewards Eval: 187.54, Total Timesteps: 132984550 episode:473 

Rewards Tr: 190.06, Rewards Eval: 162.50, Total Timesteps: 133284550 episode:474 

Rewards Tr: 187.48, Rewards Eval: 169.88, Total Timesteps: 133584550 episode:475 

Rewards Tr: 187.87, Rewards Eval: 168.86, Total Timesteps: 133884550 episode:476 

Rewards Tr: 187.12, Rewards Eval: 181.69, Total Timesteps: 134184550 episode:477 

Rewards Tr: 187.12, Rewards Eval: 192.70, Total Timesteps: 134484550 episode:478 

Rewards Tr: 185.36, Rewards Eval: 191.77, Total Timesteps: 134784550 episode:479 

Rewards Tr: 189.70, Rewards Eval: 206.75, Total Timesteps: 135084550 episode:480 

Rewards Tr: 189.18, Rewards Eval: 176.47, Total Timesteps: 135384550 episode:481 

Rewards Tr: 186.50, Rewards Eval: 186.82, Total Timesteps: 135684550 episode:482 

Rewards Tr: 186.62, Rewards Eval: 213.07, Total Timesteps: 135984550 episode:483 

Rewards Tr: 189.04, Rewards Eval: 191.87, Total Timesteps: 136284550 episode:484 

Rewards Tr: 188.44, Rewards Eval: 193.83, Total Timesteps: 136584550 episode:485 

Rewards Tr: 185.79, Rewards Eval: 191.35, Total Timesteps: 136884550 episode:486 

Rewards Tr: 188.58, Rewards Eval: 158.22, Total Timesteps: 137184550 episode:487 

Rewards Tr: 191.34, Rewards Eval: 216.12, Total Timesteps: 137484550 episode:488 

Rewards Tr: 188.85, Rewards Eval: 184.81, Total Timesteps: 137784550 episode:489 

Rewards Tr: 189.48, Rewards Eval: 173.64, Total Timesteps: 138084550 episode:490 

Rewards Tr: 189.17, Rewards Eval: 178.69, Total Timesteps: 138384550 episode:491 

Rewards Tr: 187.14, Rewards Eval: 195.79, Total Timesteps: 138684550 episode:492 

Rewards Tr: 186.85, Rewards Eval: 187.18, Total Timesteps: 138984550 episode:493 

Rewards Tr: 186.59, Rewards Eval: 186.66, Total Timesteps: 139284550 episode:494 

Rewards Tr: 191.43, Rewards Eval: 193.37, Total Timesteps: 139584550 episode:495 

Rewards Tr: 188.56, Rewards Eval: 172.89, Total Timesteps: 139884550 episode:496 

Rewards Tr: 186.96, Rewards Eval: 180.73, Total Timesteps: 140184550 episode:497 

Rewards Tr: 187.32, Rewards Eval: 186.98, Total Timesteps: 140484550 episode:498 

Rewards Tr: 189.57, Rewards Eval: 193.70, Total Timesteps: 140784550 episode:499 

Elapsed Time: 1238.4 minutes 

