
The following have been reloaded with a version change:
  1) mpfr/3.1.6 => mpfr/4.0.1

For Seed: 103 

Rewards Tr: -801.30, Rewards Eval: -558.34, Total Timesteps: 42090 episode:0 

Rewards Tr: -577.96, Rewards Eval: -405.47, Total Timesteps: 81860 episode:1 

Rewards Tr: -490.29, Rewards Eval: -678.10, Total Timesteps: 130020 episode:2 

Rewards Tr: -402.33, Rewards Eval: -371.83, Total Timesteps: 179120 episode:3 

Rewards Tr: -363.51, Rewards Eval: -291.35, Total Timesteps: 230970 episode:4 

Rewards Tr: -319.00, Rewards Eval: -259.86, Total Timesteps: 283650 episode:5 

Rewards Tr: -260.82, Rewards Eval: -276.99, Total Timesteps: 337220 episode:6 

Rewards Tr: -239.74, Rewards Eval: -132.49, Total Timesteps: 395860 episode:7 

Rewards Tr: -210.23, Rewards Eval: -191.76, Total Timesteps: 462320 episode:8 

Rewards Tr: -187.30, Rewards Eval: -247.40, Total Timesteps: 531650 episode:9 

Rewards Tr: -160.33, Rewards Eval: -118.40, Total Timesteps: 596850 episode:10 

Rewards Tr: -147.46, Rewards Eval: -104.60, Total Timesteps: 664840 episode:11 

Rewards Tr: -141.03, Rewards Eval: -121.82, Total Timesteps: 734800 episode:12 

Rewards Tr: -129.79, Rewards Eval: -85.89, Total Timesteps: 805960 episode:13 

Rewards Tr: -105.43, Rewards Eval: -92.62, Total Timesteps: 872570 episode:14 

Rewards Tr: -97.51, Rewards Eval: -80.39, Total Timesteps: 948400 episode:15 

Rewards Tr: -97.09, Rewards Eval: -92.50, Total Timesteps: 1021610 episode:16 

Rewards Tr: -84.32, Rewards Eval: -122.89, Total Timesteps: 1116040 episode:17 

Rewards Tr: -81.11, Rewards Eval: -111.46, Total Timesteps: 1204440 episode:18 

Rewards Tr: -72.99, Rewards Eval: -34.19, Total Timesteps: 1283550 episode:19 

Rewards Tr: -71.13, Rewards Eval: -56.10, Total Timesteps: 1365960 episode:20 

Rewards Tr: -69.73, Rewards Eval: -109.07, Total Timesteps: 1470300 episode:21 

Rewards Tr: -63.25, Rewards Eval: -73.01, Total Timesteps: 1561340 episode:22 

Rewards Tr: -56.75, Rewards Eval: -42.88, Total Timesteps: 1649640 episode:23 

Rewards Tr: -56.51, Rewards Eval: -109.32, Total Timesteps: 1770840 episode:24 

Rewards Tr: -49.11, Rewards Eval: -76.61, Total Timesteps: 1864210 episode:25 

Rewards Tr: -42.42, Rewards Eval: -50.77, Total Timesteps: 1965000 episode:26 

Rewards Tr: -38.94, Rewards Eval: -83.77, Total Timesteps: 2084170 episode:27 

Rewards Tr: -34.74, Rewards Eval: -128.54, Total Timesteps: 2186690 episode:28 

Rewards Tr: -41.34, Rewards Eval: -115.56, Total Timesteps: 2319860 episode:29 

Rewards Tr: -25.45, Rewards Eval: -1042.11, Total Timesteps: 2454130 episode:30 

Rewards Tr: -22.65, Rewards Eval: -663.75, Total Timesteps: 2588180 episode:31 

Rewards Tr: -20.41, Rewards Eval: -3143.60, Total Timesteps: 2773290 episode:32 

Rewards Tr: -27.46, Rewards Eval: -1762.58, Total Timesteps: 2967820 episode:33 

Rewards Tr: -32.61, Rewards Eval: -2608.04, Total Timesteps: 3208210 episode:34 

Rewards Tr: -39.59, Rewards Eval: -1520.60, Total Timesteps: 3448980 episode:35 

Rewards Tr: -69.21, Rewards Eval: -2360.36, Total Timesteps: 3715340 episode:36 

Rewards Tr: -53.11, Rewards Eval: -2083.62, Total Timesteps: 3983670 episode:37 

Rewards Tr: -45.81, Rewards Eval: -1058.30, Total Timesteps: 4265390 episode:38 

Rewards Tr: -37.39, Rewards Eval: -834.59, Total Timesteps: 4557160 episode:39 

Rewards Tr: -39.74, Rewards Eval: -1530.20, Total Timesteps: 4847720 episode:40 

Rewards Tr: -13.11, Rewards Eval: -999.61, Total Timesteps: 5138130 episode:41 

Rewards Tr: -17.93, Rewards Eval: -559.93, Total Timesteps: 5432850 episode:42 

Rewards Tr: -9.85, Rewards Eval: -347.85, Total Timesteps: 5730450 episode:43 

Rewards Tr: -13.00, Rewards Eval: -157.40, Total Timesteps: 6030450 episode:44 

Rewards Tr: -5.14, Rewards Eval: -143.44, Total Timesteps: 6318400 episode:45 

Rewards Tr: -7.03, Rewards Eval: -214.30, Total Timesteps: 6618400 episode:46 

Rewards Tr: -9.17, Rewards Eval: -180.79, Total Timesteps: 6918400 episode:47 

Rewards Tr: 1.73, Rewards Eval: -146.96, Total Timesteps: 7218400 episode:48 

Rewards Tr: -5.86, Rewards Eval: -157.09, Total Timesteps: 7518400 episode:49 

Rewards Tr: -1.44, Rewards Eval: -156.19, Total Timesteps: 7818400 episode:50 

Rewards Tr: -8.45, Rewards Eval: -158.49, Total Timesteps: 8118400 episode:51 

Rewards Tr: -13.25, Rewards Eval: -67.06, Total Timesteps: 8418400 episode:52 

Rewards Tr: -9.34, Rewards Eval: -74.29, Total Timesteps: 8718400 episode:53 

Rewards Tr: -13.42, Rewards Eval: -72.45, Total Timesteps: 9018400 episode:54 

Rewards Tr: -11.46, Rewards Eval: -36.90, Total Timesteps: 9318400 episode:55 

Rewards Tr: -12.48, Rewards Eval: -29.21, Total Timesteps: 9618400 episode:56 

Rewards Tr: -11.47, Rewards Eval: -60.76, Total Timesteps: 9918400 episode:57 

Rewards Tr: -6.38, Rewards Eval: -35.74, Total Timesteps: 10218400 episode:58 

Rewards Tr: -3.93, Rewards Eval: -39.78, Total Timesteps: 10518400 episode:59 

Rewards Tr: -1.22, Rewards Eval: -31.29, Total Timesteps: 10818400 episode:60 

Rewards Tr: -7.71, Rewards Eval: -4.68, Total Timesteps: 11118400 episode:61 

Rewards Tr: -4.07, Rewards Eval: -38.48, Total Timesteps: 11418400 episode:62 

Rewards Tr: -1.89, Rewards Eval: -11.72, Total Timesteps: 11718400 episode:63 

Rewards Tr: -0.12, Rewards Eval: -29.99, Total Timesteps: 12018400 episode:64 

Rewards Tr: 2.59, Rewards Eval: -6.54, Total Timesteps: 12318400 episode:65 

Rewards Tr: 3.96, Rewards Eval: -28.77, Total Timesteps: 12618400 episode:66 

Rewards Tr: 9.15, Rewards Eval: -19.91, Total Timesteps: 12918400 episode:67 

Rewards Tr: 8.41, Rewards Eval: -3.04, Total Timesteps: 13218400 episode:68 

Rewards Tr: 13.16, Rewards Eval: -13.06, Total Timesteps: 13518400 episode:69 

Rewards Tr: 13.83, Rewards Eval: -9.90, Total Timesteps: 13818400 episode:70 

Rewards Tr: 17.11, Rewards Eval: -13.33, Total Timesteps: 14118400 episode:71 

Rewards Tr: 18.96, Rewards Eval: -2.54, Total Timesteps: 14418400 episode:72 

Rewards Tr: 15.85, Rewards Eval: -22.14, Total Timesteps: 14718400 episode:73 

Rewards Tr: 19.41, Rewards Eval: 13.58, Total Timesteps: 15018400 episode:74 

Rewards Tr: 23.15, Rewards Eval: -9.65, Total Timesteps: 15318400 episode:75 

Rewards Tr: 23.34, Rewards Eval: 24.42, Total Timesteps: 15618400 episode:76 

Rewards Tr: 24.34, Rewards Eval: -28.40, Total Timesteps: 15918400 episode:77 

Rewards Tr: 30.53, Rewards Eval: 12.61, Total Timesteps: 16218400 episode:78 

Rewards Tr: 29.17, Rewards Eval: 17.03, Total Timesteps: 16518400 episode:79 

Rewards Tr: 29.51, Rewards Eval: 38.00, Total Timesteps: 16818400 episode:80 

Rewards Tr: 28.28, Rewards Eval: 45.71, Total Timesteps: 17118400 episode:81 

Rewards Tr: 36.74, Rewards Eval: 21.86, Total Timesteps: 17418400 episode:82 

Rewards Tr: 35.80, Rewards Eval: 20.41, Total Timesteps: 17718400 episode:83 

Rewards Tr: 40.56, Rewards Eval: 50.89, Total Timesteps: 18018400 episode:84 

Rewards Tr: 40.96, Rewards Eval: 22.63, Total Timesteps: 18318400 episode:85 

Rewards Tr: 47.00, Rewards Eval: 20.39, Total Timesteps: 18618400 episode:86 

Rewards Tr: 47.05, Rewards Eval: 47.71, Total Timesteps: 18918400 episode:87 

Rewards Tr: 49.03, Rewards Eval: 14.99, Total Timesteps: 19218400 episode:88 

Rewards Tr: 49.53, Rewards Eval: 32.74, Total Timesteps: 19518400 episode:89 

Rewards Tr: 55.22, Rewards Eval: 53.95, Total Timesteps: 19818400 episode:90 

Rewards Tr: 58.64, Rewards Eval: 33.33, Total Timesteps: 20118400 episode:91 

Rewards Tr: 62.18, Rewards Eval: 64.73, Total Timesteps: 20418400 episode:92 

Rewards Tr: 60.57, Rewards Eval: 64.20, Total Timesteps: 20718400 episode:93 

Rewards Tr: 65.95, Rewards Eval: 67.66, Total Timesteps: 21018400 episode:94 

Rewards Tr: 71.09, Rewards Eval: 52.13, Total Timesteps: 21318400 episode:95 

Rewards Tr: 74.05, Rewards Eval: 96.45, Total Timesteps: 21618400 episode:96 

Rewards Tr: 78.26, Rewards Eval: 53.73, Total Timesteps: 21918400 episode:97 

Rewards Tr: 79.21, Rewards Eval: 77.45, Total Timesteps: 22218400 episode:98 

Rewards Tr: 81.84, Rewards Eval: 56.21, Total Timesteps: 22518400 episode:99 

Rewards Tr: 92.40, Rewards Eval: 54.31, Total Timesteps: 22818400 episode:100 

Rewards Tr: 96.26, Rewards Eval: 71.53, Total Timesteps: 23118400 episode:101 

Rewards Tr: 96.51, Rewards Eval: 61.67, Total Timesteps: 23418400 episode:102 

Rewards Tr: 103.22, Rewards Eval: 81.21, Total Timesteps: 23718400 episode:103 

Rewards Tr: 107.95, Rewards Eval: 81.09, Total Timesteps: 24018400 episode:104 

Rewards Tr: 110.02, Rewards Eval: 107.49, Total Timesteps: 24318400 episode:105 

Rewards Tr: 111.13, Rewards Eval: 75.86, Total Timesteps: 24618400 episode:106 

Rewards Tr: 119.68, Rewards Eval: 98.26, Total Timesteps: 24918400 episode:107 

Rewards Tr: 121.51, Rewards Eval: 89.45, Total Timesteps: 25218400 episode:108 

Rewards Tr: 126.09, Rewards Eval: 107.18, Total Timesteps: 25518400 episode:109 

Rewards Tr: 129.34, Rewards Eval: 85.14, Total Timesteps: 25818400 episode:110 

Rewards Tr: 135.11, Rewards Eval: 132.05, Total Timesteps: 26118400 episode:111 

Rewards Tr: 133.04, Rewards Eval: 82.14, Total Timesteps: 26418400 episode:112 

Rewards Tr: 132.96, Rewards Eval: 98.01, Total Timesteps: 26718400 episode:113 

Rewards Tr: 134.71, Rewards Eval: 102.39, Total Timesteps: 27018400 episode:114 

Rewards Tr: 139.11, Rewards Eval: 79.83, Total Timesteps: 27318400 episode:115 

Rewards Tr: 143.38, Rewards Eval: 113.75, Total Timesteps: 27618400 episode:116 

Rewards Tr: 143.64, Rewards Eval: 126.77, Total Timesteps: 27918400 episode:117 

Rewards Tr: 146.52, Rewards Eval: 138.92, Total Timesteps: 28218400 episode:118 

Rewards Tr: 142.74, Rewards Eval: 158.51, Total Timesteps: 28518400 episode:119 

Rewards Tr: 150.32, Rewards Eval: 125.48, Total Timesteps: 28818400 episode:120 

Rewards Tr: 145.64, Rewards Eval: 133.81, Total Timesteps: 29118400 episode:121 

Rewards Tr: 148.59, Rewards Eval: 106.19, Total Timesteps: 29418400 episode:122 

Rewards Tr: 150.31, Rewards Eval: 137.87, Total Timesteps: 29718400 episode:123 

Rewards Tr: 155.16, Rewards Eval: 143.77, Total Timesteps: 30018400 episode:124 

Rewards Tr: 151.34, Rewards Eval: 144.17, Total Timesteps: 30318400 episode:125 

Rewards Tr: 153.12, Rewards Eval: 129.67, Total Timesteps: 30618400 episode:126 

Rewards Tr: 156.32, Rewards Eval: 125.64, Total Timesteps: 30918400 episode:127 

Rewards Tr: 154.77, Rewards Eval: 133.52, Total Timesteps: 31218400 episode:128 

Rewards Tr: 156.00, Rewards Eval: 106.46, Total Timesteps: 31518400 episode:129 

Rewards Tr: 155.45, Rewards Eval: 122.09, Total Timesteps: 31818400 episode:130 

Rewards Tr: 151.91, Rewards Eval: 127.38, Total Timesteps: 32118400 episode:131 

Rewards Tr: 154.05, Rewards Eval: 143.90, Total Timesteps: 32418400 episode:132 

Rewards Tr: 159.04, Rewards Eval: 135.21, Total Timesteps: 32718400 episode:133 

Rewards Tr: 153.37, Rewards Eval: 106.40, Total Timesteps: 33018400 episode:134 

Rewards Tr: 153.83, Rewards Eval: 131.29, Total Timesteps: 33318400 episode:135 

Rewards Tr: 158.87, Rewards Eval: 141.26, Total Timesteps: 33618400 episode:136 

Rewards Tr: 152.38, Rewards Eval: 136.96, Total Timesteps: 33918400 episode:137 

Rewards Tr: 161.59, Rewards Eval: 162.59, Total Timesteps: 34218400 episode:138 

Rewards Tr: 149.01, Rewards Eval: 123.75, Total Timesteps: 34518400 episode:139 

Rewards Tr: 154.93, Rewards Eval: 134.79, Total Timesteps: 34818400 episode:140 

Rewards Tr: 155.30, Rewards Eval: 174.94, Total Timesteps: 35118400 episode:141 

Rewards Tr: 155.82, Rewards Eval: 139.93, Total Timesteps: 35418400 episode:142 

Rewards Tr: 156.56, Rewards Eval: 112.12, Total Timesteps: 35718400 episode:143 

Rewards Tr: 149.28, Rewards Eval: 132.39, Total Timesteps: 36018400 episode:144 

Rewards Tr: 149.02, Rewards Eval: 143.29, Total Timesteps: 36318400 episode:145 

Rewards Tr: 152.08, Rewards Eval: 147.71, Total Timesteps: 36618400 episode:146 

Rewards Tr: 152.50, Rewards Eval: 145.33, Total Timesteps: 36918400 episode:147 

Rewards Tr: 156.60, Rewards Eval: 142.75, Total Timesteps: 37218400 episode:148 

Rewards Tr: 156.20, Rewards Eval: 125.02, Total Timesteps: 37518400 episode:149 

Rewards Tr: 156.65, Rewards Eval: 167.30, Total Timesteps: 37818400 episode:150 

Rewards Tr: 152.19, Rewards Eval: 171.63, Total Timesteps: 38118400 episode:151 

Rewards Tr: 151.83, Rewards Eval: 139.30, Total Timesteps: 38418400 episode:152 

Rewards Tr: 146.17, Rewards Eval: 162.72, Total Timesteps: 38718400 episode:153 

Rewards Tr: 148.47, Rewards Eval: 99.44, Total Timesteps: 39018400 episode:154 

Rewards Tr: 149.31, Rewards Eval: 156.07, Total Timesteps: 39318400 episode:155 

Rewards Tr: 149.95, Rewards Eval: 132.23, Total Timesteps: 39618400 episode:156 

Rewards Tr: 151.66, Rewards Eval: 136.48, Total Timesteps: 39918400 episode:157 

Rewards Tr: 145.18, Rewards Eval: 130.55, Total Timesteps: 40218400 episode:158 

Rewards Tr: 148.01, Rewards Eval: 140.99, Total Timesteps: 40518400 episode:159 

Rewards Tr: 142.00, Rewards Eval: 148.26, Total Timesteps: 40818400 episode:160 

Rewards Tr: 151.48, Rewards Eval: 121.38, Total Timesteps: 41118400 episode:161 

Rewards Tr: 151.45, Rewards Eval: 115.34, Total Timesteps: 41418400 episode:162 

Rewards Tr: 142.69, Rewards Eval: 129.21, Total Timesteps: 41718400 episode:163 

Rewards Tr: 147.38, Rewards Eval: 131.78, Total Timesteps: 42018400 episode:164 

Rewards Tr: 145.60, Rewards Eval: 166.37, Total Timesteps: 42318400 episode:165 

Rewards Tr: 147.64, Rewards Eval: 147.65, Total Timesteps: 42618400 episode:166 

Rewards Tr: 148.59, Rewards Eval: 110.75, Total Timesteps: 42918400 episode:167 

Rewards Tr: 144.15, Rewards Eval: 115.31, Total Timesteps: 43218400 episode:168 

Rewards Tr: 152.94, Rewards Eval: 139.22, Total Timesteps: 43518400 episode:169 

Rewards Tr: 146.03, Rewards Eval: 152.12, Total Timesteps: 43818400 episode:170 

Rewards Tr: 149.91, Rewards Eval: 155.86, Total Timesteps: 44118400 episode:171 

Rewards Tr: 145.10, Rewards Eval: 120.45, Total Timesteps: 44418400 episode:172 

Rewards Tr: 141.10, Rewards Eval: 169.13, Total Timesteps: 44718400 episode:173 

Rewards Tr: 152.98, Rewards Eval: 153.87, Total Timesteps: 45018400 episode:174 

Rewards Tr: 148.95, Rewards Eval: 137.82, Total Timesteps: 45318400 episode:175 

Rewards Tr: 151.69, Rewards Eval: 174.49, Total Timesteps: 45618400 episode:176 

Rewards Tr: 155.73, Rewards Eval: 134.15, Total Timesteps: 45918400 episode:177 

Rewards Tr: 153.45, Rewards Eval: 138.67, Total Timesteps: 46218400 episode:178 

Rewards Tr: 162.05, Rewards Eval: 173.90, Total Timesteps: 46518400 episode:179 

Rewards Tr: 142.37, Rewards Eval: 168.02, Total Timesteps: 46818400 episode:180 

Rewards Tr: 155.51, Rewards Eval: 179.94, Total Timesteps: 47118400 episode:181 

Rewards Tr: 155.04, Rewards Eval: 148.29, Total Timesteps: 47418400 episode:182 

Rewards Tr: 151.25, Rewards Eval: 135.98, Total Timesteps: 47718400 episode:183 

Rewards Tr: 147.94, Rewards Eval: 181.19, Total Timesteps: 48018400 episode:184 

Rewards Tr: 145.53, Rewards Eval: 177.76, Total Timesteps: 48318400 episode:185 

Rewards Tr: 159.37, Rewards Eval: 125.33, Total Timesteps: 48618400 episode:186 

Rewards Tr: 149.37, Rewards Eval: 161.41, Total Timesteps: 48918400 episode:187 

Rewards Tr: 153.76, Rewards Eval: 144.63, Total Timesteps: 49218400 episode:188 

Rewards Tr: 157.27, Rewards Eval: 165.32, Total Timesteps: 49518400 episode:189 

Rewards Tr: 155.88, Rewards Eval: 173.00, Total Timesteps: 49818400 episode:190 

Rewards Tr: 155.50, Rewards Eval: 148.60, Total Timesteps: 50118400 episode:191 

Rewards Tr: 148.17, Rewards Eval: 155.95, Total Timesteps: 50418400 episode:192 

Rewards Tr: 150.31, Rewards Eval: 167.56, Total Timesteps: 50718400 episode:193 

Rewards Tr: 151.26, Rewards Eval: 153.39, Total Timesteps: 51018400 episode:194 

Rewards Tr: 152.69, Rewards Eval: 151.17, Total Timesteps: 51318400 episode:195 

Rewards Tr: 162.98, Rewards Eval: 154.46, Total Timesteps: 51618400 episode:196 

Rewards Tr: 146.25, Rewards Eval: 155.54, Total Timesteps: 51918400 episode:197 

Rewards Tr: 157.13, Rewards Eval: 128.17, Total Timesteps: 52210100 episode:198 

Rewards Tr: 163.53, Rewards Eval: 157.77, Total Timesteps: 52510100 episode:199 

Rewards Tr: 152.20, Rewards Eval: 146.86, Total Timesteps: 52810100 episode:200 

Rewards Tr: 163.39, Rewards Eval: 128.57, Total Timesteps: 53110100 episode:201 

Rewards Tr: 156.87, Rewards Eval: 144.14, Total Timesteps: 53410100 episode:202 

Rewards Tr: 157.35, Rewards Eval: 149.15, Total Timesteps: 53710100 episode:203 

Rewards Tr: 158.90, Rewards Eval: 161.25, Total Timesteps: 54010100 episode:204 

Rewards Tr: 165.02, Rewards Eval: 154.42, Total Timesteps: 54310100 episode:205 

Rewards Tr: 156.73, Rewards Eval: 162.64, Total Timesteps: 54610100 episode:206 

Rewards Tr: 156.33, Rewards Eval: 174.73, Total Timesteps: 54910100 episode:207 

Rewards Tr: 159.94, Rewards Eval: 157.34, Total Timesteps: 55210100 episode:208 

Rewards Tr: 154.01, Rewards Eval: 126.43, Total Timesteps: 55510100 episode:209 

Rewards Tr: 160.08, Rewards Eval: 170.96, Total Timesteps: 55810100 episode:210 

Rewards Tr: 154.49, Rewards Eval: 153.84, Total Timesteps: 56110100 episode:211 

Rewards Tr: 152.94, Rewards Eval: 173.58, Total Timesteps: 56410100 episode:212 

Rewards Tr: 145.45, Rewards Eval: 193.01, Total Timesteps: 56710100 episode:213 

Rewards Tr: 139.78, Rewards Eval: 167.33, Total Timesteps: 57010100 episode:214 

Rewards Tr: 149.52, Rewards Eval: 161.09, Total Timesteps: 57310100 episode:215 

Rewards Tr: 144.72, Rewards Eval: 144.12, Total Timesteps: 57610100 episode:216 

Rewards Tr: 145.42, Rewards Eval: 154.83, Total Timesteps: 57910100 episode:217 

Rewards Tr: 142.42, Rewards Eval: 128.12, Total Timesteps: 58210100 episode:218 

Rewards Tr: 137.96, Rewards Eval: 136.10, Total Timesteps: 58510100 episode:219 

Rewards Tr: 135.11, Rewards Eval: 123.45, Total Timesteps: 58810100 episode:220 

Rewards Tr: 132.76, Rewards Eval: 150.30, Total Timesteps: 59110100 episode:221 

Rewards Tr: 129.71, Rewards Eval: 113.28, Total Timesteps: 59410100 episode:222 

Rewards Tr: 130.19, Rewards Eval: 105.65, Total Timesteps: 59710100 episode:223 

Rewards Tr: 127.14, Rewards Eval: 118.05, Total Timesteps: 60010100 episode:224 

Rewards Tr: 133.68, Rewards Eval: 114.87, Total Timesteps: 60310100 episode:225 

Rewards Tr: 130.66, Rewards Eval: 155.71, Total Timesteps: 60610100 episode:226 

Rewards Tr: 128.72, Rewards Eval: 145.19, Total Timesteps: 60910100 episode:227 

Rewards Tr: 133.49, Rewards Eval: 157.42, Total Timesteps: 61210100 episode:228 

Rewards Tr: 140.47, Rewards Eval: 136.35, Total Timesteps: 61510100 episode:229 

Rewards Tr: 135.14, Rewards Eval: 129.14, Total Timesteps: 61810100 episode:230 

Rewards Tr: 135.15, Rewards Eval: 142.30, Total Timesteps: 62110100 episode:231 

Rewards Tr: 142.50, Rewards Eval: 137.67, Total Timesteps: 62410100 episode:232 

Rewards Tr: 134.33, Rewards Eval: 155.68, Total Timesteps: 62710100 episode:233 

Rewards Tr: 140.19, Rewards Eval: 154.01, Total Timesteps: 63010100 episode:234 

Rewards Tr: 142.22, Rewards Eval: 166.09, Total Timesteps: 63310100 episode:235 

Rewards Tr: 122.97, Rewards Eval: 158.69, Total Timesteps: 63610100 episode:236 

Rewards Tr: 136.61, Rewards Eval: 144.83, Total Timesteps: 63910100 episode:237 

Rewards Tr: 132.40, Rewards Eval: 141.98, Total Timesteps: 64210100 episode:238 

Rewards Tr: 138.31, Rewards Eval: 173.09, Total Timesteps: 64510100 episode:239 

Rewards Tr: 135.09, Rewards Eval: 170.37, Total Timesteps: 64810100 episode:240 

Rewards Tr: 127.12, Rewards Eval: 153.74, Total Timesteps: 65110100 episode:241 

Rewards Tr: 141.83, Rewards Eval: 165.65, Total Timesteps: 65410100 episode:242 

Rewards Tr: 129.08, Rewards Eval: 164.73, Total Timesteps: 65710100 episode:243 

Rewards Tr: 128.81, Rewards Eval: 175.85, Total Timesteps: 66010100 episode:244 

Rewards Tr: 133.10, Rewards Eval: 145.69, Total Timesteps: 66310100 episode:245 

Rewards Tr: 134.75, Rewards Eval: 142.15, Total Timesteps: 66610100 episode:246 

Rewards Tr: 133.37, Rewards Eval: 182.79, Total Timesteps: 66910100 episode:247 

Rewards Tr: 140.17, Rewards Eval: 161.64, Total Timesteps: 67210100 episode:248 

Rewards Tr: 136.46, Rewards Eval: 175.16, Total Timesteps: 67510100 episode:249 

Rewards Tr: 137.63, Rewards Eval: 150.35, Total Timesteps: 67810100 episode:250 

Rewards Tr: 147.52, Rewards Eval: 147.40, Total Timesteps: 68110100 episode:251 

Rewards Tr: 141.52, Rewards Eval: 151.79, Total Timesteps: 68410100 episode:252 

Rewards Tr: 133.89, Rewards Eval: 155.72, Total Timesteps: 68710100 episode:253 

Rewards Tr: 133.14, Rewards Eval: 166.47, Total Timesteps: 69010100 episode:254 

Rewards Tr: 138.47, Rewards Eval: 155.98, Total Timesteps: 69310100 episode:255 

Rewards Tr: 140.47, Rewards Eval: 144.71, Total Timesteps: 69610100 episode:256 

Rewards Tr: 138.86, Rewards Eval: 151.80, Total Timesteps: 69910100 episode:257 

Rewards Tr: 140.30, Rewards Eval: 179.09, Total Timesteps: 70210100 episode:258 

Rewards Tr: 142.06, Rewards Eval: 149.99, Total Timesteps: 70510100 episode:259 

Rewards Tr: 136.91, Rewards Eval: 132.07, Total Timesteps: 70810100 episode:260 

Rewards Tr: 141.98, Rewards Eval: 162.16, Total Timesteps: 71110100 episode:261 

Rewards Tr: 143.97, Rewards Eval: 160.06, Total Timesteps: 71410100 episode:262 

Rewards Tr: 142.20, Rewards Eval: 166.16, Total Timesteps: 71710100 episode:263 

Rewards Tr: 133.03, Rewards Eval: 141.94, Total Timesteps: 72010100 episode:264 

Rewards Tr: 136.39, Rewards Eval: 170.77, Total Timesteps: 72310100 episode:265 

Rewards Tr: 145.07, Rewards Eval: 135.99, Total Timesteps: 72610100 episode:266 

Rewards Tr: 138.15, Rewards Eval: 154.44, Total Timesteps: 72910100 episode:267 

Rewards Tr: 143.15, Rewards Eval: 174.11, Total Timesteps: 73210100 episode:268 

Rewards Tr: 139.49, Rewards Eval: 165.72, Total Timesteps: 73510100 episode:269 

Rewards Tr: 139.16, Rewards Eval: 154.10, Total Timesteps: 73810100 episode:270 

Rewards Tr: 141.12, Rewards Eval: 173.38, Total Timesteps: 74110100 episode:271 

Rewards Tr: 148.12, Rewards Eval: 171.79, Total Timesteps: 74410100 episode:272 

Rewards Tr: 143.56, Rewards Eval: 171.28, Total Timesteps: 74710100 episode:273 

Rewards Tr: 143.87, Rewards Eval: 145.06, Total Timesteps: 75010100 episode:274 

Rewards Tr: 146.06, Rewards Eval: 160.28, Total Timesteps: 75310100 episode:275 

Rewards Tr: 141.35, Rewards Eval: 144.54, Total Timesteps: 75610100 episode:276 

Rewards Tr: 143.13, Rewards Eval: 185.17, Total Timesteps: 75910100 episode:277 

Rewards Tr: 143.87, Rewards Eval: 152.09, Total Timesteps: 76210100 episode:278 

Rewards Tr: 141.78, Rewards Eval: 150.46, Total Timesteps: 76510100 episode:279 

Rewards Tr: 142.54, Rewards Eval: 149.68, Total Timesteps: 76810100 episode:280 

Rewards Tr: 133.74, Rewards Eval: 177.48, Total Timesteps: 77110100 episode:281 

Rewards Tr: 138.30, Rewards Eval: 168.66, Total Timesteps: 77410100 episode:282 

Rewards Tr: 143.66, Rewards Eval: 172.66, Total Timesteps: 77710100 episode:283 

Rewards Tr: 145.91, Rewards Eval: 188.50, Total Timesteps: 78010100 episode:284 

Rewards Tr: 141.52, Rewards Eval: 146.16, Total Timesteps: 78310100 episode:285 

Rewards Tr: 143.74, Rewards Eval: 130.98, Total Timesteps: 78610100 episode:286 

Rewards Tr: 149.99, Rewards Eval: 174.00, Total Timesteps: 78910100 episode:287 

Rewards Tr: 146.07, Rewards Eval: 131.77, Total Timesteps: 79210100 episode:288 

Rewards Tr: 147.56, Rewards Eval: 159.55, Total Timesteps: 79510100 episode:289 

Rewards Tr: 142.65, Rewards Eval: 146.56, Total Timesteps: 79810100 episode:290 

Rewards Tr: 155.63, Rewards Eval: 122.47, Total Timesteps: 80110100 episode:291 

Rewards Tr: 158.02, Rewards Eval: 156.90, Total Timesteps: 80410100 episode:292 

Rewards Tr: 158.09, Rewards Eval: 144.96, Total Timesteps: 80710100 episode:293 

Rewards Tr: 159.65, Rewards Eval: 161.95, Total Timesteps: 81010100 episode:294 

Rewards Tr: 161.37, Rewards Eval: 147.41, Total Timesteps: 81310100 episode:295 

Rewards Tr: 164.51, Rewards Eval: 169.75, Total Timesteps: 81610100 episode:296 

Rewards Tr: 162.26, Rewards Eval: 178.59, Total Timesteps: 81910100 episode:297 

Rewards Tr: 164.33, Rewards Eval: 150.38, Total Timesteps: 82210100 episode:298 

Rewards Tr: 168.76, Rewards Eval: 171.47, Total Timesteps: 82510100 episode:299 

Rewards Tr: 165.62, Rewards Eval: 155.70, Total Timesteps: 82810100 episode:300 

Rewards Tr: 174.19, Rewards Eval: 199.26, Total Timesteps: 83110100 episode:301 

Rewards Tr: 173.02, Rewards Eval: 163.35, Total Timesteps: 83410100 episode:302 

Rewards Tr: 169.83, Rewards Eval: 164.82, Total Timesteps: 83710100 episode:303 

Rewards Tr: 171.93, Rewards Eval: 166.96, Total Timesteps: 84010100 episode:304 

Rewards Tr: 168.77, Rewards Eval: 173.64, Total Timesteps: 84310100 episode:305 

Rewards Tr: 171.84, Rewards Eval: 180.20, Total Timesteps: 84610100 episode:306 

Rewards Tr: 172.62, Rewards Eval: 183.17, Total Timesteps: 84910100 episode:307 

Rewards Tr: 166.37, Rewards Eval: 181.90, Total Timesteps: 85210100 episode:308 

Rewards Tr: 171.26, Rewards Eval: 193.24, Total Timesteps: 85510100 episode:309 

Rewards Tr: 168.00, Rewards Eval: 173.49, Total Timesteps: 85810100 episode:310 

Rewards Tr: 176.56, Rewards Eval: 200.94, Total Timesteps: 86110100 episode:311 

Rewards Tr: 170.67, Rewards Eval: 168.95, Total Timesteps: 86410100 episode:312 

Rewards Tr: 174.81, Rewards Eval: 168.94, Total Timesteps: 86710100 episode:313 

Rewards Tr: 175.69, Rewards Eval: 200.15, Total Timesteps: 87010100 episode:314 

Rewards Tr: 167.73, Rewards Eval: 178.75, Total Timesteps: 87310100 episode:315 

Rewards Tr: 174.50, Rewards Eval: 139.63, Total Timesteps: 87610100 episode:316 

Rewards Tr: 169.15, Rewards Eval: 154.38, Total Timesteps: 87910100 episode:317 

Rewards Tr: 169.15, Rewards Eval: 188.67, Total Timesteps: 88210100 episode:318 

Rewards Tr: 171.80, Rewards Eval: 195.66, Total Timesteps: 88510100 episode:319 

Rewards Tr: 167.51, Rewards Eval: 188.43, Total Timesteps: 88810100 episode:320 

Rewards Tr: 169.95, Rewards Eval: 191.54, Total Timesteps: 89101730 episode:321 

Rewards Tr: 172.47, Rewards Eval: 167.39, Total Timesteps: 89401730 episode:322 

Rewards Tr: 167.75, Rewards Eval: 177.15, Total Timesteps: 89701730 episode:323 

Rewards Tr: 178.59, Rewards Eval: 186.45, Total Timesteps: 90001730 episode:324 

Rewards Tr: 166.51, Rewards Eval: 161.21, Total Timesteps: 90301730 episode:325 

Rewards Tr: 174.84, Rewards Eval: 166.18, Total Timesteps: 90601730 episode:326 

Rewards Tr: 170.85, Rewards Eval: 171.91, Total Timesteps: 90901730 episode:327 

Rewards Tr: 179.31, Rewards Eval: 148.98, Total Timesteps: 91201730 episode:328 

Rewards Tr: 168.10, Rewards Eval: 164.51, Total Timesteps: 91501730 episode:329 

Rewards Tr: 170.57, Rewards Eval: 189.00, Total Timesteps: 91801730 episode:330 

Rewards Tr: 176.84, Rewards Eval: 172.47, Total Timesteps: 92101730 episode:331 

Rewards Tr: 173.17, Rewards Eval: 162.05, Total Timesteps: 92401730 episode:332 

Rewards Tr: 173.13, Rewards Eval: 193.85, Total Timesteps: 92701730 episode:333 

Rewards Tr: 165.32, Rewards Eval: 181.16, Total Timesteps: 93001730 episode:334 

Rewards Tr: 172.65, Rewards Eval: 193.13, Total Timesteps: 93301730 episode:335 

Rewards Tr: 175.73, Rewards Eval: 178.33, Total Timesteps: 93601730 episode:336 

Rewards Tr: 177.26, Rewards Eval: 148.92, Total Timesteps: 93901730 episode:337 

Rewards Tr: 174.95, Rewards Eval: 185.34, Total Timesteps: 94201730 episode:338 

Rewards Tr: 175.18, Rewards Eval: 185.04, Total Timesteps: 94501730 episode:339 

Rewards Tr: 176.15, Rewards Eval: 155.62, Total Timesteps: 94801730 episode:340 

Rewards Tr: 174.22, Rewards Eval: 197.02, Total Timesteps: 95101730 episode:341 

Rewards Tr: 177.37, Rewards Eval: 170.14, Total Timesteps: 95401730 episode:342 

Rewards Tr: 177.63, Rewards Eval: 155.97, Total Timesteps: 95701730 episode:343 

Rewards Tr: 169.76, Rewards Eval: 156.74, Total Timesteps: 96001730 episode:344 

Rewards Tr: 175.44, Rewards Eval: 169.90, Total Timesteps: 96301730 episode:345 

Rewards Tr: 167.41, Rewards Eval: 166.59, Total Timesteps: 96601730 episode:346 

Rewards Tr: 168.92, Rewards Eval: 174.69, Total Timesteps: 96893210 episode:347 

Rewards Tr: 176.17, Rewards Eval: 200.94, Total Timesteps: 97193210 episode:348 

Rewards Tr: 175.55, Rewards Eval: 194.50, Total Timesteps: 97493210 episode:349 

Rewards Tr: 175.98, Rewards Eval: 171.66, Total Timesteps: 97793210 episode:350 

Rewards Tr: 171.46, Rewards Eval: 159.65, Total Timesteps: 98093210 episode:351 

Rewards Tr: 172.59, Rewards Eval: 179.67, Total Timesteps: 98393210 episode:352 

Rewards Tr: 177.47, Rewards Eval: 162.59, Total Timesteps: 98684960 episode:353 

Rewards Tr: 183.52, Rewards Eval: 171.42, Total Timesteps: 98984960 episode:354 

Rewards Tr: 177.31, Rewards Eval: 175.64, Total Timesteps: 99276670 episode:355 

Rewards Tr: 170.24, Rewards Eval: 168.71, Total Timesteps: 99576670 episode:356 

Rewards Tr: 169.68, Rewards Eval: 192.95, Total Timesteps: 99876670 episode:357 

Rewards Tr: 170.76, Rewards Eval: 201.23, Total Timesteps: 100159780 episode:358 

Rewards Tr: 168.46, Rewards Eval: 168.87, Total Timesteps: 100459780 episode:359 

Rewards Tr: 182.29, Rewards Eval: 159.46, Total Timesteps: 100759780 episode:360 

Rewards Tr: 176.81, Rewards Eval: 178.12, Total Timesteps: 101059780 episode:361 

Rewards Tr: 176.89, Rewards Eval: 177.27, Total Timesteps: 101359780 episode:362 

Rewards Tr: 176.90, Rewards Eval: 178.32, Total Timesteps: 101659780 episode:363 

Rewards Tr: 175.99, Rewards Eval: 200.22, Total Timesteps: 101959780 episode:364 

Rewards Tr: 179.34, Rewards Eval: 187.90, Total Timesteps: 102259780 episode:365 

Rewards Tr: 172.26, Rewards Eval: 173.97, Total Timesteps: 102551190 episode:366 

Rewards Tr: 182.74, Rewards Eval: 183.55, Total Timesteps: 102851190 episode:367 

Rewards Tr: 176.47, Rewards Eval: 165.64, Total Timesteps: 103151190 episode:368 

Rewards Tr: 175.50, Rewards Eval: 176.95, Total Timesteps: 103451190 episode:369 

Rewards Tr: 178.00, Rewards Eval: 192.57, Total Timesteps: 103751190 episode:370 

Rewards Tr: 172.41, Rewards Eval: 186.31, Total Timesteps: 104051190 episode:371 

Rewards Tr: 167.45, Rewards Eval: 184.60, Total Timesteps: 104351190 episode:372 

Rewards Tr: 174.02, Rewards Eval: 160.48, Total Timesteps: 104642910 episode:373 

Rewards Tr: 183.98, Rewards Eval: 160.53, Total Timesteps: 104942910 episode:374 

Rewards Tr: 179.02, Rewards Eval: 165.04, Total Timesteps: 105242910 episode:375 

Rewards Tr: 178.18, Rewards Eval: 200.27, Total Timesteps: 105542910 episode:376 

Rewards Tr: 176.36, Rewards Eval: 191.14, Total Timesteps: 105842910 episode:377 

Rewards Tr: 175.33, Rewards Eval: 187.31, Total Timesteps: 106134390 episode:378 

Rewards Tr: 184.78, Rewards Eval: 191.33, Total Timesteps: 106434390 episode:379 

Rewards Tr: 175.82, Rewards Eval: 181.09, Total Timesteps: 106734390 episode:380 

Rewards Tr: 184.50, Rewards Eval: 168.75, Total Timesteps: 107034390 episode:381 

Rewards Tr: 175.44, Rewards Eval: 170.53, Total Timesteps: 107334390 episode:382 

Rewards Tr: 180.80, Rewards Eval: 196.77, Total Timesteps: 107634390 episode:383 

Rewards Tr: 178.66, Rewards Eval: 170.49, Total Timesteps: 107934390 episode:384 

Rewards Tr: 176.85, Rewards Eval: 183.58, Total Timesteps: 108234390 episode:385 

Rewards Tr: 177.85, Rewards Eval: 170.60, Total Timesteps: 108534390 episode:386 

Rewards Tr: 172.75, Rewards Eval: 190.92, Total Timesteps: 108825840 episode:387 

Rewards Tr: 181.48, Rewards Eval: 167.50, Total Timesteps: 109125840 episode:388 

Rewards Tr: 170.64, Rewards Eval: 188.57, Total Timesteps: 109425840 episode:389 

Rewards Tr: 169.84, Rewards Eval: 204.00, Total Timesteps: 109725840 episode:390 

Rewards Tr: 173.49, Rewards Eval: 184.79, Total Timesteps: 110025840 episode:391 

Rewards Tr: 173.67, Rewards Eval: 189.15, Total Timesteps: 110325840 episode:392 

Rewards Tr: 177.58, Rewards Eval: 157.18, Total Timesteps: 110625840 episode:393 

Rewards Tr: 170.40, Rewards Eval: 154.37, Total Timesteps: 110908830 episode:394 

Rewards Tr: 179.64, Rewards Eval: 199.57, Total Timesteps: 111208830 episode:395 

Rewards Tr: 171.46, Rewards Eval: 161.09, Total Timesteps: 111491890 episode:396 

Rewards Tr: 177.57, Rewards Eval: 135.08, Total Timesteps: 111791890 episode:397 

Rewards Tr: 175.90, Rewards Eval: 178.00, Total Timesteps: 112091890 episode:398 

Rewards Tr: 175.96, Rewards Eval: 175.53, Total Timesteps: 112391890 episode:399 

Rewards Tr: 186.86, Rewards Eval: 181.77, Total Timesteps: 112691890 episode:400 

Rewards Tr: 178.25, Rewards Eval: 207.45, Total Timesteps: 112991890 episode:401 

Rewards Tr: 171.57, Rewards Eval: 176.09, Total Timesteps: 113291890 episode:402 

Rewards Tr: 176.43, Rewards Eval: 176.85, Total Timesteps: 113591890 episode:403 

Rewards Tr: 183.87, Rewards Eval: 169.09, Total Timesteps: 113891890 episode:404 

Rewards Tr: 174.52, Rewards Eval: 137.87, Total Timesteps: 114191890 episode:405 

Rewards Tr: 177.40, Rewards Eval: 171.01, Total Timesteps: 114491890 episode:406 

Rewards Tr: 179.36, Rewards Eval: 190.40, Total Timesteps: 114791890 episode:407 

Rewards Tr: 171.31, Rewards Eval: 176.83, Total Timesteps: 115083520 episode:408 

Rewards Tr: 178.89, Rewards Eval: 181.51, Total Timesteps: 115383520 episode:409 

Rewards Tr: 176.34, Rewards Eval: 214.76, Total Timesteps: 115683520 episode:410 

Rewards Tr: 174.85, Rewards Eval: 147.74, Total Timesteps: 115983520 episode:411 

Rewards Tr: 176.90, Rewards Eval: 177.69, Total Timesteps: 116283520 episode:412 

Rewards Tr: 176.90, Rewards Eval: 209.22, Total Timesteps: 116583520 episode:413 

Rewards Tr: 179.22, Rewards Eval: 176.12, Total Timesteps: 116883520 episode:414 

Rewards Tr: 178.94, Rewards Eval: 181.45, Total Timesteps: 117183520 episode:415 

Rewards Tr: 178.49, Rewards Eval: 177.60, Total Timesteps: 117483520 episode:416 

Rewards Tr: 176.70, Rewards Eval: 181.96, Total Timesteps: 117775050 episode:417 

Rewards Tr: 177.77, Rewards Eval: 181.24, Total Timesteps: 118075050 episode:418 

Rewards Tr: 176.19, Rewards Eval: 173.44, Total Timesteps: 118375050 episode:419 

Rewards Tr: 181.34, Rewards Eval: 157.47, Total Timesteps: 118675050 episode:420 

Rewards Tr: 177.52, Rewards Eval: 177.46, Total Timesteps: 118975050 episode:421 

Rewards Tr: 175.11, Rewards Eval: 184.87, Total Timesteps: 119266640 episode:422 

Rewards Tr: 169.79, Rewards Eval: 193.82, Total Timesteps: 119558010 episode:423 

Rewards Tr: 177.16, Rewards Eval: 189.53, Total Timesteps: 119849340 episode:424 

Rewards Tr: 181.39, Rewards Eval: 195.40, Total Timesteps: 120140920 episode:425 

Rewards Tr: 183.38, Rewards Eval: 181.89, Total Timesteps: 120440920 episode:426 

Rewards Tr: 169.06, Rewards Eval: 172.96, Total Timesteps: 120732720 episode:427 

Rewards Tr: 181.46, Rewards Eval: 158.67, Total Timesteps: 121024120 episode:428 

Rewards Tr: 170.90, Rewards Eval: 181.92, Total Timesteps: 121324120 episode:429 

Rewards Tr: 175.56, Rewards Eval: 140.46, Total Timesteps: 121624120 episode:430 

Rewards Tr: 177.08, Rewards Eval: 161.34, Total Timesteps: 121924120 episode:431 

Rewards Tr: 176.95, Rewards Eval: 173.68, Total Timesteps: 122224120 episode:432 

Rewards Tr: 175.35, Rewards Eval: 170.22, Total Timesteps: 122524120 episode:433 

Rewards Tr: 187.97, Rewards Eval: 149.23, Total Timesteps: 122824120 episode:434 

Rewards Tr: 177.44, Rewards Eval: 178.83, Total Timesteps: 123124120 episode:435 

Rewards Tr: 180.33, Rewards Eval: 166.53, Total Timesteps: 123424120 episode:436 

Rewards Tr: 186.26, Rewards Eval: 181.26, Total Timesteps: 123724120 episode:437 

Rewards Tr: 187.97, Rewards Eval: 157.14, Total Timesteps: 124024120 episode:438 

Rewards Tr: 173.43, Rewards Eval: 145.53, Total Timesteps: 124315690 episode:439 

Rewards Tr: 180.48, Rewards Eval: 149.23, Total Timesteps: 124615690 episode:440 

Rewards Tr: 171.72, Rewards Eval: 185.66, Total Timesteps: 124915690 episode:441 

Rewards Tr: 183.95, Rewards Eval: 196.68, Total Timesteps: 125215690 episode:442 

Rewards Tr: 177.27, Rewards Eval: 139.85, Total Timesteps: 125515690 episode:443 

Rewards Tr: 171.46, Rewards Eval: 165.52, Total Timesteps: 125789910 episode:444 

Rewards Tr: 181.61, Rewards Eval: 162.07, Total Timesteps: 126089910 episode:445 

Rewards Tr: 179.49, Rewards Eval: 189.71, Total Timesteps: 126389910 episode:446 

Rewards Tr: 172.94, Rewards Eval: 160.17, Total Timesteps: 126681550 episode:447 

Rewards Tr: 179.84, Rewards Eval: 191.33, Total Timesteps: 126973050 episode:448 

Rewards Tr: 180.72, Rewards Eval: 186.42, Total Timesteps: 127273050 episode:449 

Rewards Tr: 175.20, Rewards Eval: 174.91, Total Timesteps: 127564620 episode:450 

Rewards Tr: 181.58, Rewards Eval: 220.45, Total Timesteps: 127864620 episode:451 

Rewards Tr: 180.30, Rewards Eval: 204.04, Total Timesteps: 128164620 episode:452 

Rewards Tr: 171.76, Rewards Eval: 184.25, Total Timesteps: 128447540 episode:453 

Rewards Tr: 173.07, Rewards Eval: 190.05, Total Timesteps: 128739030 episode:454 

Rewards Tr: 178.06, Rewards Eval: 202.54, Total Timesteps: 129039030 episode:455 

Rewards Tr: 172.64, Rewards Eval: 162.11, Total Timesteps: 129322200 episode:456 

Rewards Tr: 177.21, Rewards Eval: 185.41, Total Timesteps: 129622200 episode:457 

Rewards Tr: 181.14, Rewards Eval: 194.15, Total Timesteps: 129922200 episode:458 

Rewards Tr: 170.82, Rewards Eval: 141.02, Total Timesteps: 130213790 episode:459 

Rewards Tr: 185.65, Rewards Eval: 180.68, Total Timesteps: 130513790 episode:460 

Rewards Tr: 182.89, Rewards Eval: 169.73, Total Timesteps: 130813790 episode:461 

Rewards Tr: 175.44, Rewards Eval: 201.08, Total Timesteps: 131105500 episode:462 

Rewards Tr: 188.87, Rewards Eval: 197.81, Total Timesteps: 131405500 episode:463 

Rewards Tr: 171.16, Rewards Eval: 170.98, Total Timesteps: 131696980 episode:464 

Rewards Tr: 174.46, Rewards Eval: 161.51, Total Timesteps: 131996980 episode:465 

Rewards Tr: 176.76, Rewards Eval: 153.50, Total Timesteps: 132296980 episode:466 

Rewards Tr: 184.45, Rewards Eval: 185.87, Total Timesteps: 132596980 episode:467 

Rewards Tr: 184.04, Rewards Eval: 204.86, Total Timesteps: 132896980 episode:468 

Rewards Tr: 173.86, Rewards Eval: 189.31, Total Timesteps: 133196980 episode:469 

Rewards Tr: 179.65, Rewards Eval: 193.66, Total Timesteps: 133496980 episode:470 

Rewards Tr: 183.74, Rewards Eval: 167.60, Total Timesteps: 133796980 episode:471 

Rewards Tr: 178.04, Rewards Eval: 183.24, Total Timesteps: 134088490 episode:472 

Rewards Tr: 175.80, Rewards Eval: 178.96, Total Timesteps: 134388490 episode:473 

Rewards Tr: 171.44, Rewards Eval: 175.43, Total Timesteps: 134680090 episode:474 

Rewards Tr: 182.81, Rewards Eval: 184.36, Total Timesteps: 134980090 episode:475 

Rewards Tr: 178.67, Rewards Eval: 196.01, Total Timesteps: 135280090 episode:476 

Rewards Tr: 183.71, Rewards Eval: 195.50, Total Timesteps: 135580090 episode:477 

Rewards Tr: 180.59, Rewards Eval: 161.56, Total Timesteps: 135880090 episode:478 

Rewards Tr: 181.38, Rewards Eval: 186.51, Total Timesteps: 136180090 episode:479 

Rewards Tr: 179.72, Rewards Eval: 175.23, Total Timesteps: 136480090 episode:480 

Rewards Tr: 182.58, Rewards Eval: 182.13, Total Timesteps: 136780090 episode:481 

Rewards Tr: 183.26, Rewards Eval: 177.80, Total Timesteps: 137080090 episode:482 

Rewards Tr: 179.80, Rewards Eval: 174.64, Total Timesteps: 137380090 episode:483 

Rewards Tr: 182.45, Rewards Eval: 183.53, Total Timesteps: 137680090 episode:484 

Rewards Tr: 185.39, Rewards Eval: 189.65, Total Timesteps: 137980090 episode:485 

Rewards Tr: 183.23, Rewards Eval: 170.22, Total Timesteps: 138280090 episode:486 

Rewards Tr: 179.51, Rewards Eval: 199.08, Total Timesteps: 138580090 episode:487 

Rewards Tr: 179.96, Rewards Eval: 182.61, Total Timesteps: 138880090 episode:488 

Rewards Tr: 176.69, Rewards Eval: 214.75, Total Timesteps: 139171600 episode:489 

Rewards Tr: 182.14, Rewards Eval: 189.29, Total Timesteps: 139471600 episode:490 

Rewards Tr: 174.87, Rewards Eval: 197.19, Total Timesteps: 139763020 episode:491 

Rewards Tr: 181.02, Rewards Eval: 195.64, Total Timesteps: 140063020 episode:492 

Rewards Tr: 180.60, Rewards Eval: 176.57, Total Timesteps: 140363020 episode:493 

Rewards Tr: 184.04, Rewards Eval: 169.99, Total Timesteps: 140663020 episode:494 

Rewards Tr: 180.68, Rewards Eval: 174.68, Total Timesteps: 140963020 episode:495 

Rewards Tr: 188.83, Rewards Eval: 195.66, Total Timesteps: 141263020 episode:496 

Rewards Tr: 183.88, Rewards Eval: 162.48, Total Timesteps: 141563020 episode:497 

Rewards Tr: 179.12, Rewards Eval: 161.20, Total Timesteps: 141863020 episode:498 

Rewards Tr: 180.89, Rewards Eval: 188.91, Total Timesteps: 142163020 episode:499 

Elapsed Time: 1216.8 minutes 

