For Seed: 1 

2022-02-07 09:17:52.944319: I tensorflow/core/platform/cpu_feature_guard.cc:142] This TensorFlow binary is optimized with oneAPI Deep Neural Network Library (oneDNN) to use the following CPU instructions in performance-critical operations:  SSE4.1 SSE4.2 AVX AVX2 FMA
To enable them in other operations, rebuild TensorFlow with the appropriate compiler flags.
2022-02-07 09:17:55.926557: I tensorflow/core/common_runtime/gpu/gpu_device.cc:1510] Created device /job:localhost/replica:0/task:0/device:GPU:0 with 14831 MB memory:  -> device: 0, name: Tesla P100-PCIE-16GB, pci bus id: 0000:04:00.0, compute capability: 6.0
Rewards Tr: 6.44, Rewards Val: 6.16, Rewards Disc: 0.22, Rewards Eval: 0.00, Total Timesteps: 1610 episode:0 

Rewards Tr: 6.83, Rewards Val: 7.75, Rewards Disc: 0.29, Rewards Eval: 0.00, Total Timesteps: 3320 episode:1 

Rewards Tr: 9.31, Rewards Val: 6.45, Rewards Disc: 0.34, Rewards Eval: 0.00, Total Timesteps: 5560 episode:2 

Rewards Tr: 10.73, Rewards Val: 9.04, Rewards Disc: 0.22, Rewards Eval: 0.00, Total Timesteps: 8410 episode:3 

Rewards Tr: 13.57, Rewards Val: 10.86, Rewards Disc: 0.38, Rewards Eval: 0.00, Total Timesteps: 11330 episode:4 

Rewards Tr: 15.18, Rewards Val: 15.85, Rewards Disc: 0.34, Rewards Eval: 0.00, Total Timesteps: 14860 episode:5 

Rewards Tr: 36.15, Rewards Val: 30.59, Rewards Disc: 0.17, Rewards Eval: 0.00, Total Timesteps: 20750 episode:6 

Rewards Tr: 32.91, Rewards Val: 35.24, Rewards Disc: 0.30, Rewards Eval: 0.00, Total Timesteps: 26240 episode:7 

Rewards Tr: 36.50, Rewards Val: 34.05, Rewards Disc: 0.47, Rewards Eval: 0.00, Total Timesteps: 31790 episode:8 

Rewards Tr: 41.42, Rewards Val: 39.38, Rewards Disc: 0.39, Rewards Eval: 0.00, Total Timesteps: 38010 episode:9 

Rewards Tr: 46.45, Rewards Val: 58.97, Rewards Disc: 0.57, Rewards Eval: 68.23, Total Timesteps: 44440 episode:10 

Rewards Tr: 51.24, Rewards Val: 47.58, Rewards Disc: 0.47, Rewards Eval: 68.23, Total Timesteps: 51120 episode:11 

Rewards Tr: 81.05, Rewards Val: 62.94, Rewards Disc: 0.41, Rewards Eval: 68.23, Total Timesteps: 58640 episode:12 

Rewards Tr: 76.63, Rewards Val: 83.31, Rewards Disc: 0.57, Rewards Eval: 68.23, Total Timesteps: 66950 episode:13 

Rewards Tr: 95.09, Rewards Val: 90.63, Rewards Disc: 0.46, Rewards Eval: 68.80, Total Timesteps: 76820 episode:14 

Rewards Tr: 106.52, Rewards Val: 115.32, Rewards Disc: 0.51, Rewards Eval: 68.80, Total Timesteps: 88150 episode:15 

Rewards Tr: 109.10, Rewards Val: 105.92, Rewards Disc: 0.53, Rewards Eval: 68.80, Total Timesteps: 98730 episode:16 

Rewards Tr: 133.44, Rewards Val: 119.34, Rewards Disc: 0.47, Rewards Eval: 137.72, Total Timesteps: 109760 episode:17 

Rewards Tr: 145.29, Rewards Val: 136.56, Rewards Disc: 0.53, Rewards Eval: 137.72, Total Timesteps: 122770 episode:18 

Rewards Tr: 147.53, Rewards Val: 140.71, Rewards Disc: 0.52, Rewards Eval: 137.72, Total Timesteps: 135360 episode:19 

Rewards Tr: 142.64, Rewards Val: 157.68, Rewards Disc: 0.50, Rewards Eval: 173.41, Total Timesteps: 147820 episode:20 

Rewards Tr: 156.43, Rewards Val: 168.81, Rewards Disc: 0.53, Rewards Eval: 173.41, Total Timesteps: 160550 episode:21 

Rewards Tr: 178.28, Rewards Val: 159.74, Rewards Disc: 0.50, Rewards Eval: 188.04, Total Timesteps: 174040 episode:22 

Rewards Tr: 176.10, Rewards Val: 177.45, Rewards Disc: 0.49, Rewards Eval: 188.04, Total Timesteps: 187650 episode:23 

Rewards Tr: 183.46, Rewards Val: 178.47, Rewards Disc: 0.45, Rewards Eval: 189.19, Total Timesteps: 201630 episode:24 

Rewards Tr: 191.02, Rewards Val: 179.41, Rewards Disc: 0.46, Rewards Eval: 189.19, Total Timesteps: 215210 episode:25 

Rewards Tr: 200.26, Rewards Val: 179.61, Rewards Disc: 0.48, Rewards Eval: 176.19, Total Timesteps: 228130 episode:26 

Rewards Tr: 189.55, Rewards Val: 195.24, Rewards Disc: 0.52, Rewards Eval: 176.19, Total Timesteps: 242170 episode:27 

Rewards Tr: 192.17, Rewards Val: 197.78, Rewards Disc: 0.52, Rewards Eval: 227.61, Total Timesteps: 254950 episode:28 

Rewards Tr: 219.22, Rewards Val: 206.98, Rewards Disc: 0.53, Rewards Eval: 227.61, Total Timesteps: 267740 episode:29 

Rewards Tr: 214.11, Rewards Val: 219.04, Rewards Disc: 0.51, Rewards Eval: 203.41, Total Timesteps: 280530 episode:30 

Rewards Tr: 217.43, Rewards Val: 216.95, Rewards Disc: 0.56, Rewards Eval: 203.41, Total Timesteps: 293090 episode:31 

Rewards Tr: 219.02, Rewards Val: 223.81, Rewards Disc: 0.51, Rewards Eval: 264.65, Total Timesteps: 306190 episode:32 

Rewards Tr: 226.19, Rewards Val: 225.92, Rewards Disc: 0.51, Rewards Eval: 250.70, Total Timesteps: 318990 episode:33 

Rewards Tr: 233.50, Rewards Val: 232.27, Rewards Disc: 0.55, Rewards Eval: 250.70, Total Timesteps: 332130 episode:34 

Rewards Tr: 239.08, Rewards Val: 232.51, Rewards Disc: 0.49, Rewards Eval: 233.13, Total Timesteps: 344780 episode:35 

Rewards Tr: 240.83, Rewards Val: 235.37, Rewards Disc: 0.52, Rewards Eval: 233.13, Total Timesteps: 357640 episode:36 

Rewards Tr: 243.06, Rewards Val: 241.54, Rewards Disc: 0.49, Rewards Eval: 231.32, Total Timesteps: 370020 episode:37 

Rewards Tr: 244.28, Rewards Val: 241.30, Rewards Disc: 0.51, Rewards Eval: 231.32, Total Timesteps: 382610 episode:38 

Rewards Tr: 229.79, Rewards Val: 224.40, Rewards Disc: 0.51, Rewards Eval: 250.11, Total Timesteps: 395190 episode:39 

Rewards Tr: 239.24, Rewards Val: 244.62, Rewards Disc: 0.52, Rewards Eval: 250.11, Total Timesteps: 407490 episode:40 

Rewards Tr: 242.18, Rewards Val: 243.38, Rewards Disc: 0.51, Rewards Eval: 209.82, Total Timesteps: 419630 episode:41 

Rewards Tr: 238.93, Rewards Val: 240.15, Rewards Disc: 0.48, Rewards Eval: 250.76, Total Timesteps: 431970 episode:42 

Rewards Tr: 240.14, Rewards Val: 248.27, Rewards Disc: 0.53, Rewards Eval: 250.76, Total Timesteps: 444190 episode:43 

Rewards Tr: 251.64, Rewards Val: 253.83, Rewards Disc: 0.52, Rewards Eval: 265.22, Total Timesteps: 456810 episode:44 

Rewards Tr: 251.70, Rewards Val: 255.41, Rewards Disc: 0.48, Rewards Eval: 265.22, Total Timesteps: 469540 episode:45 

Rewards Tr: 260.10, Rewards Val: 249.68, Rewards Disc: 0.51, Rewards Eval: 263.89, Total Timesteps: 482060 episode:46 

Rewards Tr: 254.67, Rewards Val: 264.05, Rewards Disc: 0.44, Rewards Eval: 263.89, Total Timesteps: 494500 episode:47 

Rewards Tr: 257.02, Rewards Val: 259.33, Rewards Disc: 0.54, Rewards Eval: 276.91, Total Timesteps: 506600 episode:48 

Rewards Tr: 258.95, Rewards Val: 256.58, Rewards Disc: 0.49, Rewards Eval: 276.91, Total Timesteps: 518780 episode:49 

Rewards Tr: 262.70, Rewards Val: 262.10, Rewards Disc: 0.51, Rewards Eval: 269.92, Total Timesteps: 531190 episode:50 

Rewards Tr: 268.49, Rewards Val: 266.07, Rewards Disc: 0.56, Rewards Eval: 285.38, Total Timesteps: 543930 episode:51 

Rewards Tr: 275.66, Rewards Val: 273.74, Rewards Disc: 0.51, Rewards Eval: 285.38, Total Timesteps: 556340 episode:52 

Rewards Tr: 272.96, Rewards Val: 276.50, Rewards Disc: 0.51, Rewards Eval: 292.51, Total Timesteps: 568930 episode:53 

Rewards Tr: 278.11, Rewards Val: 277.41, Rewards Disc: 0.52, Rewards Eval: 292.51, Total Timesteps: 581440 episode:54 

Rewards Tr: 286.05, Rewards Val: 285.83, Rewards Disc: 0.53, Rewards Eval: 280.36, Total Timesteps: 594180 episode:55 

Rewards Tr: 285.01, Rewards Val: 285.46, Rewards Disc: 0.49, Rewards Eval: 286.53, Total Timesteps: 606530 episode:56 

Rewards Tr: 288.08, Rewards Val: 286.31, Rewards Disc: 0.50, Rewards Eval: 286.53, Total Timesteps: 619110 episode:57 

Rewards Tr: 292.31, Rewards Val: 285.53, Rewards Disc: 0.50, Rewards Eval: 284.66, Total Timesteps: 631730 episode:58 

Rewards Tr: 286.37, Rewards Val: 292.57, Rewards Disc: 0.47, Rewards Eval: 284.66, Total Timesteps: 644190 episode:59 

Rewards Tr: 298.15, Rewards Val: 299.60, Rewards Disc: 0.50, Rewards Eval: 308.94, Total Timesteps: 656950 episode:60 

Rewards Tr: 301.68, Rewards Val: 293.26, Rewards Disc: 0.49, Rewards Eval: 308.94, Total Timesteps: 669610 episode:61 

Rewards Tr: 303.40, Rewards Val: 301.19, Rewards Disc: 0.49, Rewards Eval: 303.90, Total Timesteps: 682290 episode:62 

Rewards Tr: 306.33, Rewards Val: 307.53, Rewards Disc: 0.46, Rewards Eval: 305.53, Total Timesteps: 695260 episode:63 

Rewards Tr: 308.40, Rewards Val: 309.31, Rewards Disc: 0.45, Rewards Eval: 305.53, Total Timesteps: 708070 episode:64 

Rewards Tr: 302.31, Rewards Val: 305.65, Rewards Disc: 0.50, Rewards Eval: 315.87, Total Timesteps: 720770 episode:65 

Rewards Tr: 309.69, Rewards Val: 305.30, Rewards Disc: 0.52, Rewards Eval: 315.87, Total Timesteps: 733300 episode:66 

Rewards Tr: 317.62, Rewards Val: 312.65, Rewards Disc: 0.46, Rewards Eval: 312.27, Total Timesteps: 746370 episode:67 

Rewards Tr: 316.54, Rewards Val: 314.67, Rewards Disc: 0.46, Rewards Eval: 325.64, Total Timesteps: 759380 episode:68 

Rewards Tr: 319.08, Rewards Val: 322.66, Rewards Disc: 0.47, Rewards Eval: 325.64, Total Timesteps: 773090 episode:69 

Rewards Tr: 323.46, Rewards Val: 322.64, Rewards Disc: 0.46, Rewards Eval: 333.94, Total Timesteps: 786710 episode:70 

Rewards Tr: 330.48, Rewards Val: 329.34, Rewards Disc: 0.51, Rewards Eval: 333.78, Total Timesteps: 801250 episode:71 

Rewards Tr: 342.65, Rewards Val: 333.42, Rewards Disc: 0.51, Rewards Eval: 333.78, Total Timesteps: 816600 episode:72 

Rewards Tr: 330.73, Rewards Val: 329.76, Rewards Disc: 0.47, Rewards Eval: 322.24, Total Timesteps: 831080 episode:73 

Rewards Tr: 331.83, Rewards Val: 337.95, Rewards Disc: 0.48, Rewards Eval: 350.94, Total Timesteps: 846270 episode:74 

Rewards Tr: 349.25, Rewards Val: 357.53, Rewards Disc: 0.45, Rewards Eval: 350.94, Total Timesteps: 862820 episode:75 

Rewards Tr: 354.69, Rewards Val: 360.28, Rewards Disc: 0.50, Rewards Eval: 378.95, Total Timesteps: 879440 episode:76 

Rewards Tr: 372.42, Rewards Val: 359.12, Rewards Disc: 0.52, Rewards Eval: 378.77, Total Timesteps: 896790 episode:77 

Rewards Tr: 351.98, Rewards Val: 360.19, Rewards Disc: 0.46, Rewards Eval: 378.77, Total Timesteps: 913980 episode:78 

Rewards Tr: 368.26, Rewards Val: 368.78, Rewards Disc: 0.45, Rewards Eval: 376.09, Total Timesteps: 932320 episode:79 

Rewards Tr: 386.40, Rewards Val: 375.52, Rewards Disc: 0.45, Rewards Eval: 425.78, Total Timesteps: 952170 episode:80 

Rewards Tr: 394.27, Rewards Val: 390.33, Rewards Disc: 0.49, Rewards Eval: 409.87, Total Timesteps: 972640 episode:81 

Rewards Tr: 395.09, Rewards Val: 399.67, Rewards Disc: 0.48, Rewards Eval: 409.87, Total Timesteps: 994010 episode:82 

Rewards Tr: 416.20, Rewards Val: 406.52, Rewards Disc: 0.47, Rewards Eval: 449.79, Total Timesteps: 1015760 episode:83 

Rewards Tr: 407.43, Rewards Val: 408.71, Rewards Disc: 0.47, Rewards Eval: 420.18, Total Timesteps: 1037070 episode:84 

Rewards Tr: 406.74, Rewards Val: 404.88, Rewards Disc: 0.47, Rewards Eval: 400.02, Total Timesteps: 1058900 episode:85 

Rewards Tr: 435.71, Rewards Val: 426.64, Rewards Disc: 0.47, Rewards Eval: 481.89, Total Timesteps: 1081110 episode:86 

Rewards Tr: 424.16, Rewards Val: 442.45, Rewards Disc: 0.48, Rewards Eval: 481.89, Total Timesteps: 1104090 episode:87 

Rewards Tr: 456.73, Rewards Val: 416.26, Rewards Disc: 0.48, Rewards Eval: 427.04, Total Timesteps: 1127520 episode:88 

Rewards Tr: 448.31, Rewards Val: 448.09, Rewards Disc: 0.42, Rewards Eval: 483.24, Total Timesteps: 1151260 episode:89 

Rewards Tr: 431.00, Rewards Val: 432.48, Rewards Disc: 0.40, Rewards Eval: 420.99, Total Timesteps: 1174660 episode:90 

Rewards Tr: 472.50, Rewards Val: 472.81, Rewards Disc: 0.38, Rewards Eval: 640.74, Total Timesteps: 1202220 episode:91 

Rewards Tr: 521.11, Rewards Val: 480.65, Rewards Disc: 0.41, Rewards Eval: 451.33, Total Timesteps: 1230170 episode:92 

Rewards Tr: 492.31, Rewards Val: 547.08, Rewards Disc: 0.35, Rewards Eval: 924.19, Total Timesteps: 1260990 episode:93 

Rewards Tr: 524.38, Rewards Val: 567.75, Rewards Disc: 0.45, Rewards Eval: 710.10, Total Timesteps: 1293400 episode:94 

Rewards Tr: 539.05, Rewards Val: 547.37, Rewards Disc: 0.48, Rewards Eval: 592.67, Total Timesteps: 1325520 episode:95 

Rewards Tr: 541.83, Rewards Val: 546.53, Rewards Disc: 0.54, Rewards Eval: 741.57, Total Timesteps: 1355760 episode:96 

Rewards Tr: 618.00, Rewards Val: 593.06, Rewards Disc: 0.50, Rewards Eval: 1078.04, Total Timesteps: 1392800 episode:97 

Rewards Tr: 611.42, Rewards Val: 684.08, Rewards Disc: 0.58, Rewards Eval: 754.83, Total Timesteps: 1425260 episode:98 

Rewards Tr: 769.57, Rewards Val: 756.71, Rewards Disc: 0.55, Rewards Eval: 919.76, Total Timesteps: 1464690 episode:99 

Rewards Tr: 844.59, Rewards Val: 868.94, Rewards Disc: 0.50, Rewards Eval: 759.75, Total Timesteps: 1512930 episode:100 

Rewards Tr: 844.26, Rewards Val: 892.10, Rewards Disc: 0.52, Rewards Eval: 784.99, Total Timesteps: 1564750 episode:101 

Rewards Tr: 883.44, Rewards Val: 800.14, Rewards Disc: 0.47, Rewards Eval: 775.48, Total Timesteps: 1611310 episode:102 

Rewards Tr: 942.78, Rewards Val: 1011.98, Rewards Disc: 0.49, Rewards Eval: 831.44, Total Timesteps: 1669170 episode:103 

Rewards Tr: 859.81, Rewards Val: 971.04, Rewards Disc: 0.54, Rewards Eval: 1114.34, Total Timesteps: 1719220 episode:104 

Rewards Tr: 1017.47, Rewards Val: 944.60, Rewards Disc: 0.48, Rewards Eval: 1043.00, Total Timesteps: 1776090 episode:105 

Rewards Tr: 1051.69, Rewards Val: 1072.16, Rewards Disc: 0.49, Rewards Eval: 939.33, Total Timesteps: 1836170 episode:106 

Rewards Tr: 1146.51, Rewards Val: 1077.99, Rewards Disc: 0.46, Rewards Eval: 1152.90, Total Timesteps: 1906870 episode:107 

Rewards Tr: 1428.48, Rewards Val: 1255.57, Rewards Disc: 0.42, Rewards Eval: 1495.11, Total Timesteps: 1988640 episode:108 

Rewards Tr: 1250.01, Rewards Val: 1274.08, Rewards Disc: 0.46, Rewards Eval: 1697.80, Total Timesteps: 2081720 episode:109 

Rewards Tr: 1177.58, Rewards Val: 1174.82, Rewards Disc: 0.46, Rewards Eval: 790.24, Total Timesteps: 2155740 episode:110 

Rewards Tr: 1121.08, Rewards Val: 1132.12, Rewards Disc: 0.45, Rewards Eval: 1114.03, Total Timesteps: 2217650 episode:111 

Rewards Tr: 1147.27, Rewards Val: 1211.20, Rewards Disc: 0.47, Rewards Eval: 1703.34, Total Timesteps: 2284600 episode:112 

Rewards Tr: 1184.04, Rewards Val: 1158.07, Rewards Disc: 0.51, Rewards Eval: 959.18, Total Timesteps: 2352030 episode:113 

Rewards Tr: 1152.11, Rewards Val: 1318.04, Rewards Disc: 0.51, Rewards Eval: 1219.74, Total Timesteps: 2425530 episode:114 

Rewards Tr: 1118.44, Rewards Val: 1056.66, Rewards Disc: 0.48, Rewards Eval: 1035.76, Total Timesteps: 2483070 episode:115 

Rewards Tr: 1092.15, Rewards Val: 1022.60, Rewards Disc: 0.57, Rewards Eval: 1165.46, Total Timesteps: 2543540 episode:116 

Rewards Tr: 1124.86, Rewards Val: 1148.99, Rewards Disc: 0.51, Rewards Eval: 1025.38, Total Timesteps: 2605160 episode:117 

Rewards Tr: 1173.08, Rewards Val: 1207.20, Rewards Disc: 0.49, Rewards Eval: 1383.04, Total Timesteps: 2673190 episode:118 

Rewards Tr: 1265.97, Rewards Val: 1243.69, Rewards Disc: 0.54, Rewards Eval: 1627.38, Total Timesteps: 2753730 episode:119 

Rewards Tr: 1152.63, Rewards Val: 1211.38, Rewards Disc: 0.59, Rewards Eval: 1332.76, Total Timesteps: 2821690 episode:120 

Rewards Tr: 1395.35, Rewards Val: 1270.60, Rewards Disc: 0.59, Rewards Eval: 1488.36, Total Timesteps: 2899770 episode:121 

Rewards Tr: 1255.82, Rewards Val: 1095.96, Rewards Disc: 0.65, Rewards Eval: 1421.58, Total Timesteps: 2960680 episode:122 

Rewards Tr: 1311.51, Rewards Val: 1339.18, Rewards Disc: 0.58, Rewards Eval: 1831.52, Total Timesteps: 3037900 episode:123 

Rewards Tr: 1423.97, Rewards Val: 1425.89, Rewards Disc: 0.56, Rewards Eval: 1647.94, Total Timesteps: 3133770 episode:124 

Rewards Tr: 1967.55, Rewards Val: 1988.46, Rewards Disc: 0.45, Rewards Eval: 1498.70, Total Timesteps: 3233770 episode:125 

Rewards Tr: 1697.62, Rewards Val: 1720.49, Rewards Disc: 0.50, Rewards Eval: 2043.72, Total Timesteps: 3333770 episode:126 

Rewards Tr: 1559.17, Rewards Val: 1501.58, Rewards Disc: 0.55, Rewards Eval: 1141.45, Total Timesteps: 3428850 episode:127 

Rewards Tr: 1441.00, Rewards Val: 1527.79, Rewards Disc: 0.57, Rewards Eval: 1824.72, Total Timesteps: 3518210 episode:128 

Rewards Tr: 1794.41, Rewards Val: 1809.35, Rewards Disc: 0.55, Rewards Eval: 1852.12, Total Timesteps: 3616660 episode:129 

Rewards Tr: 1656.82, Rewards Val: 1699.80, Rewards Disc: 0.62, Rewards Eval: 1434.15, Total Timesteps: 3716660 episode:130 

Rewards Tr: 1725.38, Rewards Val: 1916.82, Rewards Disc: 0.60, Rewards Eval: 2322.39, Total Timesteps: 3816660 episode:131 

Rewards Tr: 1954.36, Rewards Val: 1847.45, Rewards Disc: 0.52, Rewards Eval: 1520.76, Total Timesteps: 3916660 episode:132 

Rewards Tr: 2074.62, Rewards Val: 2111.69, Rewards Disc: 0.44, Rewards Eval: 2370.14, Total Timesteps: 4016660 episode:133 

Rewards Tr: 1732.48, Rewards Val: 1862.90, Rewards Disc: 0.50, Rewards Eval: 1642.91, Total Timesteps: 4116660 episode:134 

Rewards Tr: 1984.40, Rewards Val: 2093.72, Rewards Disc: 0.55, Rewards Eval: 2703.89, Total Timesteps: 4216660 episode:135 

Rewards Tr: 2102.88, Rewards Val: 1725.45, Rewards Disc: 0.68, Rewards Eval: 1634.83, Total Timesteps: 4316600 episode:136 

Rewards Tr: 2003.99, Rewards Val: 1939.72, Rewards Disc: 0.58, Rewards Eval: 1669.67, Total Timesteps: 4416600 episode:137 

Rewards Tr: 1959.38, Rewards Val: 2042.95, Rewards Disc: 0.54, Rewards Eval: 1710.00, Total Timesteps: 4516600 episode:138 

Rewards Tr: 1839.62, Rewards Val: 1758.05, Rewards Disc: 0.63, Rewards Eval: 1171.09, Total Timesteps: 4616600 episode:139 

Rewards Tr: 1893.02, Rewards Val: 2240.28, Rewards Disc: 0.58, Rewards Eval: 2284.76, Total Timesteps: 4716600 episode:140 

Rewards Tr: 1895.43, Rewards Val: 1878.27, Rewards Disc: 0.61, Rewards Eval: 2091.05, Total Timesteps: 4816600 episode:141 

Rewards Tr: 1898.17, Rewards Val: 1962.65, Rewards Disc: 0.60, Rewards Eval: 2961.47, Total Timesteps: 4916600 episode:142 

Rewards Tr: 1916.58, Rewards Val: 1705.64, Rewards Disc: 0.65, Rewards Eval: 1604.30, Total Timesteps: 5016600 episode:143 

Rewards Tr: 2198.93, Rewards Val: 2120.80, Rewards Disc: 0.58, Rewards Eval: 1723.46, Total Timesteps: 5116600 episode:144 

Rewards Tr: 2131.59, Rewards Val: 1906.12, Rewards Disc: 0.63, Rewards Eval: 1386.24, Total Timesteps: 5216600 episode:145 

Rewards Tr: 2031.85, Rewards Val: 2179.12, Rewards Disc: 0.59, Rewards Eval: 1411.84, Total Timesteps: 5316600 episode:146 

Rewards Tr: 1952.56, Rewards Val: 1905.07, Rewards Disc: 0.57, Rewards Eval: 3010.99, Total Timesteps: 5416600 episode:147 

Rewards Tr: 1830.73, Rewards Val: 1814.56, Rewards Disc: 0.57, Rewards Eval: 2520.80, Total Timesteps: 5516600 episode:148 

Rewards Tr: 2152.72, Rewards Val: 2258.86, Rewards Disc: 0.48, Rewards Eval: 2269.52, Total Timesteps: 5616600 episode:149 

Rewards Tr: 2115.37, Rewards Val: 2244.83, Rewards Disc: 0.51, Rewards Eval: 2401.00, Total Timesteps: 5716600 episode:150 

Rewards Tr: 2363.34, Rewards Val: 2311.70, Rewards Disc: 0.59, Rewards Eval: 2031.67, Total Timesteps: 5816600 episode:151 

Rewards Tr: 2370.42, Rewards Val: 2595.00, Rewards Disc: 0.57, Rewards Eval: 2032.88, Total Timesteps: 5916600 episode:152 

Rewards Tr: 2297.63, Rewards Val: 2328.63, Rewards Disc: 0.60, Rewards Eval: 1440.69, Total Timesteps: 6016600 episode:153 

Rewards Tr: 2242.81, Rewards Val: 2177.39, Rewards Disc: 0.58, Rewards Eval: 2147.08, Total Timesteps: 6116600 episode:154 

Rewards Tr: 2522.66, Rewards Val: 2423.93, Rewards Disc: 0.61, Rewards Eval: 2285.11, Total Timesteps: 6216600 episode:155 

Rewards Tr: 2334.33, Rewards Val: 2325.12, Rewards Disc: 0.66, Rewards Eval: 2951.54, Total Timesteps: 6316600 episode:156 

Rewards Tr: 2354.16, Rewards Val: 2296.47, Rewards Disc: 0.58, Rewards Eval: 2039.36, Total Timesteps: 6416600 episode:157 

Rewards Tr: 2332.78, Rewards Val: 2347.12, Rewards Disc: 0.53, Rewards Eval: 1909.26, Total Timesteps: 6516600 episode:158 

Rewards Tr: 2578.91, Rewards Val: 2406.77, Rewards Disc: 0.46, Rewards Eval: 2791.74, Total Timesteps: 6616600 episode:159 

Rewards Tr: 2283.44, Rewards Val: 2430.35, Rewards Disc: 0.41, Rewards Eval: 2403.55, Total Timesteps: 6716600 episode:160 

Rewards Tr: 2686.81, Rewards Val: 2664.52, Rewards Disc: 0.48, Rewards Eval: 3061.15, Total Timesteps: 6816600 episode:161 

Rewards Tr: 2558.31, Rewards Val: 2551.10, Rewards Disc: 0.52, Rewards Eval: 1476.52, Total Timesteps: 6916600 episode:162 

Rewards Tr: 2122.47, Rewards Val: 2553.86, Rewards Disc: 0.57, Rewards Eval: 2784.85, Total Timesteps: 7016600 episode:163 

Rewards Tr: 2236.93, Rewards Val: 2088.14, Rewards Disc: 0.60, Rewards Eval: 1974.08, Total Timesteps: 7116600 episode:164 

Rewards Tr: 2215.27, Rewards Val: 2242.20, Rewards Disc: 0.62, Rewards Eval: 1691.65, Total Timesteps: 7216600 episode:165 

Rewards Tr: 1952.60, Rewards Val: 2156.86, Rewards Disc: 0.67, Rewards Eval: 1674.68, Total Timesteps: 7316600 episode:166 

Rewards Tr: 2229.77, Rewards Val: 2128.43, Rewards Disc: 0.61, Rewards Eval: 2623.46, Total Timesteps: 7416600 episode:167 

Rewards Tr: 2481.81, Rewards Val: 2345.02, Rewards Disc: 0.68, Rewards Eval: 2665.83, Total Timesteps: 7516600 episode:168 

Rewards Tr: 2541.20, Rewards Val: 2533.87, Rewards Disc: 0.68, Rewards Eval: 2592.97, Total Timesteps: 7616600 episode:169 

Rewards Tr: 2539.06, Rewards Val: 2497.19, Rewards Disc: 0.57, Rewards Eval: 3002.92, Total Timesteps: 7716600 episode:170 

Rewards Tr: 2424.52, Rewards Val: 2479.61, Rewards Disc: 0.55, Rewards Eval: 2940.15, Total Timesteps: 7816600 episode:171 

Rewards Tr: 2459.25, Rewards Val: 2447.42, Rewards Disc: 0.54, Rewards Eval: 2105.01, Total Timesteps: 7916600 episode:172 

Rewards Tr: 2233.47, Rewards Val: 2159.32, Rewards Disc: 0.74, Rewards Eval: 2748.49, Total Timesteps: 8016600 episode:173 

Rewards Tr: 2452.18, Rewards Val: 2472.30, Rewards Disc: 0.72, Rewards Eval: 3014.50, Total Timesteps: 8116600 episode:174 

Rewards Tr: 2646.34, Rewards Val: 2401.69, Rewards Disc: 0.61, Rewards Eval: 2395.63, Total Timesteps: 8216600 episode:175 

Rewards Tr: 2608.70, Rewards Val: 2436.16, Rewards Disc: 0.50, Rewards Eval: 2391.26, Total Timesteps: 8316600 episode:176 

Rewards Tr: 2699.73, Rewards Val: 2536.84, Rewards Disc: 0.58, Rewards Eval: 2803.30, Total Timesteps: 8416600 episode:177 

Rewards Tr: 2608.27, Rewards Val: 2451.21, Rewards Disc: 0.58, Rewards Eval: 2954.31, Total Timesteps: 8516600 episode:178 

Rewards Tr: 2433.68, Rewards Val: 2388.78, Rewards Disc: 0.63, Rewards Eval: 3006.32, Total Timesteps: 8616600 episode:179 

Rewards Tr: 2468.10, Rewards Val: 2245.72, Rewards Disc: 0.74, Rewards Eval: 2451.42, Total Timesteps: 8716600 episode:180 

Rewards Tr: 2517.91, Rewards Val: 2591.74, Rewards Disc: 0.66, Rewards Eval: 1991.77, Total Timesteps: 8816600 episode:181 

Rewards Tr: 2106.71, Rewards Val: 2195.68, Rewards Disc: 0.65, Rewards Eval: 2199.18, Total Timesteps: 8916600 episode:182 

Rewards Tr: 2254.76, Rewards Val: 2137.06, Rewards Disc: 0.68, Rewards Eval: 2320.48, Total Timesteps: 9016600 episode:183 

Rewards Tr: 2668.89, Rewards Val: 2591.51, Rewards Disc: 0.69, Rewards Eval: 2524.57, Total Timesteps: 9116600 episode:184 

Rewards Tr: 2639.91, Rewards Val: 2806.32, Rewards Disc: 0.70, Rewards Eval: 1819.16, Total Timesteps: 9216600 episode:185 

Rewards Tr: 2746.95, Rewards Val: 2655.52, Rewards Disc: 0.69, Rewards Eval: 2955.77, Total Timesteps: 9316600 episode:186 

Rewards Tr: 2605.76, Rewards Val: 2683.40, Rewards Disc: 0.61, Rewards Eval: 3001.92, Total Timesteps: 9416600 episode:187 

Rewards Tr: 2581.45, Rewards Val: 2827.48, Rewards Disc: 0.61, Rewards Eval: 2604.51, Total Timesteps: 9516600 episode:188 

Rewards Tr: 2654.73, Rewards Val: 2474.96, Rewards Disc: 0.52, Rewards Eval: 2903.45, Total Timesteps: 9616600 episode:189 

Rewards Tr: 2761.29, Rewards Val: 2621.84, Rewards Disc: 0.43, Rewards Eval: 2586.58, Total Timesteps: 9716600 episode:190 

Rewards Tr: 2784.71, Rewards Val: 2694.55, Rewards Disc: 0.43, Rewards Eval: 2467.80, Total Timesteps: 9816600 episode:191 

Rewards Tr: 2727.42, Rewards Val: 2784.26, Rewards Disc: 0.35, Rewards Eval: 2343.65, Total Timesteps: 9916600 episode:192 

Rewards Tr: 2700.74, Rewards Val: 2777.19, Rewards Disc: 0.56, Rewards Eval: 3143.03, Total Timesteps: 10016600 episode:193 

Rewards Tr: 2604.16, Rewards Val: 2498.63, Rewards Disc: 0.59, Rewards Eval: 1850.50, Total Timesteps: 10116600 episode:194 

Rewards Tr: 2823.75, Rewards Val: 2775.23, Rewards Disc: 0.56, Rewards Eval: 2926.28, Total Timesteps: 10216600 episode:195 

Rewards Tr: 2803.37, Rewards Val: 2504.07, Rewards Disc: 0.57, Rewards Eval: 2385.83, Total Timesteps: 10316600 episode:196 

Rewards Tr: 2545.46, Rewards Val: 2637.44, Rewards Disc: 0.51, Rewards Eval: 1662.48, Total Timesteps: 10416600 episode:197 

Rewards Tr: 2660.15, Rewards Val: 2614.76, Rewards Disc: 0.48, Rewards Eval: 3011.39, Total Timesteps: 10516600 episode:198 

Rewards Tr: 2907.80, Rewards Val: 2778.61, Rewards Disc: 0.56, Rewards Eval: 2397.60, Total Timesteps: 10616600 episode:199 

Rewards Tr: 2877.75, Rewards Val: 2683.06, Rewards Disc: 0.60, Rewards Eval: 2930.60, Total Timesteps: 10716600 episode:200 

Rewards Tr: 2917.14, Rewards Val: 2769.60, Rewards Disc: 0.57, Rewards Eval: 3068.77, Total Timesteps: 10816600 episode:201 

Rewards Tr: 2895.59, Rewards Val: 2502.65, Rewards Disc: 0.64, Rewards Eval: 3127.13, Total Timesteps: 10916600 episode:202 

Rewards Tr: 2740.41, Rewards Val: 2668.86, Rewards Disc: 0.67, Rewards Eval: 2497.98, Total Timesteps: 11016600 episode:203 

Rewards Tr: 2751.99, Rewards Val: 2680.43, Rewards Disc: 0.65, Rewards Eval: 3053.14, Total Timesteps: 11116600 episode:204 

Rewards Tr: 2700.67, Rewards Val: 2711.48, Rewards Disc: 0.54, Rewards Eval: 3053.11, Total Timesteps: 11216600 episode:205 

Rewards Tr: 2661.54, Rewards Val: 2550.46, Rewards Disc: 0.67, Rewards Eval: 2755.37, Total Timesteps: 11316600 episode:206 

Rewards Tr: 2786.75, Rewards Val: 2623.00, Rewards Disc: 0.70, Rewards Eval: 2789.44, Total Timesteps: 11416600 episode:207 

Rewards Tr: 2653.27, Rewards Val: 2678.28, Rewards Disc: 0.59, Rewards Eval: 3110.72, Total Timesteps: 11516600 episode:208 

Rewards Tr: 2662.46, Rewards Val: 2617.47, Rewards Disc: 0.66, Rewards Eval: 2624.35, Total Timesteps: 11616600 episode:209 

Rewards Tr: 2661.80, Rewards Val: 2507.17, Rewards Disc: 0.68, Rewards Eval: 1821.28, Total Timesteps: 11716600 episode:210 

Rewards Tr: 2356.38, Rewards Val: 2542.94, Rewards Disc: 0.63, Rewards Eval: 2991.32, Total Timesteps: 11816600 episode:211 

Rewards Tr: 2724.10, Rewards Val: 2638.02, Rewards Disc: 0.41, Rewards Eval: 2043.74, Total Timesteps: 11916600 episode:212 

Rewards Tr: 2504.80, Rewards Val: 2669.18, Rewards Disc: 0.52, Rewards Eval: 1971.84, Total Timesteps: 12016600 episode:213 

Rewards Tr: 2512.23, Rewards Val: 2437.65, Rewards Disc: 0.60, Rewards Eval: 1768.83, Total Timesteps: 12116600 episode:214 

Rewards Tr: 2462.95, Rewards Val: 2592.83, Rewards Disc: 0.64, Rewards Eval: 2658.29, Total Timesteps: 12216600 episode:215 

Rewards Tr: 2662.16, Rewards Val: 2804.96, Rewards Disc: 0.50, Rewards Eval: 2422.97, Total Timesteps: 12316600 episode:216 

Rewards Tr: 2793.97, Rewards Val: 2861.57, Rewards Disc: 0.50, Rewards Eval: 3166.31, Total Timesteps: 12416600 episode:217 

Rewards Tr: 2780.30, Rewards Val: 2663.37, Rewards Disc: 0.55, Rewards Eval: 2678.17, Total Timesteps: 12516600 episode:218 

Rewards Tr: 2411.87, Rewards Val: 2589.70, Rewards Disc: 0.67, Rewards Eval: 3104.28, Total Timesteps: 12616600 episode:219 

Rewards Tr: 2689.38, Rewards Val: 2630.90, Rewards Disc: 0.71, Rewards Eval: 3151.82, Total Timesteps: 12716600 episode:220 

Rewards Tr: 2804.98, Rewards Val: 2845.98, Rewards Disc: 0.65, Rewards Eval: 2394.48, Total Timesteps: 12816600 episode:221 

Rewards Tr: 2515.33, Rewards Val: 2618.90, Rewards Disc: 0.73, Rewards Eval: 2166.17, Total Timesteps: 12916600 episode:222 

Rewards Tr: 2388.32, Rewards Val: 2560.17, Rewards Disc: 0.76, Rewards Eval: 3127.27, Total Timesteps: 13016600 episode:223 

Rewards Tr: 2697.90, Rewards Val: 2915.47, Rewards Disc: 0.68, Rewards Eval: 3108.42, Total Timesteps: 13116600 episode:224 

Rewards Tr: 2589.94, Rewards Val: 2647.22, Rewards Disc: 0.68, Rewards Eval: 3034.52, Total Timesteps: 13216600 episode:225 

Rewards Tr: 3006.57, Rewards Val: 2872.09, Rewards Disc: 0.55, Rewards Eval: 3181.88, Total Timesteps: 13316600 episode:226 

Rewards Tr: 2810.63, Rewards Val: 2981.53, Rewards Disc: 0.63, Rewards Eval: 3164.75, Total Timesteps: 13416600 episode:227 

Rewards Tr: 2628.91, Rewards Val: 2786.56, Rewards Disc: 0.70, Rewards Eval: 3180.37, Total Timesteps: 13516600 episode:228 

Rewards Tr: 2310.02, Rewards Val: 2585.26, Rewards Disc: 0.71, Rewards Eval: 2337.00, Total Timesteps: 13616600 episode:229 

Rewards Tr: 2626.44, Rewards Val: 2373.49, Rewards Disc: 0.73, Rewards Eval: 3155.28, Total Timesteps: 13716600 episode:230 

Rewards Tr: 2798.22, Rewards Val: 2674.99, Rewards Disc: 0.74, Rewards Eval: 3165.84, Total Timesteps: 13816600 episode:231 

Rewards Tr: 2499.13, Rewards Val: 2547.54, Rewards Disc: 0.86, Rewards Eval: 3106.64, Total Timesteps: 13916600 episode:232 

Rewards Tr: 2704.34, Rewards Val: 2691.15, Rewards Disc: 0.84, Rewards Eval: 3080.72, Total Timesteps: 14016600 episode:233 

Rewards Tr: 2749.76, Rewards Val: 2860.37, Rewards Disc: 0.56, Rewards Eval: 3111.01, Total Timesteps: 14116600 episode:234 

Rewards Tr: 2672.34, Rewards Val: 2615.51, Rewards Disc: 0.63, Rewards Eval: 2621.84, Total Timesteps: 14216600 episode:235 

Rewards Tr: 2331.77, Rewards Val: 2609.65, Rewards Disc: 0.75, Rewards Eval: 2867.40, Total Timesteps: 14316600 episode:236 

Rewards Tr: 2387.15, Rewards Val: 2616.19, Rewards Disc: 0.77, Rewards Eval: 3162.36, Total Timesteps: 14416600 episode:237 

Rewards Tr: 2446.65, Rewards Val: 2685.64, Rewards Disc: 0.74, Rewards Eval: 2883.78, Total Timesteps: 14516600 episode:238 

Rewards Tr: 2575.09, Rewards Val: 2631.98, Rewards Disc: 0.70, Rewards Eval: 3155.90, Total Timesteps: 14616600 episode:239 

Rewards Tr: 2719.19, Rewards Val: 2812.17, Rewards Disc: 0.58, Rewards Eval: 3047.50, Total Timesteps: 14716600 episode:240 

Rewards Tr: 2652.77, Rewards Val: 2927.23, Rewards Disc: 0.58, Rewards Eval: 3093.85, Total Timesteps: 14816600 episode:241 

Rewards Tr: 2888.72, Rewards Val: 2601.03, Rewards Disc: 0.67, Rewards Eval: 3169.17, Total Timesteps: 14916600 episode:242 

Rewards Tr: 2614.18, Rewards Val: 2453.29, Rewards Disc: 0.67, Rewards Eval: 3205.14, Total Timesteps: 15016600 episode:243 

Rewards Tr: 2757.53, Rewards Val: 2698.10, Rewards Disc: 0.71, Rewards Eval: 3119.47, Total Timesteps: 15116600 episode:244 

Rewards Tr: 2636.46, Rewards Val: 2828.38, Rewards Disc: 0.67, Rewards Eval: 3164.90, Total Timesteps: 15216600 episode:245 

Rewards Tr: 2561.99, Rewards Val: 2833.51, Rewards Disc: 0.64, Rewards Eval: 2658.46, Total Timesteps: 15316600 episode:246 

Rewards Tr: 2494.54, Rewards Val: 2609.53, Rewards Disc: 0.72, Rewards Eval: 3137.59, Total Timesteps: 15416600 episode:247 

Rewards Tr: 2415.41, Rewards Val: 2285.51, Rewards Disc: 0.76, Rewards Eval: 1999.30, Total Timesteps: 15516600 episode:248 

Rewards Tr: 2366.78, Rewards Val: 2819.70, Rewards Disc: 0.71, Rewards Eval: 3089.58, Total Timesteps: 15616600 episode:249 

Elapsed Time: 1714.5 minutes 

For Seed: 2 

Rewards Tr: 6.35, Rewards Val: 6.50, Rewards Disc: 0.58, Rewards Eval: 0.00, Total Timesteps: 1480 episode:0 

Rewards Tr: 6.36, Rewards Val: 6.65, Rewards Disc: 0.54, Rewards Eval: 0.00, Total Timesteps: 3010 episode:1 

Rewards Tr: 8.56, Rewards Val: 6.93, Rewards Disc: 0.44, Rewards Eval: 0.00, Total Timesteps: 4670 episode:2 

Rewards Tr: 8.88, Rewards Val: 9.68, Rewards Disc: 0.27, Rewards Eval: 0.00, Total Timesteps: 6350 episode:3 

Rewards Tr: 11.48, Rewards Val: 10.35, Rewards Disc: 0.37, Rewards Eval: 0.00, Total Timesteps: 8600 episode:4 

Rewards Tr: 13.08, Rewards Val: 16.21, Rewards Disc: 0.15, Rewards Eval: 0.00, Total Timesteps: 11310 episode:5 

Rewards Tr: 14.36, Rewards Val: 16.56, Rewards Disc: 0.23, Rewards Eval: 0.00, Total Timesteps: 14360 episode:6 

Rewards Tr: 22.93, Rewards Val: 27.13, Rewards Disc: 0.44, Rewards Eval: 0.00, Total Timesteps: 18050 episode:7 

Rewards Tr: 26.15, Rewards Val: 29.72, Rewards Disc: 0.56, Rewards Eval: 0.00, Total Timesteps: 22040 episode:8 

Rewards Tr: 27.99, Rewards Val: 29.73, Rewards Disc: 0.57, Rewards Eval: 0.00, Total Timesteps: 25660 episode:9 

Rewards Tr: 36.04, Rewards Val: 33.89, Rewards Disc: 0.59, Rewards Eval: 0.00, Total Timesteps: 29750 episode:10 

Rewards Tr: 42.68, Rewards Val: 47.01, Rewards Disc: 0.47, Rewards Eval: 0.00, Total Timesteps: 34630 episode:11 

Rewards Tr: 47.75, Rewards Val: 42.65, Rewards Disc: 0.49, Rewards Eval: 76.39, Total Timesteps: 39360 episode:12 

Rewards Tr: 52.39, Rewards Val: 53.45, Rewards Disc: 0.52, Rewards Eval: 76.39, Total Timesteps: 44760 episode:13 

Rewards Tr: 60.86, Rewards Val: 61.13, Rewards Disc: 0.50, Rewards Eval: 76.39, Total Timesteps: 50540 episode:14 

Rewards Tr: 69.70, Rewards Val: 72.55, Rewards Disc: 0.51, Rewards Eval: 76.39, Total Timesteps: 56840 episode:15 

Rewards Tr: 80.00, Rewards Val: 79.89, Rewards Disc: 0.49, Rewards Eval: 76.39, Total Timesteps: 63380 episode:16 

Rewards Tr: 85.00, Rewards Val: 81.20, Rewards Disc: 0.47, Rewards Eval: 95.93, Total Timesteps: 69790 episode:17 

Rewards Tr: 89.76, Rewards Val: 95.78, Rewards Disc: 0.55, Rewards Eval: 95.93, Total Timesteps: 76680 episode:18 

Rewards Tr: 95.29, Rewards Val: 96.10, Rewards Disc: 0.49, Rewards Eval: 95.93, Total Timesteps: 83550 episode:19 

Rewards Tr: 111.79, Rewards Val: 101.07, Rewards Disc: 0.48, Rewards Eval: 95.93, Total Timesteps: 90350 episode:20 

Rewards Tr: 111.15, Rewards Val: 109.51, Rewards Disc: 0.46, Rewards Eval: 123.37, Total Timesteps: 97530 episode:21 

Rewards Tr: 107.54, Rewards Val: 108.84, Rewards Disc: 0.50, Rewards Eval: 123.37, Total Timesteps: 104470 episode:22 

Rewards Tr: 114.40, Rewards Val: 114.81, Rewards Disc: 0.53, Rewards Eval: 123.37, Total Timesteps: 111480 episode:23 

Rewards Tr: 114.10, Rewards Val: 119.00, Rewards Disc: 0.51, Rewards Eval: 123.37, Total Timesteps: 118480 episode:24 

Rewards Tr: 118.94, Rewards Val: 122.25, Rewards Disc: 0.51, Rewards Eval: 108.79, Total Timesteps: 125420 episode:25 

Rewards Tr: 117.94, Rewards Val: 119.49, Rewards Disc: 0.49, Rewards Eval: 108.79, Total Timesteps: 132410 episode:26 

Rewards Tr: 124.42, Rewards Val: 126.28, Rewards Disc: 0.50, Rewards Eval: 108.79, Total Timesteps: 139620 episode:27 

Rewards Tr: 130.31, Rewards Val: 126.25, Rewards Disc: 0.51, Rewards Eval: 131.01, Total Timesteps: 146690 episode:28 

Rewards Tr: 132.20, Rewards Val: 127.71, Rewards Disc: 0.48, Rewards Eval: 131.01, Total Timesteps: 153940 episode:29 

Rewards Tr: 132.97, Rewards Val: 130.86, Rewards Disc: 0.49, Rewards Eval: 131.01, Total Timesteps: 161080 episode:30 

Rewards Tr: 131.30, Rewards Val: 132.14, Rewards Disc: 0.50, Rewards Eval: 140.66, Total Timesteps: 168290 episode:31 

Rewards Tr: 134.55, Rewards Val: 135.34, Rewards Disc: 0.51, Rewards Eval: 140.66, Total Timesteps: 175440 episode:32 

Rewards Tr: 136.41, Rewards Val: 136.13, Rewards Disc: 0.47, Rewards Eval: 140.66, Total Timesteps: 182620 episode:33 

Rewards Tr: 138.97, Rewards Val: 133.83, Rewards Disc: 0.49, Rewards Eval: 141.48, Total Timesteps: 189810 episode:34 

Rewards Tr: 138.76, Rewards Val: 141.28, Rewards Disc: 0.55, Rewards Eval: 141.48, Total Timesteps: 197050 episode:35 

Rewards Tr: 134.11, Rewards Val: 133.21, Rewards Disc: 0.51, Rewards Eval: 141.48, Total Timesteps: 204400 episode:36 

Rewards Tr: 140.40, Rewards Val: 134.19, Rewards Disc: 0.54, Rewards Eval: 135.89, Total Timesteps: 211830 episode:37 

Rewards Tr: 143.01, Rewards Val: 142.82, Rewards Disc: 0.49, Rewards Eval: 135.89, Total Timesteps: 219200 episode:38 

Rewards Tr: 147.06, Rewards Val: 149.55, Rewards Disc: 0.50, Rewards Eval: 135.89, Total Timesteps: 226730 episode:39 

Rewards Tr: 156.57, Rewards Val: 150.42, Rewards Disc: 0.51, Rewards Eval: 157.25, Total Timesteps: 234320 episode:40 

Rewards Tr: 154.98, Rewards Val: 157.10, Rewards Disc: 0.47, Rewards Eval: 157.25, Total Timesteps: 241880 episode:41 

Rewards Tr: 157.14, Rewards Val: 159.25, Rewards Disc: 0.57, Rewards Eval: 140.74, Total Timesteps: 249540 episode:42 

Rewards Tr: 160.90, Rewards Val: 156.27, Rewards Disc: 0.53, Rewards Eval: 140.74, Total Timesteps: 257200 episode:43 

Rewards Tr: 155.60, Rewards Val: 156.73, Rewards Disc: 0.46, Rewards Eval: 140.74, Total Timesteps: 264840 episode:44 

Rewards Tr: 157.26, Rewards Val: 157.76, Rewards Disc: 0.45, Rewards Eval: 164.14, Total Timesteps: 272480 episode:45 

Rewards Tr: 163.21, Rewards Val: 164.95, Rewards Disc: 0.49, Rewards Eval: 164.14, Total Timesteps: 280210 episode:46 

Rewards Tr: 163.75, Rewards Val: 164.46, Rewards Disc: 0.45, Rewards Eval: 164.14, Total Timesteps: 287880 episode:47 

Rewards Tr: 168.87, Rewards Val: 168.32, Rewards Disc: 0.53, Rewards Eval: 173.40, Total Timesteps: 295680 episode:48 

Rewards Tr: 171.75, Rewards Val: 170.38, Rewards Disc: 0.48, Rewards Eval: 173.40, Total Timesteps: 303440 episode:49 

Rewards Tr: 173.02, Rewards Val: 170.35, Rewards Disc: 0.54, Rewards Eval: 173.40, Total Timesteps: 311270 episode:50 

Rewards Tr: 173.59, Rewards Val: 173.56, Rewards Disc: 0.51, Rewards Eval: 178.72, Total Timesteps: 319210 episode:51 

Rewards Tr: 169.69, Rewards Val: 176.01, Rewards Disc: 0.43, Rewards Eval: 178.72, Total Timesteps: 327180 episode:52 

Rewards Tr: 177.64, Rewards Val: 177.69, Rewards Disc: 0.49, Rewards Eval: 180.47, Total Timesteps: 335190 episode:53 

Rewards Tr: 177.05, Rewards Val: 176.78, Rewards Disc: 0.46, Rewards Eval: 180.47, Total Timesteps: 343240 episode:54 

Rewards Tr: 176.21, Rewards Val: 180.43, Rewards Disc: 0.47, Rewards Eval: 180.47, Total Timesteps: 351290 episode:55 

Rewards Tr: 176.42, Rewards Val: 176.68, Rewards Disc: 0.54, Rewards Eval: 175.24, Total Timesteps: 359310 episode:56 

Rewards Tr: 179.84, Rewards Val: 178.24, Rewards Disc: 0.51, Rewards Eval: 175.24, Total Timesteps: 367320 episode:57 

Rewards Tr: 180.35, Rewards Val: 180.17, Rewards Disc: 0.50, Rewards Eval: 180.49, Total Timesteps: 375350 episode:58 

Rewards Tr: 181.14, Rewards Val: 180.14, Rewards Disc: 0.52, Rewards Eval: 180.49, Total Timesteps: 383360 episode:59 

Rewards Tr: 181.26, Rewards Val: 180.44, Rewards Disc: 0.52, Rewards Eval: 180.49, Total Timesteps: 391420 episode:60 

Rewards Tr: 181.01, Rewards Val: 180.92, Rewards Disc: 0.51, Rewards Eval: 182.62, Total Timesteps: 399480 episode:61 

Rewards Tr: 181.87, Rewards Val: 182.19, Rewards Disc: 0.51, Rewards Eval: 182.62, Total Timesteps: 407560 episode:62 

Rewards Tr: 180.86, Rewards Val: 181.98, Rewards Disc: 0.48, Rewards Eval: 181.29, Total Timesteps: 415610 episode:63 

Rewards Tr: 181.94, Rewards Val: 181.78, Rewards Disc: 0.48, Rewards Eval: 181.29, Total Timesteps: 423680 episode:64 

Rewards Tr: 182.28, Rewards Val: 182.37, Rewards Disc: 0.48, Rewards Eval: 181.29, Total Timesteps: 431750 episode:65 

Rewards Tr: 182.97, Rewards Val: 182.00, Rewards Disc: 0.51, Rewards Eval: 183.18, Total Timesteps: 439890 episode:66 

Rewards Tr: 182.59, Rewards Val: 183.13, Rewards Disc: 0.45, Rewards Eval: 183.18, Total Timesteps: 447990 episode:67 

Rewards Tr: 182.85, Rewards Val: 182.98, Rewards Disc: 0.43, Rewards Eval: 185.22, Total Timesteps: 456130 episode:68 

Rewards Tr: 183.20, Rewards Val: 183.05, Rewards Disc: 0.49, Rewards Eval: 185.22, Total Timesteps: 464220 episode:69 

Rewards Tr: 183.85, Rewards Val: 182.89, Rewards Disc: 0.45, Rewards Eval: 185.22, Total Timesteps: 472340 episode:70 

Rewards Tr: 183.09, Rewards Val: 183.34, Rewards Disc: 0.49, Rewards Eval: 185.98, Total Timesteps: 480450 episode:71 

Rewards Tr: 183.40, Rewards Val: 184.08, Rewards Disc: 0.46, Rewards Eval: 185.98, Total Timesteps: 488650 episode:72 

Rewards Tr: 184.23, Rewards Val: 183.41, Rewards Disc: 0.45, Rewards Eval: 183.87, Total Timesteps: 496760 episode:73 

Rewards Tr: 184.23, Rewards Val: 183.83, Rewards Disc: 0.45, Rewards Eval: 183.87, Total Timesteps: 504890 episode:74 

Rewards Tr: 184.04, Rewards Val: 184.22, Rewards Disc: 0.50, Rewards Eval: 183.87, Total Timesteps: 513020 episode:75 

Rewards Tr: 184.48, Rewards Val: 184.73, Rewards Disc: 0.49, Rewards Eval: 185.96, Total Timesteps: 521200 episode:76 

Rewards Tr: 184.37, Rewards Val: 184.49, Rewards Disc: 0.47, Rewards Eval: 185.96, Total Timesteps: 529390 episode:77 

Rewards Tr: 184.03, Rewards Val: 184.66, Rewards Disc: 0.48, Rewards Eval: 184.42, Total Timesteps: 537570 episode:78 

Rewards Tr: 184.36, Rewards Val: 184.45, Rewards Disc: 0.50, Rewards Eval: 184.42, Total Timesteps: 545730 episode:79 

Rewards Tr: 184.25, Rewards Val: 184.11, Rewards Disc: 0.53, Rewards Eval: 184.42, Total Timesteps: 553900 episode:80 

Rewards Tr: 184.40, Rewards Val: 184.55, Rewards Disc: 0.51, Rewards Eval: 182.31, Total Timesteps: 562040 episode:81 

Rewards Tr: 184.38, Rewards Val: 185.17, Rewards Disc: 0.48, Rewards Eval: 182.31, Total Timesteps: 570200 episode:82 

Rewards Tr: 184.42, Rewards Val: 184.11, Rewards Disc: 0.46, Rewards Eval: 183.36, Total Timesteps: 578380 episode:83 

Rewards Tr: 185.15, Rewards Val: 184.72, Rewards Disc: 0.46, Rewards Eval: 183.36, Total Timesteps: 586540 episode:84 

Rewards Tr: 184.25, Rewards Val: 185.04, Rewards Disc: 0.48, Rewards Eval: 183.36, Total Timesteps: 594670 episode:85 

Rewards Tr: 182.27, Rewards Val: 184.43, Rewards Disc: 0.46, Rewards Eval: 184.36, Total Timesteps: 602840 episode:86 

Rewards Tr: 185.04, Rewards Val: 185.35, Rewards Disc: 0.55, Rewards Eval: 184.36, Total Timesteps: 611010 episode:87 

Rewards Tr: 185.25, Rewards Val: 185.41, Rewards Disc: 0.54, Rewards Eval: 185.24, Total Timesteps: 619150 episode:88 

Rewards Tr: 185.48, Rewards Val: 184.61, Rewards Disc: 0.49, Rewards Eval: 185.24, Total Timesteps: 627320 episode:89 

Rewards Tr: 184.90, Rewards Val: 184.94, Rewards Disc: 0.50, Rewards Eval: 185.24, Total Timesteps: 635450 episode:90 

Rewards Tr: 185.32, Rewards Val: 185.58, Rewards Disc: 0.46, Rewards Eval: 184.33, Total Timesteps: 643640 episode:91 

Rewards Tr: 184.43, Rewards Val: 179.34, Rewards Disc: 0.52, Rewards Eval: 184.33, Total Timesteps: 651780 episode:92 

Rewards Tr: 185.23, Rewards Val: 184.93, Rewards Disc: 0.52, Rewards Eval: 186.89, Total Timesteps: 659930 episode:93 

Rewards Tr: 185.13, Rewards Val: 185.29, Rewards Disc: 0.53, Rewards Eval: 186.89, Total Timesteps: 668080 episode:94 

Rewards Tr: 185.71, Rewards Val: 185.30, Rewards Disc: 0.49, Rewards Eval: 186.89, Total Timesteps: 676260 episode:95 

Rewards Tr: 185.19, Rewards Val: 185.33, Rewards Disc: 0.44, Rewards Eval: 183.08, Total Timesteps: 684460 episode:96 

Rewards Tr: 184.37, Rewards Val: 185.85, Rewards Disc: 0.51, Rewards Eval: 183.08, Total Timesteps: 692670 episode:97 

Rewards Tr: 185.29, Rewards Val: 185.31, Rewards Disc: 0.53, Rewards Eval: 185.45, Total Timesteps: 700880 episode:98 

Rewards Tr: 185.41, Rewards Val: 185.22, Rewards Disc: 0.48, Rewards Eval: 185.45, Total Timesteps: 709070 episode:99 

Rewards Tr: 185.75, Rewards Val: 185.39, Rewards Disc: 0.52, Rewards Eval: 185.45, Total Timesteps: 717280 episode:100 

Rewards Tr: 185.67, Rewards Val: 185.48, Rewards Disc: 0.46, Rewards Eval: 185.72, Total Timesteps: 725500 episode:101 

Rewards Tr: 184.97, Rewards Val: 185.96, Rewards Disc: 0.50, Rewards Eval: 185.72, Total Timesteps: 733730 episode:102 

Rewards Tr: 185.65, Rewards Val: 185.34, Rewards Disc: 0.57, Rewards Eval: 186.30, Total Timesteps: 741940 episode:103 

Rewards Tr: 186.12, Rewards Val: 185.87, Rewards Disc: 0.52, Rewards Eval: 186.30, Total Timesteps: 750140 episode:104 

Rewards Tr: 185.90, Rewards Val: 186.39, Rewards Disc: 0.43, Rewards Eval: 186.30, Total Timesteps: 758370 episode:105 

Rewards Tr: 186.92, Rewards Val: 183.57, Rewards Disc: 0.50, Rewards Eval: 186.01, Total Timesteps: 766610 episode:106 

Rewards Tr: 186.73, Rewards Val: 186.11, Rewards Disc: 0.54, Rewards Eval: 186.01, Total Timesteps: 774830 episode:107 

Rewards Tr: 186.82, Rewards Val: 186.53, Rewards Disc: 0.51, Rewards Eval: 188.38, Total Timesteps: 783110 episode:108 

Rewards Tr: 186.34, Rewards Val: 186.82, Rewards Disc: 0.50, Rewards Eval: 188.38, Total Timesteps: 791370 episode:109 

Rewards Tr: 186.53, Rewards Val: 187.05, Rewards Disc: 0.50, Rewards Eval: 188.38, Total Timesteps: 799670 episode:110 

Rewards Tr: 186.34, Rewards Val: 187.04, Rewards Disc: 0.50, Rewards Eval: 191.68, Total Timesteps: 808000 episode:111 

Rewards Tr: 187.12, Rewards Val: 186.94, Rewards Disc: 0.49, Rewards Eval: 191.68, Total Timesteps: 816360 episode:112 

Rewards Tr: 186.65, Rewards Val: 187.18, Rewards Disc: 0.46, Rewards Eval: 186.47, Total Timesteps: 824640 episode:113 

Rewards Tr: 186.58, Rewards Val: 187.64, Rewards Disc: 0.51, Rewards Eval: 186.47, Total Timesteps: 832940 episode:114 

Rewards Tr: 185.82, Rewards Val: 185.87, Rewards Disc: 0.49, Rewards Eval: 186.47, Total Timesteps: 841270 episode:115 

Rewards Tr: 186.45, Rewards Val: 186.81, Rewards Disc: 0.50, Rewards Eval: 188.53, Total Timesteps: 849600 episode:116 

Rewards Tr: 187.11, Rewards Val: 187.65, Rewards Disc: 0.51, Rewards Eval: 188.53, Total Timesteps: 857940 episode:117 

Rewards Tr: 187.47, Rewards Val: 187.94, Rewards Disc: 0.50, Rewards Eval: 189.08, Total Timesteps: 866360 episode:118 

Rewards Tr: 188.96, Rewards Val: 187.80, Rewards Disc: 0.51, Rewards Eval: 189.08, Total Timesteps: 874860 episode:119 

Rewards Tr: 188.34, Rewards Val: 189.42, Rewards Disc: 0.52, Rewards Eval: 185.21, Total Timesteps: 883360 episode:120 

Rewards Tr: 191.51, Rewards Val: 190.56, Rewards Disc: 0.49, Rewards Eval: 185.21, Total Timesteps: 892110 episode:121 

Rewards Tr: 192.60, Rewards Val: 193.19, Rewards Disc: 0.50, Rewards Eval: 185.21, Total Timesteps: 900990 episode:122 

Rewards Tr: 197.15, Rewards Val: 197.12, Rewards Disc: 0.51, Rewards Eval: 199.62, Total Timesteps: 910020 episode:123 

Rewards Tr: 203.92, Rewards Val: 201.19, Rewards Disc: 0.51, Rewards Eval: 199.62, Total Timesteps: 919200 episode:124 

Rewards Tr: 207.21, Rewards Val: 204.47, Rewards Disc: 0.52, Rewards Eval: 211.47, Total Timesteps: 928520 episode:125 

Rewards Tr: 210.74, Rewards Val: 210.60, Rewards Disc: 0.50, Rewards Eval: 211.47, Total Timesteps: 937910 episode:126 

Rewards Tr: 214.63, Rewards Val: 212.13, Rewards Disc: 0.50, Rewards Eval: 218.13, Total Timesteps: 947430 episode:127 

Rewards Tr: 215.85, Rewards Val: 215.58, Rewards Disc: 0.49, Rewards Eval: 218.13, Total Timesteps: 957050 episode:128 

Rewards Tr: 211.52, Rewards Val: 218.53, Rewards Disc: 0.46, Rewards Eval: 218.13, Total Timesteps: 966780 episode:129 

Rewards Tr: 219.92, Rewards Val: 219.22, Rewards Disc: 0.51, Rewards Eval: 230.75, Total Timesteps: 976660 episode:130 

Rewards Tr: 226.14, Rewards Val: 220.51, Rewards Disc: 0.50, Rewards Eval: 230.75, Total Timesteps: 986580 episode:131 

Rewards Tr: 224.29, Rewards Val: 227.10, Rewards Disc: 0.46, Rewards Eval: 233.40, Total Timesteps: 996580 episode:132 

Rewards Tr: 228.49, Rewards Val: 226.39, Rewards Disc: 0.52, Rewards Eval: 233.40, Total Timesteps: 1006460 episode:133 

Rewards Tr: 230.29, Rewards Val: 232.20, Rewards Disc: 0.49, Rewards Eval: 234.42, Total Timesteps: 1016530 episode:134 

Rewards Tr: 237.45, Rewards Val: 236.49, Rewards Disc: 0.45, Rewards Eval: 234.42, Total Timesteps: 1026660 episode:135 

Rewards Tr: 248.70, Rewards Val: 249.91, Rewards Disc: 0.51, Rewards Eval: 230.63, Total Timesteps: 1037000 episode:136 

Rewards Tr: 250.58, Rewards Val: 244.12, Rewards Disc: 0.49, Rewards Eval: 230.63, Total Timesteps: 1047520 episode:137 

Rewards Tr: 252.84, Rewards Val: 251.09, Rewards Disc: 0.45, Rewards Eval: 274.41, Total Timesteps: 1057920 episode:138 

Rewards Tr: 250.19, Rewards Val: 255.69, Rewards Disc: 0.53, Rewards Eval: 274.41, Total Timesteps: 1068420 episode:139 

Rewards Tr: 265.89, Rewards Val: 256.66, Rewards Disc: 0.52, Rewards Eval: 239.94, Total Timesteps: 1079030 episode:140 

Rewards Tr: 263.93, Rewards Val: 256.47, Rewards Disc: 0.50, Rewards Eval: 239.94, Total Timesteps: 1089780 episode:141 

Rewards Tr: 261.25, Rewards Val: 263.10, Rewards Disc: 0.49, Rewards Eval: 283.63, Total Timesteps: 1100410 episode:142 

Rewards Tr: 269.34, Rewards Val: 261.10, Rewards Disc: 0.50, Rewards Eval: 283.63, Total Timesteps: 1111130 episode:143 

Rewards Tr: 268.34, Rewards Val: 266.65, Rewards Disc: 0.50, Rewards Eval: 231.27, Total Timesteps: 1121860 episode:144 

Rewards Tr: 269.55, Rewards Val: 270.56, Rewards Disc: 0.51, Rewards Eval: 231.27, Total Timesteps: 1132630 episode:145 

Rewards Tr: 273.40, Rewards Val: 276.48, Rewards Disc: 0.53, Rewards Eval: 283.16, Total Timesteps: 1143430 episode:146 

Rewards Tr: 278.77, Rewards Val: 280.02, Rewards Disc: 0.51, Rewards Eval: 283.16, Total Timesteps: 1154340 episode:147 

Rewards Tr: 270.38, Rewards Val: 272.56, Rewards Disc: 0.47, Rewards Eval: 291.94, Total Timesteps: 1165400 episode:148 

Rewards Tr: 279.27, Rewards Val: 276.42, Rewards Disc: 0.51, Rewards Eval: 291.94, Total Timesteps: 1176430 episode:149 

Rewards Tr: 280.63, Rewards Val: 278.12, Rewards Disc: 0.49, Rewards Eval: 298.29, Total Timesteps: 1187450 episode:150 

Rewards Tr: 285.06, Rewards Val: 282.55, Rewards Disc: 0.50, Rewards Eval: 298.29, Total Timesteps: 1198410 episode:151 

Rewards Tr: 287.92, Rewards Val: 284.66, Rewards Disc: 0.45, Rewards Eval: 278.50, Total Timesteps: 1209420 episode:152 

Rewards Tr: 287.56, Rewards Val: 286.43, Rewards Disc: 0.51, Rewards Eval: 278.50, Total Timesteps: 1220340 episode:153 

Rewards Tr: 291.97, Rewards Val: 290.06, Rewards Disc: 0.51, Rewards Eval: 301.64, Total Timesteps: 1231370 episode:154 

Rewards Tr: 292.54, Rewards Val: 293.57, Rewards Disc: 0.48, Rewards Eval: 309.93, Total Timesteps: 1242490 episode:155 

Rewards Tr: 290.11, Rewards Val: 290.54, Rewards Disc: 0.48, Rewards Eval: 309.93, Total Timesteps: 1253610 episode:156 

Rewards Tr: 290.61, Rewards Val: 288.46, Rewards Disc: 0.50, Rewards Eval: 300.10, Total Timesteps: 1264760 episode:157 

Rewards Tr: 295.51, Rewards Val: 298.97, Rewards Disc: 0.51, Rewards Eval: 300.10, Total Timesteps: 1275890 episode:158 

Rewards Tr: 284.91, Rewards Val: 288.52, Rewards Disc: 0.48, Rewards Eval: 301.05, Total Timesteps: 1287170 episode:159 

Rewards Tr: 294.06, Rewards Val: 285.32, Rewards Disc: 0.47, Rewards Eval: 301.05, Total Timesteps: 1298440 episode:160 

Rewards Tr: 295.20, Rewards Val: 290.22, Rewards Disc: 0.46, Rewards Eval: 297.03, Total Timesteps: 1309600 episode:161 

Rewards Tr: 292.12, Rewards Val: 294.71, Rewards Disc: 0.52, Rewards Eval: 297.03, Total Timesteps: 1320710 episode:162 

Rewards Tr: 298.47, Rewards Val: 297.28, Rewards Disc: 0.50, Rewards Eval: 268.52, Total Timesteps: 1331870 episode:163 

Rewards Tr: 298.78, Rewards Val: 297.32, Rewards Disc: 0.48, Rewards Eval: 268.52, Total Timesteps: 1343090 episode:164 

Rewards Tr: 295.88, Rewards Val: 299.32, Rewards Disc: 0.49, Rewards Eval: 312.43, Total Timesteps: 1354440 episode:165 

Rewards Tr: 298.82, Rewards Val: 299.16, Rewards Disc: 0.45, Rewards Eval: 312.43, Total Timesteps: 1365790 episode:166 

Rewards Tr: 301.84, Rewards Val: 303.47, Rewards Disc: 0.45, Rewards Eval: 267.98, Total Timesteps: 1377150 episode:167 

Rewards Tr: 304.64, Rewards Val: 301.02, Rewards Disc: 0.48, Rewards Eval: 311.41, Total Timesteps: 1388670 episode:168 

Rewards Tr: 308.31, Rewards Val: 302.37, Rewards Disc: 0.49, Rewards Eval: 311.41, Total Timesteps: 1400150 episode:169 

Rewards Tr: 306.55, Rewards Val: 307.63, Rewards Disc: 0.49, Rewards Eval: 308.53, Total Timesteps: 1411580 episode:170 

Rewards Tr: 305.49, Rewards Val: 301.07, Rewards Disc: 0.48, Rewards Eval: 308.53, Total Timesteps: 1422930 episode:171 

Rewards Tr: 303.43, Rewards Val: 304.33, Rewards Disc: 0.51, Rewards Eval: 311.02, Total Timesteps: 1434300 episode:172 

Rewards Tr: 307.05, Rewards Val: 301.68, Rewards Disc: 0.53, Rewards Eval: 311.02, Total Timesteps: 1445740 episode:173 

Rewards Tr: 309.18, Rewards Val: 311.15, Rewards Disc: 0.55, Rewards Eval: 310.38, Total Timesteps: 1457180 episode:174 

Rewards Tr: 307.27, Rewards Val: 311.93, Rewards Disc: 0.50, Rewards Eval: 310.38, Total Timesteps: 1468710 episode:175 

Rewards Tr: 301.79, Rewards Val: 305.65, Rewards Disc: 0.50, Rewards Eval: 305.97, Total Timesteps: 1480250 episode:176 

Rewards Tr: 307.05, Rewards Val: 310.34, Rewards Disc: 0.51, Rewards Eval: 308.57, Total Timesteps: 1491780 episode:177 

Rewards Tr: 307.63, Rewards Val: 307.68, Rewards Disc: 0.56, Rewards Eval: 308.57, Total Timesteps: 1503330 episode:178 

Rewards Tr: 306.91, Rewards Val: 304.50, Rewards Disc: 0.52, Rewards Eval: 312.44, Total Timesteps: 1514830 episode:179 

Rewards Tr: 310.10, Rewards Val: 309.27, Rewards Disc: 0.55, Rewards Eval: 312.44, Total Timesteps: 1526390 episode:180 

Rewards Tr: 307.31, Rewards Val: 310.02, Rewards Disc: 0.54, Rewards Eval: 279.86, Total Timesteps: 1538000 episode:181 

Rewards Tr: 314.65, Rewards Val: 311.64, Rewards Disc: 0.51, Rewards Eval: 279.86, Total Timesteps: 1549710 episode:182 

Rewards Tr: 311.06, Rewards Val: 313.20, Rewards Disc: 0.56, Rewards Eval: 324.49, Total Timesteps: 1561460 episode:183 

Rewards Tr: 317.94, Rewards Val: 313.14, Rewards Disc: 0.54, Rewards Eval: 324.49, Total Timesteps: 1573370 episode:184 

Rewards Tr: 298.33, Rewards Val: 310.59, Rewards Disc: 0.55, Rewards Eval: 318.38, Total Timesteps: 1585290 episode:185 

Rewards Tr: 315.99, Rewards Val: 304.56, Rewards Disc: 0.48, Rewards Eval: 275.21, Total Timesteps: 1597080 episode:186 

Rewards Tr: 313.35, Rewards Val: 312.32, Rewards Disc: 0.46, Rewards Eval: 275.21, Total Timesteps: 1608790 episode:187 

Rewards Tr: 316.31, Rewards Val: 310.40, Rewards Disc: 0.46, Rewards Eval: 324.68, Total Timesteps: 1620750 episode:188 

Rewards Tr: 315.35, Rewards Val: 314.19, Rewards Disc: 0.51, Rewards Eval: 324.68, Total Timesteps: 1632490 episode:189 

Rewards Tr: 310.75, Rewards Val: 312.77, Rewards Disc: 0.53, Rewards Eval: 313.93, Total Timesteps: 1644300 episode:190 

Rewards Tr: 315.36, Rewards Val: 317.90, Rewards Disc: 0.51, Rewards Eval: 313.93, Total Timesteps: 1656080 episode:191 

Rewards Tr: 313.05, Rewards Val: 310.63, Rewards Disc: 0.54, Rewards Eval: 319.22, Total Timesteps: 1667910 episode:192 

Rewards Tr: 318.58, Rewards Val: 313.04, Rewards Disc: 0.51, Rewards Eval: 314.51, Total Timesteps: 1679810 episode:193 

Rewards Tr: 314.90, Rewards Val: 317.67, Rewards Disc: 0.50, Rewards Eval: 314.51, Total Timesteps: 1691750 episode:194 

Rewards Tr: 315.72, Rewards Val: 316.97, Rewards Disc: 0.50, Rewards Eval: 319.75, Total Timesteps: 1703850 episode:195 

Rewards Tr: 310.92, Rewards Val: 317.99, Rewards Disc: 0.50, Rewards Eval: 319.75, Total Timesteps: 1716380 episode:196 

Rewards Tr: 315.41, Rewards Val: 300.77, Rewards Disc: 0.49, Rewards Eval: 322.79, Total Timesteps: 1728590 episode:197 

Rewards Tr: 308.11, Rewards Val: 317.12, Rewards Disc: 0.47, Rewards Eval: 322.79, Total Timesteps: 1740340 episode:198 

Rewards Tr: 311.22, Rewards Val: 312.39, Rewards Disc: 0.51, Rewards Eval: 323.61, Total Timesteps: 1752290 episode:199 

Rewards Tr: 314.06, Rewards Val: 317.33, Rewards Disc: 0.49, Rewards Eval: 323.61, Total Timesteps: 1764450 episode:200 

Rewards Tr: 317.68, Rewards Val: 318.77, Rewards Disc: 0.48, Rewards Eval: 322.14, Total Timesteps: 1776520 episode:201 

Rewards Tr: 321.54, Rewards Val: 314.09, Rewards Disc: 0.52, Rewards Eval: 324.95, Total Timesteps: 1788710 episode:202 

Rewards Tr: 317.33, Rewards Val: 312.56, Rewards Disc: 0.51, Rewards Eval: 324.95, Total Timesteps: 1800890 episode:203 

Rewards Tr: 314.02, Rewards Val: 325.37, Rewards Disc: 0.50, Rewards Eval: 304.94, Total Timesteps: 1813300 episode:204 

Rewards Tr: 328.45, Rewards Val: 330.51, Rewards Disc: 0.49, Rewards Eval: 304.94, Total Timesteps: 1826120 episode:205 

Rewards Tr: 323.07, Rewards Val: 322.57, Rewards Disc: 0.49, Rewards Eval: 323.37, Total Timesteps: 1839250 episode:206 

Rewards Tr: 324.27, Rewards Val: 319.91, Rewards Disc: 0.52, Rewards Eval: 348.58, Total Timesteps: 1852340 episode:207 

Rewards Tr: 321.15, Rewards Val: 324.08, Rewards Disc: 0.49, Rewards Eval: 348.58, Total Timesteps: 1865280 episode:208 

Rewards Tr: 344.52, Rewards Val: 336.20, Rewards Disc: 0.51, Rewards Eval: 353.37, Total Timesteps: 1878560 episode:209 

Rewards Tr: 337.13, Rewards Val: 328.31, Rewards Disc: 0.51, Rewards Eval: 353.37, Total Timesteps: 1891840 episode:210 

Rewards Tr: 338.98, Rewards Val: 333.92, Rewards Disc: 0.54, Rewards Eval: 353.30, Total Timesteps: 1905090 episode:211 

Rewards Tr: 339.71, Rewards Val: 341.62, Rewards Disc: 0.53, Rewards Eval: 349.73, Total Timesteps: 1918500 episode:212 

Rewards Tr: 337.45, Rewards Val: 319.82, Rewards Disc: 0.50, Rewards Eval: 349.73, Total Timesteps: 1931850 episode:213 

Rewards Tr: 341.09, Rewards Val: 330.04, Rewards Disc: 0.50, Rewards Eval: 373.00, Total Timesteps: 1945270 episode:214 

Rewards Tr: 340.38, Rewards Val: 345.71, Rewards Disc: 0.49, Rewards Eval: 373.00, Total Timesteps: 1958700 episode:215 

Rewards Tr: 342.58, Rewards Val: 333.97, Rewards Disc: 0.47, Rewards Eval: 377.11, Total Timesteps: 1972230 episode:216 

Rewards Tr: 339.43, Rewards Val: 345.81, Rewards Disc: 0.47, Rewards Eval: 367.73, Total Timesteps: 1985570 episode:217 

Rewards Tr: 345.39, Rewards Val: 346.73, Rewards Disc: 0.52, Rewards Eval: 367.73, Total Timesteps: 1999020 episode:218 

Rewards Tr: 331.39, Rewards Val: 336.09, Rewards Disc: 0.53, Rewards Eval: 348.28, Total Timesteps: 2012530 episode:219 

Rewards Tr: 346.95, Rewards Val: 337.25, Rewards Disc: 0.55, Rewards Eval: 348.28, Total Timesteps: 2026110 episode:220 

Rewards Tr: 340.04, Rewards Val: 345.18, Rewards Disc: 0.52, Rewards Eval: 357.30, Total Timesteps: 2039670 episode:221 

Rewards Tr: 349.09, Rewards Val: 345.77, Rewards Disc: 0.46, Rewards Eval: 337.43, Total Timesteps: 2053200 episode:222 

Rewards Tr: 353.26, Rewards Val: 349.49, Rewards Disc: 0.50, Rewards Eval: 337.43, Total Timesteps: 2066710 episode:223 

Rewards Tr: 350.93, Rewards Val: 351.20, Rewards Disc: 0.49, Rewards Eval: 356.04, Total Timesteps: 2080480 episode:224 

Rewards Tr: 362.44, Rewards Val: 338.97, Rewards Disc: 0.47, Rewards Eval: 356.04, Total Timesteps: 2094080 episode:225 

Rewards Tr: 354.33, Rewards Val: 334.84, Rewards Disc: 0.51, Rewards Eval: 324.70, Total Timesteps: 2107670 episode:226 

Rewards Tr: 356.75, Rewards Val: 355.14, Rewards Disc: 0.52, Rewards Eval: 384.08, Total Timesteps: 2121440 episode:227 

Rewards Tr: 353.32, Rewards Val: 349.27, Rewards Disc: 0.51, Rewards Eval: 384.08, Total Timesteps: 2135170 episode:228 

Rewards Tr: 354.12, Rewards Val: 357.75, Rewards Disc: 0.52, Rewards Eval: 377.70, Total Timesteps: 2148970 episode:229 

Rewards Tr: 355.16, Rewards Val: 351.17, Rewards Disc: 0.49, Rewards Eval: 371.63, Total Timesteps: 2162910 episode:230 

Rewards Tr: 354.61, Rewards Val: 359.91, Rewards Disc: 0.47, Rewards Eval: 371.63, Total Timesteps: 2176740 episode:231 

Rewards Tr: 363.06, Rewards Val: 358.80, Rewards Disc: 0.52, Rewards Eval: 342.98, Total Timesteps: 2190580 episode:232 

Rewards Tr: 358.27, Rewards Val: 360.85, Rewards Disc: 0.50, Rewards Eval: 372.31, Total Timesteps: 2204420 episode:233 

Rewards Tr: 361.78, Rewards Val: 364.60, Rewards Disc: 0.53, Rewards Eval: 372.31, Total Timesteps: 2218240 episode:234 

Rewards Tr: 357.92, Rewards Val: 358.55, Rewards Disc: 0.51, Rewards Eval: 354.60, Total Timesteps: 2232020 episode:235 

Rewards Tr: 349.97, Rewards Val: 347.44, Rewards Disc: 0.50, Rewards Eval: 354.60, Total Timesteps: 2245780 episode:236 

Rewards Tr: 351.57, Rewards Val: 360.74, Rewards Disc: 0.47, Rewards Eval: 392.26, Total Timesteps: 2259460 episode:237 

Rewards Tr: 347.29, Rewards Val: 352.39, Rewards Disc: 0.54, Rewards Eval: 390.96, Total Timesteps: 2273100 episode:238 

Rewards Tr: 351.53, Rewards Val: 347.98, Rewards Disc: 0.55, Rewards Eval: 390.96, Total Timesteps: 2286920 episode:239 

Rewards Tr: 354.94, Rewards Val: 355.74, Rewards Disc: 0.49, Rewards Eval: 358.27, Total Timesteps: 2300690 episode:240 

Rewards Tr: 357.81, Rewards Val: 359.08, Rewards Disc: 0.51, Rewards Eval: 341.06, Total Timesteps: 2314600 episode:241 

Rewards Tr: 361.63, Rewards Val: 350.16, Rewards Disc: 0.50, Rewards Eval: 341.06, Total Timesteps: 2328380 episode:242 

Rewards Tr: 364.60, Rewards Val: 367.51, Rewards Disc: 0.52, Rewards Eval: 390.52, Total Timesteps: 2342220 episode:243 

Rewards Tr: 367.83, Rewards Val: 374.14, Rewards Disc: 0.50, Rewards Eval: 390.52, Total Timesteps: 2356180 episode:244 

Rewards Tr: 358.60, Rewards Val: 363.80, Rewards Disc: 0.50, Rewards Eval: 301.55, Total Timesteps: 2370090 episode:245 

Rewards Tr: 363.20, Rewards Val: 365.37, Rewards Disc: 0.51, Rewards Eval: 319.92, Total Timesteps: 2383920 episode:246 

Rewards Tr: 355.08, Rewards Val: 365.11, Rewards Disc: 0.48, Rewards Eval: 319.92, Total Timesteps: 2397810 episode:247 

Rewards Tr: 355.46, Rewards Val: 363.41, Rewards Disc: 0.52, Rewards Eval: 381.55, Total Timesteps: 2411630 episode:248 

Rewards Tr: 364.48, Rewards Val: 362.97, Rewards Disc: 0.48, Rewards Eval: 378.42, Total Timesteps: 2425560 episode:249 

Elapsed Time: 397.1 minutes 

For Seed: 4 

Rewards Tr: 11.10, Rewards Val: 10.63, Rewards Disc: 0.58, Rewards Eval: 0.00, Total Timesteps: 2590 episode:0 

Rewards Tr: 9.86, Rewards Val: 11.63, Rewards Disc: 0.69, Rewards Eval: 0.00, Total Timesteps: 5370 episode:1 

Rewards Tr: 12.14, Rewards Val: 11.68, Rewards Disc: 0.56, Rewards Eval: 0.00, Total Timesteps: 8460 episode:2 

Rewards Tr: 15.50, Rewards Val: 21.83, Rewards Disc: 0.39, Rewards Eval: 0.00, Total Timesteps: 12580 episode:3 

Rewards Tr: 24.80, Rewards Val: 24.33, Rewards Disc: 0.52, Rewards Eval: 0.00, Total Timesteps: 18000 episode:4 

Rewards Tr: 38.42, Rewards Val: 31.17, Rewards Disc: 0.47, Rewards Eval: 0.00, Total Timesteps: 24220 episode:5 

Rewards Tr: 33.87, Rewards Val: 40.93, Rewards Disc: 0.47, Rewards Eval: 0.00, Total Timesteps: 31290 episode:6 

Rewards Tr: 39.76, Rewards Val: 36.63, Rewards Disc: 0.56, Rewards Eval: 0.00, Total Timesteps: 37100 episode:7 

Rewards Tr: 63.63, Rewards Val: 52.81, Rewards Disc: 0.57, Rewards Eval: 59.97, Total Timesteps: 45210 episode:8 

Rewards Tr: 55.96, Rewards Val: 59.57, Rewards Disc: 0.51, Rewards Eval: 59.97, Total Timesteps: 53010 episode:9 

Rewards Tr: 73.34, Rewards Val: 94.58, Rewards Disc: 0.52, Rewards Eval: 59.97, Total Timesteps: 61600 episode:10 

Rewards Tr: 118.92, Rewards Val: 108.64, Rewards Disc: 0.53, Rewards Eval: 59.97, Total Timesteps: 70190 episode:11 

Rewards Tr: 103.62, Rewards Val: 103.26, Rewards Disc: 0.53, Rewards Eval: 64.30, Total Timesteps: 78660 episode:12 

Rewards Tr: 94.45, Rewards Val: 117.16, Rewards Disc: 0.49, Rewards Eval: 64.30, Total Timesteps: 86970 episode:13 

Rewards Tr: 122.26, Rewards Val: 121.26, Rewards Disc: 0.55, Rewards Eval: 64.30, Total Timesteps: 95600 episode:14 

Rewards Tr: 112.97, Rewards Val: 136.03, Rewards Disc: 0.59, Rewards Eval: 64.30, Total Timesteps: 103870 episode:15 

Rewards Tr: 119.92, Rewards Val: 103.79, Rewards Disc: 0.52, Rewards Eval: 106.44, Total Timesteps: 112290 episode:16 

Rewards Tr: 121.47, Rewards Val: 113.45, Rewards Disc: 0.52, Rewards Eval: 106.44, Total Timesteps: 121190 episode:17 

Rewards Tr: 141.14, Rewards Val: 142.52, Rewards Disc: 0.47, Rewards Eval: 106.44, Total Timesteps: 130410 episode:18 

Rewards Tr: 123.34, Rewards Val: 130.53, Rewards Disc: 0.45, Rewards Eval: 144.90, Total Timesteps: 138730 episode:19 

Rewards Tr: 139.76, Rewards Val: 144.01, Rewards Disc: 0.52, Rewards Eval: 144.90, Total Timesteps: 146930 episode:20 

Rewards Tr: 155.44, Rewards Val: 151.79, Rewards Disc: 0.48, Rewards Eval: 144.90, Total Timesteps: 155410 episode:21 

Rewards Tr: 148.74, Rewards Val: 154.11, Rewards Disc: 0.47, Rewards Eval: 169.51, Total Timesteps: 163570 episode:22 

Rewards Tr: 155.61, Rewards Val: 158.58, Rewards Disc: 0.50, Rewards Eval: 169.51, Total Timesteps: 171670 episode:23 

Rewards Tr: 166.75, Rewards Val: 167.73, Rewards Disc: 0.52, Rewards Eval: 169.51, Total Timesteps: 179910 episode:24 

Rewards Tr: 166.84, Rewards Val: 168.51, Rewards Disc: 0.50, Rewards Eval: 170.17, Total Timesteps: 188220 episode:25 

Rewards Tr: 164.37, Rewards Val: 170.19, Rewards Disc: 0.48, Rewards Eval: 170.17, Total Timesteps: 196330 episode:26 

Rewards Tr: 157.06, Rewards Val: 170.30, Rewards Disc: 0.47, Rewards Eval: 178.03, Total Timesteps: 204490 episode:27 

Rewards Tr: 172.04, Rewards Val: 172.35, Rewards Disc: 0.51, Rewards Eval: 178.03, Total Timesteps: 212890 episode:28 

Rewards Tr: 171.24, Rewards Val: 179.15, Rewards Disc: 0.50, Rewards Eval: 178.03, Total Timesteps: 221300 episode:29 

Rewards Tr: 174.61, Rewards Val: 170.71, Rewards Disc: 0.52, Rewards Eval: 151.60, Total Timesteps: 229600 episode:30 

Rewards Tr: 170.61, Rewards Val: 179.13, Rewards Disc: 0.48, Rewards Eval: 151.60, Total Timesteps: 237890 episode:31 

Rewards Tr: 168.75, Rewards Val: 171.64, Rewards Disc: 0.47, Rewards Eval: 183.32, Total Timesteps: 246190 episode:32 

Rewards Tr: 178.29, Rewards Val: 180.19, Rewards Disc: 0.49, Rewards Eval: 183.32, Total Timesteps: 254630 episode:33 

Rewards Tr: 185.78, Rewards Val: 183.04, Rewards Disc: 0.49, Rewards Eval: 183.32, Total Timesteps: 263180 episode:34 

Rewards Tr: 180.11, Rewards Val: 179.07, Rewards Disc: 0.47, Rewards Eval: 177.68, Total Timesteps: 271590 episode:35 

Rewards Tr: 185.08, Rewards Val: 182.94, Rewards Disc: 0.49, Rewards Eval: 177.68, Total Timesteps: 280010 episode:36 

Rewards Tr: 190.21, Rewards Val: 187.78, Rewards Disc: 0.55, Rewards Eval: 194.11, Total Timesteps: 288670 episode:37 

Rewards Tr: 193.65, Rewards Val: 190.54, Rewards Disc: 0.49, Rewards Eval: 194.11, Total Timesteps: 297430 episode:38 

Rewards Tr: 197.08, Rewards Val: 195.35, Rewards Disc: 0.50, Rewards Eval: 194.11, Total Timesteps: 306240 episode:39 

Rewards Tr: 200.61, Rewards Val: 198.69, Rewards Disc: 0.47, Rewards Eval: 197.32, Total Timesteps: 315040 episode:40 

Rewards Tr: 203.17, Rewards Val: 201.20, Rewards Disc: 0.45, Rewards Eval: 197.32, Total Timesteps: 323970 episode:41 

Rewards Tr: 205.05, Rewards Val: 202.16, Rewards Disc: 0.46, Rewards Eval: 212.47, Total Timesteps: 332950 episode:42 

Rewards Tr: 211.31, Rewards Val: 211.91, Rewards Disc: 0.49, Rewards Eval: 212.47, Total Timesteps: 342110 episode:43 

Rewards Tr: 213.80, Rewards Val: 215.24, Rewards Disc: 0.45, Rewards Eval: 201.20, Total Timesteps: 351320 episode:44 

Rewards Tr: 220.92, Rewards Val: 220.80, Rewards Disc: 0.49, Rewards Eval: 201.20, Total Timesteps: 360710 episode:45 

Rewards Tr: 225.30, Rewards Val: 224.65, Rewards Disc: 0.49, Rewards Eval: 201.20, Total Timesteps: 370250 episode:46 

Rewards Tr: 227.58, Rewards Val: 230.49, Rewards Disc: 0.51, Rewards Eval: 234.54, Total Timesteps: 379870 episode:47 

Rewards Tr: 231.34, Rewards Val: 233.02, Rewards Disc: 0.44, Rewards Eval: 234.54, Total Timesteps: 389530 episode:48 

Rewards Tr: 237.11, Rewards Val: 233.53, Rewards Disc: 0.47, Rewards Eval: 179.62, Total Timesteps: 399320 episode:49 

Rewards Tr: 238.95, Rewards Val: 238.36, Rewards Disc: 0.58, Rewards Eval: 179.62, Total Timesteps: 409230 episode:50 

Rewards Tr: 238.98, Rewards Val: 236.11, Rewards Disc: 0.45, Rewards Eval: 242.24, Total Timesteps: 419130 episode:51 

Rewards Tr: 237.61, Rewards Val: 242.48, Rewards Disc: 0.53, Rewards Eval: 242.24, Total Timesteps: 429070 episode:52 

Rewards Tr: 238.70, Rewards Val: 238.94, Rewards Disc: 0.53, Rewards Eval: 246.09, Total Timesteps: 439140 episode:53 

Rewards Tr: 248.15, Rewards Val: 247.07, Rewards Disc: 0.52, Rewards Eval: 246.09, Total Timesteps: 449250 episode:54 

Rewards Tr: 249.76, Rewards Val: 249.72, Rewards Disc: 0.48, Rewards Eval: 259.32, Total Timesteps: 459410 episode:55 

Rewards Tr: 252.07, Rewards Val: 252.33, Rewards Disc: 0.55, Rewards Eval: 259.32, Total Timesteps: 469720 episode:56 

Rewards Tr: 253.95, Rewards Val: 257.47, Rewards Disc: 0.55, Rewards Eval: 261.94, Total Timesteps: 479970 episode:57 

Rewards Tr: 262.30, Rewards Val: 260.75, Rewards Disc: 0.54, Rewards Eval: 261.94, Total Timesteps: 490400 episode:58 

Rewards Tr: 264.36, Rewards Val: 265.76, Rewards Disc: 0.55, Rewards Eval: 281.33, Total Timesteps: 501000 episode:59 

Rewards Tr: 270.14, Rewards Val: 269.45, Rewards Disc: 0.52, Rewards Eval: 281.33, Total Timesteps: 511720 episode:60 

Rewards Tr: 273.73, Rewards Val: 274.90, Rewards Disc: 0.47, Rewards Eval: 280.40, Total Timesteps: 522560 episode:61 

Rewards Tr: 282.99, Rewards Val: 280.21, Rewards Disc: 0.48, Rewards Eval: 280.40, Total Timesteps: 533470 episode:62 

Rewards Tr: 275.22, Rewards Val: 284.08, Rewards Disc: 0.48, Rewards Eval: 295.47, Total Timesteps: 544440 episode:63 

Rewards Tr: 285.53, Rewards Val: 284.79, Rewards Disc: 0.52, Rewards Eval: 295.47, Total Timesteps: 555460 episode:64 

Rewards Tr: 283.00, Rewards Val: 288.31, Rewards Disc: 0.47, Rewards Eval: 289.06, Total Timesteps: 566530 episode:65 

Rewards Tr: 288.24, Rewards Val: 282.70, Rewards Disc: 0.47, Rewards Eval: 289.06, Total Timesteps: 577560 episode:66 

Rewards Tr: 292.20, Rewards Val: 293.66, Rewards Disc: 0.49, Rewards Eval: 285.71, Total Timesteps: 588660 episode:67 

Rewards Tr: 290.01, Rewards Val: 289.49, Rewards Disc: 0.51, Rewards Eval: 287.22, Total Timesteps: 599870 episode:68 

Rewards Tr: 289.83, Rewards Val: 288.57, Rewards Disc: 0.53, Rewards Eval: 287.22, Total Timesteps: 611010 episode:69 

Rewards Tr: 292.75, Rewards Val: 288.28, Rewards Disc: 0.55, Rewards Eval: 287.66, Total Timesteps: 622200 episode:70 

Rewards Tr: 291.84, Rewards Val: 285.50, Rewards Disc: 0.53, Rewards Eval: 287.66, Total Timesteps: 633370 episode:71 

Rewards Tr: 296.47, Rewards Val: 290.60, Rewards Disc: 0.51, Rewards Eval: 295.15, Total Timesteps: 644550 episode:72 

Rewards Tr: 287.49, Rewards Val: 285.08, Rewards Disc: 0.46, Rewards Eval: 295.15, Total Timesteps: 655850 episode:73 

Rewards Tr: 293.14, Rewards Val: 297.02, Rewards Disc: 0.48, Rewards Eval: 304.09, Total Timesteps: 667160 episode:74 

Rewards Tr: 294.20, Rewards Val: 300.37, Rewards Disc: 0.55, Rewards Eval: 304.09, Total Timesteps: 678450 episode:75 

Rewards Tr: 297.78, Rewards Val: 302.47, Rewards Disc: 0.60, Rewards Eval: 306.24, Total Timesteps: 689740 episode:76 

Rewards Tr: 295.26, Rewards Val: 302.10, Rewards Disc: 0.52, Rewards Eval: 306.24, Total Timesteps: 701150 episode:77 

Rewards Tr: 304.86, Rewards Val: 295.30, Rewards Disc: 0.50, Rewards Eval: 192.98, Total Timesteps: 712570 episode:78 

Rewards Tr: 281.82, Rewards Val: 299.81, Rewards Disc: 0.52, Rewards Eval: 192.98, Total Timesteps: 723880 episode:79 

Rewards Tr: 304.46, Rewards Val: 299.16, Rewards Disc: 0.48, Rewards Eval: 309.16, Total Timesteps: 735240 episode:80 

Rewards Tr: 300.95, Rewards Val: 304.11, Rewards Disc: 0.45, Rewards Eval: 311.96, Total Timesteps: 746670 episode:81 

Rewards Tr: 302.80, Rewards Val: 304.30, Rewards Disc: 0.52, Rewards Eval: 311.96, Total Timesteps: 758170 episode:82 

Rewards Tr: 304.77, Rewards Val: 304.23, Rewards Disc: 0.46, Rewards Eval: 304.17, Total Timesteps: 769610 episode:83 

Rewards Tr: 305.12, Rewards Val: 298.89, Rewards Disc: 0.46, Rewards Eval: 304.17, Total Timesteps: 781070 episode:84 

Rewards Tr: 305.70, Rewards Val: 300.97, Rewards Disc: 0.47, Rewards Eval: 309.14, Total Timesteps: 792460 episode:85 

Rewards Tr: 303.14, Rewards Val: 302.88, Rewards Disc: 0.51, Rewards Eval: 309.14, Total Timesteps: 803920 episode:86 

Rewards Tr: 308.15, Rewards Val: 306.69, Rewards Disc: 0.51, Rewards Eval: 307.56, Total Timesteps: 815410 episode:87 

Rewards Tr: 303.95, Rewards Val: 299.13, Rewards Disc: 0.50, Rewards Eval: 307.56, Total Timesteps: 826850 episode:88 

Rewards Tr: 299.62, Rewards Val: 308.76, Rewards Disc: 0.49, Rewards Eval: 302.04, Total Timesteps: 838180 episode:89 

Rewards Tr: 300.51, Rewards Val: 303.29, Rewards Disc: 0.49, Rewards Eval: 302.04, Total Timesteps: 849550 episode:90 

Rewards Tr: 305.32, Rewards Val: 303.83, Rewards Disc: 0.48, Rewards Eval: 311.98, Total Timesteps: 860890 episode:91 

Rewards Tr: 298.06, Rewards Val: 299.94, Rewards Disc: 0.55, Rewards Eval: 308.08, Total Timesteps: 872210 episode:92 

Rewards Tr: 300.02, Rewards Val: 298.05, Rewards Disc: 0.56, Rewards Eval: 308.08, Total Timesteps: 883570 episode:93 

Rewards Tr: 304.90, Rewards Val: 294.96, Rewards Disc: 0.54, Rewards Eval: 314.78, Total Timesteps: 894940 episode:94 

Rewards Tr: 311.81, Rewards Val: 309.85, Rewards Disc: 0.52, Rewards Eval: 314.78, Total Timesteps: 906370 episode:95 

Rewards Tr: 305.72, Rewards Val: 313.84, Rewards Disc: 0.54, Rewards Eval: 311.13, Total Timesteps: 917960 episode:96 

Rewards Tr: 306.68, Rewards Val: 305.11, Rewards Disc: 0.52, Rewards Eval: 311.13, Total Timesteps: 929640 episode:97 

Rewards Tr: 310.17, Rewards Val: 311.12, Rewards Disc: 0.53, Rewards Eval: 319.14, Total Timesteps: 941220 episode:98 

Rewards Tr: 308.62, Rewards Val: 305.91, Rewards Disc: 0.57, Rewards Eval: 319.14, Total Timesteps: 952740 episode:99 

Rewards Tr: 313.42, Rewards Val: 308.06, Rewards Disc: 0.50, Rewards Eval: 240.04, Total Timesteps: 964330 episode:100 

Rewards Tr: 311.03, Rewards Val: 310.15, Rewards Disc: 0.44, Rewards Eval: 271.76, Total Timesteps: 975920 episode:101 

Rewards Tr: 307.85, Rewards Val: 314.29, Rewards Disc: 0.43, Rewards Eval: 271.76, Total Timesteps: 987660 episode:102 

Rewards Tr: 309.58, Rewards Val: 309.78, Rewards Disc: 0.53, Rewards Eval: 317.94, Total Timesteps: 999410 episode:103 

Rewards Tr: 313.35, Rewards Val: 312.52, Rewards Disc: 0.50, Rewards Eval: 317.94, Total Timesteps: 1011110 episode:104 

Rewards Tr: 309.22, Rewards Val: 313.20, Rewards Disc: 0.51, Rewards Eval: 320.08, Total Timesteps: 1022910 episode:105 

Rewards Tr: 312.02, Rewards Val: 310.61, Rewards Disc: 0.49, Rewards Eval: 320.08, Total Timesteps: 1034580 episode:106 

Rewards Tr: 313.14, Rewards Val: 313.57, Rewards Disc: 0.51, Rewards Eval: 309.84, Total Timesteps: 1046280 episode:107 

Rewards Tr: 314.03, Rewards Val: 314.94, Rewards Disc: 0.53, Rewards Eval: 309.84, Total Timesteps: 1058000 episode:108 

Rewards Tr: 309.32, Rewards Val: 307.40, Rewards Disc: 0.52, Rewards Eval: 314.65, Total Timesteps: 1069680 episode:109 

Rewards Tr: 306.50, Rewards Val: 315.93, Rewards Disc: 0.54, Rewards Eval: 277.00, Total Timesteps: 1081440 episode:110 

Rewards Tr: 311.07, Rewards Val: 313.81, Rewards Disc: 0.49, Rewards Eval: 277.00, Total Timesteps: 1093220 episode:111 

Rewards Tr: 303.00, Rewards Val: 314.02, Rewards Disc: 0.52, Rewards Eval: 272.81, Total Timesteps: 1105010 episode:112 

Rewards Tr: 296.42, Rewards Val: 301.92, Rewards Disc: 0.53, Rewards Eval: 272.81, Total Timesteps: 1116770 episode:113 

Rewards Tr: 299.88, Rewards Val: 307.06, Rewards Disc: 0.55, Rewards Eval: 312.71, Total Timesteps: 1128550 episode:114 

Rewards Tr: 290.54, Rewards Val: 293.62, Rewards Disc: 0.49, Rewards Eval: 312.71, Total Timesteps: 1140110 episode:115 

Rewards Tr: 302.02, Rewards Val: 298.15, Rewards Disc: 0.53, Rewards Eval: 305.11, Total Timesteps: 1151700 episode:116 

Rewards Tr: 303.73, Rewards Val: 303.95, Rewards Disc: 0.50, Rewards Eval: 305.11, Total Timesteps: 1163210 episode:117 

Rewards Tr: 312.75, Rewards Val: 312.75, Rewards Disc: 0.45, Rewards Eval: 319.85, Total Timesteps: 1174980 episode:118 

Rewards Tr: 312.67, Rewards Val: 316.33, Rewards Disc: 0.47, Rewards Eval: 309.20, Total Timesteps: 1186810 episode:119 

Rewards Tr: 310.34, Rewards Val: 312.85, Rewards Disc: 0.50, Rewards Eval: 309.20, Total Timesteps: 1198660 episode:120 

Rewards Tr: 314.34, Rewards Val: 312.53, Rewards Disc: 0.51, Rewards Eval: 271.17, Total Timesteps: 1210460 episode:121 

Rewards Tr: 312.81, Rewards Val: 308.86, Rewards Disc: 0.50, Rewards Eval: 271.17, Total Timesteps: 1222340 episode:122 

Rewards Tr: 317.22, Rewards Val: 319.67, Rewards Disc: 0.44, Rewards Eval: 323.76, Total Timesteps: 1234250 episode:123 

Rewards Tr: 320.75, Rewards Val: 324.96, Rewards Disc: 0.48, Rewards Eval: 323.76, Total Timesteps: 1246300 episode:124 

Rewards Tr: 329.97, Rewards Val: 320.98, Rewards Disc: 0.49, Rewards Eval: 330.64, Total Timesteps: 1258400 episode:125 

Rewards Tr: 318.47, Rewards Val: 325.65, Rewards Disc: 0.52, Rewards Eval: 338.76, Total Timesteps: 1270530 episode:126 

Rewards Tr: 321.60, Rewards Val: 318.07, Rewards Disc: 0.51, Rewards Eval: 338.76, Total Timesteps: 1282570 episode:127 

Rewards Tr: 326.51, Rewards Val: 317.27, Rewards Disc: 0.46, Rewards Eval: 334.28, Total Timesteps: 1294750 episode:128 

Rewards Tr: 323.48, Rewards Val: 325.98, Rewards Disc: 0.50, Rewards Eval: 334.28, Total Timesteps: 1306910 episode:129 

Rewards Tr: 327.41, Rewards Val: 325.06, Rewards Disc: 0.49, Rewards Eval: 311.17, Total Timesteps: 1319170 episode:130 

Rewards Tr: 324.03, Rewards Val: 328.27, Rewards Disc: 0.49, Rewards Eval: 323.49, Total Timesteps: 1331190 episode:131 

Rewards Tr: 328.94, Rewards Val: 331.52, Rewards Disc: 0.44, Rewards Eval: 323.49, Total Timesteps: 1343530 episode:132 

Rewards Tr: 326.84, Rewards Val: 340.83, Rewards Disc: 0.46, Rewards Eval: 319.93, Total Timesteps: 1355960 episode:133 

Rewards Tr: 332.06, Rewards Val: 333.56, Rewards Disc: 0.48, Rewards Eval: 319.93, Total Timesteps: 1368420 episode:134 

Rewards Tr: 328.83, Rewards Val: 337.53, Rewards Disc: 0.46, Rewards Eval: 347.09, Total Timesteps: 1380910 episode:135 

Rewards Tr: 336.60, Rewards Val: 341.29, Rewards Disc: 0.50, Rewards Eval: 347.09, Total Timesteps: 1393590 episode:136 

Rewards Tr: 337.55, Rewards Val: 337.62, Rewards Disc: 0.43, Rewards Eval: 346.35, Total Timesteps: 1406180 episode:137 

Rewards Tr: 336.16, Rewards Val: 340.26, Rewards Disc: 0.48, Rewards Eval: 350.75, Total Timesteps: 1418800 episode:138 

Rewards Tr: 350.68, Rewards Val: 349.30, Rewards Disc: 0.51, Rewards Eval: 350.75, Total Timesteps: 1431640 episode:139 

Rewards Tr: 345.55, Rewards Val: 353.63, Rewards Disc: 0.55, Rewards Eval: 348.14, Total Timesteps: 1444390 episode:140 

Rewards Tr: 341.64, Rewards Val: 342.75, Rewards Disc: 0.48, Rewards Eval: 348.31, Total Timesteps: 1457380 episode:141 

Rewards Tr: 353.28, Rewards Val: 345.28, Rewards Disc: 0.47, Rewards Eval: 348.31, Total Timesteps: 1470340 episode:142 

Rewards Tr: 344.55, Rewards Val: 347.24, Rewards Disc: 0.52, Rewards Eval: 332.78, Total Timesteps: 1483140 episode:143 

Rewards Tr: 344.65, Rewards Val: 332.68, Rewards Disc: 0.50, Rewards Eval: 332.78, Total Timesteps: 1495960 episode:144 

Rewards Tr: 348.11, Rewards Val: 347.62, Rewards Disc: 0.50, Rewards Eval: 359.55, Total Timesteps: 1508870 episode:145 

Rewards Tr: 345.01, Rewards Val: 347.39, Rewards Disc: 0.49, Rewards Eval: 297.07, Total Timesteps: 1521970 episode:146 

Rewards Tr: 340.62, Rewards Val: 352.79, Rewards Disc: 0.49, Rewards Eval: 297.07, Total Timesteps: 1534970 episode:147 

Rewards Tr: 338.99, Rewards Val: 349.41, Rewards Disc: 0.47, Rewards Eval: 300.16, Total Timesteps: 1548030 episode:148 

Rewards Tr: 340.77, Rewards Val: 344.38, Rewards Disc: 0.49, Rewards Eval: 300.16, Total Timesteps: 1560940 episode:149 

Rewards Tr: 350.90, Rewards Val: 344.59, Rewards Disc: 0.53, Rewards Eval: 345.20, Total Timesteps: 1574140 episode:150 

Rewards Tr: 343.89, Rewards Val: 351.30, Rewards Disc: 0.54, Rewards Eval: 357.07, Total Timesteps: 1587300 episode:151 

Rewards Tr: 338.79, Rewards Val: 354.72, Rewards Disc: 0.52, Rewards Eval: 357.07, Total Timesteps: 1600600 episode:152 

Rewards Tr: 347.85, Rewards Val: 354.05, Rewards Disc: 0.55, Rewards Eval: 376.04, Total Timesteps: 1613790 episode:153 

Rewards Tr: 352.05, Rewards Val: 364.75, Rewards Disc: 0.54, Rewards Eval: 376.04, Total Timesteps: 1627050 episode:154 

Rewards Tr: 355.00, Rewards Val: 362.17, Rewards Disc: 0.51, Rewards Eval: 356.69, Total Timesteps: 1640570 episode:155 

Rewards Tr: 361.89, Rewards Val: 366.10, Rewards Disc: 0.44, Rewards Eval: 374.93, Total Timesteps: 1654490 episode:156 

Rewards Tr: 373.92, Rewards Val: 364.83, Rewards Disc: 0.47, Rewards Eval: 374.93, Total Timesteps: 1668350 episode:157 

Rewards Tr: 365.13, Rewards Val: 370.55, Rewards Disc: 0.52, Rewards Eval: 377.74, Total Timesteps: 1682030 episode:158 

Rewards Tr: 358.57, Rewards Val: 363.48, Rewards Disc: 0.53, Rewards Eval: 373.93, Total Timesteps: 1695620 episode:159 

Rewards Tr: 363.68, Rewards Val: 348.97, Rewards Disc: 0.49, Rewards Eval: 373.93, Total Timesteps: 1709040 episode:160 

Rewards Tr: 365.11, Rewards Val: 371.22, Rewards Disc: 0.55, Rewards Eval: 380.17, Total Timesteps: 1722860 episode:161 

Rewards Tr: 376.70, Rewards Val: 377.32, Rewards Disc: 0.53, Rewards Eval: 407.70, Total Timesteps: 1737040 episode:162 

Rewards Tr: 385.95, Rewards Val: 401.86, Rewards Disc: 0.45, Rewards Eval: 407.70, Total Timesteps: 1751910 episode:163 

Rewards Tr: 390.31, Rewards Val: 401.09, Rewards Disc: 0.51, Rewards Eval: 385.77, Total Timesteps: 1766850 episode:164 

Rewards Tr: 406.27, Rewards Val: 407.12, Rewards Disc: 0.50, Rewards Eval: 397.04, Total Timesteps: 1782050 episode:165 

Rewards Tr: 392.96, Rewards Val: 401.89, Rewards Disc: 0.53, Rewards Eval: 397.04, Total Timesteps: 1797130 episode:166 

Rewards Tr: 390.40, Rewards Val: 406.50, Rewards Disc: 0.46, Rewards Eval: 379.13, Total Timesteps: 1812320 episode:167 

Rewards Tr: 402.77, Rewards Val: 403.32, Rewards Disc: 0.49, Rewards Eval: 350.63, Total Timesteps: 1827780 episode:168 

Rewards Tr: 411.36, Rewards Val: 412.33, Rewards Disc: 0.48, Rewards Eval: 350.63, Total Timesteps: 1843990 episode:169 

Rewards Tr: 378.36, Rewards Val: 414.88, Rewards Disc: 0.49, Rewards Eval: 338.60, Total Timesteps: 1860010 episode:170 

Rewards Tr: 397.43, Rewards Val: 420.07, Rewards Disc: 0.49, Rewards Eval: 424.55, Total Timesteps: 1876460 episode:171 

Rewards Tr: 415.86, Rewards Val: 422.60, Rewards Disc: 0.49, Rewards Eval: 409.12, Total Timesteps: 1892560 episode:172 

Rewards Tr: 390.51, Rewards Val: 385.97, Rewards Disc: 0.48, Rewards Eval: 409.12, Total Timesteps: 1908630 episode:173 

Rewards Tr: 402.05, Rewards Val: 417.89, Rewards Disc: 0.53, Rewards Eval: 406.70, Total Timesteps: 1924920 episode:174 

Rewards Tr: 411.69, Rewards Val: 434.23, Rewards Disc: 0.51, Rewards Eval: 444.41, Total Timesteps: 1941410 episode:175 

Rewards Tr: 425.26, Rewards Val: 415.54, Rewards Disc: 0.50, Rewards Eval: 444.41, Total Timesteps: 1957900 episode:176 

Rewards Tr: 429.45, Rewards Val: 424.62, Rewards Disc: 0.47, Rewards Eval: 402.99, Total Timesteps: 1974380 episode:177 

Rewards Tr: 428.73, Rewards Val: 420.23, Rewards Disc: 0.46, Rewards Eval: 456.76, Total Timesteps: 1990750 episode:178 

Rewards Tr: 414.89, Rewards Val: 416.85, Rewards Disc: 0.48, Rewards Eval: 391.89, Total Timesteps: 2006700 episode:179 

Rewards Tr: 420.72, Rewards Val: 417.17, Rewards Disc: 0.47, Rewards Eval: 391.89, Total Timesteps: 2022800 episode:180 

Rewards Tr: 441.40, Rewards Val: 445.43, Rewards Disc: 0.45, Rewards Eval: 422.97, Total Timesteps: 2039720 episode:181 

Rewards Tr: 450.84, Rewards Val: 452.37, Rewards Disc: 0.46, Rewards Eval: 470.70, Total Timesteps: 2056630 episode:182 

Rewards Tr: 443.13, Rewards Val: 439.78, Rewards Disc: 0.47, Rewards Eval: 450.53, Total Timesteps: 2073090 episode:183 

Rewards Tr: 441.74, Rewards Val: 450.75, Rewards Disc: 0.49, Rewards Eval: 450.53, Total Timesteps: 2089700 episode:184 

Rewards Tr: 437.90, Rewards Val: 450.80, Rewards Disc: 0.50, Rewards Eval: 458.61, Total Timesteps: 2106310 episode:185 

Rewards Tr: 460.97, Rewards Val: 465.30, Rewards Disc: 0.47, Rewards Eval: 473.11, Total Timesteps: 2123430 episode:186 

Rewards Tr: 461.11, Rewards Val: 470.93, Rewards Disc: 0.46, Rewards Eval: 517.32, Total Timesteps: 2140530 episode:187 

Rewards Tr: 461.61, Rewards Val: 466.41, Rewards Disc: 0.49, Rewards Eval: 517.32, Total Timesteps: 2157620 episode:188 

Rewards Tr: 460.26, Rewards Val: 462.57, Rewards Disc: 0.46, Rewards Eval: 442.86, Total Timesteps: 2174820 episode:189 

Rewards Tr: 461.13, Rewards Val: 466.69, Rewards Disc: 0.47, Rewards Eval: 473.88, Total Timesteps: 2191880 episode:190 

Rewards Tr: 468.97, Rewards Val: 475.02, Rewards Disc: 0.50, Rewards Eval: 449.28, Total Timesteps: 2208970 episode:191 

Rewards Tr: 462.62, Rewards Val: 458.25, Rewards Disc: 0.49, Rewards Eval: 416.59, Total Timesteps: 2226200 episode:192 

Rewards Tr: 470.92, Rewards Val: 467.12, Rewards Disc: 0.53, Rewards Eval: 416.59, Total Timesteps: 2243500 episode:193 

Rewards Tr: 461.10, Rewards Val: 455.67, Rewards Disc: 0.47, Rewards Eval: 445.39, Total Timesteps: 2260630 episode:194 

Rewards Tr: 425.55, Rewards Val: 424.16, Rewards Disc: 0.50, Rewards Eval: 485.91, Total Timesteps: 2277390 episode:195 

Rewards Tr: 462.76, Rewards Val: 442.47, Rewards Disc: 0.50, Rewards Eval: 457.61, Total Timesteps: 2294280 episode:196 

Rewards Tr: 453.84, Rewards Val: 454.47, Rewards Disc: 0.49, Rewards Eval: 457.61, Total Timesteps: 2310950 episode:197 

Rewards Tr: 451.06, Rewards Val: 443.42, Rewards Disc: 0.48, Rewards Eval: 468.91, Total Timesteps: 2327880 episode:198 

Rewards Tr: 458.73, Rewards Val: 455.98, Rewards Disc: 0.50, Rewards Eval: 354.64, Total Timesteps: 2344910 episode:199 

Rewards Tr: 466.28, Rewards Val: 474.08, Rewards Disc: 0.48, Rewards Eval: 453.78, Total Timesteps: 2361930 episode:200 

Rewards Tr: 454.34, Rewards Val: 474.02, Rewards Disc: 0.49, Rewards Eval: 453.78, Total Timesteps: 2378930 episode:201 

Rewards Tr: 462.31, Rewards Val: 464.02, Rewards Disc: 0.51, Rewards Eval: 452.04, Total Timesteps: 2396020 episode:202 

Rewards Tr: 480.33, Rewards Val: 456.79, Rewards Disc: 0.50, Rewards Eval: 487.20, Total Timesteps: 2413340 episode:203 

Rewards Tr: 465.29, Rewards Val: 461.17, Rewards Disc: 0.51, Rewards Eval: 460.01, Total Timesteps: 2430570 episode:204 

Rewards Tr: 478.75, Rewards Val: 482.67, Rewards Disc: 0.49, Rewards Eval: 488.59, Total Timesteps: 2447790 episode:205 

Rewards Tr: 477.69, Rewards Val: 456.54, Rewards Disc: 0.52, Rewards Eval: 488.59, Total Timesteps: 2464870 episode:206 

Rewards Tr: 467.54, Rewards Val: 470.32, Rewards Disc: 0.51, Rewards Eval: 456.22, Total Timesteps: 2481920 episode:207 

Rewards Tr: 465.57, Rewards Val: 473.91, Rewards Disc: 0.53, Rewards Eval: 481.52, Total Timesteps: 2499310 episode:208 

Rewards Tr: 481.82, Rewards Val: 486.27, Rewards Disc: 0.52, Rewards Eval: 436.13, Total Timesteps: 2516700 episode:209 

Rewards Tr: 486.55, Rewards Val: 482.98, Rewards Disc: 0.51, Rewards Eval: 436.13, Total Timesteps: 2534300 episode:210 

Rewards Tr: 479.44, Rewards Val: 470.47, Rewards Disc: 0.54, Rewards Eval: 510.28, Total Timesteps: 2551790 episode:211 

Rewards Tr: 477.74, Rewards Val: 474.12, Rewards Disc: 0.58, Rewards Eval: 530.77, Total Timesteps: 2569290 episode:212 

Rewards Tr: 496.21, Rewards Val: 490.27, Rewards Disc: 0.58, Rewards Eval: 508.44, Total Timesteps: 2587010 episode:213 

Rewards Tr: 481.48, Rewards Val: 506.40, Rewards Disc: 0.56, Rewards Eval: 459.13, Total Timesteps: 2604750 episode:214 

Rewards Tr: 485.30, Rewards Val: 487.92, Rewards Disc: 0.57, Rewards Eval: 539.75, Total Timesteps: 2622350 episode:215 

Rewards Tr: 496.65, Rewards Val: 475.36, Rewards Disc: 0.54, Rewards Eval: 539.75, Total Timesteps: 2640090 episode:216 

Rewards Tr: 496.68, Rewards Val: 494.92, Rewards Disc: 0.52, Rewards Eval: 463.45, Total Timesteps: 2658070 episode:217 

Rewards Tr: 500.57, Rewards Val: 498.91, Rewards Disc: 0.59, Rewards Eval: 464.36, Total Timesteps: 2676080 episode:218 

Rewards Tr: 490.90, Rewards Val: 509.36, Rewards Disc: 0.52, Rewards Eval: 509.00, Total Timesteps: 2694080 episode:219 

Rewards Tr: 493.14, Rewards Val: 498.76, Rewards Disc: 0.55, Rewards Eval: 470.80, Total Timesteps: 2712020 episode:220 

Rewards Tr: 496.77, Rewards Val: 501.00, Rewards Disc: 0.53, Rewards Eval: 503.40, Total Timesteps: 2729780 episode:221 

Rewards Tr: 508.01, Rewards Val: 503.20, Rewards Disc: 0.53, Rewards Eval: 503.40, Total Timesteps: 2747480 episode:222 

Rewards Tr: 500.18, Rewards Val: 509.30, Rewards Disc: 0.56, Rewards Eval: 407.09, Total Timesteps: 2765470 episode:223 

Rewards Tr: 499.22, Rewards Val: 484.51, Rewards Disc: 0.54, Rewards Eval: 489.22, Total Timesteps: 2783630 episode:224 

Rewards Tr: 506.77, Rewards Val: 525.25, Rewards Disc: 0.50, Rewards Eval: 527.06, Total Timesteps: 2801990 episode:225 

Rewards Tr: 494.21, Rewards Val: 496.37, Rewards Disc: 0.58, Rewards Eval: 442.45, Total Timesteps: 2819910 episode:226 

Rewards Tr: 482.14, Rewards Val: 493.04, Rewards Disc: 0.55, Rewards Eval: 526.58, Total Timesteps: 2837790 episode:227 

Rewards Tr: 484.44, Rewards Val: 449.78, Rewards Disc: 0.52, Rewards Eval: 526.58, Total Timesteps: 2855650 episode:228 

Rewards Tr: 475.00, Rewards Val: 487.70, Rewards Disc: 0.52, Rewards Eval: 407.42, Total Timesteps: 2874060 episode:229 

Rewards Tr: 467.68, Rewards Val: 477.80, Rewards Disc: 0.56, Rewards Eval: 418.94, Total Timesteps: 2892070 episode:230 

Rewards Tr: 493.33, Rewards Val: 514.83, Rewards Disc: 0.52, Rewards Eval: 521.81, Total Timesteps: 2910450 episode:231 

Rewards Tr: 495.77, Rewards Val: 506.10, Rewards Disc: 0.55, Rewards Eval: 523.34, Total Timesteps: 2928410 episode:232 

Rewards Tr: 489.87, Rewards Val: 475.37, Rewards Disc: 0.54, Rewards Eval: 523.34, Total Timesteps: 2946190 episode:233 

Rewards Tr: 480.42, Rewards Val: 479.93, Rewards Disc: 0.53, Rewards Eval: 502.28, Total Timesteps: 2963960 episode:234 

Rewards Tr: 470.91, Rewards Val: 469.87, Rewards Disc: 0.49, Rewards Eval: 482.17, Total Timesteps: 2981990 episode:235 

Rewards Tr: 458.70, Rewards Val: 512.98, Rewards Disc: 0.50, Rewards Eval: 386.84, Total Timesteps: 3000230 episode:236 

Rewards Tr: 425.97, Rewards Val: 448.11, Rewards Disc: 0.54, Rewards Eval: 388.25, Total Timesteps: 3017960 episode:237 

Rewards Tr: 440.24, Rewards Val: 508.63, Rewards Disc: 0.49, Rewards Eval: 388.25, Total Timesteps: 3036190 episode:238 

Rewards Tr: 420.10, Rewards Val: 492.90, Rewards Disc: 0.47, Rewards Eval: 425.73, Total Timesteps: 3054150 episode:239 

Rewards Tr: 457.21, Rewards Val: 456.29, Rewards Disc: 0.56, Rewards Eval: 447.73, Total Timesteps: 3072190 episode:240 

Rewards Tr: 488.47, Rewards Val: 471.31, Rewards Disc: 0.57, Rewards Eval: 499.14, Total Timesteps: 3090090 episode:241 

Rewards Tr: 461.74, Rewards Val: 489.31, Rewards Disc: 0.57, Rewards Eval: 512.19, Total Timesteps: 3107820 episode:242 

Rewards Tr: 457.73, Rewards Val: 484.17, Rewards Disc: 0.54, Rewards Eval: 512.19, Total Timesteps: 3125590 episode:243 

Rewards Tr: 445.56, Rewards Val: 493.38, Rewards Disc: 0.49, Rewards Eval: 514.16, Total Timesteps: 3143400 episode:244 

Rewards Tr: 464.97, Rewards Val: 459.30, Rewards Disc: 0.54, Rewards Eval: 519.98, Total Timesteps: 3161200 episode:245 

Rewards Tr: 486.04, Rewards Val: 501.68, Rewards Disc: 0.48, Rewards Eval: 511.20, Total Timesteps: 3179500 episode:246 

Rewards Tr: 473.75, Rewards Val: 493.54, Rewards Disc: 0.48, Rewards Eval: 459.03, Total Timesteps: 3197960 episode:247 

Rewards Tr: 485.10, Rewards Val: 502.40, Rewards Disc: 0.52, Rewards Eval: 470.03, Total Timesteps: 3215710 episode:248 

Rewards Tr: 491.16, Rewards Val: 511.80, Rewards Disc: 0.43, Rewards Eval: 470.03, Total Timesteps: 3234470 episode:249 

Elapsed Time: 490.3 minutes 

