For Seed: 1 

2022-02-08 19:10:32.917112: I tensorflow/core/platform/cpu_feature_guard.cc:142] This TensorFlow binary is optimized with oneAPI Deep Neural Network Library (oneDNN) to use the following CPU instructions in performance-critical operations:  SSE4.1 SSE4.2 AVX AVX2 FMA
To enable them in other operations, rebuild TensorFlow with the appropriate compiler flags.
2022-02-08 19:10:37.052408: I tensorflow/core/common_runtime/gpu/gpu_device.cc:1510] Created device /job:localhost/replica:0/task:0/device:GPU:0 with 78116 MB memory:  -> device: 0, name: NVIDIA A100-SXM-80GB, pci bus id: 0000:81:00.0, compute capability: 8.0
2022-02-08 19:10:38.295869: I tensorflow/stream_executor/cuda/cuda_blas.cc:1760] TensorFloat-32 will be used for the matrix multiplication. This will only be logged once.
Rewards Tr: 6.65, Rewards Eval: 0.00, Total Timesteps: 1040 episode:0 

Rewards Tr: 8.17, Rewards Eval: 0.00, Total Timesteps: 2020 episode:1 

Rewards Tr: 11.37, Rewards Eval: 0.00, Total Timesteps: 3380 episode:2 

Rewards Tr: 20.39, Rewards Eval: 0.00, Total Timesteps: 5540 episode:3 

Rewards Tr: 25.24, Rewards Eval: 0.00, Total Timesteps: 7720 episode:4 

Rewards Tr: 21.18, Rewards Eval: 0.00, Total Timesteps: 9810 episode:5 

Rewards Tr: 39.88, Rewards Eval: 18.57, Total Timesteps: 13190 episode:6 

Rewards Tr: 45.36, Rewards Eval: 18.57, Total Timesteps: 16160 episode:7 

Rewards Tr: 61.41, Rewards Eval: 18.57, Total Timesteps: 19700 episode:8 

Rewards Tr: 68.54, Rewards Eval: 79.49, Total Timesteps: 23240 episode:9 

Rewards Tr: 99.05, Rewards Eval: 79.49, Total Timesteps: 28300 episode:10 

Rewards Tr: 98.17, Rewards Eval: 76.06, Total Timesteps: 33100 episode:11 

Rewards Tr: 93.69, Rewards Eval: 76.06, Total Timesteps: 38740 episode:12 

Rewards Tr: 93.91, Rewards Eval: 137.82, Total Timesteps: 45080 episode:13 

Rewards Tr: 125.70, Rewards Eval: 197.72, Total Timesteps: 51570 episode:14 

Rewards Tr: 138.35, Rewards Eval: 197.72, Total Timesteps: 59070 episode:15 

Rewards Tr: 137.54, Rewards Eval: 87.99, Total Timesteps: 67670 episode:16 

Rewards Tr: 137.64, Rewards Eval: 185.04, Total Timesteps: 76560 episode:17 

Rewards Tr: 146.40, Rewards Eval: 167.40, Total Timesteps: 85130 episode:18 

Rewards Tr: 161.41, Rewards Eval: 158.45, Total Timesteps: 94040 episode:19 

Rewards Tr: 173.08, Rewards Eval: 116.40, Total Timesteps: 103560 episode:20 

Rewards Tr: 165.95, Rewards Eval: 215.64, Total Timesteps: 112140 episode:21 

Rewards Tr: 164.04, Rewards Eval: 85.79, Total Timesteps: 121200 episode:22 

Rewards Tr: 124.13, Rewards Eval: 134.74, Total Timesteps: 130060 episode:23 

Rewards Tr: 155.13, Rewards Eval: 134.74, Total Timesteps: 139590 episode:24 

Rewards Tr: 178.05, Rewards Eval: 234.61, Total Timesteps: 150090 episode:25 

Rewards Tr: 212.17, Rewards Eval: 234.48, Total Timesteps: 162910 episode:26 

Rewards Tr: 234.53, Rewards Eval: 329.22, Total Timesteps: 177270 episode:27 

Rewards Tr: 261.69, Rewards Eval: 215.19, Total Timesteps: 189880 episode:28 

Rewards Tr: 298.55, Rewards Eval: 358.54, Total Timesteps: 206090 episode:29 

Rewards Tr: 328.37, Rewards Eval: 339.91, Total Timesteps: 222290 episode:30 

Rewards Tr: 341.02, Rewards Eval: 316.69, Total Timesteps: 237820 episode:31 

Rewards Tr: 342.68, Rewards Eval: 330.09, Total Timesteps: 253470 episode:32 

Rewards Tr: 340.35, Rewards Eval: 328.38, Total Timesteps: 270930 episode:33 

Rewards Tr: 338.87, Rewards Eval: 341.05, Total Timesteps: 285780 episode:34 

Rewards Tr: 329.97, Rewards Eval: 356.94, Total Timesteps: 299450 episode:35 

Rewards Tr: 347.47, Rewards Eval: 355.93, Total Timesteps: 312850 episode:36 

Rewards Tr: 351.85, Rewards Eval: 345.62, Total Timesteps: 327190 episode:37 

Rewards Tr: 348.66, Rewards Eval: 327.57, Total Timesteps: 342280 episode:38 

Rewards Tr: 336.42, Rewards Eval: 309.17, Total Timesteps: 353670 episode:39 

Rewards Tr: 316.17, Rewards Eval: 355.09, Total Timesteps: 364700 episode:40 

Rewards Tr: 306.78, Rewards Eval: 322.74, Total Timesteps: 377260 episode:41 

Rewards Tr: 338.08, Rewards Eval: 291.18, Total Timesteps: 390400 episode:42 

Rewards Tr: 312.61, Rewards Eval: 325.15, Total Timesteps: 400210 episode:43 

Rewards Tr: 302.18, Rewards Eval: 311.50, Total Timesteps: 412120 episode:44 

Rewards Tr: 320.93, Rewards Eval: 311.80, Total Timesteps: 422830 episode:45 

Rewards Tr: 304.69, Rewards Eval: 310.62, Total Timesteps: 432610 episode:46 

Rewards Tr: 294.85, Rewards Eval: 328.73, Total Timesteps: 442580 episode:47 

Rewards Tr: 300.99, Rewards Eval: 329.61, Total Timesteps: 451570 episode:48 

Rewards Tr: 317.27, Rewards Eval: 215.47, Total Timesteps: 461360 episode:49 

Rewards Tr: 301.47, Rewards Eval: 260.02, Total Timesteps: 470510 episode:50 

Rewards Tr: 281.64, Rewards Eval: 260.02, Total Timesteps: 478400 episode:51 

Rewards Tr: 285.80, Rewards Eval: 281.22, Total Timesteps: 486610 episode:52 

Rewards Tr: 287.25, Rewards Eval: 277.36, Total Timesteps: 494460 episode:53 

Rewards Tr: 281.94, Rewards Eval: 273.17, Total Timesteps: 501940 episode:54 

Rewards Tr: 279.43, Rewards Eval: 273.17, Total Timesteps: 509500 episode:55 

Rewards Tr: 276.17, Rewards Eval: 276.33, Total Timesteps: 516690 episode:56 

Rewards Tr: 268.65, Rewards Eval: 282.18, Total Timesteps: 523650 episode:57 

Rewards Tr: 280.92, Rewards Eval: 272.14, Total Timesteps: 530970 episode:58 

Rewards Tr: 269.53, Rewards Eval: 272.14, Total Timesteps: 537920 episode:59 

Rewards Tr: 272.00, Rewards Eval: 277.19, Total Timesteps: 544640 episode:60 

Rewards Tr: 269.54, Rewards Eval: 271.31, Total Timesteps: 551450 episode:61 

Rewards Tr: 271.70, Rewards Eval: 271.31, Total Timesteps: 558130 episode:62 

Rewards Tr: 270.72, Rewards Eval: 263.88, Total Timesteps: 564570 episode:63 

Rewards Tr: 270.96, Rewards Eval: 267.99, Total Timesteps: 571150 episode:64 

Rewards Tr: 266.17, Rewards Eval: 267.99, Total Timesteps: 577400 episode:65 

Rewards Tr: 266.35, Rewards Eval: 264.40, Total Timesteps: 583550 episode:66 

Rewards Tr: 264.18, Rewards Eval: 264.40, Total Timesteps: 589590 episode:67 

Rewards Tr: 260.30, Rewards Eval: 266.70, Total Timesteps: 595870 episode:68 

Rewards Tr: 266.56, Rewards Eval: 264.71, Total Timesteps: 602180 episode:69 

Rewards Tr: 267.05, Rewards Eval: 264.71, Total Timesteps: 608290 episode:70 

Rewards Tr: 263.13, Rewards Eval: 264.32, Total Timesteps: 614280 episode:71 

Rewards Tr: 265.10, Rewards Eval: 265.73, Total Timesteps: 620270 episode:72 

Rewards Tr: 264.63, Rewards Eval: 265.73, Total Timesteps: 626230 episode:73 

Rewards Tr: 258.67, Rewards Eval: 268.34, Total Timesteps: 632190 episode:74 

Rewards Tr: 264.87, Rewards Eval: 268.34, Total Timesteps: 638070 episode:75 

Rewards Tr: 265.24, Rewards Eval: 270.62, Total Timesteps: 643980 episode:76 

Rewards Tr: 264.43, Rewards Eval: 270.62, Total Timesteps: 649810 episode:77 

Rewards Tr: 267.76, Rewards Eval: 265.63, Total Timesteps: 655680 episode:78 

Rewards Tr: 270.38, Rewards Eval: 279.50, Total Timesteps: 661600 episode:79 

Rewards Tr: 279.80, Rewards Eval: 279.50, Total Timesteps: 667650 episode:80 

Rewards Tr: 284.76, Rewards Eval: 302.31, Total Timesteps: 673850 episode:81 

Rewards Tr: 295.89, Rewards Eval: 312.08, Total Timesteps: 680410 episode:82 

Rewards Tr: 308.50, Rewards Eval: 312.08, Total Timesteps: 687230 episode:83 

Rewards Tr: 276.91, Rewards Eval: 325.03, Total Timesteps: 694570 episode:84 

Rewards Tr: 315.92, Rewards Eval: 343.11, Total Timesteps: 701830 episode:85 

Rewards Tr: 320.50, Rewards Eval: 343.11, Total Timesteps: 709480 episode:86 

Rewards Tr: 332.23, Rewards Eval: 346.24, Total Timesteps: 717290 episode:87 

Rewards Tr: 343.22, Rewards Eval: 386.91, Total Timesteps: 725810 episode:88 

Rewards Tr: 359.26, Rewards Eval: 312.68, Total Timesteps: 734540 episode:89 

Rewards Tr: 356.90, Rewards Eval: 359.63, Total Timesteps: 742910 episode:90 

Rewards Tr: 363.34, Rewards Eval: 386.29, Total Timesteps: 752520 episode:91 

Rewards Tr: 364.92, Rewards Eval: 349.89, Total Timesteps: 761520 episode:92 

Rewards Tr: 368.22, Rewards Eval: 438.32, Total Timesteps: 770230 episode:93 

Rewards Tr: 380.70, Rewards Eval: 438.32, Total Timesteps: 779820 episode:94 

Rewards Tr: 376.54, Rewards Eval: 438.95, Total Timesteps: 789100 episode:95 

Rewards Tr: 396.08, Rewards Eval: 396.19, Total Timesteps: 798660 episode:96 

Rewards Tr: 386.78, Rewards Eval: 433.80, Total Timesteps: 810390 episode:97 

Rewards Tr: 420.05, Rewards Eval: 319.06, Total Timesteps: 821050 episode:98 

Rewards Tr: 390.30, Rewards Eval: 371.12, Total Timesteps: 831800 episode:99 

Rewards Tr: 391.84, Rewards Eval: 363.98, Total Timesteps: 841780 episode:100 

Rewards Tr: 404.11, Rewards Eval: 499.04, Total Timesteps: 851000 episode:101 

Rewards Tr: 413.40, Rewards Eval: 404.16, Total Timesteps: 861350 episode:102 

Rewards Tr: 399.30, Rewards Eval: 479.71, Total Timesteps: 870680 episode:103 

Rewards Tr: 396.28, Rewards Eval: 526.48, Total Timesteps: 880170 episode:104 

Rewards Tr: 416.97, Rewards Eval: 436.76, Total Timesteps: 890160 episode:105 

Rewards Tr: 429.51, Rewards Eval: 353.71, Total Timesteps: 901060 episode:106 

Rewards Tr: 445.86, Rewards Eval: 533.28, Total Timesteps: 911800 episode:107 

Rewards Tr: 461.41, Rewards Eval: 499.04, Total Timesteps: 922940 episode:108 

Rewards Tr: 450.25, Rewards Eval: 434.95, Total Timesteps: 933630 episode:109 

Rewards Tr: 450.12, Rewards Eval: 533.77, Total Timesteps: 944870 episode:110 

Rewards Tr: 464.36, Rewards Eval: 466.81, Total Timesteps: 955270 episode:111 

Rewards Tr: 498.38, Rewards Eval: 451.01, Total Timesteps: 966260 episode:112 

Rewards Tr: 466.19, Rewards Eval: 330.34, Total Timesteps: 976810 episode:113 

Rewards Tr: 495.17, Rewards Eval: 564.04, Total Timesteps: 988290 episode:114 

Rewards Tr: 550.77, Rewards Eval: 680.17, Total Timesteps: 1002800 episode:115 

Rewards Tr: 487.52, Rewards Eval: 580.52, Total Timesteps: 1014800 episode:116 

Rewards Tr: 537.72, Rewards Eval: 505.24, Total Timesteps: 1028340 episode:117 

Rewards Tr: 527.15, Rewards Eval: 580.81, Total Timesteps: 1043050 episode:118 

Rewards Tr: 555.19, Rewards Eval: 786.18, Total Timesteps: 1057110 episode:119 

Rewards Tr: 617.01, Rewards Eval: 593.08, Total Timesteps: 1074940 episode:120 

Rewards Tr: 598.30, Rewards Eval: 794.65, Total Timesteps: 1090500 episode:121 

Rewards Tr: 663.34, Rewards Eval: 694.27, Total Timesteps: 1110620 episode:122 

Rewards Tr: 607.21, Rewards Eval: 479.45, Total Timesteps: 1126250 episode:123 

Rewards Tr: 697.56, Rewards Eval: 844.38, Total Timesteps: 1145970 episode:124 

Rewards Tr: 895.70, Rewards Eval: 593.24, Total Timesteps: 1175820 episode:125 

Rewards Tr: 721.59, Rewards Eval: 702.66, Total Timesteps: 1194920 episode:126 

Rewards Tr: 898.41, Rewards Eval: 715.38, Total Timesteps: 1221990 episode:127 

Rewards Tr: 1050.54, Rewards Eval: 546.43, Total Timesteps: 1256170 episode:128 

Rewards Tr: 769.11, Rewards Eval: 1009.29, Total Timesteps: 1284170 episode:129 

Rewards Tr: 772.21, Rewards Eval: 932.19, Total Timesteps: 1309500 episode:130 

Rewards Tr: 997.02, Rewards Eval: 829.12, Total Timesteps: 1350980 episode:131 

Rewards Tr: 1068.42, Rewards Eval: 1007.23, Total Timesteps: 1386130 episode:132 

Rewards Tr: 1118.88, Rewards Eval: 1045.24, Total Timesteps: 1426160 episode:133 

Rewards Tr: 1225.57, Rewards Eval: 970.81, Total Timesteps: 1471790 episode:134 

Rewards Tr: 1205.49, Rewards Eval: 1135.41, Total Timesteps: 1513890 episode:135 

Rewards Tr: 982.50, Rewards Eval: 1058.85, Total Timesteps: 1550930 episode:136 

Rewards Tr: 1041.69, Rewards Eval: 1150.22, Total Timesteps: 1589450 episode:137 

Rewards Tr: 1258.44, Rewards Eval: 1290.94, Total Timesteps: 1632200 episode:138 

Rewards Tr: 1233.40, Rewards Eval: 1587.68, Total Timesteps: 1672510 episode:139 

Rewards Tr: 1846.07, Rewards Eval: 1240.61, Total Timesteps: 1722510 episode:140 

Rewards Tr: 1624.57, Rewards Eval: 1515.09, Total Timesteps: 1771320 episode:141 

Rewards Tr: 2185.53, Rewards Eval: 1450.02, Total Timesteps: 1821320 episode:142 

Rewards Tr: 2041.35, Rewards Eval: 1124.24, Total Timesteps: 1871320 episode:143 

Rewards Tr: 1698.18, Rewards Eval: 2862.56, Total Timesteps: 1918000 episode:144 

Rewards Tr: 2364.58, Rewards Eval: 1170.94, Total Timesteps: 1968000 episode:145 

Rewards Tr: 2094.54, Rewards Eval: 1582.79, Total Timesteps: 2016020 episode:146 

Rewards Tr: 2151.68, Rewards Eval: 2391.38, Total Timesteps: 2066020 episode:147 

Rewards Tr: 2441.42, Rewards Eval: 1644.09, Total Timesteps: 2116020 episode:148 

Rewards Tr: 2319.49, Rewards Eval: 2100.29, Total Timesteps: 2166020 episode:149 

Rewards Tr: 1852.18, Rewards Eval: 847.16, Total Timesteps: 2214220 episode:150 

Rewards Tr: 2018.80, Rewards Eval: 3139.03, Total Timesteps: 2264220 episode:151 

Rewards Tr: 2110.66, Rewards Eval: 2164.78, Total Timesteps: 2314220 episode:152 

Rewards Tr: 2431.19, Rewards Eval: 1858.89, Total Timesteps: 2364220 episode:153 

Rewards Tr: 2394.07, Rewards Eval: 2959.52, Total Timesteps: 2414220 episode:154 

Rewards Tr: 2390.44, Rewards Eval: 2955.06, Total Timesteps: 2464220 episode:155 

Rewards Tr: 1905.48, Rewards Eval: 2193.64, Total Timesteps: 2514220 episode:156 

Rewards Tr: 2528.57, Rewards Eval: 3080.00, Total Timesteps: 2564220 episode:157 

Rewards Tr: 2841.99, Rewards Eval: 2493.63, Total Timesteps: 2614220 episode:158 

Rewards Tr: 2637.47, Rewards Eval: 2422.77, Total Timesteps: 2664220 episode:159 

Rewards Tr: 2482.37, Rewards Eval: 2044.93, Total Timesteps: 2714220 episode:160 

Rewards Tr: 2126.04, Rewards Eval: 2532.13, Total Timesteps: 2764220 episode:161 

Rewards Tr: 2504.28, Rewards Eval: 2628.63, Total Timesteps: 2814220 episode:162 

Rewards Tr: 2173.00, Rewards Eval: 2608.79, Total Timesteps: 2864220 episode:163 

Rewards Tr: 2182.67, Rewards Eval: 2574.37, Total Timesteps: 2914220 episode:164 

Rewards Tr: 2340.63, Rewards Eval: 3368.17, Total Timesteps: 2964220 episode:165 

Rewards Tr: 2847.22, Rewards Eval: 2000.81, Total Timesteps: 3014220 episode:166 

Rewards Tr: 2490.05, Rewards Eval: 1483.45, Total Timesteps: 3064220 episode:167 

Rewards Tr: 2486.74, Rewards Eval: 2736.88, Total Timesteps: 3114220 episode:168 

Rewards Tr: 2651.46, Rewards Eval: 2298.34, Total Timesteps: 3164220 episode:169 

Rewards Tr: 2436.20, Rewards Eval: 3396.29, Total Timesteps: 3214220 episode:170 

Rewards Tr: 2809.46, Rewards Eval: 2961.90, Total Timesteps: 3264220 episode:171 

Rewards Tr: 2710.43, Rewards Eval: 2972.84, Total Timesteps: 3314220 episode:172 

Rewards Tr: 2814.84, Rewards Eval: 2515.47, Total Timesteps: 3364220 episode:173 

Rewards Tr: 2859.54, Rewards Eval: 3072.71, Total Timesteps: 3414220 episode:174 

Rewards Tr: 2600.18, Rewards Eval: 3032.83, Total Timesteps: 3464220 episode:175 

Rewards Tr: 2400.83, Rewards Eval: 2945.59, Total Timesteps: 3514220 episode:176 

Rewards Tr: 2565.87, Rewards Eval: 2092.02, Total Timesteps: 3564220 episode:177 

Rewards Tr: 2179.01, Rewards Eval: 1856.00, Total Timesteps: 3610700 episode:178 

Rewards Tr: 2589.28, Rewards Eval: 2840.27, Total Timesteps: 3660700 episode:179 

Rewards Tr: 2618.19, Rewards Eval: 2846.84, Total Timesteps: 3710700 episode:180 

Rewards Tr: 2830.40, Rewards Eval: 2170.58, Total Timesteps: 3760700 episode:181 

Rewards Tr: 2619.02, Rewards Eval: 2852.99, Total Timesteps: 3810700 episode:182 

Rewards Tr: 2801.21, Rewards Eval: 1374.46, Total Timesteps: 3860700 episode:183 

Rewards Tr: 2452.51, Rewards Eval: 2127.36, Total Timesteps: 3910700 episode:184 

Rewards Tr: 2666.45, Rewards Eval: 2947.19, Total Timesteps: 3960700 episode:185 

Rewards Tr: 2609.67, Rewards Eval: 3158.35, Total Timesteps: 4010700 episode:186 

Rewards Tr: 2811.94, Rewards Eval: 2428.30, Total Timesteps: 4060700 episode:187 

Rewards Tr: 2639.35, Rewards Eval: 3190.94, Total Timesteps: 4110700 episode:188 

Rewards Tr: 2581.57, Rewards Eval: 2304.10, Total Timesteps: 4160700 episode:189 

Rewards Tr: 2740.13, Rewards Eval: 2222.76, Total Timesteps: 4210700 episode:190 

Rewards Tr: 2597.89, Rewards Eval: 2439.64, Total Timesteps: 4260700 episode:191 

Rewards Tr: 2727.06, Rewards Eval: 2551.32, Total Timesteps: 4310700 episode:192 

Rewards Tr: 2684.98, Rewards Eval: 3375.07, Total Timesteps: 4360700 episode:193 

Rewards Tr: 2522.43, Rewards Eval: 3209.17, Total Timesteps: 4410700 episode:194 

Rewards Tr: 2869.47, Rewards Eval: 3403.79, Total Timesteps: 4460700 episode:195 

Rewards Tr: 2631.91, Rewards Eval: 2421.44, Total Timesteps: 4510700 episode:196 

Rewards Tr: 2719.16, Rewards Eval: 3018.56, Total Timesteps: 4560700 episode:197 

Rewards Tr: 2483.01, Rewards Eval: 1537.55, Total Timesteps: 4610700 episode:198 

Rewards Tr: 2388.82, Rewards Eval: 3086.48, Total Timesteps: 4660700 episode:199 

Rewards Tr: 2734.08, Rewards Eval: 2362.49, Total Timesteps: 4710700 episode:200 

Rewards Tr: 2761.34, Rewards Eval: 2840.49, Total Timesteps: 4760700 episode:201 

Rewards Tr: 2884.99, Rewards Eval: 2598.96, Total Timesteps: 4810700 episode:202 

Rewards Tr: 2795.02, Rewards Eval: 3158.88, Total Timesteps: 4860700 episode:203 

Rewards Tr: 2821.78, Rewards Eval: 2869.38, Total Timesteps: 4910700 episode:204 

Rewards Tr: 2837.34, Rewards Eval: 2085.70, Total Timesteps: 4960700 episode:205 

Rewards Tr: 2164.01, Rewards Eval: 3232.80, Total Timesteps: 5010700 episode:206 

Rewards Tr: 2660.82, Rewards Eval: 2961.91, Total Timesteps: 5060700 episode:207 

Rewards Tr: 2819.63, Rewards Eval: 2771.38, Total Timesteps: 5110700 episode:208 

Rewards Tr: 2462.50, Rewards Eval: 3127.12, Total Timesteps: 5160700 episode:209 

Rewards Tr: 2471.94, Rewards Eval: 3376.32, Total Timesteps: 5210700 episode:210 

Rewards Tr: 2862.54, Rewards Eval: 2750.52, Total Timesteps: 5260700 episode:211 

Rewards Tr: 2572.40, Rewards Eval: 2471.75, Total Timesteps: 5310700 episode:212 

Rewards Tr: 2743.51, Rewards Eval: 2540.40, Total Timesteps: 5360700 episode:213 

Rewards Tr: 2720.80, Rewards Eval: 3244.12, Total Timesteps: 5410700 episode:214 

Rewards Tr: 2925.54, Rewards Eval: 3167.21, Total Timesteps: 5460700 episode:215 

Rewards Tr: 2931.95, Rewards Eval: 2853.09, Total Timesteps: 5510700 episode:216 

Rewards Tr: 2686.05, Rewards Eval: 3354.73, Total Timesteps: 5560700 episode:217 

Rewards Tr: 3177.95, Rewards Eval: 3192.22, Total Timesteps: 5610700 episode:218 

Rewards Tr: 2868.82, Rewards Eval: 3198.22, Total Timesteps: 5660700 episode:219 

Rewards Tr: 3017.09, Rewards Eval: 2806.61, Total Timesteps: 5710700 episode:220 

Rewards Tr: 2993.74, Rewards Eval: 3277.76, Total Timesteps: 5760700 episode:221 

Rewards Tr: 2907.42, Rewards Eval: 3024.96, Total Timesteps: 5810700 episode:222 

Rewards Tr: 2782.29, Rewards Eval: 3459.25, Total Timesteps: 5860700 episode:223 

Rewards Tr: 2816.14, Rewards Eval: 2721.82, Total Timesteps: 5910700 episode:224 

Rewards Tr: 2973.89, Rewards Eval: 2840.73, Total Timesteps: 5960700 episode:225 

Rewards Tr: 2923.47, Rewards Eval: 3267.00, Total Timesteps: 6010700 episode:226 

Rewards Tr: 3000.32, Rewards Eval: 3343.44, Total Timesteps: 6060700 episode:227 

Rewards Tr: 2591.23, Rewards Eval: 2476.03, Total Timesteps: 6110700 episode:228 

Rewards Tr: 2917.89, Rewards Eval: 2492.68, Total Timesteps: 6160700 episode:229 

Rewards Tr: 2531.99, Rewards Eval: 2523.38, Total Timesteps: 6210700 episode:230 

Rewards Tr: 2630.20, Rewards Eval: 2278.04, Total Timesteps: 6260700 episode:231 

Rewards Tr: 2301.53, Rewards Eval: 2503.26, Total Timesteps: 6310700 episode:232 

Rewards Tr: 2616.85, Rewards Eval: 3410.88, Total Timesteps: 6360700 episode:233 

Rewards Tr: 2658.68, Rewards Eval: 1483.00, Total Timesteps: 6410700 episode:234 

Rewards Tr: 2758.06, Rewards Eval: 3314.30, Total Timesteps: 6460700 episode:235 

Rewards Tr: 2974.68, Rewards Eval: 1814.58, Total Timesteps: 6510700 episode:236 

Rewards Tr: 2766.12, Rewards Eval: 2996.33, Total Timesteps: 6560700 episode:237 

Rewards Tr: 2968.47, Rewards Eval: 2611.73, Total Timesteps: 6610700 episode:238 

Rewards Tr: 2833.85, Rewards Eval: 3408.07, Total Timesteps: 6660700 episode:239 

Rewards Tr: 2943.10, Rewards Eval: 3417.24, Total Timesteps: 6710700 episode:240 

Rewards Tr: 2981.14, Rewards Eval: 3458.19, Total Timesteps: 6760700 episode:241 

Rewards Tr: 3040.15, Rewards Eval: 2713.29, Total Timesteps: 6810700 episode:242 

Rewards Tr: 2945.85, Rewards Eval: 2144.38, Total Timesteps: 6860700 episode:243 

Rewards Tr: 2728.99, Rewards Eval: 2987.59, Total Timesteps: 6910700 episode:244 

Rewards Tr: 2390.17, Rewards Eval: 2847.16, Total Timesteps: 6960700 episode:245 

Rewards Tr: 2634.79, Rewards Eval: 3148.75, Total Timesteps: 7010700 episode:246 

Rewards Tr: 2647.16, Rewards Eval: 2866.93, Total Timesteps: 7060700 episode:247 

Rewards Tr: 3007.58, Rewards Eval: 1657.89, Total Timesteps: 7110700 episode:248 

Rewards Tr: 2981.07, Rewards Eval: 3020.21, Total Timesteps: 7160700 episode:249 

Elapsed Time: 59.2 minutes 

For Seed: 2 

Rewards Tr: 7.19, Rewards Eval: 0.00, Total Timesteps: 820 episode:0 

Rewards Tr: 7.96, Rewards Eval: 0.00, Total Timesteps: 1610 episode:1 

Rewards Tr: 8.65, Rewards Eval: 0.00, Total Timesteps: 2540 episode:2 

Rewards Tr: 12.65, Rewards Eval: 0.00, Total Timesteps: 3860 episode:3 

Rewards Tr: 17.44, Rewards Eval: 0.00, Total Timesteps: 5660 episode:4 

Rewards Tr: 34.79, Rewards Eval: 0.00, Total Timesteps: 8270 episode:5 

Rewards Tr: 51.80, Rewards Eval: 40.40, Total Timesteps: 11140 episode:6 

Rewards Tr: 62.40, Rewards Eval: 40.40, Total Timesteps: 14510 episode:7 

Rewards Tr: 58.57, Rewards Eval: 40.40, Total Timesteps: 17570 episode:8 

Rewards Tr: 60.09, Rewards Eval: 28.42, Total Timesteps: 20660 episode:9 

Rewards Tr: 63.53, Rewards Eval: 28.42, Total Timesteps: 24760 episode:10 

Rewards Tr: 69.85, Rewards Eval: 28.42, Total Timesteps: 29610 episode:11 

Rewards Tr: 77.51, Rewards Eval: 88.27, Total Timesteps: 34550 episode:12 

Rewards Tr: 90.51, Rewards Eval: 94.55, Total Timesteps: 40080 episode:13 

Rewards Tr: 76.58, Rewards Eval: 94.55, Total Timesteps: 44040 episode:14 

Rewards Tr: 101.46, Rewards Eval: 94.55, Total Timesteps: 49390 episode:15 

Rewards Tr: 126.27, Rewards Eval: 103.47, Total Timesteps: 56470 episode:16 

Rewards Tr: 106.96, Rewards Eval: 115.31, Total Timesteps: 62770 episode:17 

Rewards Tr: 115.84, Rewards Eval: 115.31, Total Timesteps: 69810 episode:18 

Rewards Tr: 115.09, Rewards Eval: 181.51, Total Timesteps: 76440 episode:19 

Rewards Tr: 146.38, Rewards Eval: 119.67, Total Timesteps: 84570 episode:20 

Rewards Tr: 140.60, Rewards Eval: 161.20, Total Timesteps: 92270 episode:21 

Rewards Tr: 162.46, Rewards Eval: 186.03, Total Timesteps: 102380 episode:22 

Rewards Tr: 173.49, Rewards Eval: 225.65, Total Timesteps: 110590 episode:23 

Rewards Tr: 195.31, Rewards Eval: 187.16, Total Timesteps: 121990 episode:24 

Rewards Tr: 199.15, Rewards Eval: 230.02, Total Timesteps: 132810 episode:25 

Rewards Tr: 226.08, Rewards Eval: 260.48, Total Timesteps: 143650 episode:26 

Rewards Tr: 218.35, Rewards Eval: 208.11, Total Timesteps: 154390 episode:27 

Rewards Tr: 227.90, Rewards Eval: 217.14, Total Timesteps: 164770 episode:28 

Rewards Tr: 233.98, Rewards Eval: 163.75, Total Timesteps: 177590 episode:29 

Rewards Tr: 187.57, Rewards Eval: 217.12, Total Timesteps: 187620 episode:30 

Rewards Tr: 225.62, Rewards Eval: 273.66, Total Timesteps: 197850 episode:31 

Rewards Tr: 232.01, Rewards Eval: 281.10, Total Timesteps: 208680 episode:32 

Rewards Tr: 257.70, Rewards Eval: 265.78, Total Timesteps: 226640 episode:33 

Rewards Tr: 262.53, Rewards Eval: 266.00, Total Timesteps: 238330 episode:34 

Rewards Tr: 252.52, Rewards Eval: 258.53, Total Timesteps: 252450 episode:35 

Rewards Tr: 275.39, Rewards Eval: 266.27, Total Timesteps: 268760 episode:36 

Rewards Tr: 282.17, Rewards Eval: 240.43, Total Timesteps: 282770 episode:37 

Rewards Tr: 277.83, Rewards Eval: 301.57, Total Timesteps: 296710 episode:38 

Rewards Tr: 288.05, Rewards Eval: 292.10, Total Timesteps: 311810 episode:39 

Rewards Tr: 279.61, Rewards Eval: 269.90, Total Timesteps: 324780 episode:40 

Rewards Tr: 295.71, Rewards Eval: 391.17, Total Timesteps: 342490 episode:41 

Rewards Tr: 306.61, Rewards Eval: 300.77, Total Timesteps: 358290 episode:42 

Rewards Tr: 345.12, Rewards Eval: 364.15, Total Timesteps: 385030 episode:43 

Rewards Tr: 355.10, Rewards Eval: 368.35, Total Timesteps: 413920 episode:44 

Rewards Tr: 353.03, Rewards Eval: 320.60, Total Timesteps: 439120 episode:45 

Rewards Tr: 369.38, Rewards Eval: 446.84, Total Timesteps: 470950 episode:46 

Rewards Tr: 325.31, Rewards Eval: 295.88, Total Timesteps: 486950 episode:47 

Rewards Tr: 294.94, Rewards Eval: 385.90, Total Timesteps: 498770 episode:48 

Rewards Tr: 276.78, Rewards Eval: 283.51, Total Timesteps: 509620 episode:49 

Rewards Tr: 287.10, Rewards Eval: 302.01, Total Timesteps: 523720 episode:50 

Rewards Tr: 276.61, Rewards Eval: 263.76, Total Timesteps: 535190 episode:51 

Rewards Tr: 271.58, Rewards Eval: 269.94, Total Timesteps: 544760 episode:52 

Rewards Tr: 270.27, Rewards Eval: 286.61, Total Timesteps: 554260 episode:53 

Rewards Tr: 260.49, Rewards Eval: 275.24, Total Timesteps: 563110 episode:54 

Rewards Tr: 268.90, Rewards Eval: 271.54, Total Timesteps: 572810 episode:55 

Rewards Tr: 285.25, Rewards Eval: 281.16, Total Timesteps: 583450 episode:56 

Rewards Tr: 269.51, Rewards Eval: 281.91, Total Timesteps: 592660 episode:57 

Rewards Tr: 266.00, Rewards Eval: 273.39, Total Timesteps: 600740 episode:58 

Rewards Tr: 279.49, Rewards Eval: 266.96, Total Timesteps: 611020 episode:59 

Rewards Tr: 273.97, Rewards Eval: 281.54, Total Timesteps: 620180 episode:60 

Rewards Tr: 281.47, Rewards Eval: 263.67, Total Timesteps: 630310 episode:61 

Rewards Tr: 265.95, Rewards Eval: 263.67, Total Timesteps: 638330 episode:62 

Rewards Tr: 263.27, Rewards Eval: 264.73, Total Timesteps: 645610 episode:63 

Rewards Tr: 263.71, Rewards Eval: 278.30, Total Timesteps: 654120 episode:64 

Rewards Tr: 271.30, Rewards Eval: 257.55, Total Timesteps: 662790 episode:65 

Rewards Tr: 267.38, Rewards Eval: 268.09, Total Timesteps: 670880 episode:66 

Rewards Tr: 264.43, Rewards Eval: 268.09, Total Timesteps: 678230 episode:67 

Rewards Tr: 269.55, Rewards Eval: 269.80, Total Timesteps: 686530 episode:68 

Rewards Tr: 265.68, Rewards Eval: 256.90, Total Timesteps: 693920 episode:69 

Rewards Tr: 264.20, Rewards Eval: 237.78, Total Timesteps: 700980 episode:70 

Rewards Tr: 252.41, Rewards Eval: 237.78, Total Timesteps: 708040 episode:71 

Rewards Tr: 261.22, Rewards Eval: 265.98, Total Timesteps: 715230 episode:72 

Rewards Tr: 261.94, Rewards Eval: 263.32, Total Timesteps: 722620 episode:73 

Rewards Tr: 259.90, Rewards Eval: 263.32, Total Timesteps: 729860 episode:74 

Rewards Tr: 260.38, Rewards Eval: 266.70, Total Timesteps: 737240 episode:75 

Rewards Tr: 252.81, Rewards Eval: 251.60, Total Timesteps: 744920 episode:76 

Rewards Tr: 269.10, Rewards Eval: 266.85, Total Timesteps: 752050 episode:77 

Rewards Tr: 270.36, Rewards Eval: 266.85, Total Timesteps: 759360 episode:78 

Rewards Tr: 264.40, Rewards Eval: 271.76, Total Timesteps: 766290 episode:79 

Rewards Tr: 267.51, Rewards Eval: 270.37, Total Timesteps: 773390 episode:80 

Rewards Tr: 270.23, Rewards Eval: 270.00, Total Timesteps: 781060 episode:81 

Rewards Tr: 268.95, Rewards Eval: 270.00, Total Timesteps: 788190 episode:82 

Rewards Tr: 272.60, Rewards Eval: 269.40, Total Timesteps: 795790 episode:83 

Rewards Tr: 274.26, Rewards Eval: 253.31, Total Timesteps: 803410 episode:84 

Rewards Tr: 269.63, Rewards Eval: 271.50, Total Timesteps: 810990 episode:85 

Rewards Tr: 265.58, Rewards Eval: 271.50, Total Timesteps: 818560 episode:86 

Rewards Tr: 271.54, Rewards Eval: 284.37, Total Timesteps: 825720 episode:87 

Rewards Tr: 281.93, Rewards Eval: 273.22, Total Timesteps: 833530 episode:88 

Rewards Tr: 291.56, Rewards Eval: 276.46, Total Timesteps: 841570 episode:89 

Rewards Tr: 289.26, Rewards Eval: 276.46, Total Timesteps: 849520 episode:90 

Rewards Tr: 317.19, Rewards Eval: 315.22, Total Timesteps: 859140 episode:91 

Rewards Tr: 319.59, Rewards Eval: 324.58, Total Timesteps: 868880 episode:92 

Rewards Tr: 313.99, Rewards Eval: 363.22, Total Timesteps: 879250 episode:93 

Rewards Tr: 319.87, Rewards Eval: 352.99, Total Timesteps: 888390 episode:94 

Rewards Tr: 353.76, Rewards Eval: 316.19, Total Timesteps: 900260 episode:95 

Rewards Tr: 358.51, Rewards Eval: 345.22, Total Timesteps: 912010 episode:96 

Rewards Tr: 369.81, Rewards Eval: 420.20, Total Timesteps: 923400 episode:97 

Rewards Tr: 394.36, Rewards Eval: 382.87, Total Timesteps: 936680 episode:98 

Rewards Tr: 435.16, Rewards Eval: 346.80, Total Timesteps: 949890 episode:99 

Rewards Tr: 444.94, Rewards Eval: 489.49, Total Timesteps: 966910 episode:100 

Rewards Tr: 425.20, Rewards Eval: 415.81, Total Timesteps: 980400 episode:101 

Rewards Tr: 424.39, Rewards Eval: 488.40, Total Timesteps: 994900 episode:102 

Rewards Tr: 446.11, Rewards Eval: 747.93, Total Timesteps: 1010800 episode:103 

Rewards Tr: 478.43, Rewards Eval: 411.20, Total Timesteps: 1029400 episode:104 

Rewards Tr: 451.64, Rewards Eval: 468.57, Total Timesteps: 1045660 episode:105 

Rewards Tr: 521.20, Rewards Eval: 586.21, Total Timesteps: 1064710 episode:106 

Rewards Tr: 521.79, Rewards Eval: 512.13, Total Timesteps: 1082600 episode:107 

Rewards Tr: 522.90, Rewards Eval: 400.02, Total Timesteps: 1101830 episode:108 

Rewards Tr: 518.42, Rewards Eval: 838.54, Total Timesteps: 1117560 episode:109 

Rewards Tr: 574.75, Rewards Eval: 498.14, Total Timesteps: 1136910 episode:110 

Rewards Tr: 535.51, Rewards Eval: 472.40, Total Timesteps: 1154710 episode:111 

Rewards Tr: 580.85, Rewards Eval: 741.52, Total Timesteps: 1175660 episode:112 

Rewards Tr: 584.10, Rewards Eval: 460.28, Total Timesteps: 1196900 episode:113 

Rewards Tr: 622.98, Rewards Eval: 543.53, Total Timesteps: 1216080 episode:114 

Rewards Tr: 659.86, Rewards Eval: 624.70, Total Timesteps: 1238840 episode:115 

Rewards Tr: 564.29, Rewards Eval: 665.42, Total Timesteps: 1255300 episode:116 

Rewards Tr: 653.13, Rewards Eval: 706.15, Total Timesteps: 1276370 episode:117 

Rewards Tr: 661.42, Rewards Eval: 568.12, Total Timesteps: 1297120 episode:118 

Rewards Tr: 649.80, Rewards Eval: 861.18, Total Timesteps: 1316750 episode:119 

Rewards Tr: 695.72, Rewards Eval: 851.40, Total Timesteps: 1338520 episode:120 

Rewards Tr: 712.99, Rewards Eval: 866.08, Total Timesteps: 1360430 episode:121 

Rewards Tr: 666.13, Rewards Eval: 672.91, Total Timesteps: 1379020 episode:122 

Rewards Tr: 711.24, Rewards Eval: 796.33, Total Timesteps: 1403350 episode:123 

Rewards Tr: 791.60, Rewards Eval: 748.43, Total Timesteps: 1430920 episode:124 

Rewards Tr: 695.17, Rewards Eval: 910.02, Total Timesteps: 1452840 episode:125 

Rewards Tr: 800.93, Rewards Eval: 419.83, Total Timesteps: 1481410 episode:126 

Rewards Tr: 727.81, Rewards Eval: 648.60, Total Timesteps: 1502680 episode:127 

Rewards Tr: 755.73, Rewards Eval: 751.36, Total Timesteps: 1529230 episode:128 

Rewards Tr: 711.10, Rewards Eval: 647.13, Total Timesteps: 1548810 episode:129 

Rewards Tr: 794.05, Rewards Eval: 846.20, Total Timesteps: 1576240 episode:130 

Rewards Tr: 793.83, Rewards Eval: 736.39, Total Timesteps: 1603290 episode:131 

Rewards Tr: 712.17, Rewards Eval: 913.67, Total Timesteps: 1625870 episode:132 

Rewards Tr: 785.40, Rewards Eval: 784.05, Total Timesteps: 1647210 episode:133 

Rewards Tr: 880.43, Rewards Eval: 675.90, Total Timesteps: 1677790 episode:134 

Rewards Tr: 715.10, Rewards Eval: 649.55, Total Timesteps: 1698690 episode:135 

Rewards Tr: 811.45, Rewards Eval: 1027.11, Total Timesteps: 1723990 episode:136 

Rewards Tr: 800.40, Rewards Eval: 980.20, Total Timesteps: 1750000 episode:137 

Rewards Tr: 821.02, Rewards Eval: 841.79, Total Timesteps: 1774640 episode:138 

Rewards Tr: 773.54, Rewards Eval: 757.00, Total Timesteps: 1796350 episode:139 

Rewards Tr: 799.21, Rewards Eval: 1604.45, Total Timesteps: 1821070 episode:140 

Rewards Tr: 933.82, Rewards Eval: 780.95, Total Timesteps: 1849400 episode:141 

Rewards Tr: 921.43, Rewards Eval: 959.59, Total Timesteps: 1883440 episode:142 

Rewards Tr: 916.61, Rewards Eval: 1054.52, Total Timesteps: 1916170 episode:143 

Rewards Tr: 1021.28, Rewards Eval: 1502.16, Total Timesteps: 1948490 episode:144 

Rewards Tr: 881.49, Rewards Eval: 848.40, Total Timesteps: 1975040 episode:145 

Rewards Tr: 949.13, Rewards Eval: 1031.72, Total Timesteps: 2003050 episode:146 

Rewards Tr: 992.24, Rewards Eval: 839.45, Total Timesteps: 2034090 episode:147 

Rewards Tr: 900.19, Rewards Eval: 844.03, Total Timesteps: 2059620 episode:148 

Rewards Tr: 1055.74, Rewards Eval: 970.04, Total Timesteps: 2092340 episode:149 

Rewards Tr: 1223.13, Rewards Eval: 1279.40, Total Timesteps: 2136880 episode:150 

Rewards Tr: 1112.47, Rewards Eval: 1202.32, Total Timesteps: 2176150 episode:151 

Rewards Tr: 1106.18, Rewards Eval: 1053.74, Total Timesteps: 2216270 episode:152 

Rewards Tr: 1241.26, Rewards Eval: 1233.94, Total Timesteps: 2258950 episode:153 

Rewards Tr: 1197.13, Rewards Eval: 1168.62, Total Timesteps: 2299670 episode:154 

Rewards Tr: 1292.09, Rewards Eval: 1026.42, Total Timesteps: 2342050 episode:155 

Rewards Tr: 1197.04, Rewards Eval: 906.51, Total Timesteps: 2383800 episode:156 

Rewards Tr: 904.90, Rewards Eval: 1332.19, Total Timesteps: 2410230 episode:157 

Rewards Tr: 1136.22, Rewards Eval: 1194.96, Total Timesteps: 2445560 episode:158 

Rewards Tr: 1155.35, Rewards Eval: 1064.54, Total Timesteps: 2479650 episode:159 

Rewards Tr: 1095.51, Rewards Eval: 975.93, Total Timesteps: 2519180 episode:160 

Rewards Tr: 900.82, Rewards Eval: 1120.71, Total Timesteps: 2547170 episode:161 

Rewards Tr: 1126.41, Rewards Eval: 1400.51, Total Timesteps: 2591080 episode:162 

Rewards Tr: 1117.58, Rewards Eval: 980.03, Total Timesteps: 2628040 episode:163 

Rewards Tr: 912.09, Rewards Eval: 747.27, Total Timesteps: 2656560 episode:164 

Rewards Tr: 933.95, Rewards Eval: 1012.87, Total Timesteps: 2684220 episode:165 

Rewards Tr: 1069.67, Rewards Eval: 1088.53, Total Timesteps: 2718930 episode:166 

Rewards Tr: 863.90, Rewards Eval: 1433.79, Total Timesteps: 2743130 episode:167 

Rewards Tr: 1093.40, Rewards Eval: 914.06, Total Timesteps: 2781480 episode:168 

Rewards Tr: 1090.51, Rewards Eval: 1157.06, Total Timesteps: 2819050 episode:169 

Rewards Tr: 1001.55, Rewards Eval: 984.65, Total Timesteps: 2849740 episode:170 

Rewards Tr: 1136.96, Rewards Eval: 928.56, Total Timesteps: 2887310 episode:171 

Rewards Tr: 1106.10, Rewards Eval: 805.90, Total Timesteps: 2923270 episode:172 

Rewards Tr: 918.32, Rewards Eval: 1408.15, Total Timesteps: 2947750 episode:173 

Rewards Tr: 1211.88, Rewards Eval: 853.27, Total Timesteps: 2985570 episode:174 

Rewards Tr: 977.65, Rewards Eval: 1165.90, Total Timesteps: 3018800 episode:175 

Rewards Tr: 1083.45, Rewards Eval: 863.41, Total Timesteps: 3052930 episode:176 

Rewards Tr: 998.84, Rewards Eval: 1116.94, Total Timesteps: 3086660 episode:177 

Rewards Tr: 966.74, Rewards Eval: 926.39, Total Timesteps: 3117510 episode:178 

Rewards Tr: 972.10, Rewards Eval: 747.38, Total Timesteps: 3147610 episode:179 

Rewards Tr: 909.33, Rewards Eval: 1135.08, Total Timesteps: 3172950 episode:180 

Rewards Tr: 950.44, Rewards Eval: 722.57, Total Timesteps: 3201880 episode:181 

Rewards Tr: 963.89, Rewards Eval: 1123.46, Total Timesteps: 3236130 episode:182 

Rewards Tr: 923.57, Rewards Eval: 812.28, Total Timesteps: 3262470 episode:183 

Rewards Tr: 876.21, Rewards Eval: 867.26, Total Timesteps: 3286810 episode:184 

Rewards Tr: 1108.72, Rewards Eval: 934.84, Total Timesteps: 3324600 episode:185 

Rewards Tr: 985.79, Rewards Eval: 867.14, Total Timesteps: 3354300 episode:186 

Rewards Tr: 1054.04, Rewards Eval: 873.05, Total Timesteps: 3389480 episode:187 

Rewards Tr: 1062.76, Rewards Eval: 970.67, Total Timesteps: 3420050 episode:188 

Rewards Tr: 900.98, Rewards Eval: 1090.63, Total Timesteps: 3445320 episode:189 

Rewards Tr: 1049.15, Rewards Eval: 1461.20, Total Timesteps: 3479560 episode:190 

Rewards Tr: 1105.95, Rewards Eval: 1597.25, Total Timesteps: 3515160 episode:191 

Rewards Tr: 1211.83, Rewards Eval: 1564.46, Total Timesteps: 3555310 episode:192 

Rewards Tr: 1011.23, Rewards Eval: 1484.30, Total Timesteps: 3584270 episode:193 

Rewards Tr: 1112.17, Rewards Eval: 1256.76, Total Timesteps: 3617680 episode:194 

Rewards Tr: 1519.59, Rewards Eval: 789.30, Total Timesteps: 3662510 episode:195 

Rewards Tr: 1292.33, Rewards Eval: 1040.30, Total Timesteps: 3705860 episode:196 

Rewards Tr: 1154.96, Rewards Eval: 2174.81, Total Timesteps: 3740720 episode:197 

Rewards Tr: 1384.67, Rewards Eval: 1417.81, Total Timesteps: 3787360 episode:198 

Rewards Tr: 1088.15, Rewards Eval: 1148.97, Total Timesteps: 3825040 episode:199 

Rewards Tr: 1457.74, Rewards Eval: 1289.11, Total Timesteps: 3868690 episode:200 

Rewards Tr: 1375.29, Rewards Eval: 2185.22, Total Timesteps: 3913750 episode:201 

Rewards Tr: 1795.72, Rewards Eval: 1202.49, Total Timesteps: 3962450 episode:202 

Rewards Tr: 1425.96, Rewards Eval: 1461.43, Total Timesteps: 4011590 episode:203 

Rewards Tr: 1752.16, Rewards Eval: 1376.62, Total Timesteps: 4061590 episode:204 

Rewards Tr: 1553.64, Rewards Eval: 2132.90, Total Timesteps: 4111240 episode:205 

Rewards Tr: 1584.84, Rewards Eval: 1804.73, Total Timesteps: 4160550 episode:206 

Rewards Tr: 1844.35, Rewards Eval: 2137.17, Total Timesteps: 4210550 episode:207 

Rewards Tr: 1877.14, Rewards Eval: 2747.35, Total Timesteps: 4260550 episode:208 

Rewards Tr: 1953.13, Rewards Eval: 1395.58, Total Timesteps: 4310550 episode:209 

Rewards Tr: 1359.11, Rewards Eval: 1863.82, Total Timesteps: 4352430 episode:210 

Rewards Tr: 1779.21, Rewards Eval: 2110.32, Total Timesteps: 4401740 episode:211 

Rewards Tr: 1738.43, Rewards Eval: 1286.33, Total Timesteps: 4451740 episode:212 

Rewards Tr: 1491.83, Rewards Eval: 1333.33, Total Timesteps: 4499990 episode:213 

Rewards Tr: 1306.13, Rewards Eval: 1947.16, Total Timesteps: 4539630 episode:214 

Rewards Tr: 1593.66, Rewards Eval: 2090.81, Total Timesteps: 4587350 episode:215 

Rewards Tr: 1923.39, Rewards Eval: 1620.79, Total Timesteps: 4637350 episode:216 

Rewards Tr: 2148.78, Rewards Eval: 1159.55, Total Timesteps: 4687350 episode:217 

Rewards Tr: 1597.15, Rewards Eval: 1005.31, Total Timesteps: 4733920 episode:218 

Rewards Tr: 1441.10, Rewards Eval: 1523.04, Total Timesteps: 4779540 episode:219 

Rewards Tr: 1658.07, Rewards Eval: 1229.02, Total Timesteps: 4827220 episode:220 

Rewards Tr: 1550.81, Rewards Eval: 2127.98, Total Timesteps: 4873330 episode:221 

Rewards Tr: 1874.59, Rewards Eval: 1309.60, Total Timesteps: 4923330 episode:222 

Rewards Tr: 1451.76, Rewards Eval: 1073.38, Total Timesteps: 4967220 episode:223 

Rewards Tr: 1594.34, Rewards Eval: 1428.63, Total Timesteps: 5015650 episode:224 

Rewards Tr: 1623.41, Rewards Eval: 2251.94, Total Timesteps: 5065650 episode:225 

Rewards Tr: 2021.38, Rewards Eval: 1227.14, Total Timesteps: 5115650 episode:226 

Rewards Tr: 1976.47, Rewards Eval: 1427.67, Total Timesteps: 5165650 episode:227 

Rewards Tr: 1328.80, Rewards Eval: 1752.90, Total Timesteps: 5208110 episode:228 

Rewards Tr: 1943.81, Rewards Eval: 871.16, Total Timesteps: 5258110 episode:229 

Rewards Tr: 1253.11, Rewards Eval: 1995.45, Total Timesteps: 5300650 episode:230 

Rewards Tr: 1932.88, Rewards Eval: 2566.01, Total Timesteps: 5350650 episode:231 

Rewards Tr: 1950.72, Rewards Eval: 2005.19, Total Timesteps: 5400650 episode:232 

Rewards Tr: 2492.25, Rewards Eval: 2027.79, Total Timesteps: 5450650 episode:233 

Rewards Tr: 1893.40, Rewards Eval: 2533.89, Total Timesteps: 5500650 episode:234 

Rewards Tr: 2191.80, Rewards Eval: 1267.45, Total Timesteps: 5550650 episode:235 

Rewards Tr: 2306.96, Rewards Eval: 1918.71, Total Timesteps: 5600650 episode:236 

Rewards Tr: 2441.89, Rewards Eval: 2386.91, Total Timesteps: 5650650 episode:237 

Rewards Tr: 2171.85, Rewards Eval: 2789.79, Total Timesteps: 5700650 episode:238 

Rewards Tr: 2060.60, Rewards Eval: 1908.35, Total Timesteps: 5750650 episode:239 

Rewards Tr: 2040.23, Rewards Eval: 1418.85, Total Timesteps: 5800650 episode:240 

Rewards Tr: 1770.17, Rewards Eval: 2561.32, Total Timesteps: 5849790 episode:241 

Rewards Tr: 2186.35, Rewards Eval: 1093.97, Total Timesteps: 5899790 episode:242 

Rewards Tr: 2003.89, Rewards Eval: 2524.99, Total Timesteps: 5949790 episode:243 

Rewards Tr: 2356.52, Rewards Eval: 2366.54, Total Timesteps: 5999790 episode:244 

Rewards Tr: 2371.83, Rewards Eval: 2840.08, Total Timesteps: 6049790 episode:245 

Rewards Tr: 2012.58, Rewards Eval: 2134.97, Total Timesteps: 6099790 episode:246 

Rewards Tr: 2733.21, Rewards Eval: 2466.90, Total Timesteps: 6149790 episode:247 

Rewards Tr: 2583.19, Rewards Eval: 2857.04, Total Timesteps: 6199790 episode:248 

Rewards Tr: 2560.02, Rewards Eval: 1864.70, Total Timesteps: 6249790 episode:249 

Elapsed Time: 51.5 minutes 

For Seed: 4 

Rewards Tr: 10.22, Rewards Eval: 0.00, Total Timesteps: 1340 episode:0 

Rewards Tr: 17.37, Rewards Eval: 0.00, Total Timesteps: 3320 episode:1 

Rewards Tr: 23.89, Rewards Eval: 0.00, Total Timesteps: 5870 episode:2 

Rewards Tr: 26.33, Rewards Eval: 0.00, Total Timesteps: 8320 episode:3 

Rewards Tr: 48.76, Rewards Eval: 23.42, Total Timesteps: 12180 episode:4 

Rewards Tr: 50.31, Rewards Eval: 23.42, Total Timesteps: 15750 episode:5 

Rewards Tr: 96.09, Rewards Eval: 23.42, Total Timesteps: 20000 episode:6 

Rewards Tr: 104.25, Rewards Eval: 109.46, Total Timesteps: 24720 episode:7 

Rewards Tr: 108.31, Rewards Eval: 109.46, Total Timesteps: 29350 episode:8 

Rewards Tr: 135.29, Rewards Eval: 126.34, Total Timesteps: 34360 episode:9 

Rewards Tr: 130.73, Rewards Eval: 126.34, Total Timesteps: 39060 episode:10 

Rewards Tr: 149.11, Rewards Eval: 123.48, Total Timesteps: 44130 episode:11 

Rewards Tr: 141.84, Rewards Eval: 123.48, Total Timesteps: 49080 episode:12 

Rewards Tr: 152.89, Rewards Eval: 151.43, Total Timesteps: 53980 episode:13 

Rewards Tr: 162.50, Rewards Eval: 151.43, Total Timesteps: 59020 episode:14 

Rewards Tr: 156.76, Rewards Eval: 143.13, Total Timesteps: 63800 episode:15 

Rewards Tr: 155.54, Rewards Eval: 143.13, Total Timesteps: 68530 episode:16 

Rewards Tr: 165.58, Rewards Eval: 183.06, Total Timesteps: 73500 episode:17 

Rewards Tr: 173.32, Rewards Eval: 183.06, Total Timesteps: 78480 episode:18 

Rewards Tr: 165.02, Rewards Eval: 188.00, Total Timesteps: 83450 episode:19 

Rewards Tr: 160.83, Rewards Eval: 188.00, Total Timesteps: 88480 episode:20 

Rewards Tr: 185.66, Rewards Eval: 168.73, Total Timesteps: 93390 episode:21 

Rewards Tr: 199.50, Rewards Eval: 168.73, Total Timesteps: 98510 episode:22 

Rewards Tr: 205.15, Rewards Eval: 220.00, Total Timesteps: 103700 episode:23 

Rewards Tr: 210.97, Rewards Eval: 220.00, Total Timesteps: 109150 episode:24 

Rewards Tr: 208.34, Rewards Eval: 221.18, Total Timesteps: 114310 episode:25 

Rewards Tr: 214.10, Rewards Eval: 221.18, Total Timesteps: 119750 episode:26 

Rewards Tr: 225.02, Rewards Eval: 228.32, Total Timesteps: 125210 episode:27 

Rewards Tr: 231.99, Rewards Eval: 240.35, Total Timesteps: 130750 episode:28 

Rewards Tr: 229.45, Rewards Eval: 240.35, Total Timesteps: 136170 episode:29 

Rewards Tr: 237.65, Rewards Eval: 236.45, Total Timesteps: 141520 episode:30 

Rewards Tr: 236.21, Rewards Eval: 236.45, Total Timesteps: 146890 episode:31 

Rewards Tr: 242.73, Rewards Eval: 250.04, Total Timesteps: 152230 episode:32 

Rewards Tr: 246.41, Rewards Eval: 250.04, Total Timesteps: 157730 episode:33 

Rewards Tr: 250.03, Rewards Eval: 246.58, Total Timesteps: 163250 episode:34 

Rewards Tr: 255.44, Rewards Eval: 246.58, Total Timesteps: 168760 episode:35 

Rewards Tr: 253.48, Rewards Eval: 233.31, Total Timesteps: 174390 episode:36 

Rewards Tr: 255.62, Rewards Eval: 267.05, Total Timesteps: 180070 episode:37 

Rewards Tr: 254.04, Rewards Eval: 267.05, Total Timesteps: 185690 episode:38 

Rewards Tr: 262.57, Rewards Eval: 266.34, Total Timesteps: 191340 episode:39 

Rewards Tr: 256.09, Rewards Eval: 266.34, Total Timesteps: 197040 episode:40 

Rewards Tr: 267.53, Rewards Eval: 264.32, Total Timesteps: 202730 episode:41 

Rewards Tr: 275.95, Rewards Eval: 264.32, Total Timesteps: 208610 episode:42 

Rewards Tr: 281.48, Rewards Eval: 294.70, Total Timesteps: 214450 episode:43 

Rewards Tr: 292.31, Rewards Eval: 309.82, Total Timesteps: 220500 episode:44 

Rewards Tr: 300.16, Rewards Eval: 309.82, Total Timesteps: 226720 episode:45 

Rewards Tr: 315.22, Rewards Eval: 334.55, Total Timesteps: 233130 episode:46 

Rewards Tr: 318.34, Rewards Eval: 334.55, Total Timesteps: 239490 episode:47 

Rewards Tr: 333.83, Rewards Eval: 339.36, Total Timesteps: 246080 episode:48 

Rewards Tr: 345.56, Rewards Eval: 372.96, Total Timesteps: 252940 episode:49 

Rewards Tr: 391.56, Rewards Eval: 430.69, Total Timesteps: 260940 episode:50 

Rewards Tr: 432.82, Rewards Eval: 430.69, Total Timesteps: 269500 episode:51 

Rewards Tr: 449.98, Rewards Eval: 519.30, Total Timesteps: 277980 episode:52 

Rewards Tr: 461.33, Rewards Eval: 522.43, Total Timesteps: 287010 episode:53 

Rewards Tr: 472.19, Rewards Eval: 507.70, Total Timesteps: 295850 episode:54 

Rewards Tr: 498.29, Rewards Eval: 514.93, Total Timesteps: 305170 episode:55 

Rewards Tr: 518.11, Rewards Eval: 535.32, Total Timesteps: 314530 episode:56 

Rewards Tr: 527.21, Rewards Eval: 516.58, Total Timesteps: 325150 episode:57 

Rewards Tr: 531.54, Rewards Eval: 521.14, Total Timesteps: 335360 episode:58 

Rewards Tr: 537.89, Rewards Eval: 534.44, Total Timesteps: 345500 episode:59 

Rewards Tr: 554.27, Rewards Eval: 537.32, Total Timesteps: 355840 episode:60 

Rewards Tr: 576.97, Rewards Eval: 661.55, Total Timesteps: 367510 episode:61 

Rewards Tr: 653.27, Rewards Eval: 724.73, Total Timesteps: 380540 episode:62 

Rewards Tr: 718.23, Rewards Eval: 659.33, Total Timesteps: 396020 episode:63 

Rewards Tr: 737.85, Rewards Eval: 542.90, Total Timesteps: 411330 episode:64 

Rewards Tr: 773.10, Rewards Eval: 734.39, Total Timesteps: 427110 episode:65 

Rewards Tr: 884.84, Rewards Eval: 837.38, Total Timesteps: 446220 episode:66 

Rewards Tr: 780.04, Rewards Eval: 958.92, Total Timesteps: 462670 episode:67 

Rewards Tr: 812.00, Rewards Eval: 895.68, Total Timesteps: 481220 episode:68 

Rewards Tr: 842.28, Rewards Eval: 865.58, Total Timesteps: 498820 episode:69 

Rewards Tr: 856.57, Rewards Eval: 878.62, Total Timesteps: 516890 episode:70 

Rewards Tr: 878.27, Rewards Eval: 595.04, Total Timesteps: 536020 episode:71 

Rewards Tr: 886.13, Rewards Eval: 800.04, Total Timesteps: 555880 episode:72 

Rewards Tr: 878.01, Rewards Eval: 631.85, Total Timesteps: 574360 episode:73 

Rewards Tr: 834.02, Rewards Eval: 901.76, Total Timesteps: 592570 episode:74 

Rewards Tr: 893.67, Rewards Eval: 742.41, Total Timesteps: 613010 episode:75 

Rewards Tr: 898.63, Rewards Eval: 806.45, Total Timesteps: 633390 episode:76 

Rewards Tr: 825.85, Rewards Eval: 870.62, Total Timesteps: 650440 episode:77 

Rewards Tr: 889.32, Rewards Eval: 665.15, Total Timesteps: 668770 episode:78 

Rewards Tr: 837.72, Rewards Eval: 732.67, Total Timesteps: 685530 episode:79 

Rewards Tr: 875.90, Rewards Eval: 658.01, Total Timesteps: 704440 episode:80 

Rewards Tr: 819.79, Rewards Eval: 773.75, Total Timesteps: 721880 episode:81 

Rewards Tr: 818.38, Rewards Eval: 798.59, Total Timesteps: 739320 episode:82 

Rewards Tr: 912.02, Rewards Eval: 803.31, Total Timesteps: 758990 episode:83 

Rewards Tr: 868.61, Rewards Eval: 812.54, Total Timesteps: 777650 episode:84 

Rewards Tr: 859.10, Rewards Eval: 856.77, Total Timesteps: 795700 episode:85 

Rewards Tr: 842.73, Rewards Eval: 797.58, Total Timesteps: 813890 episode:86 

Rewards Tr: 961.22, Rewards Eval: 1261.21, Total Timesteps: 840180 episode:87 

Rewards Tr: 1054.37, Rewards Eval: 1009.96, Total Timesteps: 863190 episode:88 

Rewards Tr: 977.03, Rewards Eval: 1038.14, Total Timesteps: 890480 episode:89 

Rewards Tr: 976.96, Rewards Eval: 846.09, Total Timesteps: 911870 episode:90 

Rewards Tr: 912.31, Rewards Eval: 871.06, Total Timesteps: 933090 episode:91 

Rewards Tr: 908.41, Rewards Eval: 964.02, Total Timesteps: 951900 episode:92 

Rewards Tr: 960.91, Rewards Eval: 1492.24, Total Timesteps: 972690 episode:93 

Rewards Tr: 1036.45, Rewards Eval: 1268.81, Total Timesteps: 998670 episode:94 

Rewards Tr: 1214.78, Rewards Eval: 932.04, Total Timesteps: 1029290 episode:95 

Rewards Tr: 998.56, Rewards Eval: 1452.46, Total Timesteps: 1050600 episode:96 

Rewards Tr: 963.95, Rewards Eval: 1089.96, Total Timesteps: 1070830 episode:97 

Rewards Tr: 986.16, Rewards Eval: 1039.43, Total Timesteps: 1091360 episode:98 

Rewards Tr: 976.52, Rewards Eval: 1227.87, Total Timesteps: 1111360 episode:99 

Rewards Tr: 940.60, Rewards Eval: 1091.57, Total Timesteps: 1131170 episode:100 

Rewards Tr: 1058.80, Rewards Eval: 883.93, Total Timesteps: 1156330 episode:101 

Rewards Tr: 988.57, Rewards Eval: 1107.79, Total Timesteps: 1178440 episode:102 

Rewards Tr: 1058.11, Rewards Eval: 1268.31, Total Timesteps: 1201810 episode:103 

Rewards Tr: 1112.23, Rewards Eval: 1129.99, Total Timesteps: 1227450 episode:104 

Rewards Tr: 1107.07, Rewards Eval: 1194.23, Total Timesteps: 1251330 episode:105 

Rewards Tr: 1160.56, Rewards Eval: 1161.24, Total Timesteps: 1277330 episode:106 

Rewards Tr: 1007.87, Rewards Eval: 1015.86, Total Timesteps: 1299920 episode:107 

Rewards Tr: 1081.25, Rewards Eval: 1271.23, Total Timesteps: 1326920 episode:108 

Rewards Tr: 991.02, Rewards Eval: 1118.76, Total Timesteps: 1346850 episode:109 

Rewards Tr: 1018.57, Rewards Eval: 1098.11, Total Timesteps: 1369860 episode:110 

Rewards Tr: 1062.73, Rewards Eval: 1267.01, Total Timesteps: 1391380 episode:111 

Rewards Tr: 1048.44, Rewards Eval: 1250.54, Total Timesteps: 1414150 episode:112 

Rewards Tr: 1039.83, Rewards Eval: 929.84, Total Timesteps: 1436440 episode:113 

Rewards Tr: 1072.19, Rewards Eval: 947.73, Total Timesteps: 1459030 episode:114 

Rewards Tr: 1111.00, Rewards Eval: 1063.29, Total Timesteps: 1484590 episode:115 

Rewards Tr: 1001.73, Rewards Eval: 883.44, Total Timesteps: 1506040 episode:116 

Rewards Tr: 861.52, Rewards Eval: 857.53, Total Timesteps: 1525380 episode:117 

Rewards Tr: 896.69, Rewards Eval: 994.33, Total Timesteps: 1544770 episode:118 

Rewards Tr: 995.78, Rewards Eval: 1175.49, Total Timesteps: 1565340 episode:119 

Rewards Tr: 1137.91, Rewards Eval: 1211.73, Total Timesteps: 1590460 episode:120 

Rewards Tr: 1139.26, Rewards Eval: 1176.56, Total Timesteps: 1615160 episode:121 

Rewards Tr: 1170.51, Rewards Eval: 1529.93, Total Timesteps: 1643390 episode:122 

Rewards Tr: 1181.20, Rewards Eval: 1615.12, Total Timesteps: 1667310 episode:123 

Rewards Tr: 1359.02, Rewards Eval: 1683.08, Total Timesteps: 1707040 episode:124 

Rewards Tr: 1192.78, Rewards Eval: 1210.96, Total Timesteps: 1736740 episode:125 

Rewards Tr: 1043.62, Rewards Eval: 1388.04, Total Timesteps: 1760990 episode:126 

Rewards Tr: 1127.74, Rewards Eval: 1384.61, Total Timesteps: 1787310 episode:127 

Rewards Tr: 1517.09, Rewards Eval: 2034.46, Total Timesteps: 1826010 episode:128 

Rewards Tr: 1449.62, Rewards Eval: 1485.42, Total Timesteps: 1866850 episode:129 

Rewards Tr: 1389.35, Rewards Eval: 1414.93, Total Timesteps: 1906350 episode:130 

Rewards Tr: 1320.76, Rewards Eval: 1334.42, Total Timesteps: 1942410 episode:131 

Rewards Tr: 1622.81, Rewards Eval: 2196.90, Total Timesteps: 1987260 episode:132 

Rewards Tr: 1646.01, Rewards Eval: 1307.13, Total Timesteps: 2031730 episode:133 

Rewards Tr: 1529.11, Rewards Eval: 1138.39, Total Timesteps: 2073440 episode:134 

Rewards Tr: 1354.43, Rewards Eval: 1187.92, Total Timesteps: 2105170 episode:135 

Rewards Tr: 1255.94, Rewards Eval: 1482.63, Total Timesteps: 2141780 episode:136 

Rewards Tr: 1639.85, Rewards Eval: 1836.46, Total Timesteps: 2185390 episode:137 

Rewards Tr: 1625.93, Rewards Eval: 2219.27, Total Timesteps: 2227490 episode:138 

Rewards Tr: 2008.25, Rewards Eval: 2322.20, Total Timesteps: 2277490 episode:139 

Rewards Tr: 1667.84, Rewards Eval: 1493.90, Total Timesteps: 2327140 episode:140 

Rewards Tr: 1248.13, Rewards Eval: 1596.01, Total Timesteps: 2360890 episode:141 

Rewards Tr: 1206.88, Rewards Eval: 1149.93, Total Timesteps: 2392460 episode:142 

Rewards Tr: 1180.98, Rewards Eval: 969.47, Total Timesteps: 2418790 episode:143 

Rewards Tr: 1141.24, Rewards Eval: 1259.64, Total Timesteps: 2448870 episode:144 

Rewards Tr: 1231.76, Rewards Eval: 1191.78, Total Timesteps: 2478390 episode:145 

Rewards Tr: 1530.11, Rewards Eval: 1394.44, Total Timesteps: 2523200 episode:146 

Rewards Tr: 1340.76, Rewards Eval: 1448.11, Total Timesteps: 2556150 episode:147 

Rewards Tr: 1415.67, Rewards Eval: 1244.51, Total Timesteps: 2597770 episode:148 

Rewards Tr: 1263.83, Rewards Eval: 1539.41, Total Timesteps: 2628500 episode:149 

Rewards Tr: 1211.79, Rewards Eval: 1168.27, Total Timesteps: 2654030 episode:150 

Rewards Tr: 1167.11, Rewards Eval: 1002.84, Total Timesteps: 2682440 episode:151 

Rewards Tr: 1090.96, Rewards Eval: 837.30, Total Timesteps: 2706120 episode:152 

Rewards Tr: 1128.96, Rewards Eval: 1124.52, Total Timesteps: 2732900 episode:153 

Rewards Tr: 1320.25, Rewards Eval: 1356.50, Total Timesteps: 2769520 episode:154 

Rewards Tr: 1414.71, Rewards Eval: 1185.61, Total Timesteps: 2805060 episode:155 

Rewards Tr: 1105.72, Rewards Eval: 1526.45, Total Timesteps: 2831800 episode:156 

Rewards Tr: 1215.48, Rewards Eval: 988.03, Total Timesteps: 2861110 episode:157 

Rewards Tr: 1083.21, Rewards Eval: 1040.83, Total Timesteps: 2885610 episode:158 

Rewards Tr: 1157.31, Rewards Eval: 1056.53, Total Timesteps: 2915110 episode:159 

Rewards Tr: 1141.42, Rewards Eval: 1322.59, Total Timesteps: 2942160 episode:160 

Rewards Tr: 1149.51, Rewards Eval: 1195.40, Total Timesteps: 2969010 episode:161 

Rewards Tr: 1093.24, Rewards Eval: 1188.73, Total Timesteps: 2992390 episode:162 

Rewards Tr: 1212.54, Rewards Eval: 1032.27, Total Timesteps: 3019560 episode:163 

Rewards Tr: 1338.48, Rewards Eval: 1976.75, Total Timesteps: 3049770 episode:164 

Rewards Tr: 1377.40, Rewards Eval: 1493.11, Total Timesteps: 3083200 episode:165 

Rewards Tr: 1443.11, Rewards Eval: 1172.31, Total Timesteps: 3127250 episode:166 

Rewards Tr: 1466.94, Rewards Eval: 1670.57, Total Timesteps: 3166760 episode:167 

Rewards Tr: 1466.27, Rewards Eval: 1324.66, Total Timesteps: 3205550 episode:168 

Rewards Tr: 1502.27, Rewards Eval: 1136.78, Total Timesteps: 3246120 episode:169 

Rewards Tr: 1359.67, Rewards Eval: 1529.76, Total Timesteps: 3284820 episode:170 

Rewards Tr: 1465.09, Rewards Eval: 1901.16, Total Timesteps: 3325220 episode:171 

Rewards Tr: 1511.73, Rewards Eval: 990.72, Total Timesteps: 3367370 episode:172 

Rewards Tr: 1316.52, Rewards Eval: 1176.23, Total Timesteps: 3405070 episode:173 

Rewards Tr: 1448.04, Rewards Eval: 2355.34, Total Timesteps: 3453610 episode:174 

Rewards Tr: 1583.19, Rewards Eval: 1046.32, Total Timesteps: 3501010 episode:175 

Rewards Tr: 1342.48, Rewards Eval: 1041.90, Total Timesteps: 3542660 episode:176 

Rewards Tr: 1297.76, Rewards Eval: 1370.83, Total Timesteps: 3580090 episode:177 

Rewards Tr: 1214.85, Rewards Eval: 882.80, Total Timesteps: 3624120 episode:178 

Rewards Tr: 1440.43, Rewards Eval: 1853.94, Total Timesteps: 3668970 episode:179 

Rewards Tr: 1772.93, Rewards Eval: 1341.58, Total Timesteps: 3718970 episode:180 

Rewards Tr: 1379.68, Rewards Eval: 1889.69, Total Timesteps: 3761610 episode:181 

Rewards Tr: 1363.15, Rewards Eval: 1143.85, Total Timesteps: 3807940 episode:182 

Rewards Tr: 1316.59, Rewards Eval: 1087.98, Total Timesteps: 3845100 episode:183 

Rewards Tr: 1283.34, Rewards Eval: 1141.69, Total Timesteps: 3883670 episode:184 

Rewards Tr: 1118.18, Rewards Eval: 1180.91, Total Timesteps: 3913090 episode:185 

Rewards Tr: 1093.88, Rewards Eval: 1314.40, Total Timesteps: 3941030 episode:186 

Rewards Tr: 1142.07, Rewards Eval: 1181.58, Total Timesteps: 3968840 episode:187 

Rewards Tr: 1303.45, Rewards Eval: 2647.14, Total Timesteps: 4006080 episode:188 

Rewards Tr: 1561.88, Rewards Eval: 1891.99, Total Timesteps: 4051470 episode:189 

Rewards Tr: 1496.03, Rewards Eval: 1314.76, Total Timesteps: 4097790 episode:190 

Rewards Tr: 1106.65, Rewards Eval: 972.33, Total Timesteps: 4129800 episode:191 

Rewards Tr: 1091.77, Rewards Eval: 1133.74, Total Timesteps: 4156200 episode:192 

Rewards Tr: 1468.54, Rewards Eval: 1383.96, Total Timesteps: 4200660 episode:193 

Rewards Tr: 1100.42, Rewards Eval: 1288.76, Total Timesteps: 4227600 episode:194 

Rewards Tr: 1390.02, Rewards Eval: 885.61, Total Timesteps: 4272250 episode:195 

Rewards Tr: 1471.80, Rewards Eval: 1627.77, Total Timesteps: 4316690 episode:196 

Rewards Tr: 1270.01, Rewards Eval: 962.16, Total Timesteps: 4351430 episode:197 

Rewards Tr: 1521.22, Rewards Eval: 1398.99, Total Timesteps: 4397110 episode:198 

Rewards Tr: 1385.16, Rewards Eval: 1083.27, Total Timesteps: 4435140 episode:199 

Rewards Tr: 1597.86, Rewards Eval: 1750.67, Total Timesteps: 4481550 episode:200 

Rewards Tr: 1097.18, Rewards Eval: 1538.47, Total Timesteps: 4516390 episode:201 

Rewards Tr: 1268.03, Rewards Eval: 890.73, Total Timesteps: 4550140 episode:202 

Rewards Tr: 1351.88, Rewards Eval: 1057.06, Total Timesteps: 4590700 episode:203 

Rewards Tr: 1237.41, Rewards Eval: 1136.75, Total Timesteps: 4627640 episode:204 

Rewards Tr: 1667.74, Rewards Eval: 1515.85, Total Timesteps: 4676300 episode:205 

Rewards Tr: 1367.10, Rewards Eval: 1320.87, Total Timesteps: 4712040 episode:206 

Rewards Tr: 1060.95, Rewards Eval: 1558.04, Total Timesteps: 4741980 episode:207 

Rewards Tr: 1122.74, Rewards Eval: 1841.73, Total Timesteps: 4774720 episode:208 

Rewards Tr: 1088.54, Rewards Eval: 940.02, Total Timesteps: 4798400 episode:209 

Rewards Tr: 1333.36, Rewards Eval: 1009.58, Total Timesteps: 4840250 episode:210 

Rewards Tr: 1283.37, Rewards Eval: 1461.49, Total Timesteps: 4882740 episode:211 

Rewards Tr: 1275.14, Rewards Eval: 1119.17, Total Timesteps: 4922200 episode:212 

Rewards Tr: 1376.94, Rewards Eval: 1322.14, Total Timesteps: 4959720 episode:213 

Rewards Tr: 1164.36, Rewards Eval: 904.65, Total Timesteps: 4986380 episode:214 

Rewards Tr: 1240.58, Rewards Eval: 1927.83, Total Timesteps: 5020340 episode:215 

Rewards Tr: 1215.71, Rewards Eval: 1776.04, Total Timesteps: 5052160 episode:216 

Rewards Tr: 1295.88, Rewards Eval: 1375.46, Total Timesteps: 5089650 episode:217 

Rewards Tr: 1296.39, Rewards Eval: 1131.46, Total Timesteps: 5124050 episode:218 

Rewards Tr: 1379.73, Rewards Eval: 1182.53, Total Timesteps: 5161020 episode:219 

Rewards Tr: 1416.79, Rewards Eval: 1483.16, Total Timesteps: 5206000 episode:220 

Rewards Tr: 1471.51, Rewards Eval: 1197.91, Total Timesteps: 5245290 episode:221 

Rewards Tr: 1328.64, Rewards Eval: 1879.06, Total Timesteps: 5284140 episode:222 

Rewards Tr: 1426.13, Rewards Eval: 1783.88, Total Timesteps: 5322870 episode:223 

Rewards Tr: 1483.06, Rewards Eval: 1916.68, Total Timesteps: 5362490 episode:224 

Rewards Tr: 1404.56, Rewards Eval: 1406.79, Total Timesteps: 5403070 episode:225 

Rewards Tr: 1478.74, Rewards Eval: 1181.50, Total Timesteps: 5447530 episode:226 

Rewards Tr: 1251.64, Rewards Eval: 1373.29, Total Timesteps: 5479360 episode:227 

Rewards Tr: 1367.76, Rewards Eval: 967.66, Total Timesteps: 5514930 episode:228 

Rewards Tr: 1181.17, Rewards Eval: 1435.61, Total Timesteps: 5542150 episode:229 

Rewards Tr: 1301.80, Rewards Eval: 2617.94, Total Timesteps: 5574800 episode:230 

Rewards Tr: 1338.61, Rewards Eval: 1723.92, Total Timesteps: 5612270 episode:231 

Rewards Tr: 1655.02, Rewards Eval: 1335.32, Total Timesteps: 5659070 episode:232 

Rewards Tr: 1411.89, Rewards Eval: 1104.41, Total Timesteps: 5705860 episode:233 

Rewards Tr: 1547.81, Rewards Eval: 996.58, Total Timesteps: 5754560 episode:234 

Rewards Tr: 1078.03, Rewards Eval: 1036.36, Total Timesteps: 5786460 episode:235 

Rewards Tr: 1344.96, Rewards Eval: 1331.15, Total Timesteps: 5830990 episode:236 

Rewards Tr: 1579.59, Rewards Eval: 2145.55, Total Timesteps: 5880560 episode:237 

Rewards Tr: 1394.42, Rewards Eval: 1255.59, Total Timesteps: 5927080 episode:238 

Rewards Tr: 1203.07, Rewards Eval: 803.93, Total Timesteps: 5962270 episode:239 

Rewards Tr: 1019.57, Rewards Eval: 1207.17, Total Timesteps: 5991450 episode:240 

Rewards Tr: 1008.69, Rewards Eval: 1921.74, Total Timesteps: 6018690 episode:241 

Rewards Tr: 1408.45, Rewards Eval: 1101.34, Total Timesteps: 6067520 episode:242 

Rewards Tr: 1587.47, Rewards Eval: 1859.10, Total Timesteps: 6117520 episode:243 

Rewards Tr: 1433.71, Rewards Eval: 1776.60, Total Timesteps: 6167520 episode:244 

Rewards Tr: 1631.95, Rewards Eval: 1967.47, Total Timesteps: 6217520 episode:245 

Rewards Tr: 1291.72, Rewards Eval: 1768.05, Total Timesteps: 6260450 episode:246 

Rewards Tr: 1147.82, Rewards Eval: 1331.78, Total Timesteps: 6291420 episode:247 

Rewards Tr: 1301.01, Rewards Eval: 1195.34, Total Timesteps: 6335290 episode:248 

Rewards Tr: 1626.53, Rewards Eval: 1265.23, Total Timesteps: 6384080 episode:249 

Elapsed Time: 51.5 minutes 

